# JRE version: OpenJDK Runtime Environment (8.0_212-b04) (build 1.8.0_212-b04)
# Java VM: OpenJDK 64-Bit Server VM (25.212-b04 mixed mode linux-amd64 compressed oops)
Heap:
 par new generation   total 707840K, used 309643K [0x0000000080000000, 0x00000000b0000000, 0x00000000b0000000)
  eden space 629248K,  41% used [0x0000000080000000, 0x000000008feb4dd0, 0x00000000a6680000)
  from space 78592K,  62% used [0x00000000ab340000, 0x00000000ae2edf08, 0x00000000b0000000)
  to   space 78592K,   0% used [0x00000000a6680000, 0x00000000a6680000, 0x00000000ab340000)
 concurrent mark-sweep generation total 723804K, used 524400K [0x00000000b0000000, 0x00000000dc2d7000, 0x0000000100000000)
 Metaspace       used 75411K, capacity 82419K, committed 82720K, reserved 1120256K
  class space    used 10228K, capacity 11786K, committed 11860K, reserved 1048576K
GC Heap History (86 events):
Event: 10.644 GC heap before
{Heap before GC invocations=0 (full 1):
 par new generation   total 707840K, used 629248K [0x0000000080000000, 0x00000000b0000000, 0x00000000b0000000)
  eden space 629248K, 100% used [0x0000000080000000, 0x00000000a6680000, 0x00000000a6680000)
  from space 78592K,   0% used [0x00000000a6680000, 0x00000000a6680000, 0x00000000ab340000)
  to   space 78592K,   0% used [0x00000000ab340000, 0x00000000ab340000, 0x00000000b0000000)
 concurrent mark-sweep generation total 6144K, used 0K [0x00000000b0000000, 0x00000000b0600000, 0x0000000100000000)
 Metaspace       used 38640K, capacity 41619K, committed 41804K, reserved 1085440K
  class space    used 5487K, capacity 6454K, committed 6484K, reserved 1048576K
Event: 11.062 GC heap after
Heap after GC invocations=1 (full 1):
 par new generation   total 707840K, used 78592K [0x0000000080000000, 0x00000000b0000000, 0x00000000b0000000)
  eden space 629248K,   0% used [0x0000000080000000, 0x0000000080000000, 0x00000000a6680000)
  from space 78592K, 100% used [0x00000000ab340000, 0x00000000b0000000, 0x00000000b0000000)
  to   space 78592K,   0% used [0x00000000a6680000, 0x00000000a6680000, 0x00000000ab340000)
 concurrent mark-sweep generation total 14208K, used 13832K [0x00000000b0000000, 0x00000000b0de0000, 0x0000000100000000)
 Metaspace       used 38640K, capacity 41619K, committed 41804K, reserved 1085440K
  class space    used 5487K, capacity 6454K, committed 6484K, reserved 1048576K
}
Event: 16.489 GC heap before
{Heap before GC invocations=1 (full 2):
 par new generation   total 707840K, used 707840K [0x0000000080000000, 0x00000000b0000000, 0x00000000b0000000)
  eden space 629248K, 100% used [0x0000000080000000, 0x00000000a6680000, 0x00000000a6680000)
  from space 78592K, 100% used [0x00000000ab340000, 0x00000000b0000000, 0x00000000b0000000)
  to   space 78592K,   0% used [0x00000000a6680000, 0x00000000a6680000, 0x00000000ab340000)
 concurrent mark-sweep generation total 23056K, used 13832K [0x00000000b0000000, 0x00000000b1684000, 0x0000000100000000)
 Metaspace       used 47689K, capacity 50829K, committed 51232K, reserved 1093632K
  class space    used 6483K, capacity 7464K, committed 7508K, reserved 1048576K
Event: 17.658 GC heap after
Heap after GC invocations=2 (full 2):
 par new generation   total 707840K, used 74177K [0x0000000080000000, 0x00000000b0000000, 0x00000000b0000000)
  eden space 629248K,   0% used [0x0000000080000000, 0x0000000080000000, 0x00000000a6680000)
  from space 78592K,  94% used [0x00000000a6680000, 0x00000000aaef06d8, 0x00000000ab340000)
  to   space 78592K,   0% used [0x00000000ab340000, 0x00000000ab340000, 0x00000000b0000000)
 concurrent mark-sweep generation total 103256K, used 102066K [0x00000000b0000000, 0x00000000b64d6000, 0x0000000100000000)
 Metaspace       used 47689K, capacity 50829K, committed 51232K, reserved 1093632K
  class space    used 6483K, capacity 7464K, committed 7508K, reserved 1048576K
}
Event: 20.018 GC heap before
{Heap before GC invocations=2 (full 2):
 par new generation   total 707840K, used 703425K [0x0000000080000000, 0x00000000b0000000, 0x00000000b0000000)
  eden space 629248K, 100% used [0x0000000080000000, 0x00000000a6680000, 0x00000000a6680000)
  from space 78592K,  94% used [0x00000000a6680000, 0x00000000aaef06d8, 0x00000000ab340000)
  to   space 78592K,   0% used [0x00000000ab340000, 0x00000000ab340000, 0x00000000b0000000)
 concurrent mark-sweep generation total 154188K, used 92511K [0x00000000b0000000, 0x00000000b9693000, 0x0000000100000000)
 Metaspace       used 51715K, capacity 55273K, committed 55584K, reserved 1097728K
  class space    used 6669K, capacity 7708K, committed 7764K, reserved 1048576K
Event: 20.091 GC heap after
Heap after GC invocations=3 (full 2):
 par new generation   total 707840K, used 47401K [0x0000000080000000, 0x00000000b0000000, 0x00000000b0000000)
  eden space 629248K,   0% used [0x0000000080000000, 0x0000000080000000, 0x00000000a6680000)
  from space 78592K,  60% used [0x00000000ab340000, 0x00000000ae18a570, 0x00000000b0000000)
  to   space 78592K,   0% used [0x00000000a6680000, 0x00000000a6680000, 0x00000000ab340000)
 concurrent mark-sweep generation total 154188K, used 92511K [0x00000000b0000000, 0x00000000b9693000, 0x0000000100000000)
 Metaspace       used 51715K, capacity 55273K, committed 55584K, reserved 1097728K
  class space    used 6669K, capacity 7708K, committed 7764K, reserved 1048576K
}
Event: 21.899 GC heap before
{Heap before GC invocations=3 (full 3):
 par new generation   total 707840K, used 676649K [0x0000000080000000, 0x00000000b0000000, 0x00000000b0000000)
  eden space 629248K, 100% used [0x0000000080000000, 0x00000000a6680000, 0x00000000a6680000)
  from space 78592K,  60% used [0x00000000ab340000, 0x00000000ae18a570, 0x00000000b0000000)
  to   space 78592K,   0% used [0x00000000a6680000, 0x00000000a6680000, 0x00000000ab340000)
 concurrent mark-sweep generation total 154188K, used 92511K [0x00000000b0000000, 0x00000000b9693000, 0x0000000100000000)
 Metaspace       used 51825K, capacity 55425K, committed 55584K, reserved 1097728K
  class space    used 6669K, capacity 7708K, committed 7764K, reserved 1048576K
Event: 21.965 GC heap after
Heap after GC invocations=4 (full 3):
 par new generation   total 707840K, used 31429K [0x0000000080000000, 0x00000000b0000000, 0x00000000b0000000)
  eden space 629248K,   0% used [0x0000000080000000, 0x0000000080000000, 0x00000000a6680000)
  from space 78592K,  39% used [0x00000000a6680000, 0x00000000a8531440, 0x00000000ab340000)
  to   space 78592K,   0% used [0x00000000ab340000, 0x00000000ab340000, 0x00000000b0000000)
 concurrent mark-sweep generation total 154188K, used 92511K [0x00000000b0000000, 0x00000000b9693000, 0x0000000100000000)
 Metaspace       used 51825K, capacity 55425K, committed 55584K, reserved 1097728K
  class space    used 6669K, capacity 7708K, committed 7764K, reserved 1048576K
}
Event: 23.401 GC heap before
{Heap before GC invocations=4 (full 3):
 par new generation   total 707840K, used 660677K [0x0000000080000000, 0x00000000b0000000, 0x00000000b0000000)
  eden space 629248K, 100% used [0x0000000080000000, 0x00000000a6680000, 0x00000000a6680000)
  from space 78592K,  39% used [0x00000000a6680000, 0x00000000a8531440, 0x00000000ab340000)
  to   space 78592K,   0% used [0x00000000ab340000, 0x00000000ab340000, 0x00000000b0000000)
 concurrent mark-sweep generation total 154188K, used 88238K [0x00000000b0000000, 0x00000000b9693000, 0x0000000100000000)
 Metaspace       used 51869K, capacity 55531K, committed 55584K, reserved 1097728K
  class space    used 6683K, capacity 7731K, committed 7764K, reserved 1048576K
Event: 23.498 GC heap after
Heap after GC invocations=5 (full 3):
 par new generation   total 707840K, used 47587K [0x0000000080000000, 0x00000000b0000000, 0x00000000b0000000)
  eden space 629248K,   0% used [0x0000000080000000, 0x0000000080000000, 0x00000000a6680000)
  from space 78592K,  60% used [0x00000000ab340000, 0x00000000ae1b8de0, 0x00000000b0000000)
  to   space 78592K,   0% used [0x00000000a6680000, 0x00000000a6680000, 0x00000000ab340000)
 concurrent mark-sweep generation total 154188K, used 88238K [0x00000000b0000000, 0x00000000b9693000, 0x0000000100000000)
 Metaspace       used 51869K, capacity 55531K, committed 55584K, reserved 1097728K
  class space    used 6683K, capacity 7731K, committed 7764K, reserved 1048576K
}
Event: 24.813 GC heap before
{Heap before GC invocations=5 (full 4):
 par new generation   total 707840K, used 676835K [0x0000000080000000, 0x00000000b0000000, 0x00000000b0000000)
  eden space 629248K, 100% used [0x0000000080000000, 0x00000000a6680000, 0x00000000a6680000)
  from space 78592K,  60% used [0x00000000ab340000, 0x00000000ae1b8de0, 0x00000000b0000000)
  to   space 78592K,   0% used [0x00000000a6680000, 0x00000000a6680000, 0x00000000ab340000)
 concurrent mark-sweep generation total 154188K, used 88238K [0x00000000b0000000, 0x00000000b9693000, 0x0000000100000000)
 Metaspace       used 51985K, capacity 55646K, committed 55840K, reserved 1097728K
  class space    used 6684K, capacity 7733K, committed 7764K, reserved 1048576K
Event: 24.879 GC heap after
Heap after GC invocations=6 (full 4):
 par new generation   total 707840K, used 31953K [0x0000000080000000, 0x00000000b0000000, 0x00000000b0000000)
  eden space 629248K,   0% used [0x0000000080000000, 0x0000000080000000, 0x00000000a6680000)
  from space 78592K,  40% used [0x00000000a6680000, 0x00000000a85b4480, 0x00000000ab340000)
  to   space 78592K,   0% used [0x00000000ab340000, 0x00000000ab340000, 0x00000000b0000000)
 concurrent mark-sweep generation total 154188K, used 88238K [0x00000000b0000000, 0x00000000b9693000, 0x0000000100000000)
 Metaspace       used 51985K, capacity 55646K, committed 55840K, reserved 1097728K
  class space    used 6684K, capacity 7733K, committed 7764K, reserved 1048576K
}
Event: 26.877 GC heap before
{Heap before GC invocations=6 (full 4):
 par new generation   total 707840K, used 661201K [0x0000000080000000, 0x00000000b0000000, 0x00000000b0000000)
  eden space 629248K, 100% used [0x0000000080000000, 0x00000000a6680000, 0x00000000a6680000)
  from space 78592K,  40% used [0x00000000a6680000, 0x00000000a85b4480, 0x00000000ab340000)
  to   space 78592K,   0% used [0x00000000ab340000, 0x00000000ab340000, 0x00000000b0000000)
 concurrent mark-sweep generation total 154188K, used 88226K [0x00000000b0000000, 0x00000000b9693000, 0x0000000100000000)
 Metaspace       used 54310K, capacity 58220K, committed 58272K, reserved 1099776K
  class space    used 7012K, capacity 8112K, committed 8148K, reserved 1048576K
Event: 27.035 GC heap after
Heap after GC invocations=7 (full 4):
 par new generation   total 707840K, used 37976K [0x0000000080000000, 0x00000000b0000000, 0x00000000b0000000)
  eden space 629248K,   0% used [0x0000000080000000, 0x0000000080000000, 0x00000000a6680000)
  from space 78592K,  48% used [0x00000000ab340000, 0x00000000ad8560b0, 0x00000000b0000000)
  to   space 78592K,   0% used [0x00000000a6680000, 0x00000000a6680000, 0x00000000ab340000)
 concurrent mark-sweep generation total 154188K, used 88226K [0x00000000b0000000, 0x00000000b9693000, 0x0000000100000000)
 Metaspace       used 54310K, capacity 58220K, committed 58272K, reserved 1099776K
  class space    used 7012K, capacity 8112K, committed 8148K, reserved 1048576K
}
Event: 29.301 GC heap before
{Heap before GC invocations=7 (full 4):
 par new generation   total 707840K, used 667224K [0x0000000080000000, 0x00000000b0000000, 0x00000000b0000000)
  eden space 629248K, 100% used [0x0000000080000000, 0x00000000a6680000, 0x00000000a6680000)
  from space 78592K,  48% used [0x00000000ab340000, 0x00000000ad8560b0, 0x00000000b0000000)
  to   space 78592K,   0% used [0x00000000a6680000, 0x00000000a6680000, 0x00000000ab340000)
 concurrent mark-sweep generation total 154188K, used 88226K [0x00000000b0000000, 0x00000000b9693000, 0x0000000100000000)
 Metaspace       used 57588K, capacity 62728K, committed 62880K, reserved 1103872K
  class space    used 7565K, capacity 8830K, committed 8916K, reserved 1048576K
Event: 29.444 GC heap after
Heap after GC invocations=8 (full 4):
 par new generation   total 707840K, used 28856K [0x0000000080000000, 0x00000000b0000000, 0x00000000b0000000)
  eden space 629248K,   0% used [0x0000000080000000, 0x0000000080000000, 0x00000000a6680000)
  from space 78592K,  36% used [0x00000000a6680000, 0x00000000a82ae1b8, 0x00000000ab340000)
  to   space 78592K,   0% used [0x00000000ab340000, 0x00000000ab340000, 0x00000000b0000000)
 concurrent mark-sweep generation total 154188K, used 112834K [0x00000000b0000000, 0x00000000b9693000, 0x0000000100000000)
 Metaspace       used 57588K, capacity 62728K, committed 62880K, reserved 1103872K
  class space    used 7565K, capacity 8830K, committed 8916K, reserved 1048576K
}
Event: 31.738 GC heap before
{Heap before GC invocations=8 (full 5):
 par new generation   total 707840K, used 658104K [0x0000000080000000, 0x00000000b0000000, 0x00000000b0000000)
  eden space 629248K, 100% used [0x0000000080000000, 0x00000000a6680000, 0x00000000a6680000)
  from space 78592K,  36% used [0x00000000a6680000, 0x00000000a82ae1b8, 0x00000000ab340000)
  to   space 78592K,   0% used [0x00000000ab340000, 0x00000000ab340000, 0x00000000b0000000)
 concurrent mark-sweep generation total 154188K, used 112834K [0x00000000b0000000, 0x00000000b9693000, 0x0000000100000000)
 Metaspace       used 58867K, capacity 64134K, committed 64288K, reserved 1103872K
  class space    used 7703K, capacity 8989K, committed 9044K, reserved 1048576K
Event: 31.800 GC heap after
Heap after GC invocations=9 (full 5):
 par new generation   total 707840K, used 30930K [0x0000000080000000, 0x00000000b0000000, 0x00000000b0000000)
  eden space 629248K,   0% used [0x0000000080000000, 0x0000000080000000, 0x00000000a6680000)
  from space 78592K,  39% used [0x00000000ab340000, 0x00000000ad1748a0, 0x00000000b0000000)
  to   space 78592K,   0% used [0x00000000a6680000, 0x00000000a6680000, 0x00000000ab340000)
 concurrent mark-sweep generation total 154188K, used 115331K [0x00000000b0000000, 0x00000000b9693000, 0x0000000100000000)
 Metaspace       used 58867K, capacity 64134K, committed 64288K, reserved 1103872K
  class space    used 7703K, capacity 8989K, committed 9044K, reserved 1048576K
}
Event: 33.809 GC heap before
{Heap before GC invocations=9 (full 5):
 par new generation   total 707840K, used 660178K [0x0000000080000000, 0x00000000b0000000, 0x00000000b0000000)
  eden space 629248K, 100% used [0x0000000080000000, 0x00000000a6680000, 0x00000000a6680000)
  from space 78592K,  39% used [0x00000000ab340000, 0x00000000ad1748a0, 0x00000000b0000000)
  to   space 78592K,   0% used [0x00000000a6680000, 0x00000000a6680000, 0x00000000ab340000)
 concurrent mark-sweep generation total 191932K, used 115157K [0x00000000b0000000, 0x00000000bbb6f000, 0x0000000100000000)
 Metaspace       used 60009K, capacity 65426K, committed 65568K, reserved 1105920K
  class space    used 7876K, capacity 9181K, committed 9300K, reserved 1048576K
Event: 34.001 GC heap after
Heap after GC invocations=10 (full 5):
 par new generation   total 707840K, used 38434K [0x0000000080000000, 0x00000000b0000000, 0x00000000b0000000)
  eden space 629248K,   0% used [0x0000000080000000, 0x0000000080000000, 0x00000000a6680000)
  from space 78592K,  48% used [0x00000000a6680000, 0x00000000a8c08a78, 0x00000000ab340000)
  to   space 78592K,   0% used [0x00000000ab340000, 0x00000000ab340000, 0x00000000b0000000)
 concurrent mark-sweep generation total 191932K, used 115401K [0x00000000b0000000, 0x00000000bbb6f000, 0x0000000100000000)
 Metaspace       used 60009K, capacity 65426K, committed 65568K, reserved 1105920K
  class space    used 7876K, capacity 9181K, committed 9300K, reserved 1048576K
}
Event: 35.349 GC heap before
{Heap before GC invocations=10 (full 5):
 par new generation   total 707840K, used 667682K [0x0000000080000000, 0x00000000b0000000, 0x00000000b0000000)
  eden space 629248K, 100% used [0x0000000080000000, 0x00000000a6680000, 0x00000000a6680000)
  from space 78592K,  48% used [0x00000000a6680000, 0x00000000a8c08a78, 0x00000000ab340000)
  to   space 78592K,   0% used [0x00000000ab340000, 0x00000000ab340000, 0x00000000b0000000)
 concurrent mark-sweep generation total 191932K, used 115401K [0x00000000b0000000, 0x00000000bbb6f000, 0x0000000100000000)
 Metaspace       used 61662K, capacity 67242K, committed 67488K, reserved 1107968K
  class space    used 8089K, capacity 9425K, committed 9428K, reserved 1048576K
Event: 35.398 GC heap after
Heap after GC invocations=11 (full 5):
 par new generation   total 707840K, used 37872K [0x0000000080000000, 0x00000000b0000000, 0x00000000b0000000)
  eden space 629248K,   0% used [0x0000000080000000, 0x0000000080000000, 0x00000000a6680000)
  from space 78592K,  48% used [0x00000000ab340000, 0x00000000ad83c3b8, 0x00000000b0000000)
  to   space 78592K,   0% used [0x00000000a6680000, 0x00000000a6680000, 0x00000000ab340000)
 concurrent mark-sweep generation total 191932K, used 115676K [0x00000000b0000000, 0x00000000bbb6f000, 0x0000000100000000)
 Metaspace       used 61662K, capacity 67242K, committed 67488K, reserved 1107968K
  class space    used 8089K, capacity 9425K, committed 9428K, reserved 1048576K
}
Event: 36.823 GC heap before
{Heap before GC invocations=11 (full 5):
 par new generation   total 707840K, used 667120K [0x0000000080000000, 0x00000000b0000000, 0x00000000b0000000)
  eden space 629248K, 100% used [0x0000000080000000, 0x00000000a6680000, 0x00000000a6680000)
  from space 78592K,  48% used [0x00000000ab340000, 0x00000000ad83c3b8, 0x00000000b0000000)
  to   space 78592K,   0% used [0x00000000a6680000, 0x00000000a6680000, 0x00000000ab340000)
 concurrent mark-sweep generation total 191932K, used 115676K [0x00000000b0000000, 0x00000000bbb6f000, 0x0000000100000000)
 Metaspace       used 62669K, capacity 68504K, committed 68768K, reserved 1107968K
  class space    used 8209K, capacity 9588K, committed 9684K, reserved 1048576K
Event: 37.565 GC heap after
Heap after GC invocations=12 (full 5):
 par new generation   total 707840K, used 78592K [0x0000000080000000, 0x00000000b0000000, 0x00000000b0000000)
  eden space 629248K,   0% used [0x0000000080000000, 0x0000000080000000, 0x00000000a6680000)
  from space 78592K, 100% used [0x00000000a6680000, 0x00000000ab340000, 0x00000000ab340000)
  to   space 78592K,   0% used [0x00000000ab340000, 0x00000000ab340000, 0x00000000b0000000)
 concurrent mark-sweep generation total 206332K, used 205655K [0x00000000b0000000, 0x00000000bc97f000, 0x0000000100000000)
 Metaspace       used 62669K, capacity 68504K, committed 68768K, reserved 1107968K
  class space    used 8209K, capacity 9588K, committed 9684K, reserved 1048576K
}
Event: 39.650 GC heap before
{Heap before GC invocations=12 (full 6):
 par new generation   total 707840K, used 707840K [0x0000000080000000, 0x00000000b0000000, 0x00000000b0000000)
  eden space 629248K, 100% used [0x0000000080000000, 0x00000000a6680000, 0x00000000a6680000)
  from space 78592K, 100% used [0x00000000a6680000, 0x00000000ab340000, 0x00000000ab340000)
  to   space 78592K,   0% used [0x00000000ab340000, 0x00000000ab340000, 0x00000000b0000000)
 concurrent mark-sweep generation total 206332K, used 205655K [0x00000000b0000000, 0x00000000bc97f000, 0x0000000100000000)
 Metaspace       used 62891K, capacity 68782K, committed 69024K, reserved 1107968K
  class space    used 8228K, capacity 9613K, committed 9684K, reserved 1048576K
Event: 40.104 GC heap after
Heap after GC invocations=13 (full 6):
 par new generation   total 707840K, used 65414K [0x0000000080000000, 0x00000000b0000000, 0x00000000b0000000)
  eden space 629248K,   0% used [0x0000000080000000, 0x0000000080000000, 0x00000000a6680000)
  from space 78592K,  83% used [0x00000000ab340000, 0x00000000af321868, 0x00000000b0000000)
  to   space 78592K,   0% used [0x00000000a6680000, 0x00000000a6680000, 0x00000000ab340000)
 concurrent mark-sweep generation total 283580K, used 282854K [0x00000000b0000000, 0x00000000c14ef000, 0x0000000100000000)
 Metaspace       used 62891K, capacity 68782K, committed 69024K, reserved 1107968K
  class space    used 8228K, capacity 9613K, committed 9684K, reserved 1048576K
}
Event: 42.750 GC heap before
{Heap before GC invocations=13 (full 6):
 par new generation   total 707840K, used 694662K [0x0000000080000000, 0x00000000b0000000, 0x00000000b0000000)
  eden space 629248K, 100% used [0x0000000080000000, 0x00000000a6680000, 0x00000000a6680000)
  from space 78592K,  83% used [0x00000000ab340000, 0x00000000af321868, 0x00000000b0000000)
  to   space 78592K,   0% used [0x00000000a6680000, 0x00000000a6680000, 0x00000000ab340000)
 concurrent mark-sweep generation total 471376K, used 282824K [0x00000000b0000000, 0x00000000ccc54000, 0x0000000100000000)
 Metaspace       used 62980K, capacity 68916K, committed 69024K, reserved 1107968K
  class space    used 8229K, capacity 9614K, committed 9684K, reserved 1048576K
Event: 42.859 GC heap after
Heap after GC invocations=14 (full 6):
 par new generation   total 707840K, used 51545K [0x0000000080000000, 0x00000000b0000000, 0x00000000b0000000)
  eden space 629248K,   0% used [0x0000000080000000, 0x0000000080000000, 0x00000000a6680000)
  from space 78592K,  65% used [0x00000000a6680000, 0x00000000a98d6780, 0x00000000ab340000)
  to   space 78592K,   0% used [0x00000000ab340000, 0x00000000ab340000, 0x00000000b0000000)
 concurrent mark-sweep generation total 471376K, used 282824K [0x00000000b0000000, 0x00000000ccc54000, 0x0000000100000000)
 Metaspace       used 62980K, capacity 68916K, committed 69024K, reserved 1107968K
  class space    used 8229K, capacity 9614K, committed 9684K, reserved 1048576K
}
Event: 44.708 GC heap before
{Heap before GC invocations=14 (full 6):
 par new generation   total 707840K, used 680793K [0x0000000080000000, 0x00000000b0000000, 0x00000000b0000000)
  eden space 629248K, 100% used [0x0000000080000000, 0x00000000a6680000, 0x00000000a6680000)
  from space 78592K,  65% used [0x00000000a6680000, 0x00000000a98d6780, 0x00000000ab340000)
  to   space 78592K,   0% used [0x00000000ab340000, 0x00000000ab340000, 0x00000000b0000000)
 concurrent mark-sweep generation total 471376K, used 282824K [0x00000000b0000000, 0x00000000ccc54000, 0x0000000100000000)
 Metaspace       used 63152K, capacity 69044K, committed 69280K, reserved 1110016K
  class space    used 8263K, capacity 9646K, committed 9684K, reserved 1048576K
Event: 44.893 GC heap after
Heap after GC invocations=15 (full 6):
 par new generation   total 707840K, used 78592K [0x0000000080000000, 0x00000000b0000000, 0x00000000b0000000)
  eden space 629248K,   0% used [0x0000000080000000, 0x0000000080000000, 0x00000000a6680000)
  from space 78592K, 100% used [0x00000000ab340000, 0x00000000b0000000, 0x00000000b0000000)
  to   space 78592K,   0% used [0x00000000a6680000, 0x00000000a6680000, 0x00000000ab340000)
 concurrent mark-sweep generation total 471376K, used 300374K [0x00000000b0000000, 0x00000000ccc54000, 0x0000000100000000)
 Metaspace       used 63152K, capacity 69044K, committed 69280K, reserved 1110016K
  class space    used 8263K, capacity 9646K, committed 9684K, reserved 1048576K
}
Event: 46.137 GC heap before
{Heap before GC invocations=15 (full 6):
 par new generation   total 707840K, used 707840K [0x0000000080000000, 0x00000000b0000000, 0x00000000b0000000)
  eden space 629248K, 100% used [0x0000000080000000, 0x00000000a6680000, 0x00000000a6680000)
  from space 78592K, 100% used [0x00000000ab340000, 0x00000000b0000000, 0x00000000b0000000)
  to   space 78592K,   0% used [0x00000000a6680000, 0x00000000a6680000, 0x00000000ab340000)
 concurrent mark-sweep generation total 471376K, used 300374K [0x00000000b0000000, 0x00000000ccc54000, 0x0000000100000000)
 Metaspace       used 63159K, capacity 69108K, committed 69280K, reserved 1110016K
  class space    used 8263K, capacity 9646K, committed 9684K, reserved 1048576K
Event: 46.295 GC heap after
Heap after GC invocations=16 (full 6):
 par new generation   total 707840K, used 78592K [0x0000000080000000, 0x00000000b0000000, 0x00000000b0000000)
  eden space 629248K,   0% used [0x0000000080000000, 0x0000000080000000, 0x00000000a6680000)
  from space 78592K, 100% used [0x00000000a6680000, 0x00000000ab340000, 0x00000000ab340000)
  to   space 78592K,   0% used [0x00000000ab340000, 0x00000000ab340000, 0x00000000b0000000)
 concurrent mark-sweep generation total 471376K, used 331460K [0x00000000b0000000, 0x00000000ccc54000, 0x0000000100000000)
 Metaspace       used 63159K, capacity 69108K, committed 69280K, reserved 1110016K
  class space    used 8263K, capacity 9646K, committed 9684K, reserved 1048576K
}
Event: 48.484 GC heap before
{Heap before GC invocations=16 (full 7):
 par new generation   total 707840K, used 707840K [0x0000000080000000, 0x00000000b0000000, 0x00000000b0000000)
  eden space 629248K, 100% used [0x0000000080000000, 0x00000000a6680000, 0x00000000a6680000)
  from space 78592K, 100% used [0x00000000a6680000, 0x00000000ab340000, 0x00000000ab340000)
  to   space 78592K,   0% used [0x00000000ab340000, 0x00000000ab340000, 0x00000000b0000000)
 concurrent mark-sweep generation total 471376K, used 331460K [0x00000000b0000000, 0x00000000ccc54000, 0x0000000100000000)
 Metaspace       used 63167K, capacity 69112K, committed 69280K, reserved 1110016K
  class space    used 8263K, capacity 9646K, committed 9684K, reserved 1048576K
Event: 48.710 GC heap after
Heap after GC invocations=17 (full 7):
 par new generation   total 707840K, used 78592K [0x0000000080000000, 0x00000000b0000000, 0x00000000b0000000)
  eden space 629248K,   0% used [0x0000000080000000, 0x0000000080000000, 0x00000000a6680000)
  from space 78592K, 100% used [0x00000000ab340000, 0x00000000b0000000, 0x00000000b0000000)
  to   space 78592K,   0% used [0x00000000a6680000, 0x00000000a6680000, 0x00000000ab340000)
 concurrent mark-sweep generation total 471376K, used 357736K [0x00000000b0000000, 0x00000000ccc54000, 0x0000000100000000)
 Metaspace       used 63167K, capacity 69112K, committed 69280K, reserved 1110016K
  class space    used 8263K, capacity 9646K, committed 9684K, reserved 1048576K
}
Event: 51.125 GC heap before
{Heap before GC invocations=17 (full 7):
 par new generation   total 707840K, used 707840K [0x0000000080000000, 0x00000000b0000000, 0x00000000b0000000)
  eden space 629248K, 100% used [0x0000000080000000, 0x00000000a6680000, 0x00000000a6680000)
  from space 78592K, 100% used [0x00000000ab340000, 0x00000000b0000000, 0x00000000b0000000)
  to   space 78592K,   0% used [0x00000000a6680000, 0x00000000a6680000, 0x00000000ab340000)
 concurrent mark-sweep generation total 593664K, used 356197K [0x00000000b0000000, 0x00000000d43c0000, 0x0000000100000000)
 Metaspace       used 63167K, capacity 69112K, committed 69280K, reserved 1110016K
  class space    used 8263K, capacity 9646K, committed 9684K, reserved 1048576K
Event: 51.351 GC heap after
Heap after GC invocations=18 (full 7):
 par new generation   total 707840K, used 71931K [0x0000000080000000, 0x00000000b0000000, 0x00000000b0000000)
  eden space 629248K,   0% used [0x0000000080000000, 0x0000000080000000, 0x00000000a6680000)
  from space 78592K,  91% used [0x00000000a6680000, 0x00000000aacbec28, 0x00000000ab340000)
  to   space 78592K,   0% used [0x00000000ab340000, 0x00000000ab340000, 0x00000000b0000000)
 concurrent mark-sweep generation total 593664K, used 434611K [0x00000000b0000000, 0x00000000d43c0000, 0x0000000100000000)
 Metaspace       used 63167K, capacity 69112K, committed 69280K, reserved 1110016K
  class space    used 8263K, capacity 9646K, committed 9684K, reserved 1048576K
}
Event: 52.842 GC heap before
{Heap before GC invocations=18 (full 8):
 par new generation   total 707840K, used 701179K [0x0000000080000000, 0x00000000b0000000, 0x00000000b0000000)
  eden space 629248K, 100% used [0x0000000080000000, 0x00000000a6680000, 0x00000000a6680000)
  from space 78592K,  91% used [0x00000000a6680000, 0x00000000aacbec28, 0x00000000ab340000)
  to   space 78592K,   0% used [0x00000000ab340000, 0x00000000ab340000, 0x00000000b0000000)
 concurrent mark-sweep generation total 593664K, used 434611K [0x00000000b0000000, 0x00000000d43c0000, 0x0000000100000000)
 Metaspace       used 63167K, capacity 69112K, committed 69280K, reserved 1110016K
  class space    used 8263K, capacity 9646K, committed 9684K, reserved 1048576K
Event: 52.861 GC heap after
Heap after GC invocations=19 (full 8):
 par new generation   total 707840K, used 20566K [0x0000000080000000, 0x00000000b0000000, 0x00000000b0000000)
  eden space 629248K,   0% used [0x0000000080000000, 0x0000000080000000, 0x00000000a6680000)
  from space 78592K,  26% used [0x00000000ab340000, 0x00000000ac755b30, 0x00000000b0000000)
  to   space 78592K,   0% used [0x00000000a6680000, 0x00000000a6680000, 0x00000000ab340000)
 concurrent mark-sweep generation total 593664K, used 434611K [0x00000000b0000000, 0x00000000d43c0000, 0x0000000100000000)
 Metaspace       used 63167K, capacity 69112K, committed 69280K, reserved 1110016K
  class space    used 8263K, capacity 9646K, committed 9684K, reserved 1048576K
}
Event: 54.451 GC heap before
{Heap before GC invocations=19 (full 8):
 par new generation   total 707840K, used 649814K [0x0000000080000000, 0x00000000b0000000, 0x00000000b0000000)
  eden space 629248K, 100% used [0x0000000080000000, 0x00000000a6680000, 0x00000000a6680000)
  from space 78592K,  26% used [0x00000000ab340000, 0x00000000ac755b30, 0x00000000b0000000)
  to   space 78592K,   0% used [0x00000000a6680000, 0x00000000a6680000, 0x00000000ab340000)
 concurrent mark-sweep generation total 723804K, used 434280K [0x00000000b0000000, 0x00000000dc2d7000, 0x0000000100000000)
 Metaspace       used 63167K, capacity 69112K, committed 69280K, reserved 1110016K
  class space    used 8263K, capacity 9646K, committed 9684K, reserved 1048576K
Event: 54.528 GC heap after
Heap after GC invocations=20 (full 8):
 par new generation   total 707840K, used 23370K [0x0000000080000000, 0x00000000b0000000, 0x00000000b0000000)
  eden space 629248K,   0% used [0x0000000080000000, 0x0000000080000000, 0x00000000a6680000)
  from space 78592K,  29% used [0x00000000a6680000, 0x00000000a7d52a70, 0x00000000ab340000)
  to   space 78592K,   0% used [0x00000000ab340000, 0x00000000ab340000, 0x00000000b0000000)
 concurrent mark-sweep generation total 723804K, used 434280K [0x00000000b0000000, 0x00000000dc2d7000, 0x0000000100000000)
 Metaspace       used 63167K, capacity 69112K, committed 69280K, reserved 1110016K
  class space    used 8263K, capacity 9646K, committed 9684K, reserved 1048576K
}
Event: 55.509 GC heap before
{Heap before GC invocations=20 (full 8):
 par new generation   total 707840K, used 652618K [0x0000000080000000, 0x00000000b0000000, 0x00000000b0000000)
  eden space 629248K, 100% used [0x0000000080000000, 0x00000000a6680000, 0x00000000a6680000)
  from space 78592K,  29% used [0x00000000a6680000, 0x00000000a7d52a70, 0x00000000ab340000)
  to   space 78592K,   0% used [0x00000000ab340000, 0x00000000ab340000, 0x00000000b0000000)
 concurrent mark-sweep generation total 723804K, used 434280K [0x00000000b0000000, 0x00000000dc2d7000, 0x0000000100000000)
 Metaspace       used 63170K, capacity 69112K, committed 69280K, reserved 1110016K
  class space    used 8263K, capacity 9646K, committed 9684K, reserved 1048576K
Event: 55.536 GC heap after
Heap after GC invocations=21 (full 8):
 par new generation   total 707840K, used 21693K [0x0000000080000000, 0x00000000b0000000, 0x00000000b0000000)
  eden space 629248K,   0% used [0x0000000080000000, 0x0000000080000000, 0x00000000a6680000)
  from space 78592K,  27% used [0x00000000ab340000, 0x00000000ac86f490, 0x00000000b0000000)
  to   space 78592K,   0% used [0x00000000a6680000, 0x00000000a6680000, 0x00000000ab340000)
 concurrent mark-sweep generation total 723804K, used 434280K [0x00000000b0000000, 0x00000000dc2d7000, 0x0000000100000000)
 Metaspace       used 63170K, capacity 69112K, committed 69280K, reserved 1110016K
  class space    used 8263K, capacity 9646K, committed 9684K, reserved 1048576K
}
Event: 56.554 GC heap before
{Heap before GC invocations=21 (full 8):
 par new generation   total 707840K, used 650941K [0x0000000080000000, 0x00000000b0000000, 0x00000000b0000000)
  eden space 629248K, 100% used [0x0000000080000000, 0x00000000a6680000, 0x00000000a6680000)
  from space 78592K,  27% used [0x00000000ab340000, 0x00000000ac86f490, 0x00000000b0000000)
  to   space 78592K,   0% used [0x00000000a6680000, 0x00000000a6680000, 0x00000000ab340000)
 concurrent mark-sweep generation total 723804K, used 434280K [0x00000000b0000000, 0x00000000dc2d7000, 0x0000000100000000)
 Metaspace       used 63171K, capacity 69112K, committed 69280K, reserved 1110016K
  class space    used 8263K, capacity 9646K, committed 9684K, reserved 1048576K
Event: 56.582 GC heap after
Heap after GC invocations=22 (full 8):
 par new generation   total 707840K, used 21417K [0x0000000080000000, 0x00000000b0000000, 0x00000000b0000000)
  eden space 629248K,   0% used [0x0000000080000000, 0x0000000080000000, 0x00000000a6680000)
  from space 78592K,  27% used [0x00000000a6680000, 0x00000000a7b6a760, 0x00000000ab340000)
  to   space 78592K,   0% used [0x00000000ab340000, 0x00000000ab340000, 0x00000000b0000000)
 concurrent mark-sweep generation total 723804K, used 434280K [0x00000000b0000000, 0x00000000dc2d7000, 0x0000000100000000)
 Metaspace       used 63171K, capacity 69112K, committed 69280K, reserved 1110016K
  class space    used 8263K, capacity 9646K, committed 9684K, reserved 1048576K
}
Event: 57.777 GC heap before
{Heap before GC invocations=22 (full 8):
 par new generation   total 707840K, used 650665K [0x0000000080000000, 0x00000000b0000000, 0x00000000b0000000)
  eden space 629248K, 100% used [0x0000000080000000, 0x00000000a6680000, 0x00000000a6680000)
  from space 78592K,  27% used [0x00000000a6680000, 0x00000000a7b6a760, 0x00000000ab340000)
  to   space 78592K,   0% used [0x00000000ab340000, 0x00000000ab340000, 0x00000000b0000000)
 concurrent mark-sweep generation total 723804K, used 434280K [0x00000000b0000000, 0x00000000dc2d7000, 0x0000000100000000)
 Metaspace       used 63171K, capacity 69112K, committed 69280K, reserved 1110016K
  class space    used 8263K, capacity 9646K, committed 9684K, reserved 1048576K
Event: 57.796 GC heap after
Heap after GC invocations=23 (full 8):
 par new generation   total 707840K, used 21540K [0x0000000080000000, 0x00000000b0000000, 0x00000000b0000000)
  eden space 629248K,   0% used [0x0000000080000000, 0x0000000080000000, 0x00000000a6680000)
  from space 78592K,  27% used [0x00000000ab340000, 0x00000000ac849270, 0x00000000b0000000)
  to   space 78592K,   0% used [0x00000000a6680000, 0x00000000a6680000, 0x00000000ab340000)
 concurrent mark-sweep generation total 723804K, used 434280K [0x00000000b0000000, 0x00000000dc2d7000, 0x0000000100000000)
 Metaspace       used 63171K, capacity 69112K, committed 69280K, reserved 1110016K
  class space    used 8263K, capacity 9646K, committed 9684K, reserved 1048576K
}
Event: 58.803 GC heap before
{Heap before GC invocations=23 (full 8):
 par new generation   total 707840K, used 650788K [0x0000000080000000, 0x00000000b0000000, 0x00000000b0000000)
  eden space 629248K, 100% used [0x0000000080000000, 0x00000000a6680000, 0x00000000a6680000)
  from space 78592K,  27% used [0x00000000ab340000, 0x00000000ac849270, 0x00000000b0000000)
  to   space 78592K,   0% used [0x00000000a6680000, 0x00000000a6680000, 0x00000000ab340000)
 concurrent mark-sweep generation total 723804K, used 434280K [0x00000000b0000000, 0x00000000dc2d7000, 0x0000000100000000)
 Metaspace       used 63171K, capacity 69112K, committed 69280K, reserved 1110016K
  class space    used 8263K, capacity 9646K, committed 9684K, reserved 1048576K
Event: 58.848 GC heap after
Heap after GC invocations=24 (full 8):
 par new generation   total 707840K, used 14509K [0x0000000080000000, 0x00000000b0000000, 0x00000000b0000000)
  eden space 629248K,   0% used [0x0000000080000000, 0x0000000080000000, 0x00000000a6680000)
  from space 78592K,  18% used [0x00000000a6680000, 0x00000000a74ab560, 0x00000000ab340000)
  to   space 78592K,   0% used [0x00000000ab340000, 0x00000000ab340000, 0x00000000b0000000)
 concurrent mark-sweep generation total 723804K, used 448385K [0x00000000b0000000, 0x00000000dc2d7000, 0x0000000100000000)
 Metaspace       used 63171K, capacity 69112K, committed 69280K, reserved 1110016K
  class space    used 8263K, capacity 9646K, committed 9684K, reserved 1048576K
}
Event: 59.977 GC heap before
{Heap before GC invocations=24 (full 8):
 par new generation   total 707840K, used 643757K [0x0000000080000000, 0x00000000b0000000, 0x00000000b0000000)
  eden space 629248K, 100% used [0x0000000080000000, 0x00000000a6680000, 0x00000000a6680000)
  from space 78592K,  18% used [0x00000000a6680000, 0x00000000a74ab560, 0x00000000ab340000)
  to   space 78592K,   0% used [0x00000000ab340000, 0x00000000ab340000, 0x00000000b0000000)
 concurrent mark-sweep generation total 723804K, used 448385K [0x00000000b0000000, 0x00000000dc2d7000, 0x0000000100000000)
 Metaspace       used 63171K, capacity 69112K, committed 69280K, reserved 1110016K
  class space    used 8263K, capacity 9646K, committed 9684K, reserved 1048576K
Event: 59.984 GC heap after
Heap after GC invocations=25 (full 8):
 par new generation   total 707840K, used 3807K [0x0000000080000000, 0x00000000b0000000, 0x00000000b0000000)
  eden space 629248K,   0% used [0x0000000080000000, 0x0000000080000000, 0x00000000a6680000)
  from space 78592K,   4% used [0x00000000ab340000, 0x00000000ab6f7f30, 0x00000000b0000000)
  to   space 78592K,   0% used [0x00000000a6680000, 0x00000000a6680000, 0x00000000ab340000)
 concurrent mark-sweep generation total 723804K, used 448513K [0x00000000b0000000, 0x00000000dc2d7000, 0x0000000100000000)
 Metaspace       used 63171K, capacity 69112K, committed 69280K, reserved 1110016K
  class space    used 8263K, capacity 9646K, committed 9684K, reserved 1048576K
}
Event: 60.977 GC heap before
{Heap before GC invocations=25 (full 8):
 par new generation   total 707840K, used 633055K [0x0000000080000000, 0x00000000b0000000, 0x00000000b0000000)
  eden space 629248K, 100% used [0x0000000080000000, 0x00000000a6680000, 0x00000000a6680000)
  from space 78592K,   4% used [0x00000000ab340000, 0x00000000ab6f7f30, 0x00000000b0000000)
  to   space 78592K,   0% used [0x00000000a6680000, 0x00000000a6680000, 0x00000000ab340000)
 concurrent mark-sweep generation total 723804K, used 448513K [0x00000000b0000000, 0x00000000dc2d7000, 0x0000000100000000)
 Metaspace       used 63182K, capacity 69176K, committed 69280K, reserved 1110016K
  class space    used 8263K, capacity 9646K, committed 9684K, reserved 1048576K
Event: 60.984 GC heap after
Heap after GC invocations=26 (full 8):
 par new generation   total 707840K, used 1205K [0x0000000080000000, 0x00000000b0000000, 0x00000000b0000000)
  eden space 629248K,   0% used [0x0000000080000000, 0x0000000080000000, 0x00000000a6680000)
  from space 78592K,   1% used [0x00000000a6680000, 0x00000000a67ad760, 0x00000000ab340000)
  to   space 78592K,   0% used [0x00000000ab340000, 0x00000000ab340000, 0x00000000b0000000)
 concurrent mark-sweep generation total 723804K, used 448684K [0x00000000b0000000, 0x00000000dc2d7000, 0x0000000100000000)
 Metaspace       used 63182K, capacity 69176K, committed 69280K, reserved 1110016K
  class space    used 8263K, capacity 9646K, committed 9684K, reserved 1048576K
}
Event: 62.133 GC heap before
{Heap before GC invocations=26 (full 8):
 par new generation   total 707840K, used 630453K [0x0000000080000000, 0x00000000b0000000, 0x00000000b0000000)
  eden space 629248K, 100% used [0x0000000080000000, 0x00000000a6680000, 0x00000000a6680000)
  from space 78592K,   1% used [0x00000000a6680000, 0x00000000a67ad760, 0x00000000ab340000)
  to   space 78592K,   0% used [0x00000000ab340000, 0x00000000ab340000, 0x00000000b0000000)
 concurrent mark-sweep generation total 723804K, used 448684K [0x00000000b0000000, 0x00000000dc2d7000, 0x0000000100000000)
 Metaspace       used 63182K, capacity 69176K, committed 69280K, reserved 1110016K
  class space    used 8263K, capacity 9646K, committed 9684K, reserved 1048576K
Event: 62.141 GC heap after
Heap after GC invocations=27 (full 8):
 par new generation   total 707840K, used 2160K [0x0000000080000000, 0x00000000b0000000, 0x00000000b0000000)
  eden space 629248K,   0% used [0x0000000080000000, 0x0000000080000000, 0x00000000a6680000)
  from space 78592K,   2% used [0x00000000ab340000, 0x00000000ab55c0a0, 0x00000000b0000000)
  to   space 78592K,   0% used [0x00000000a6680000, 0x00000000a6680000, 0x00000000ab340000)
 concurrent mark-sweep generation total 723804K, used 448808K [0x00000000b0000000, 0x00000000dc2d7000, 0x0000000100000000)
 Metaspace       used 63182K, capacity 69176K, committed 69280K, reserved 1110016K
  class space    used 8263K, capacity 9646K, committed 9684K, reserved 1048576K
}
Event: 63.096 GC heap before
{Heap before GC invocations=27 (full 8):
 par new generation   total 707840K, used 631408K [0x0000000080000000, 0x00000000b0000000, 0x00000000b0000000)
  eden space 629248K, 100% used [0x0000000080000000, 0x00000000a6680000, 0x00000000a6680000)
  from space 78592K,   2% used [0x00000000ab340000, 0x00000000ab55c0a0, 0x00000000b0000000)
  to   space 78592K,   0% used [0x00000000a6680000, 0x00000000a6680000, 0x00000000ab340000)
 concurrent mark-sweep generation total 723804K, used 448808K [0x00000000b0000000, 0x00000000dc2d7000, 0x0000000100000000)
 Metaspace       used 63182K, capacity 69176K, committed 69280K, reserved 1110016K
  class space    used 8263K, capacity 9646K, committed 9684K, reserved 1048576K
Event: 63.108 GC heap after
Heap after GC invocations=28 (full 8):
 par new generation   total 707840K, used 2503K [0x0000000080000000, 0x00000000b0000000, 0x00000000b0000000)
  eden space 629248K,   0% used [0x0000000080000000, 0x0000000080000000, 0x00000000a6680000)
  from space 78592K,   3% used [0x00000000a6680000, 0x00000000a68f1e40, 0x00000000ab340000)
  to   space 78592K,   0% used [0x00000000ab340000, 0x00000000ab340000, 0x00000000b0000000)
 concurrent mark-sweep generation total 723804K, used 448981K [0x00000000b0000000, 0x00000000dc2d7000, 0x0000000100000000)
 Metaspace       used 63182K, capacity 69176K, committed 69280K, reserved 1110016K
  class space    used 8263K, capacity 9646K, committed 9684K, reserved 1048576K
}
Event: 64.235 GC heap before
{Heap before GC invocations=28 (full 8):
 par new generation   total 707840K, used 631751K [0x0000000080000000, 0x00000000b0000000, 0x00000000b0000000)
  eden space 629248K, 100% used [0x0000000080000000, 0x00000000a6680000, 0x00000000a6680000)
  from space 78592K,   3% used [0x00000000a6680000, 0x00000000a68f1e40, 0x00000000ab340000)
  to   space 78592K,   0% used [0x00000000ab340000, 0x00000000ab340000, 0x00000000b0000000)
 concurrent mark-sweep generation total 723804K, used 448981K [0x00000000b0000000, 0x00000000dc2d7000, 0x0000000100000000)
 Metaspace       used 63182K, capacity 69176K, committed 69280K, reserved 1110016K
  class space    used 8263K, capacity 9646K, committed 9684K, reserved 1048576K
Event: 64.291 GC heap after
Heap after GC invocations=29 (full 8):
 par new generation   total 707840K, used 3846K [0x0000000080000000, 0x00000000b0000000, 0x00000000b0000000)
  eden space 629248K,   0% used [0x0000000080000000, 0x0000000080000000, 0x00000000a6680000)
  from space 78592K,   4% used [0x00000000ab340000, 0x00000000ab701a20, 0x00000000b0000000)
  to   space 78592K,   0% used [0x00000000a6680000, 0x00000000a6680000, 0x00000000ab340000)
 concurrent mark-sweep generation total 723804K, used 449149K [0x00000000b0000000, 0x00000000dc2d7000, 0x0000000100000000)
 Metaspace       used 63182K, capacity 69176K, committed 69280K, reserved 1110016K
  class space    used 8263K, capacity 9646K, committed 9684K, reserved 1048576K
}
Event: 65.233 GC heap before
{Heap before GC invocations=29 (full 8):
 par new generation   total 707840K, used 633094K [0x0000000080000000, 0x00000000b0000000, 0x00000000b0000000)
  eden space 629248K, 100% used [0x0000000080000000, 0x00000000a6680000, 0x00000000a6680000)
  from space 78592K,   4% used [0x00000000ab340000, 0x00000000ab701a20, 0x00000000b0000000)
  to   space 78592K,   0% used [0x00000000a6680000, 0x00000000a6680000, 0x00000000ab340000)
 concurrent mark-sweep generation total 723804K, used 449149K [0x00000000b0000000, 0x00000000dc2d7000, 0x0000000100000000)
 Metaspace       used 63182K, capacity 69176K, committed 69280K, reserved 1110016K
  class space    used 8263K, capacity 9646K, committed 9684K, reserved 1048576K
Event: 65.250 GC heap after
Heap after GC invocations=30 (full 8):
 par new generation   total 707840K, used 4022K [0x0000000080000000, 0x00000000b0000000, 0x00000000b0000000)
  eden space 629248K,   0% used [0x0000000080000000, 0x0000000080000000, 0x00000000a6680000)
  from space 78592K,   5% used [0x00000000a6680000, 0x00000000a6a6dbd0, 0x00000000ab340000)
  to   space 78592K,   0% used [0x00000000ab340000, 0x00000000ab340000, 0x00000000b0000000)
 concurrent mark-sweep generation total 723804K, used 449334K [0x00000000b0000000, 0x00000000dc2d7000, 0x0000000100000000)
 Metaspace       used 63182K, capacity 69176K, committed 69280K, reserved 1110016K
  class space    used 8263K, capacity 9646K, committed 9684K, reserved 1048576K
}
Event: 66.385 GC heap before
{Heap before GC invocations=30 (full 8):
 par new generation   total 707840K, used 633270K [0x0000000080000000, 0x00000000b0000000, 0x00000000b0000000)
  eden space 629248K, 100% used [0x0000000080000000, 0x00000000a6680000, 0x00000000a6680000)
  from space 78592K,   5% used [0x00000000a6680000, 0x00000000a6a6dbd0, 0x00000000ab340000)
  to   space 78592K,   0% used [0x00000000ab340000, 0x00000000ab340000, 0x00000000b0000000)
 concurrent mark-sweep generation total 723804K, used 449334K [0x00000000b0000000, 0x00000000dc2d7000, 0x0000000100000000)
 Metaspace       used 63182K, capacity 69176K, committed 69280K, reserved 1110016K
  class space    used 8263K, capacity 9646K, committed 9684K, reserved 1048576K
Event: 66.453 GC heap after
Heap after GC invocations=31 (full 8):
 par new generation   total 707840K, used 5968K [0x0000000080000000, 0x00000000b0000000, 0x00000000b0000000)
  eden space 629248K,   0% used [0x0000000080000000, 0x0000000080000000, 0x00000000a6680000)
  from space 78592K,   7% used [0x00000000ab340000, 0x00000000ab9141e0, 0x00000000b0000000)
  to   space 78592K,   0% used [0x00000000a6680000, 0x00000000a6680000, 0x00000000ab340000)
 concurrent mark-sweep generation total 723804K, used 449513K [0x00000000b0000000, 0x00000000dc2d7000, 0x0000000100000000)
 Metaspace       used 63182K, capacity 69176K, committed 69280K, reserved 1110016K
  class space    used 8263K, capacity 9646K, committed 9684K, reserved 1048576K
}
Event: 67.916 GC heap before
{Heap before GC invocations=31 (full 8):
 par new generation   total 707840K, used 635216K [0x0000000080000000, 0x00000000b0000000, 0x00000000b0000000)
  eden space 629248K, 100% used [0x0000000080000000, 0x00000000a6680000, 0x00000000a6680000)
  from space 78592K,   7% used [0x00000000ab340000, 0x00000000ab9141e0, 0x00000000b0000000)
  to   space 78592K,   0% used [0x00000000a6680000, 0x00000000a6680000, 0x00000000ab340000)
 concurrent mark-sweep generation total 723804K, used 449513K [0x00000000b0000000, 0x00000000dc2d7000, 0x0000000100000000)
 Metaspace       used 63182K, capacity 69176K, committed 69280K, reserved 1110016K
  class space    used 8263K, capacity 9646K, committed 9684K, reserved 1048576K
Event: 67.958 GC heap after
Heap after GC invocations=32 (full 8):
 par new generation   total 707840K, used 9691K [0x0000000080000000, 0x00000000b0000000, 0x00000000b0000000)
  eden space 629248K,   0% used [0x0000000080000000, 0x0000000080000000, 0x00000000a6680000)
  from space 78592K,  12% used [0x00000000a6680000, 0x00000000a6ff6ee0, 0x00000000ab340000)
  to   space 78592K,   0% used [0x00000000ab340000, 0x00000000ab340000, 0x00000000b0000000)
 concurrent mark-sweep generation total 723804K, used 449716K [0x00000000b0000000, 0x00000000dc2d7000, 0x0000000100000000)
 Metaspace       used 63182K, capacity 69176K, committed 69280K, reserved 1110016K
  class space    used 8263K, capacity 9646K, committed 9684K, reserved 1048576K
}
Event: 72.478 GC heap before
{Heap before GC invocations=32 (full 8):
 par new generation   total 707840K, used 638939K [0x0000000080000000, 0x00000000b0000000, 0x00000000b0000000)
  eden space 629248K, 100% used [0x0000000080000000, 0x00000000a6680000, 0x00000000a6680000)
  from space 78592K,  12% used [0x00000000a6680000, 0x00000000a6ff6ee0, 0x00000000ab340000)
  to   space 78592K,   0% used [0x00000000ab340000, 0x00000000ab340000, 0x00000000b0000000)
 concurrent mark-sweep generation total 723804K, used 449716K [0x00000000b0000000, 0x00000000dc2d7000, 0x0000000100000000)
 Metaspace       used 63454K, capacity 69554K, committed 69664K, reserved 1110016K
  class space    used 8287K, capacity 9715K, committed 9812K, reserved 1048576K
Event: 72.589 GC heap after
Heap after GC invocations=33 (full 8):
 par new generation   total 707840K, used 14723K [0x0000000080000000, 0x00000000b0000000, 0x00000000b0000000)
  eden space 629248K,   0% used [0x0000000080000000, 0x0000000080000000, 0x00000000a6680000)
  from space 78592K,  18% used [0x00000000ab340000, 0x00000000ac1a0f78, 0x00000000b0000000)
  to   space 78592K,   0% used [0x00000000a6680000, 0x00000000a6680000, 0x00000000ab340000)
 concurrent mark-sweep generation total 723804K, used 450118K [0x00000000b0000000, 0x00000000dc2d7000, 0x0000000100000000)
 Metaspace       used 63454K, capacity 69554K, committed 69664K, reserved 1110016K
  class space    used 8287K, capacity 9715K, committed 9812K, reserved 1048576K
}
Event: 95.766 GC heap before
{Heap before GC invocations=33 (full 8):
 par new generation   total 707840K, used 643971K [0x0000000080000000, 0x00000000b0000000, 0x00000000b0000000)
  eden space 629248K, 100% used [0x0000000080000000, 0x00000000a6680000, 0x00000000a6680000)
  from space 78592K,  18% used [0x00000000ab340000, 0x00000000ac1a0f78, 0x00000000b0000000)
  to   space 78592K,   0% used [0x00000000a6680000, 0x00000000a6680000, 0x00000000ab340000)
 concurrent mark-sweep generation total 723804K, used 450118K [0x00000000b0000000, 0x00000000dc2d7000, 0x0000000100000000)
 Metaspace       used 66471K, capacity 72868K, committed 72992K, reserved 1112064K
  class space    used 9518K, capacity 10996K, committed 11092K, reserved 1048576K
Event: 95.904 GC heap after
Heap after GC invocations=34 (full 8):
 par new generation   total 707840K, used 31602K [0x0000000080000000, 0x00000000b0000000, 0x00000000b0000000)
  eden space 629248K,   0% used [0x0000000080000000, 0x0000000080000000, 0x00000000a6680000)
  from space 78592K,  40% used [0x00000000a6680000, 0x00000000a855c960, 0x00000000ab340000)
  to   space 78592K,   0% used [0x00000000ab340000, 0x00000000ab340000, 0x00000000b0000000)
 concurrent mark-sweep generation total 723804K, used 451169K [0x00000000b0000000, 0x00000000dc2d7000, 0x0000000100000000)
 Metaspace       used 66471K, capacity 72868K, committed 72992K, reserved 1112064K
  class space    used 9518K, capacity 10996K, committed 11092K, reserved 1048576K
}
Event: 103.527 GC heap before
{Heap before GC invocations=34 (full 8):
 par new generation   total 707840K, used 661436K [0x0000000080000000, 0x00000000b0000000, 0x00000000b0000000)
  eden space 629248K, 100% used [0x0000000080000000, 0x00000000a6680000, 0x00000000a6680000)
  from space 78592K,  40% used [0x00000000a6680000, 0x00000000a85ef288, 0x00000000ab340000)
  to   space 78592K,   0% used [0x00000000ab340000, 0x00000000ab340000, 0x00000000b0000000)
 concurrent mark-sweep generation total 723804K, used 451169K [0x00000000b0000000, 0x00000000dc2d7000, 0x0000000100000000)
 Metaspace       used 70996K, capacity 77580K, committed 77728K, reserved 1116160K
  class space    used 9962K, capacity 11447K, committed 11476K, reserved 1048576K
Event: 103.737 GC heap after
Heap after GC invocations=35 (full 8):
 par new generation   total 707840K, used 78592K [0x0000000080000000, 0x00000000b0000000, 0x00000000b0000000)
  eden space 629248K,   0% used [0x0000000080000000, 0x0000000080000000, 0x00000000a6680000)
  from space 78592K, 100% used [0x00000000ab340000, 0x00000000b0000000, 0x00000000b0000000)
  to   space 78592K,   0% used [0x00000000a6680000, 0x00000000a6680000, 0x00000000ab340000)
 concurrent mark-sweep generation total 723804K, used 467362K [0x00000000b0000000, 0x00000000dc2d7000, 0x0000000100000000)
 Metaspace       used 70996K, capacity 77580K, committed 77728K, reserved 1116160K
  class space    used 9962K, capacity 11447K, committed 11476K, reserved 1048576K
}
Event: 107.859 GC heap before
{Heap before GC invocations=35 (full 8):
 par new generation   total 707840K, used 707840K [0x0000000080000000, 0x00000000b0000000, 0x00000000b0000000)
  eden space 629248K, 100% used [0x0000000080000000, 0x00000000a6680000, 0x00000000a6680000)
  from space 78592K, 100% used [0x00000000ab340000, 0x00000000b0000000, 0x00000000b0000000)
  to   space 78592K,   0% used [0x00000000a6680000, 0x00000000a6680000, 0x00000000ab340000)
 concurrent mark-sweep generation total 723804K, used 467597K [0x00000000b0000000, 0x00000000dc2d7000, 0x0000000100000000)
 Metaspace       used 73170K, capacity 79937K, committed 80288K, reserved 1118208K
  class space    used 10088K, capacity 11605K, committed 11732K, reserved 1048576K
Event: 108.218 GC heap after
Heap after GC invocations=36 (full 8):
 par new generation   total 707840K, used 78592K [0x0000000080000000, 0x00000000b0000000, 0x00000000b0000000)
  eden space 629248K,   0% used [0x0000000080000000, 0x0000000080000000, 0x00000000a6680000)
  from space 78592K, 100% used [0x00000000a6680000, 0x00000000ab340000, 0x00000000ab340000)
  to   space 78592K,   0% used [0x00000000ab340000, 0x00000000ab340000, 0x00000000b0000000)
 concurrent mark-sweep generation total 723804K, used 542084K [0x00000000b0000000, 0x00000000dc2d7000, 0x0000000100000000)
 Metaspace       used 73170K, capacity 79937K, committed 80288K, reserved 1118208K
  class space    used 10088K, capacity 11605K, committed 11732K, reserved 1048576K
}
Event: 108.226 GC heap before
{Heap before GC invocations=36 (full 8):
 par new generation   total 707840K, used 84947K [0x0000000080000000, 0x00000000b0000000, 0x00000000b0000000)
  eden space 629248K,   1% used [0x0000000080000000, 0x0000000080634df8, 0x00000000a6680000)
  from space 78592K, 100% used [0x00000000a6680000, 0x00000000ab340000, 0x00000000ab340000)
  to   space 78592K,   0% used [0x00000000ab340000, 0x00000000ab340000, 0x00000000b0000000)
 concurrent mark-sweep generation total 723804K, used 542084K [0x00000000b0000000, 0x00000000dc2d7000, 0x0000000100000000)
 Metaspace       used 73170K, capacity 79937K, committed 80288K, reserved 1118208K
  class space    used 10088K, capacity 11605K, committed 11732K, reserved 1048576K
Event: 108.389 GC heap after
Heap after GC invocations=37 (full 8):
 par new generation   total 707840K, used 53768K [0x0000000080000000, 0x00000000b0000000, 0x00000000b0000000)
  eden space 629248K,   0% used [0x0000000080000000, 0x0000000080000000, 0x00000000a6680000)
  from space 78592K,  68% used [0x00000000ab340000, 0x00000000ae7c2380, 0x00000000b0000000)
  to   space 78592K,   0% used [0x00000000a6680000, 0x00000000a6680000, 0x00000000ab340000)
 concurrent mark-sweep generation total 723804K, used 593340K [0x00000000b0000000, 0x00000000dc2d7000, 0x0000000100000000)
 Metaspace       used 73170K, capacity 79937K, committed 80288K, reserved 1118208K
  class space    used 10088K, capacity 11605K, committed 11732K, reserved 1048576K
}
Event: 113.029 GC heap before
{Heap before GC invocations=37 (full 9):
 par new generation   total 707840K, used 683016K [0x0000000080000000, 0x00000000b0000000, 0x00000000b0000000)
  eden space 629248K, 100% used [0x0000000080000000, 0x00000000a6680000, 0x00000000a6680000)
  from space 78592K,  68% used [0x00000000ab340000, 0x00000000ae7c2380, 0x00000000b0000000)
  to   space 78592K,   0% used [0x00000000a6680000, 0x00000000a6680000, 0x00000000ab340000)
 concurrent mark-sweep generation total 723804K, used 593340K [0x00000000b0000000, 0x00000000dc2d7000, 0x0000000100000000)
 Metaspace       used 74124K, capacity 80971K, committed 81056K, reserved 1118208K
  class space    used 10124K, capacity 11668K, committed 11732K, reserved 1048576K
Event: 113.096 GC heap after
Heap after GC invocations=38 (full 9):
 par new generation   total 707840K, used 40489K [0x0000000080000000, 0x00000000b0000000, 0x00000000b0000000)
  eden space 629248K,   0% used [0x0000000080000000, 0x0000000080000000, 0x00000000a6680000)
  from space 78592K,  51% used [0x00000000a6680000, 0x00000000a8e0a5e0, 0x00000000ab340000)
  to   space 78592K,   0% used [0x00000000ab340000, 0x00000000ab340000, 0x00000000b0000000)
 concurrent mark-sweep generation total 723804K, used 593340K [0x00000000b0000000, 0x00000000dc2d7000, 0x0000000100000000)
 Metaspace       used 74124K, capacity 80971K, committed 81056K, reserved 1118208K
  class space    used 10124K, capacity 11668K, committed 11732K, reserved 1048576K
}
Event: 117.342 GC heap before
{Heap before GC invocations=38 (full 9):
 par new generation   total 707840K, used 669737K [0x0000000080000000, 0x00000000b0000000, 0x00000000b0000000)
  eden space 629248K, 100% used [0x0000000080000000, 0x00000000a6680000, 0x00000000a6680000)
  from space 78592K,  51% used [0x00000000a6680000, 0x00000000a8e0a5e0, 0x00000000ab340000)
  to   space 78592K,   0% used [0x00000000ab340000, 0x00000000ab340000, 0x00000000b0000000)
 concurrent mark-sweep generation total 723804K, used 417727K [0x00000000b0000000, 0x00000000dc2d7000, 0x0000000100000000)
 Metaspace       used 74317K, capacity 81167K, committed 81312K, reserved 1118208K
  class space    used 10138K, capacity 11668K, committed 11732K, reserved 1048576K
Event: 117.634 GC heap after
Heap after GC invocations=39 (full 9):
 par new generation   total 707840K, used 69684K [0x0000000080000000, 0x00000000b0000000, 0x00000000b0000000)
  eden space 629248K,   0% used [0x0000000080000000, 0x0000000080000000, 0x00000000a6680000)
  from space 78592K,  88% used [0x00000000ab340000, 0x00000000af74d090, 0x00000000b0000000)
  to   space 78592K,   0% used [0x00000000a6680000, 0x00000000a6680000, 0x00000000ab340000)
 concurrent mark-sweep generation total 723804K, used 417727K [0x00000000b0000000, 0x00000000dc2d7000, 0x0000000100000000)
 Metaspace       used 74317K, capacity 81167K, committed 81312K, reserved 1118208K
  class space    used 10138K, capacity 11668K, committed 11732K, reserved 1048576K
}
Event: 121.182 GC heap before
{Heap before GC invocations=39 (full 9):
 par new generation   total 707840K, used 698932K [0x0000000080000000, 0x00000000b0000000, 0x00000000b0000000)
  eden space 629248K, 100% used [0x0000000080000000, 0x00000000a6680000, 0x00000000a6680000)
  from space 78592K,  88% used [0x00000000ab340000, 0x00000000af74d090, 0x00000000b0000000)
  to   space 78592K,   0% used [0x00000000a6680000, 0x00000000a6680000, 0x00000000ab340000)
 concurrent mark-sweep generation total 723804K, used 417727K [0x00000000b0000000, 0x00000000dc2d7000, 0x0000000100000000)
 Metaspace       used 74491K, capacity 81353K, committed 81568K, reserved 1120256K
  class space    used 10155K, capacity 11705K, committed 11732K, reserved 1048576K
Event: 121.363 GC heap after
Heap after GC invocations=40 (full 9):
 par new generation   total 707840K, used 78592K [0x0000000080000000, 0x00000000b0000000, 0x00000000b0000000)
  eden space 629248K,   0% used [0x0000000080000000, 0x0000000080000000, 0x00000000a6680000)
  from space 78592K, 100% used [0x00000000a6680000, 0x00000000ab340000, 0x00000000ab340000)
  to   space 78592K,   0% used [0x00000000ab340000, 0x00000000ab340000, 0x00000000b0000000)
 concurrent mark-sweep generation total 723804K, used 451573K [0x00000000b0000000, 0x00000000dc2d7000, 0x0000000100000000)
 Metaspace       used 74491K, capacity 81353K, committed 81568K, reserved 1120256K
  class space    used 10155K, capacity 11705K, committed 11732K, reserved 1048576K
}
Event: 123.222 GC heap before
{Heap before GC invocations=40 (full 9):
 par new generation   total 707840K, used 707840K [0x0000000080000000, 0x00000000b0000000, 0x00000000b0000000)
  eden space 629248K, 100% used [0x0000000080000000, 0x00000000a6680000, 0x00000000a6680000)
  from space 78592K, 100% used [0x00000000a6680000, 0x00000000ab340000, 0x00000000ab340000)
  to   space 78592K,   0% used [0x00000000ab340000, 0x00000000ab340000, 0x00000000b0000000)
 concurrent mark-sweep generation total 723804K, used 451573K [0x00000000b0000000, 0x00000000dc2d7000, 0x0000000100000000)
 Metaspace       used 74565K, capacity 81445K, committed 81568K, reserved 1120256K
  class space    used 10161K, capacity 11713K, committed 11732K, reserved 1048576K
Event: 123.419 GC heap after
Heap after GC invocations=41 (full 9):
 par new generation   total 707840K, used 78592K [0x0000000080000000, 0x00000000b0000000, 0x00000000b0000000)
  eden space 629248K,   0% used [0x0000000080000000, 0x0000000080000000, 0x00000000a6680000)
  from space 78592K, 100% used [0x00000000ab340000, 0x00000000b0000000, 0x00000000b0000000)
  to   space 78592K,   0% used [0x00000000a6680000, 0x00000000a6680000, 0x00000000ab340000)
 concurrent mark-sweep generation total 723804K, used 482665K [0x00000000b0000000, 0x00000000dc2d7000, 0x0000000100000000)
 Metaspace       used 74565K, capacity 81445K, committed 81568K, reserved 1120256K
  class space    used 10161K, capacity 11713K, committed 11732K, reserved 1048576K
}
Event: 126.580 GC heap before
{Heap before GC invocations=41 (full 9):
 par new generation   total 707840K, used 707840K [0x0000000080000000, 0x00000000b0000000, 0x00000000b0000000)
  eden space 629248K, 100% used [0x0000000080000000, 0x00000000a6680000, 0x00000000a6680000)
  from space 78592K, 100% used [0x00000000ab340000, 0x00000000b0000000, 0x00000000b0000000)
  to   space 78592K,   0% used [0x00000000a6680000, 0x00000000a6680000, 0x00000000ab340000)
 concurrent mark-sweep generation total 723804K, used 482665K [0x00000000b0000000, 0x00000000dc2d7000, 0x0000000100000000)
 Metaspace       used 75165K, capacity 82149K, committed 82464K, reserved 1120256K
  class space    used 10213K, capacity 11775K, committed 11860K, reserved 1048576K
Event: 126.842 GC heap after
Heap after GC invocations=42 (full 9):
 par new generation   total 707840K, used 74540K [0x0000000080000000, 0x00000000b0000000, 0x00000000b0000000)
  eden space 629248K,   0% used [0x0000000080000000, 0x0000000080000000, 0x00000000a6680000)
  from space 78592K,  94% used [0x00000000a6680000, 0x00000000aaf4b080, 0x00000000ab340000)
  to   space 78592K,   0% used [0x00000000ab340000, 0x00000000ab340000, 0x00000000b0000000)
 concurrent mark-sweep generation total 723804K, used 551171K [0x00000000b0000000, 0x00000000dc2d7000, 0x0000000100000000)
 Metaspace       used 75165K, capacity 82149K, committed 82464K, reserved 1120256K
  class space    used 10213K, capacity 11775K, committed 11860K, reserved 1048576K
}
Event: 132.527 GC heap before
{Heap before GC invocations=42 (full 10):
 par new generation   total 707840K, used 703788K [0x0000000080000000, 0x00000000b0000000, 0x00000000b0000000)
  eden space 629248K, 100% used [0x0000000080000000, 0x00000000a6680000, 0x00000000a6680000)
  from space 78592K,  94% used [0x00000000a6680000, 0x00000000aaf4b080, 0x00000000ab340000)
  to   space 78592K,   0% used [0x00000000ab340000, 0x00000000ab340000, 0x00000000b0000000)
 concurrent mark-sweep generation total 723804K, used 551171K [0x00000000b0000000, 0x00000000dc2d7000, 0x0000000100000000)
 Metaspace       used 75343K, capacity 82347K, committed 82464K, reserved 1120256K
  class space    used 10228K, capacity 11786K, committed 11860K, reserved 1048576K
Event: 132.590 GC heap after
Heap after GC invocations=43 (full 10):
 par new generation   total 707840K, used 48823K [0x0000000080000000, 0x00000000b0000000, 0x00000000b0000000)
  eden space 629248K,   0% used [0x0000000080000000, 0x0000000080000000, 0x00000000a6680000)
  from space 78592K,  62% used [0x00000000ab340000, 0x00000000ae2edf08, 0x00000000b0000000)
  to   space 78592K,   0% used [0x00000000a6680000, 0x00000000a6680000, 0x00000000ab340000)
 concurrent mark-sweep generation total 723804K, used 551171K [0x00000000b0000000, 0x00000000dc2d7000, 0x0000000100000000)
 Metaspace       used 75343K, capacity 82347K, committed 82464K, reserved 1120256K
  class space    used 10228K, capacity 11786K, committed 11860K, reserved 1048576K
}

