# JRE version: OpenJDK Runtime Environment (8.0_212-b04) (build 1.8.0_212-b04)
# Java VM: OpenJDK 64-Bit Server VM (25.212-b04 mixed mode linux-amd64 compressed oops)
Heap:
 par new generation   total 707840K, used 111175K [0x0000000080000000, 0x00000000b0000000, 0x00000000b0000000)
  eden space 629248K,  14% used [0x0000000080000000, 0x0000000085a64570, 0x00000000a6680000)
  from space 78592K,  23% used [0x00000000a6680000, 0x00000000a78ada50, 0x00000000ab340000)
  to   space 78592K,   0% used [0x00000000ab340000, 0x00000000ab340000, 0x00000000b0000000)
 concurrent mark-sweep generation total 1020372K, used 585430K [0x00000000b0000000, 0x00000000ee475000, 0x0000000100000000)
 Metaspace       used 85090K, capacity 93865K, committed 94164K, reserved 1130496K
  class space    used 10968K, capacity 12722K, committed 12788K, reserved 1048576K
GC Heap History (250 events):
Event: 130250.277 GC heap before
{Heap before GC invocations=6777 (full 37):
 par new generation   total 707840K, used 675180K [0x0000000080000000, 0x00000000b0000000, 0x00000000b0000000)
  eden space 629248K, 100% used [0x0000000080000000, 0x00000000a6680000, 0x00000000a6680000)
  from space 78592K,  58% used [0x00000000ab340000, 0x00000000ae01b3e8, 0x00000000b0000000)
  to   space 78592K,   0% used [0x00000000a6680000, 0x00000000a6680000, 0x00000000ab340000)
 concurrent mark-sweep generation total 1020372K, used 785153K [0x00000000b0000000, 0x00000000ee475000, 0x0000000100000000)
 Metaspace       used 85005K, capacity 93745K, committed 93908K, reserved 1130496K
  class space    used 10968K, capacity 12724K, committed 12788K, reserved 1048576K
Event: 130250.332 GC heap after
Heap after GC invocations=6778 (full 37):
 par new generation   total 707840K, used 65061K [0x0000000080000000, 0x00000000b0000000, 0x00000000b0000000)
  eden space 629248K,   0% used [0x0000000080000000, 0x0000000080000000, 0x00000000a6680000)
  from space 78592K,  82% used [0x00000000a6680000, 0x00000000aa609510, 0x00000000ab340000)
  to   space 78592K,   0% used [0x00000000ab340000, 0x00000000ab340000, 0x00000000b0000000)
 concurrent mark-sweep generation total 1020372K, used 785153K [0x00000000b0000000, 0x00000000ee475000, 0x0000000100000000)
 Metaspace       used 85005K, capacity 93745K, committed 93908K, reserved 1130496K
  class space    used 10968K, capacity 12724K, committed 12788K, reserved 1048576K
}
Event: 130255.952 GC heap before
{Heap before GC invocations=6778 (full 37):
 par new generation   total 707840K, used 694309K [0x0000000080000000, 0x00000000b0000000, 0x00000000b0000000)
  eden space 629248K, 100% used [0x0000000080000000, 0x00000000a6680000, 0x00000000a6680000)
  from space 78592K,  82% used [0x00000000a6680000, 0x00000000aa609510, 0x00000000ab340000)
  to   space 78592K,   0% used [0x00000000ab340000, 0x00000000ab340000, 0x00000000b0000000)
 concurrent mark-sweep generation total 1020372K, used 785153K [0x00000000b0000000, 0x00000000ee475000, 0x0000000100000000)
 Metaspace       used 85005K, capacity 93745K, committed 93908K, reserved 1130496K
  class space    used 10968K, capacity 12724K, committed 12788K, reserved 1048576K
Event: 130256.087 GC heap after
Heap after GC invocations=6779 (full 37):
 par new generation   total 707840K, used 62753K [0x0000000080000000, 0x00000000b0000000, 0x00000000b0000000)
  eden space 629248K,   0% used [0x0000000080000000, 0x0000000080000000, 0x00000000a6680000)
  from space 78592K,  79% used [0x00000000ab340000, 0x00000000af0886e0, 0x00000000b0000000)
  to   space 78592K,   0% used [0x00000000a6680000, 0x00000000a6680000, 0x00000000ab340000)
 concurrent mark-sweep generation total 1020372K, used 800594K [0x00000000b0000000, 0x00000000ee475000, 0x0000000100000000)
 Metaspace       used 85005K, capacity 93745K, committed 93908K, reserved 1130496K
  class space    used 10968K, capacity 12724K, committed 12788K, reserved 1048576K
}
Event: 130258.803 GC heap before
{Heap before GC invocations=6779 (full 37):
 par new generation   total 707840K, used 692011K [0x0000000080000000, 0x00000000b0000000, 0x00000000b0000000)
  eden space 629248K, 100% used [0x0000000080000000, 0x00000000a6680000, 0x00000000a6680000)
  from space 78592K,  79% used [0x00000000ab340000, 0x00000000af08af08, 0x00000000b0000000)
  to   space 78592K,   0% used [0x00000000a6680000, 0x00000000a6680000, 0x00000000ab340000)
 concurrent mark-sweep generation total 1020372K, used 800594K [0x00000000b0000000, 0x00000000ee475000, 0x0000000100000000)
 Metaspace       used 85005K, capacity 93745K, committed 93908K, reserved 1130496K
  class space    used 10968K, capacity 12724K, committed 12788K, reserved 1048576K
Event: 130258.884 GC heap after
Heap after GC invocations=6780 (full 37):
 par new generation   total 707840K, used 69653K [0x0000000080000000, 0x00000000b0000000, 0x00000000b0000000)
  eden space 629248K,   0% used [0x0000000080000000, 0x0000000080000000, 0x00000000a6680000)
  from space 78592K,  88% used [0x00000000a6680000, 0x00000000aaa856d8, 0x00000000ab340000)
  to   space 78592K,   0% used [0x00000000ab340000, 0x00000000ab340000, 0x00000000b0000000)
 concurrent mark-sweep generation total 1020372K, used 811382K [0x00000000b0000000, 0x00000000ee475000, 0x0000000100000000)
 Metaspace       used 85005K, capacity 93745K, committed 93908K, reserved 1130496K
  class space    used 10968K, capacity 12724K, committed 12788K, reserved 1048576K
}
Event: 130261.608 GC heap before
{Heap before GC invocations=6780 (full 37):
 par new generation   total 707840K, used 698901K [0x0000000080000000, 0x00000000b0000000, 0x00000000b0000000)
  eden space 629248K, 100% used [0x0000000080000000, 0x00000000a6680000, 0x00000000a6680000)
  from space 78592K,  88% used [0x00000000a6680000, 0x00000000aaa856d8, 0x00000000ab340000)
  to   space 78592K,   0% used [0x00000000ab340000, 0x00000000ab340000, 0x00000000b0000000)
 concurrent mark-sweep generation total 1020372K, used 811382K [0x00000000b0000000, 0x00000000ee475000, 0x0000000100000000)
 Metaspace       used 85005K, capacity 93745K, committed 93908K, reserved 1130496K
  class space    used 10968K, capacity 12724K, committed 12788K, reserved 1048576K
Event: 130261.697 GC heap after
Heap after GC invocations=6781 (full 37):
 par new generation   total 707840K, used 47528K [0x0000000080000000, 0x00000000b0000000, 0x00000000b0000000)
  eden space 629248K,   0% used [0x0000000080000000, 0x0000000080000000, 0x00000000a6680000)
  from space 78592K,  60% used [0x00000000ab340000, 0x00000000ae1aa3e8, 0x00000000b0000000)
  to   space 78592K,   0% used [0x00000000a6680000, 0x00000000a6680000, 0x00000000ab340000)
 concurrent mark-sweep generation total 1020372K, used 828554K [0x00000000b0000000, 0x00000000ee475000, 0x0000000100000000)
 Metaspace       used 85005K, capacity 93745K, committed 93908K, reserved 1130496K
  class space    used 10968K, capacity 12724K, committed 12788K, reserved 1048576K
}
Event: 130262.592 GC heap before
{Heap before GC invocations=6781 (full 37):
 par new generation   total 707840K, used 676776K [0x0000000080000000, 0x00000000b0000000, 0x00000000b0000000)
  eden space 629248K, 100% used [0x0000000080000000, 0x00000000a6680000, 0x00000000a6680000)
  from space 78592K,  60% used [0x00000000ab340000, 0x00000000ae1aa3e8, 0x00000000b0000000)
  to   space 78592K,   0% used [0x00000000a6680000, 0x00000000a6680000, 0x00000000ab340000)
 concurrent mark-sweep generation total 1020372K, used 828554K [0x00000000b0000000, 0x00000000ee475000, 0x0000000100000000)
 Metaspace       used 85005K, capacity 93745K, committed 93908K, reserved 1130496K
  class space    used 10968K, capacity 12724K, committed 12788K, reserved 1048576K
Event: 130262.697 GC heap after
Heap after GC invocations=6782 (full 37):
 par new generation   total 707840K, used 78592K [0x0000000080000000, 0x00000000b0000000, 0x00000000b0000000)
  eden space 629248K,   0% used [0x0000000080000000, 0x0000000080000000, 0x00000000a6680000)
  from space 78592K, 100% used [0x00000000a6680000, 0x00000000ab340000, 0x00000000ab340000)
  to   space 78592K,   0% used [0x00000000ab340000, 0x00000000ab340000, 0x00000000b0000000)
 concurrent mark-sweep generation total 1020372K, used 841370K [0x00000000b0000000, 0x00000000ee475000, 0x0000000100000000)
 Metaspace       used 85005K, capacity 93745K, committed 93908K, reserved 1130496K
  class space    used 10968K, capacity 12724K, committed 12788K, reserved 1048576K
}
Event: 130263.812 GC heap before
{Heap before GC invocations=6782 (full 37):
 par new generation   total 707840K, used 707840K [0x0000000080000000, 0x00000000b0000000, 0x00000000b0000000)
  eden space 629248K, 100% used [0x0000000080000000, 0x00000000a6680000, 0x00000000a6680000)
  from space 78592K, 100% used [0x00000000a6680000, 0x00000000ab340000, 0x00000000ab340000)
  to   space 78592K,   0% used [0x00000000ab340000, 0x00000000ab340000, 0x00000000b0000000)
 concurrent mark-sweep generation total 1020372K, used 841370K [0x00000000b0000000, 0x00000000ee475000, 0x0000000100000000)
 Metaspace       used 85005K, capacity 93745K, committed 93908K, reserved 1130496K
  class space    used 10968K, capacity 12724K, committed 12788K, reserved 1048576K
Event: 130263.899 GC heap after
Heap after GC invocations=6783 (full 37):
 par new generation   total 707840K, used 78592K [0x0000000080000000, 0x00000000b0000000, 0x00000000b0000000)
  eden space 629248K,   0% used [0x0000000080000000, 0x0000000080000000, 0x00000000a6680000)
  from space 78592K, 100% used [0x00000000ab340000, 0x00000000b0000000, 0x00000000b0000000)
  to   space 78592K,   0% used [0x00000000a6680000, 0x00000000a6680000, 0x00000000ab340000)
 concurrent mark-sweep generation total 1020372K, used 857903K [0x00000000b0000000, 0x00000000ee475000, 0x0000000100000000)
 Metaspace       used 85005K, capacity 93745K, committed 93908K, reserved 1130496K
  class space    used 10968K, capacity 12724K, committed 12788K, reserved 1048576K
}
Event: 130265.382 GC heap before
{Heap before GC invocations=6783 (full 37):
 par new generation   total 707840K, used 707840K [0x0000000080000000, 0x00000000b0000000, 0x00000000b0000000)
  eden space 629248K, 100% used [0x0000000080000000, 0x00000000a6680000, 0x00000000a6680000)
  from space 78592K, 100% used [0x00000000ab340000, 0x00000000b0000000, 0x00000000b0000000)
  to   space 78592K,   0% used [0x00000000a6680000, 0x00000000a6680000, 0x00000000ab340000)
 concurrent mark-sweep generation total 1020372K, used 857903K [0x00000000b0000000, 0x00000000ee475000, 0x0000000100000000)
 Metaspace       used 85005K, capacity 93745K, committed 93908K, reserved 1130496K
  class space    used 10968K, capacity 12724K, committed 12788K, reserved 1048576K
Event: 130265.484 GC heap after
Heap after GC invocations=6784 (full 37):
 par new generation   total 707840K, used 78592K [0x0000000080000000, 0x00000000b0000000, 0x00000000b0000000)
  eden space 629248K,   0% used [0x0000000080000000, 0x0000000080000000, 0x00000000a6680000)
  from space 78592K, 100% used [0x00000000a6680000, 0x00000000ab340000, 0x00000000ab340000)
  to   space 78592K,   0% used [0x00000000ab340000, 0x00000000ab340000, 0x00000000b0000000)
 concurrent mark-sweep generation total 1020372K, used 884819K [0x00000000b0000000, 0x00000000ee475000, 0x0000000100000000)
 Metaspace       used 85005K, capacity 93745K, committed 93908K, reserved 1130496K
  class space    used 10968K, capacity 12724K, committed 12788K, reserved 1048576K
}
Event: 130267.941 GC heap before
{Heap before GC invocations=6784 (full 37):
 par new generation   total 707840K, used 707840K [0x0000000080000000, 0x00000000b0000000, 0x00000000b0000000)
  eden space 629248K, 100% used [0x0000000080000000, 0x00000000a6680000, 0x00000000a6680000)
  from space 78592K, 100% used [0x00000000a6680000, 0x00000000ab340000, 0x00000000ab340000)
  to   space 78592K,   0% used [0x00000000ab340000, 0x00000000ab340000, 0x00000000b0000000)
 concurrent mark-sweep generation total 1020372K, used 884819K [0x00000000b0000000, 0x00000000ee475000, 0x0000000100000000)
 Metaspace       used 85005K, capacity 93745K, committed 93908K, reserved 1130496K
  class space    used 10968K, capacity 12724K, committed 12788K, reserved 1048576K
Event: 130268.043 GC heap after
Heap after GC invocations=6785 (full 37):
 par new generation   total 707840K, used 61534K [0x0000000080000000, 0x00000000b0000000, 0x00000000b0000000)
  eden space 629248K,   0% used [0x0000000080000000, 0x0000000080000000, 0x00000000a6680000)
  from space 78592K,  78% used [0x00000000ab340000, 0x00000000aef57978, 0x00000000b0000000)
  to   space 78592K,   0% used [0x00000000a6680000, 0x00000000a6680000, 0x00000000ab340000)
 concurrent mark-sweep generation total 1020372K, used 906905K [0x00000000b0000000, 0x00000000ee475000, 0x0000000100000000)
 Metaspace       used 85005K, capacity 93745K, committed 93908K, reserved 1130496K
  class space    used 10968K, capacity 12724K, committed 12788K, reserved 1048576K
}
Event: 130270.721 GC heap before
{Heap before GC invocations=6785 (full 37):
 par new generation   total 707840K, used 690782K [0x0000000080000000, 0x00000000b0000000, 0x00000000b0000000)
  eden space 629248K, 100% used [0x0000000080000000, 0x00000000a6680000, 0x00000000a6680000)
  from space 78592K,  78% used [0x00000000ab340000, 0x00000000aef57978, 0x00000000b0000000)
  to   space 78592K,   0% used [0x00000000a6680000, 0x00000000a6680000, 0x00000000ab340000)
 concurrent mark-sweep generation total 1020372K, used 906905K [0x00000000b0000000, 0x00000000ee475000, 0x0000000100000000)
 Metaspace       used 85005K, capacity 93745K, committed 93908K, reserved 1130496K
  class space    used 10968K, capacity 12724K, committed 12788K, reserved 1048576K
Event: 130270.795 GC heap after
Heap after GC invocations=6786 (full 37):
 par new generation   total 707840K, used 46489K [0x0000000080000000, 0x00000000b0000000, 0x00000000b0000000)
  eden space 629248K,   0% used [0x0000000080000000, 0x0000000080000000, 0x00000000a6680000)
  from space 78592K,  59% used [0x00000000a6680000, 0x00000000a93e6460, 0x00000000ab340000)
  to   space 78592K,   0% used [0x00000000ab340000, 0x00000000ab340000, 0x00000000b0000000)
 concurrent mark-sweep generation total 1020372K, used 930402K [0x00000000b0000000, 0x00000000ee475000, 0x0000000100000000)
 Metaspace       used 85005K, capacity 93745K, committed 93908K, reserved 1130496K
  class space    used 10968K, capacity 12724K, committed 12788K, reserved 1048576K
}
Event: 130272.744 GC heap before
{Heap before GC invocations=6786 (full 38):
 par new generation   total 707840K, used 675737K [0x0000000080000000, 0x00000000b0000000, 0x00000000b0000000)
  eden space 629248K, 100% used [0x0000000080000000, 0x00000000a6680000, 0x00000000a6680000)
  from space 78592K,  59% used [0x00000000a6680000, 0x00000000a93e6460, 0x00000000ab340000)
  to   space 78592K,   0% used [0x00000000ab340000, 0x00000000ab340000, 0x00000000b0000000)
 concurrent mark-sweep generation total 1020372K, used 930402K [0x00000000b0000000, 0x00000000ee475000, 0x0000000100000000)
 Metaspace       used 85005K, capacity 93745K, committed 93908K, reserved 1130496K
  class space    used 10968K, capacity 12724K, committed 12788K, reserved 1048576K
Event: 130272.812 GC heap after
Heap after GC invocations=6787 (full 38):
 par new generation   total 707840K, used 61531K [0x0000000080000000, 0x00000000b0000000, 0x00000000b0000000)
  eden space 629248K,   0% used [0x0000000080000000, 0x0000000080000000, 0x00000000a6680000)
  from space 78592K,  78% used [0x00000000ab340000, 0x00000000aef56f08, 0x00000000b0000000)
  to   space 78592K,   0% used [0x00000000a6680000, 0x00000000a6680000, 0x00000000ab340000)
 concurrent mark-sweep generation total 1020372K, used 930402K [0x00000000b0000000, 0x00000000ee475000, 0x0000000100000000)
 Metaspace       used 85005K, capacity 93745K, committed 93908K, reserved 1130496K
  class space    used 10968K, capacity 12724K, committed 12788K, reserved 1048576K
}
Event: 130274.542 GC heap before
{Heap before GC invocations=6787 (full 38):
 par new generation   total 707840K, used 690779K [0x0000000080000000, 0x00000000b0000000, 0x00000000b0000000)
  eden space 629248K, 100% used [0x0000000080000000, 0x00000000a6680000, 0x00000000a6680000)
  from space 78592K,  78% used [0x00000000ab340000, 0x00000000aef56f08, 0x00000000b0000000)
  to   space 78592K,   0% used [0x00000000a6680000, 0x00000000a6680000, 0x00000000ab340000)
 concurrent mark-sweep generation total 1020372K, used 890198K [0x00000000b0000000, 0x00000000ee475000, 0x0000000100000000)
 Metaspace       used 85005K, capacity 93745K, committed 93908K, reserved 1130496K
  class space    used 10968K, capacity 12724K, committed 12788K, reserved 1048576K
Event: 130274.728 GC heap after
Heap after GC invocations=6788 (full 38):
 par new generation   total 707840K, used 48493K [0x0000000080000000, 0x00000000b0000000, 0x00000000b0000000)
  eden space 629248K,   0% used [0x0000000080000000, 0x0000000080000000, 0x00000000a6680000)
  from space 78592K,  61% used [0x00000000a6680000, 0x00000000a95db6f8, 0x00000000ab340000)
  to   space 78592K,   0% used [0x00000000ab340000, 0x00000000ab340000, 0x00000000b0000000)
 concurrent mark-sweep generation total 1020372K, used 944155K [0x00000000b0000000, 0x00000000ee475000, 0x0000000100000000)
 Metaspace       used 85005K, capacity 93745K, committed 93908K, reserved 1130496K
  class space    used 10968K, capacity 12724K, committed 12788K, reserved 1048576K
}
Event: 130276.156 GC heap before
{Heap before GC invocations=6788 (full 38):
 par new generation   total 707840K, used 677741K [0x0000000080000000, 0x00000000b0000000, 0x00000000b0000000)
  eden space 629248K, 100% used [0x0000000080000000, 0x00000000a6680000, 0x00000000a6680000)
  from space 78592K,  61% used [0x00000000a6680000, 0x00000000a95db6f8, 0x00000000ab340000)
  to   space 78592K,   0% used [0x00000000ab340000, 0x00000000ab340000, 0x00000000b0000000)
 concurrent mark-sweep generation total 1020372K, used 603948K [0x00000000b0000000, 0x00000000ee475000, 0x0000000100000000)
 Metaspace       used 85003K, capacity 93739K, committed 93908K, reserved 1130496K
  class space    used 10968K, capacity 12723K, committed 12788K, reserved 1048576K
Event: 130276.212 GC heap after
Heap after GC invocations=6789 (full 38):
 par new generation   total 707840K, used 65395K [0x0000000080000000, 0x00000000b0000000, 0x00000000b0000000)
  eden space 629248K,   0% used [0x0000000080000000, 0x0000000080000000, 0x00000000a6680000)
  from space 78592K,  83% used [0x00000000ab340000, 0x00000000af31cef0, 0x00000000b0000000)
  to   space 78592K,   0% used [0x00000000a6680000, 0x00000000a6680000, 0x00000000ab340000)
 concurrent mark-sweep generation total 1020372K, used 603948K [0x00000000b0000000, 0x00000000ee475000, 0x0000000100000000)
 Metaspace       used 85003K, capacity 93739K, committed 93908K, reserved 1130496K
  class space    used 10968K, capacity 12723K, committed 12788K, reserved 1048576K
}
Event: 130277.337 GC heap before
{Heap before GC invocations=6789 (full 38):
 par new generation   total 707840K, used 694643K [0x0000000080000000, 0x00000000b0000000, 0x00000000b0000000)
  eden space 629248K, 100% used [0x0000000080000000, 0x00000000a6680000, 0x00000000a6680000)
  from space 78592K,  83% used [0x00000000ab340000, 0x00000000af31cef0, 0x00000000b0000000)
  to   space 78592K,   0% used [0x00000000a6680000, 0x00000000a6680000, 0x00000000ab340000)
 concurrent mark-sweep generation total 1020372K, used 603948K [0x00000000b0000000, 0x00000000ee475000, 0x0000000100000000)
 Metaspace       used 85003K, capacity 93739K, committed 93908K, reserved 1130496K
  class space    used 10968K, capacity 12723K, committed 12788K, reserved 1048576K
Event: 130277.461 GC heap after
Heap after GC invocations=6790 (full 38):
 par new generation   total 707840K, used 61011K [0x0000000080000000, 0x00000000b0000000, 0x00000000b0000000)
  eden space 629248K,   0% used [0x0000000080000000, 0x0000000080000000, 0x00000000a6680000)
  from space 78592K,  77% used [0x00000000a6680000, 0x00000000aa214df8, 0x00000000ab340000)
  to   space 78592K,   0% used [0x00000000ab340000, 0x00000000ab340000, 0x00000000b0000000)
 concurrent mark-sweep generation total 1020372K, used 627961K [0x00000000b0000000, 0x00000000ee475000, 0x0000000100000000)
 Metaspace       used 85003K, capacity 93739K, committed 93908K, reserved 1130496K
  class space    used 10968K, capacity 12723K, committed 12788K, reserved 1048576K
}
Event: 130278.614 GC heap before
{Heap before GC invocations=6790 (full 38):
 par new generation   total 707840K, used 690259K [0x0000000080000000, 0x00000000b0000000, 0x00000000b0000000)
  eden space 629248K, 100% used [0x0000000080000000, 0x00000000a6680000, 0x00000000a6680000)
  from space 78592K,  77% used [0x00000000a6680000, 0x00000000aa214df8, 0x00000000ab340000)
  to   space 78592K,   0% used [0x00000000ab340000, 0x00000000ab340000, 0x00000000b0000000)
 concurrent mark-sweep generation total 1020372K, used 627961K [0x00000000b0000000, 0x00000000ee475000, 0x0000000100000000)
 Metaspace       used 85003K, capacity 93739K, committed 93908K, reserved 1130496K
  class space    used 10968K, capacity 12723K, committed 12788K, reserved 1048576K
Event: 130278.700 GC heap after
Heap after GC invocations=6791 (full 38):
 par new generation   total 707840K, used 59960K [0x0000000080000000, 0x00000000b0000000, 0x00000000b0000000)
  eden space 629248K,   0% used [0x0000000080000000, 0x0000000080000000, 0x00000000a6680000)
  from space 78592K,  76% used [0x00000000ab340000, 0x00000000aedce010, 0x00000000b0000000)
  to   space 78592K,   0% used [0x00000000a6680000, 0x00000000a6680000, 0x00000000ab340000)
 concurrent mark-sweep generation total 1020372K, used 649517K [0x00000000b0000000, 0x00000000ee475000, 0x0000000100000000)
 Metaspace       used 85003K, capacity 93739K, committed 93908K, reserved 1130496K
  class space    used 10968K, capacity 12723K, committed 12788K, reserved 1048576K
}
Event: 130288.365 GC heap before
{Heap before GC invocations=6791 (full 38):
 par new generation   total 707840K, used 689208K [0x0000000080000000, 0x00000000b0000000, 0x00000000b0000000)
  eden space 629248K, 100% used [0x0000000080000000, 0x00000000a6680000, 0x00000000a6680000)
  from space 78592K,  76% used [0x00000000ab340000, 0x00000000aedce010, 0x00000000b0000000)
  to   space 78592K,   0% used [0x00000000a6680000, 0x00000000a6680000, 0x00000000ab340000)
 concurrent mark-sweep generation total 1020372K, used 649517K [0x00000000b0000000, 0x00000000ee475000, 0x0000000100000000)
 Metaspace       used 85003K, capacity 93739K, committed 93908K, reserved 1130496K
  class space    used 10968K, capacity 12723K, committed 12788K, reserved 1048576K
Event: 130288.416 GC heap after
Heap after GC invocations=6792 (full 38):
 par new generation   total 707840K, used 77391K [0x0000000080000000, 0x00000000b0000000, 0x00000000b0000000)
  eden space 629248K,   0% used [0x0000000080000000, 0x0000000080000000, 0x00000000a6680000)
  from space 78592K,  98% used [0x00000000a6680000, 0x00000000ab213c78, 0x00000000ab340000)
  to   space 78592K,   0% used [0x00000000ab340000, 0x00000000ab340000, 0x00000000b0000000)
 concurrent mark-sweep generation total 1020372K, used 649517K [0x00000000b0000000, 0x00000000ee475000, 0x0000000100000000)
 Metaspace       used 85003K, capacity 93739K, committed 93908K, reserved 1130496K
  class space    used 10968K, capacity 12723K, committed 12788K, reserved 1048576K
}
Event: 130292.185 GC heap before
{Heap before GC invocations=6792 (full 38):
 par new generation   total 707840K, used 706645K [0x0000000080000000, 0x00000000b0000000, 0x00000000b0000000)
  eden space 629248K, 100% used [0x0000000080000000, 0x00000000a6680000, 0x00000000a6680000)
  from space 78592K,  98% used [0x00000000a6680000, 0x00000000ab215460, 0x00000000ab340000)
  to   space 78592K,   0% used [0x00000000ab340000, 0x00000000ab340000, 0x00000000b0000000)
 concurrent mark-sweep generation total 1020372K, used 649517K [0x00000000b0000000, 0x00000000ee475000, 0x0000000100000000)
 Metaspace       used 85004K, capacity 93739K, committed 93908K, reserved 1130496K
  class space    used 10968K, capacity 12723K, committed 12788K, reserved 1048576K
Event: 130292.257 GC heap after
Heap after GC invocations=6793 (full 38):
 par new generation   total 707840K, used 51028K [0x0000000080000000, 0x00000000b0000000, 0x00000000b0000000)
  eden space 629248K,   0% used [0x0000000080000000, 0x0000000080000000, 0x00000000a6680000)
  from space 78592K,  64% used [0x00000000ab340000, 0x00000000ae515170, 0x00000000b0000000)
  to   space 78592K,   0% used [0x00000000a6680000, 0x00000000a6680000, 0x00000000ab340000)
 concurrent mark-sweep generation total 1020372K, used 666371K [0x00000000b0000000, 0x00000000ee475000, 0x0000000100000000)
 Metaspace       used 85004K, capacity 93739K, committed 93908K, reserved 1130496K
  class space    used 10968K, capacity 12723K, committed 12788K, reserved 1048576K
}
Event: 130292.258 GC heap before
{Heap before GC invocations=6793 (full 38):
 par new generation   total 707840K, used 58447K [0x0000000080000000, 0x00000000b0000000, 0x00000000b0000000)
  eden space 629248K,   1% used [0x0000000080000000, 0x000000008073ec10, 0x00000000a6680000)
  from space 78592K,  64% used [0x00000000ab340000, 0x00000000ae515170, 0x00000000b0000000)
  to   space 78592K,   0% used [0x00000000a6680000, 0x00000000a6680000, 0x00000000ab340000)
 concurrent mark-sweep generation total 1020372K, used 666371K [0x00000000b0000000, 0x00000000ee475000, 0x0000000100000000)
 Metaspace       used 85004K, capacity 93739K, committed 93908K, reserved 1130496K
  class space    used 10968K, capacity 12723K, committed 12788K, reserved 1048576K
Event: 130292.295 GC heap after
Heap after GC invocations=6794 (full 38):
 par new generation   total 707840K, used 35624K [0x0000000080000000, 0x00000000b0000000, 0x00000000b0000000)
  eden space 629248K,   0% used [0x0000000080000000, 0x0000000080000000, 0x00000000a6680000)
  from space 78592K,  45% used [0x00000000a6680000, 0x00000000a894a360, 0x00000000ab340000)
  to   space 78592K,   0% used [0x00000000ab340000, 0x00000000ab340000, 0x00000000b0000000)
 concurrent mark-sweep generation total 1020372K, used 666371K [0x00000000b0000000, 0x00000000ee475000, 0x0000000100000000)
 Metaspace       used 85004K, capacity 93739K, committed 93908K, reserved 1130496K
  class space    used 10968K, capacity 12723K, committed 12788K, reserved 1048576K
}
Event: 130299.272 GC heap before
{Heap before GC invocations=6794 (full 38):
 par new generation   total 707840K, used 664872K [0x0000000080000000, 0x00000000b0000000, 0x00000000b0000000)
  eden space 629248K, 100% used [0x0000000080000000, 0x00000000a6680000, 0x00000000a6680000)
  from space 78592K,  45% used [0x00000000a6680000, 0x00000000a894a360, 0x00000000ab340000)
  to   space 78592K,   0% used [0x00000000ab340000, 0x00000000ab340000, 0x00000000b0000000)
 concurrent mark-sweep generation total 1020372K, used 666371K [0x00000000b0000000, 0x00000000ee475000, 0x0000000100000000)
 Metaspace       used 85004K, capacity 93739K, committed 93908K, reserved 1130496K
  class space    used 10968K, capacity 12723K, committed 12788K, reserved 1048576K
Event: 130299.310 GC heap after
Heap after GC invocations=6795 (full 38):
 par new generation   total 707840K, used 41149K [0x0000000080000000, 0x00000000b0000000, 0x00000000b0000000)
  eden space 629248K,   0% used [0x0000000080000000, 0x0000000080000000, 0x00000000a6680000)
  from space 78592K,  52% used [0x00000000ab340000, 0x00000000adb6f7b8, 0x00000000b0000000)
  to   space 78592K,   0% used [0x00000000a6680000, 0x00000000a6680000, 0x00000000ab340000)
 concurrent mark-sweep generation total 1020372K, used 666371K [0x00000000b0000000, 0x00000000ee475000, 0x0000000100000000)
 Metaspace       used 85004K, capacity 93739K, committed 93908K, reserved 1130496K
  class space    used 10968K, capacity 12723K, committed 12788K, reserved 1048576K
}
Event: 130310.034 GC heap before
{Heap before GC invocations=6795 (full 38):
 par new generation   total 707840K, used 670397K [0x0000000080000000, 0x00000000b0000000, 0x00000000b0000000)
  eden space 629248K, 100% used [0x0000000080000000, 0x00000000a6680000, 0x00000000a6680000)
  from space 78592K,  52% used [0x00000000ab340000, 0x00000000adb6f7b8, 0x00000000b0000000)
  to   space 78592K,   0% used [0x00000000a6680000, 0x00000000a6680000, 0x00000000ab340000)
 concurrent mark-sweep generation total 1020372K, used 666371K [0x00000000b0000000, 0x00000000ee475000, 0x0000000100000000)
 Metaspace       used 85004K, capacity 93739K, committed 93908K, reserved 1130496K
  class space    used 10968K, capacity 12723K, committed 12788K, reserved 1048576K
Event: 130310.075 GC heap after
Heap after GC invocations=6796 (full 38):
 par new generation   total 707840K, used 55932K [0x0000000080000000, 0x00000000b0000000, 0x00000000b0000000)
  eden space 629248K,   0% used [0x0000000080000000, 0x0000000080000000, 0x00000000a6680000)
  from space 78592K,  71% used [0x00000000a6680000, 0x00000000a9d1f1a0, 0x00000000ab340000)
  to   space 78592K,   0% used [0x00000000ab340000, 0x00000000ab340000, 0x00000000b0000000)
 concurrent mark-sweep generation total 1020372K, used 666371K [0x00000000b0000000, 0x00000000ee475000, 0x0000000100000000)
 Metaspace       used 85004K, capacity 93739K, committed 93908K, reserved 1130496K
  class space    used 10968K, capacity 12723K, committed 12788K, reserved 1048576K
}
Event: 130316.293 GC heap before
{Heap before GC invocations=6796 (full 38):
 par new generation   total 707840K, used 685180K [0x0000000080000000, 0x00000000b0000000, 0x00000000b0000000)
  eden space 629248K, 100% used [0x0000000080000000, 0x00000000a6680000, 0x00000000a6680000)
  from space 78592K,  71% used [0x00000000a6680000, 0x00000000a9d1f1a0, 0x00000000ab340000)
  to   space 78592K,   0% used [0x00000000ab340000, 0x00000000ab340000, 0x00000000b0000000)
 concurrent mark-sweep generation total 1020372K, used 666371K [0x00000000b0000000, 0x00000000ee475000, 0x0000000100000000)
 Metaspace       used 85004K, capacity 93739K, committed 93908K, reserved 1130496K
  class space    used 10968K, capacity 12723K, committed 12788K, reserved 1048576K
Event: 130316.370 GC heap after
Heap after GC invocations=6797 (full 38):
 par new generation   total 707840K, used 36483K [0x0000000080000000, 0x00000000b0000000, 0x00000000b0000000)
  eden space 629248K,   0% used [0x0000000080000000, 0x0000000080000000, 0x00000000a6680000)
  from space 78592K,  46% used [0x00000000ab340000, 0x00000000ad6e0c58, 0x00000000b0000000)
  to   space 78592K,   0% used [0x00000000a6680000, 0x00000000a6680000, 0x00000000ab340000)
 concurrent mark-sweep generation total 1020372K, used 679600K [0x00000000b0000000, 0x00000000ee475000, 0x0000000100000000)
 Metaspace       used 85004K, capacity 93739K, committed 93908K, reserved 1130496K
  class space    used 10968K, capacity 12723K, committed 12788K, reserved 1048576K
}
Event: 130320.930 GC heap before
{Heap before GC invocations=6797 (full 38):
 par new generation   total 707840K, used 665731K [0x0000000080000000, 0x00000000b0000000, 0x00000000b0000000)
  eden space 629248K, 100% used [0x0000000080000000, 0x00000000a6680000, 0x00000000a6680000)
  from space 78592K,  46% used [0x00000000ab340000, 0x00000000ad6e0c58, 0x00000000b0000000)
  to   space 78592K,   0% used [0x00000000a6680000, 0x00000000a6680000, 0x00000000ab340000)
 concurrent mark-sweep generation total 1020372K, used 679600K [0x00000000b0000000, 0x00000000ee475000, 0x0000000100000000)
 Metaspace       used 85004K, capacity 93739K, committed 93908K, reserved 1130496K
  class space    used 10968K, capacity 12723K, committed 12788K, reserved 1048576K
Event: 130320.997 GC heap after
Heap after GC invocations=6798 (full 38):
 par new generation   total 707840K, used 57024K [0x0000000080000000, 0x00000000b0000000, 0x00000000b0000000)
  eden space 629248K,   0% used [0x0000000080000000, 0x0000000080000000, 0x00000000a6680000)
  from space 78592K,  72% used [0x00000000a6680000, 0x00000000a9e30168, 0x00000000ab340000)
  to   space 78592K,   0% used [0x00000000ab340000, 0x00000000ab340000, 0x00000000b0000000)
 concurrent mark-sweep generation total 1020372K, used 680665K [0x00000000b0000000, 0x00000000ee475000, 0x0000000100000000)
 Metaspace       used 85004K, capacity 93739K, committed 93908K, reserved 1130496K
  class space    used 10968K, capacity 12723K, committed 12788K, reserved 1048576K
}
Event: 130326.694 GC heap before
{Heap before GC invocations=6798 (full 38):
 par new generation   total 707840K, used 686272K [0x0000000080000000, 0x00000000b0000000, 0x00000000b0000000)
  eden space 629248K, 100% used [0x0000000080000000, 0x00000000a6680000, 0x00000000a6680000)
  from space 78592K,  72% used [0x00000000a6680000, 0x00000000a9e30168, 0x00000000ab340000)
  to   space 78592K,   0% used [0x00000000ab340000, 0x00000000ab340000, 0x00000000b0000000)
 concurrent mark-sweep generation total 1020372K, used 680665K [0x00000000b0000000, 0x00000000ee475000, 0x0000000100000000)
 Metaspace       used 85004K, capacity 93739K, committed 93908K, reserved 1130496K
  class space    used 10968K, capacity 12723K, committed 12788K, reserved 1048576K
Event: 130326.757 GC heap after
Heap after GC invocations=6799 (full 38):
 par new generation   total 707840K, used 61613K [0x0000000080000000, 0x00000000b0000000, 0x00000000b0000000)
  eden space 629248K,   0% used [0x0000000080000000, 0x0000000080000000, 0x00000000a6680000)
  from space 78592K,  78% used [0x00000000ab340000, 0x00000000aef6b7a0, 0x00000000b0000000)
  to   space 78592K,   0% used [0x00000000a6680000, 0x00000000a6680000, 0x00000000ab340000)
 concurrent mark-sweep generation total 1020372K, used 686764K [0x00000000b0000000, 0x00000000ee475000, 0x0000000100000000)
 Metaspace       used 85004K, capacity 93739K, committed 93908K, reserved 1130496K
  class space    used 10968K, capacity 12723K, committed 12788K, reserved 1048576K
}
Event: 130331.323 GC heap before
{Heap before GC invocations=6799 (full 38):
 par new generation   total 707840K, used 690861K [0x0000000080000000, 0x00000000b0000000, 0x00000000b0000000)
  eden space 629248K, 100% used [0x0000000080000000, 0x00000000a6680000, 0x00000000a6680000)
  from space 78592K,  78% used [0x00000000ab340000, 0x00000000aef6b7a0, 0x00000000b0000000)
  to   space 78592K,   0% used [0x00000000a6680000, 0x00000000a6680000, 0x00000000ab340000)
 concurrent mark-sweep generation total 1020372K, used 686764K [0x00000000b0000000, 0x00000000ee475000, 0x0000000100000000)
 Metaspace       used 85004K, capacity 93739K, committed 93908K, reserved 1130496K
  class space    used 10968K, capacity 12723K, committed 12788K, reserved 1048576K
Event: 130331.387 GC heap after
Heap after GC invocations=6800 (full 38):
 par new generation   total 707840K, used 60329K [0x0000000080000000, 0x00000000b0000000, 0x00000000b0000000)
  eden space 629248K,   0% used [0x0000000080000000, 0x0000000080000000, 0x00000000a6680000)
  from space 78592K,  76% used [0x00000000a6680000, 0x00000000aa16a488, 0x00000000ab340000)
  to   space 78592K,   0% used [0x00000000ab340000, 0x00000000ab340000, 0x00000000b0000000)
 concurrent mark-sweep generation total 1020372K, used 693518K [0x00000000b0000000, 0x00000000ee475000, 0x0000000100000000)
 Metaspace       used 85004K, capacity 93739K, committed 93908K, reserved 1130496K
  class space    used 10968K, capacity 12723K, committed 12788K, reserved 1048576K
}
Event: 130340.348 GC heap before
{Heap before GC invocations=6800 (full 38):
 par new generation   total 707840K, used 689577K [0x0000000080000000, 0x00000000b0000000, 0x00000000b0000000)
  eden space 629248K, 100% used [0x0000000080000000, 0x00000000a6680000, 0x00000000a6680000)
  from space 78592K,  76% used [0x00000000a6680000, 0x00000000aa16a488, 0x00000000ab340000)
  to   space 78592K,   0% used [0x00000000ab340000, 0x00000000ab340000, 0x00000000b0000000)
 concurrent mark-sweep generation total 1020372K, used 693518K [0x00000000b0000000, 0x00000000ee475000, 0x0000000100000000)
 Metaspace       used 85004K, capacity 93739K, committed 93908K, reserved 1130496K
  class space    used 10968K, capacity 12723K, committed 12788K, reserved 1048576K
Event: 130340.393 GC heap after
Heap after GC invocations=6801 (full 38):
 par new generation   total 707840K, used 39171K [0x0000000080000000, 0x00000000b0000000, 0x00000000b0000000)
  eden space 629248K,   0% used [0x0000000080000000, 0x0000000080000000, 0x00000000a6680000)
  from space 78592K,  49% used [0x00000000ab340000, 0x00000000ad980ca8, 0x00000000b0000000)
  to   space 78592K,   0% used [0x00000000a6680000, 0x00000000a6680000, 0x00000000ab340000)
 concurrent mark-sweep generation total 1020372K, used 693518K [0x00000000b0000000, 0x00000000ee475000, 0x0000000100000000)
 Metaspace       used 85004K, capacity 93739K, committed 93908K, reserved 1130496K
  class space    used 10968K, capacity 12723K, committed 12788K, reserved 1048576K
}
Event: 130345.434 GC heap before
{Heap before GC invocations=6801 (full 38):
 par new generation   total 707840K, used 668419K [0x0000000080000000, 0x00000000b0000000, 0x00000000b0000000)
  eden space 629248K, 100% used [0x0000000080000000, 0x00000000a6680000, 0x00000000a6680000)
  from space 78592K,  49% used [0x00000000ab340000, 0x00000000ad980ca8, 0x00000000b0000000)
  to   space 78592K,   0% used [0x00000000a6680000, 0x00000000a6680000, 0x00000000ab340000)
 concurrent mark-sweep generation total 1020372K, used 693518K [0x00000000b0000000, 0x00000000ee475000, 0x0000000100000000)
 Metaspace       used 85004K, capacity 93739K, committed 93908K, reserved 1130496K
  class space    used 10968K, capacity 12723K, committed 12788K, reserved 1048576K
Event: 130345.481 GC heap after
Heap after GC invocations=6802 (full 38):
 par new generation   total 707840K, used 70442K [0x0000000080000000, 0x00000000b0000000, 0x00000000b0000000)
  eden space 629248K,   0% used [0x0000000080000000, 0x0000000080000000, 0x00000000a6680000)
  from space 78592K,  89% used [0x00000000a6680000, 0x00000000aab4a978, 0x00000000ab340000)
  to   space 78592K,   0% used [0x00000000ab340000, 0x00000000ab340000, 0x00000000b0000000)
 concurrent mark-sweep generation total 1020372K, used 693518K [0x00000000b0000000, 0x00000000ee475000, 0x0000000100000000)
 Metaspace       used 85004K, capacity 93739K, committed 93908K, reserved 1130496K
  class space    used 10968K, capacity 12723K, committed 12788K, reserved 1048576K
}
Event: 130354.099 GC heap before
{Heap before GC invocations=6802 (full 38):
 par new generation   total 707840K, used 699690K [0x0000000080000000, 0x00000000b0000000, 0x00000000b0000000)
  eden space 629248K, 100% used [0x0000000080000000, 0x00000000a6680000, 0x00000000a6680000)
  from space 78592K,  89% used [0x00000000a6680000, 0x00000000aab4a978, 0x00000000ab340000)
  to   space 78592K,   0% used [0x00000000ab340000, 0x00000000ab340000, 0x00000000b0000000)
 concurrent mark-sweep generation total 1020372K, used 693518K [0x00000000b0000000, 0x00000000ee475000, 0x0000000100000000)
 Metaspace       used 85004K, capacity 93739K, committed 93908K, reserved 1130496K
  class space    used 10968K, capacity 12723K, committed 12788K, reserved 1048576K
Event: 130354.139 GC heap after
Heap after GC invocations=6803 (full 38):
 par new generation   total 707840K, used 45248K [0x0000000080000000, 0x00000000b0000000, 0x00000000b0000000)
  eden space 629248K,   0% used [0x0000000080000000, 0x0000000080000000, 0x00000000a6680000)
  from space 78592K,  57% used [0x00000000ab340000, 0x00000000adf700f0, 0x00000000b0000000)
  to   space 78592K,   0% used [0x00000000a6680000, 0x00000000a6680000, 0x00000000ab340000)
 concurrent mark-sweep generation total 1020372K, used 693518K [0x00000000b0000000, 0x00000000ee475000, 0x0000000100000000)
 Metaspace       used 85004K, capacity 93739K, committed 93908K, reserved 1130496K
  class space    used 10968K, capacity 12723K, committed 12788K, reserved 1048576K
}
Event: 130361.177 GC heap before
{Heap before GC invocations=6803 (full 38):
 par new generation   total 707840K, used 674496K [0x0000000080000000, 0x00000000b0000000, 0x00000000b0000000)
  eden space 629248K, 100% used [0x0000000080000000, 0x00000000a6680000, 0x00000000a6680000)
  from space 78592K,  57% used [0x00000000ab340000, 0x00000000adf700f0, 0x00000000b0000000)
  to   space 78592K,   0% used [0x00000000a6680000, 0x00000000a6680000, 0x00000000ab340000)
 concurrent mark-sweep generation total 1020372K, used 693518K [0x00000000b0000000, 0x00000000ee475000, 0x0000000100000000)
 Metaspace       used 85004K, capacity 93739K, committed 93908K, reserved 1130496K
  class space    used 10968K, capacity 12723K, committed 12788K, reserved 1048576K
Event: 130361.245 GC heap after
Heap after GC invocations=6804 (full 38):
 par new generation   total 707840K, used 41356K [0x0000000080000000, 0x00000000b0000000, 0x00000000b0000000)
  eden space 629248K,   0% used [0x0000000080000000, 0x0000000080000000, 0x00000000a6680000)
  from space 78592K,  52% used [0x00000000a6680000, 0x00000000a8ee33c8, 0x00000000ab340000)
  to   space 78592K,   0% used [0x00000000ab340000, 0x00000000ab340000, 0x00000000b0000000)
 concurrent mark-sweep generation total 1020372K, used 700120K [0x00000000b0000000, 0x00000000ee475000, 0x0000000100000000)
 Metaspace       used 85004K, capacity 93739K, committed 93908K, reserved 1130496K
  class space    used 10968K, capacity 12723K, committed 12788K, reserved 1048576K
}
Event: 130369.270 GC heap before
{Heap before GC invocations=6804 (full 38):
 par new generation   total 707840K, used 670604K [0x0000000080000000, 0x00000000b0000000, 0x00000000b0000000)
  eden space 629248K, 100% used [0x0000000080000000, 0x00000000a6680000, 0x00000000a6680000)
  from space 78592K,  52% used [0x00000000a6680000, 0x00000000a8ee33c8, 0x00000000ab340000)
  to   space 78592K,   0% used [0x00000000ab340000, 0x00000000ab340000, 0x00000000b0000000)
 concurrent mark-sweep generation total 1020372K, used 700120K [0x00000000b0000000, 0x00000000ee475000, 0x0000000100000000)
 Metaspace       used 85004K, capacity 93739K, committed 93908K, reserved 1130496K
  class space    used 10968K, capacity 12723K, committed 12788K, reserved 1048576K
Event: 130369.318 GC heap after
Heap after GC invocations=6805 (full 38):
 par new generation   total 707840K, used 44472K [0x0000000080000000, 0x00000000b0000000, 0x00000000b0000000)
  eden space 629248K,   0% used [0x0000000080000000, 0x0000000080000000, 0x00000000a6680000)
  from space 78592K,  56% used [0x00000000ab340000, 0x00000000adeae3a8, 0x00000000b0000000)
  to   space 78592K,   0% used [0x00000000a6680000, 0x00000000a6680000, 0x00000000ab340000)
 concurrent mark-sweep generation total 1020372K, used 707123K [0x00000000b0000000, 0x00000000ee475000, 0x0000000100000000)
 Metaspace       used 85004K, capacity 93739K, committed 93908K, reserved 1130496K
  class space    used 10968K, capacity 12723K, committed 12788K, reserved 1048576K
}
Event: 130379.575 GC heap before
{Heap before GC invocations=6805 (full 38):
 par new generation   total 707840K, used 673720K [0x0000000080000000, 0x00000000b0000000, 0x00000000b0000000)
  eden space 629248K, 100% used [0x0000000080000000, 0x00000000a6680000, 0x00000000a6680000)
  from space 78592K,  56% used [0x00000000ab340000, 0x00000000adeae3a8, 0x00000000b0000000)
  to   space 78592K,   0% used [0x00000000a6680000, 0x00000000a6680000, 0x00000000ab340000)
 concurrent mark-sweep generation total 1020372K, used 707123K [0x00000000b0000000, 0x00000000ee475000, 0x0000000100000000)
 Metaspace       used 85004K, capacity 93739K, committed 93908K, reserved 1130496K
  class space    used 10968K, capacity 12723K, committed 12788K, reserved 1048576K
Event: 130379.614 GC heap after
Heap after GC invocations=6806 (full 38):
 par new generation   total 707840K, used 55052K [0x0000000080000000, 0x00000000b0000000, 0x00000000b0000000)
  eden space 629248K,   0% used [0x0000000080000000, 0x0000000080000000, 0x00000000a6680000)
  from space 78592K,  70% used [0x00000000a6680000, 0x00000000a9c430f8, 0x00000000ab340000)
  to   space 78592K,   0% used [0x00000000ab340000, 0x00000000ab340000, 0x00000000b0000000)
 concurrent mark-sweep generation total 1020372K, used 708161K [0x00000000b0000000, 0x00000000ee475000, 0x0000000100000000)
 Metaspace       used 85004K, capacity 93739K, committed 93908K, reserved 1130496K
  class space    used 10968K, capacity 12723K, committed 12788K, reserved 1048576K
}
Event: 130387.325 GC heap before
{Heap before GC invocations=6806 (full 38):
 par new generation   total 707840K, used 684300K [0x0000000080000000, 0x00000000b0000000, 0x00000000b0000000)
  eden space 629248K, 100% used [0x0000000080000000, 0x00000000a6680000, 0x00000000a6680000)
  from space 78592K,  70% used [0x00000000a6680000, 0x00000000a9c430f8, 0x00000000ab340000)
  to   space 78592K,   0% used [0x00000000ab340000, 0x00000000ab340000, 0x00000000b0000000)
 concurrent mark-sweep generation total 1020372K, used 708161K [0x00000000b0000000, 0x00000000ee475000, 0x0000000100000000)
 Metaspace       used 85004K, capacity 93739K, committed 93908K, reserved 1130496K
  class space    used 10968K, capacity 12723K, committed 12788K, reserved 1048576K
Event: 130387.369 GC heap after
Heap after GC invocations=6807 (full 38):
 par new generation   total 707840K, used 34977K [0x0000000080000000, 0x00000000b0000000, 0x00000000b0000000)
  eden space 629248K,   0% used [0x0000000080000000, 0x0000000080000000, 0x00000000a6680000)
  from space 78592K,  44% used [0x00000000ab340000, 0x00000000ad568790, 0x00000000b0000000)
  to   space 78592K,   0% used [0x00000000a6680000, 0x00000000a6680000, 0x00000000ab340000)
 concurrent mark-sweep generation total 1020372K, used 708596K [0x00000000b0000000, 0x00000000ee475000, 0x0000000100000000)
 Metaspace       used 85004K, capacity 93739K, committed 93908K, reserved 1130496K
  class space    used 10968K, capacity 12723K, committed 12788K, reserved 1048576K
}
Event: 130398.106 GC heap before
{Heap before GC invocations=6807 (full 38):
 par new generation   total 707840K, used 664225K [0x0000000080000000, 0x00000000b0000000, 0x00000000b0000000)
  eden space 629248K, 100% used [0x0000000080000000, 0x00000000a6680000, 0x00000000a6680000)
  from space 78592K,  44% used [0x00000000ab340000, 0x00000000ad568790, 0x00000000b0000000)
  to   space 78592K,   0% used [0x00000000a6680000, 0x00000000a6680000, 0x00000000ab340000)
 concurrent mark-sweep generation total 1020372K, used 708596K [0x00000000b0000000, 0x00000000ee475000, 0x0000000100000000)
 Metaspace       used 85004K, capacity 93739K, committed 93908K, reserved 1130496K
  class space    used 10968K, capacity 12723K, committed 12788K, reserved 1048576K
Event: 130398.149 GC heap after
Heap after GC invocations=6808 (full 38):
 par new generation   total 707840K, used 55839K [0x0000000080000000, 0x00000000b0000000, 0x00000000b0000000)
  eden space 629248K,   0% used [0x0000000080000000, 0x0000000080000000, 0x00000000a6680000)
  from space 78592K,  71% used [0x00000000a6680000, 0x00000000a9d07e98, 0x00000000ab340000)
  to   space 78592K,   0% used [0x00000000ab340000, 0x00000000ab340000, 0x00000000b0000000)
 concurrent mark-sweep generation total 1020372K, used 709920K [0x00000000b0000000, 0x00000000ee475000, 0x0000000100000000)
 Metaspace       used 85004K, capacity 93739K, committed 93908K, reserved 1130496K
  class space    used 10968K, capacity 12723K, committed 12788K, reserved 1048576K
}
Event: 130412.727 GC heap before
{Heap before GC invocations=6808 (full 38):
 par new generation   total 707840K, used 685087K [0x0000000080000000, 0x00000000b0000000, 0x00000000b0000000)
  eden space 629248K, 100% used [0x0000000080000000, 0x00000000a6680000, 0x00000000a6680000)
  from space 78592K,  71% used [0x00000000a6680000, 0x00000000a9d07e98, 0x00000000ab340000)
  to   space 78592K,   0% used [0x00000000ab340000, 0x00000000ab340000, 0x00000000b0000000)
 concurrent mark-sweep generation total 1020372K, used 709920K [0x00000000b0000000, 0x00000000ee475000, 0x0000000100000000)
 Metaspace       used 85004K, capacity 93739K, committed 93908K, reserved 1130496K
  class space    used 10968K, capacity 12723K, committed 12788K, reserved 1048576K
Event: 130412.767 GC heap after
Heap after GC invocations=6809 (full 38):
 par new generation   total 707840K, used 37383K [0x0000000080000000, 0x00000000b0000000, 0x00000000b0000000)
  eden space 629248K,   0% used [0x0000000080000000, 0x0000000080000000, 0x00000000a6680000)
  from space 78592K,  47% used [0x00000000ab340000, 0x00000000ad7c1c38, 0x00000000b0000000)
  to   space 78592K,   0% used [0x00000000a6680000, 0x00000000a6680000, 0x00000000ab340000)
 concurrent mark-sweep generation total 1020372K, used 712497K [0x00000000b0000000, 0x00000000ee475000, 0x0000000100000000)
 Metaspace       used 85004K, capacity 93739K, committed 93908K, reserved 1130496K
  class space    used 10968K, capacity 12723K, committed 12788K, reserved 1048576K
}
Event: 130422.145 GC heap before
{Heap before GC invocations=6809 (full 38):
 par new generation   total 707840K, used 666631K [0x0000000080000000, 0x00000000b0000000, 0x00000000b0000000)
  eden space 629248K, 100% used [0x0000000080000000, 0x00000000a6680000, 0x00000000a6680000)
  from space 78592K,  47% used [0x00000000ab340000, 0x00000000ad7c1c38, 0x00000000b0000000)
  to   space 78592K,   0% used [0x00000000a6680000, 0x00000000a6680000, 0x00000000ab340000)
 concurrent mark-sweep generation total 1020372K, used 712497K [0x00000000b0000000, 0x00000000ee475000, 0x0000000100000000)
 Metaspace       used 85004K, capacity 93739K, committed 93908K, reserved 1130496K
  class space    used 10968K, capacity 12723K, committed 12788K, reserved 1048576K
Event: 130422.198 GC heap after
Heap after GC invocations=6810 (full 38):
 par new generation   total 707840K, used 26096K [0x0000000080000000, 0x00000000b0000000, 0x00000000b0000000)
  eden space 629248K,   0% used [0x0000000080000000, 0x0000000080000000, 0x00000000a6680000)
  from space 78592K,  33% used [0x00000000a6680000, 0x00000000a7ffc1f8, 0x00000000ab340000)
  to   space 78592K,   0% used [0x00000000ab340000, 0x00000000ab340000, 0x00000000b0000000)
 concurrent mark-sweep generation total 1020372K, used 722903K [0x00000000b0000000, 0x00000000ee475000, 0x0000000100000000)
 Metaspace       used 85004K, capacity 93739K, committed 93908K, reserved 1130496K
  class space    used 10968K, capacity 12723K, committed 12788K, reserved 1048576K
}
Event: 130431.780 GC heap before
{Heap before GC invocations=6810 (full 38):
 par new generation   total 707840K, used 655344K [0x0000000080000000, 0x00000000b0000000, 0x00000000b0000000)
  eden space 629248K, 100% used [0x0000000080000000, 0x00000000a6680000, 0x00000000a6680000)
  from space 78592K,  33% used [0x00000000a6680000, 0x00000000a7ffc1f8, 0x00000000ab340000)
  to   space 78592K,   0% used [0x00000000ab340000, 0x00000000ab340000, 0x00000000b0000000)
 concurrent mark-sweep generation total 1020372K, used 722903K [0x00000000b0000000, 0x00000000ee475000, 0x0000000100000000)
 Metaspace       used 85004K, capacity 93739K, committed 93908K, reserved 1130496K
  class space    used 10968K, capacity 12723K, committed 12788K, reserved 1048576K
Event: 130431.810 GC heap after
Heap after GC invocations=6811 (full 38):
 par new generation   total 707840K, used 21768K [0x0000000080000000, 0x00000000b0000000, 0x00000000b0000000)
  eden space 629248K,   0% used [0x0000000080000000, 0x0000000080000000, 0x00000000a6680000)
  from space 78592K,  27% used [0x00000000ab340000, 0x00000000ac8820e0, 0x00000000b0000000)
  to   space 78592K,   0% used [0x00000000a6680000, 0x00000000a6680000, 0x00000000ab340000)
 concurrent mark-sweep generation total 1020372K, used 723084K [0x00000000b0000000, 0x00000000ee475000, 0x0000000100000000)
 Metaspace       used 85004K, capacity 93739K, committed 93908K, reserved 1130496K
  class space    used 10968K, capacity 12723K, committed 12788K, reserved 1048576K
}
Event: 130443.225 GC heap before
{Heap before GC invocations=6811 (full 38):
 par new generation   total 707840K, used 651016K [0x0000000080000000, 0x00000000b0000000, 0x00000000b0000000)
  eden space 629248K, 100% used [0x0000000080000000, 0x00000000a6680000, 0x00000000a6680000)
  from space 78592K,  27% used [0x00000000ab340000, 0x00000000ac8820e0, 0x00000000b0000000)
  to   space 78592K,   0% used [0x00000000a6680000, 0x00000000a6680000, 0x00000000ab340000)
 concurrent mark-sweep generation total 1020372K, used 723084K [0x00000000b0000000, 0x00000000ee475000, 0x0000000100000000)
 Metaspace       used 85004K, capacity 93739K, committed 93908K, reserved 1130496K
  class space    used 10968K, capacity 12723K, committed 12788K, reserved 1048576K
Event: 130443.254 GC heap after
Heap after GC invocations=6812 (full 38):
 par new generation   total 707840K, used 31572K [0x0000000080000000, 0x00000000b0000000, 0x00000000b0000000)
  eden space 629248K,   0% used [0x0000000080000000, 0x0000000080000000, 0x00000000a6680000)
  from space 78592K,  40% used [0x00000000a6680000, 0x00000000a85552a0, 0x00000000ab340000)
  to   space 78592K,   0% used [0x00000000ab340000, 0x00000000ab340000, 0x00000000b0000000)
 concurrent mark-sweep generation total 1020372K, used 723465K [0x00000000b0000000, 0x00000000ee475000, 0x0000000100000000)
 Metaspace       used 85004K, capacity 93739K, committed 93908K, reserved 1130496K
  class space    used 10968K, capacity 12723K, committed 12788K, reserved 1048576K
}
Event: 130453.330 GC heap before
{Heap before GC invocations=6812 (full 38):
 par new generation   total 707840K, used 660820K [0x0000000080000000, 0x00000000b0000000, 0x00000000b0000000)
  eden space 629248K, 100% used [0x0000000080000000, 0x00000000a6680000, 0x00000000a6680000)
  from space 78592K,  40% used [0x00000000a6680000, 0x00000000a85552a0, 0x00000000ab340000)
  to   space 78592K,   0% used [0x00000000ab340000, 0x00000000ab340000, 0x00000000b0000000)
 concurrent mark-sweep generation total 1020372K, used 723465K [0x00000000b0000000, 0x00000000ee475000, 0x0000000100000000)
 Metaspace       used 85004K, capacity 93739K, committed 93908K, reserved 1130496K
  class space    used 10968K, capacity 12723K, committed 12788K, reserved 1048576K
Event: 130453.366 GC heap after
Heap after GC invocations=6813 (full 38):
 par new generation   total 707840K, used 20675K [0x0000000080000000, 0x00000000b0000000, 0x00000000b0000000)
  eden space 629248K,   0% used [0x0000000080000000, 0x0000000080000000, 0x00000000a6680000)
  from space 78592K,  26% used [0x00000000ab340000, 0x00000000ac770ec8, 0x00000000b0000000)
  to   space 78592K,   0% used [0x00000000a6680000, 0x00000000a6680000, 0x00000000ab340000)
 concurrent mark-sweep generation total 1020372K, used 727432K [0x00000000b0000000, 0x00000000ee475000, 0x0000000100000000)
 Metaspace       used 85004K, capacity 93739K, committed 93908K, reserved 1130496K
  class space    used 10968K, capacity 12723K, committed 12788K, reserved 1048576K
}
Event: 130465.639 GC heap before
{Heap before GC invocations=6813 (full 38):
 par new generation   total 707840K, used 649923K [0x0000000080000000, 0x00000000b0000000, 0x00000000b0000000)
  eden space 629248K, 100% used [0x0000000080000000, 0x00000000a6680000, 0x00000000a6680000)
  from space 78592K,  26% used [0x00000000ab340000, 0x00000000ac770ec8, 0x00000000b0000000)
  to   space 78592K,   0% used [0x00000000a6680000, 0x00000000a6680000, 0x00000000ab340000)
 concurrent mark-sweep generation total 1020372K, used 727432K [0x00000000b0000000, 0x00000000ee475000, 0x0000000100000000)
 Metaspace       used 85004K, capacity 93739K, committed 93908K, reserved 1130496K
  class space    used 10968K, capacity 12723K, committed 12788K, reserved 1048576K
Event: 130465.663 GC heap after
Heap after GC invocations=6814 (full 38):
 par new generation   total 707840K, used 17738K [0x0000000080000000, 0x00000000b0000000, 0x00000000b0000000)
  eden space 629248K,   0% used [0x0000000080000000, 0x0000000080000000, 0x00000000a6680000)
  from space 78592K,  22% used [0x00000000a6680000, 0x00000000a77d2a50, 0x00000000ab340000)
  to   space 78592K,   0% used [0x00000000ab340000, 0x00000000ab340000, 0x00000000b0000000)
 concurrent mark-sweep generation total 1020372K, used 728831K [0x00000000b0000000, 0x00000000ee475000, 0x0000000100000000)
 Metaspace       used 85004K, capacity 93739K, committed 93908K, reserved 1130496K
  class space    used 10968K, capacity 12723K, committed 12788K, reserved 1048576K
}
Event: 130477.438 GC heap before
{Heap before GC invocations=6814 (full 38):
 par new generation   total 707840K, used 646986K [0x0000000080000000, 0x00000000b0000000, 0x00000000b0000000)
  eden space 629248K, 100% used [0x0000000080000000, 0x00000000a6680000, 0x00000000a6680000)
  from space 78592K,  22% used [0x00000000a6680000, 0x00000000a77d2a50, 0x00000000ab340000)
  to   space 78592K,   0% used [0x00000000ab340000, 0x00000000ab340000, 0x00000000b0000000)
 concurrent mark-sweep generation total 1020372K, used 728831K [0x00000000b0000000, 0x00000000ee475000, 0x0000000100000000)
 Metaspace       used 85004K, capacity 93739K, committed 93908K, reserved 1130496K
  class space    used 10968K, capacity 12723K, committed 12788K, reserved 1048576K
Event: 130477.458 GC heap after
Heap after GC invocations=6815 (full 38):
 par new generation   total 707840K, used 15260K [0x0000000080000000, 0x00000000b0000000, 0x00000000b0000000)
  eden space 629248K,   0% used [0x0000000080000000, 0x0000000080000000, 0x00000000a6680000)
  from space 78592K,  19% used [0x00000000ab340000, 0x00000000ac227340, 0x00000000b0000000)
  to   space 78592K,   0% used [0x00000000a6680000, 0x00000000a6680000, 0x00000000ab340000)
 concurrent mark-sweep generation total 1020372K, used 729118K [0x00000000b0000000, 0x00000000ee475000, 0x0000000100000000)
 Metaspace       used 85004K, capacity 93739K, committed 93908K, reserved 1130496K
  class space    used 10968K, capacity 12723K, committed 12788K, reserved 1048576K
}
Event: 130485.812 GC heap before
{Heap before GC invocations=6815 (full 38):
 par new generation   total 707840K, used 644508K [0x0000000080000000, 0x00000000b0000000, 0x00000000b0000000)
  eden space 629248K, 100% used [0x0000000080000000, 0x00000000a6680000, 0x00000000a6680000)
  from space 78592K,  19% used [0x00000000ab340000, 0x00000000ac227340, 0x00000000b0000000)
  to   space 78592K,   0% used [0x00000000a6680000, 0x00000000a6680000, 0x00000000ab340000)
 concurrent mark-sweep generation total 1020372K, used 729118K [0x00000000b0000000, 0x00000000ee475000, 0x0000000100000000)
 Metaspace       used 85004K, capacity 93739K, committed 93908K, reserved 1130496K
  class space    used 10968K, capacity 12723K, committed 12788K, reserved 1048576K
Event: 130485.840 GC heap after
Heap after GC invocations=6816 (full 38):
 par new generation   total 707840K, used 21293K [0x0000000080000000, 0x00000000b0000000, 0x00000000b0000000)
  eden space 629248K,   0% used [0x0000000080000000, 0x0000000080000000, 0x00000000a6680000)
  from space 78592K,  27% used [0x00000000a6680000, 0x00000000a7b4b638, 0x00000000ab340000)
  to   space 78592K,   0% used [0x00000000ab340000, 0x00000000ab340000, 0x00000000b0000000)
 concurrent mark-sweep generation total 1020372K, used 731053K [0x00000000b0000000, 0x00000000ee475000, 0x0000000100000000)
 Metaspace       used 85004K, capacity 93739K, committed 93908K, reserved 1130496K
  class space    used 10968K, capacity 12723K, committed 12788K, reserved 1048576K
}
Event: 130496.183 GC heap before
{Heap before GC invocations=6816 (full 38):
 par new generation   total 707840K, used 650541K [0x0000000080000000, 0x00000000b0000000, 0x00000000b0000000)
  eden space 629248K, 100% used [0x0000000080000000, 0x00000000a6680000, 0x00000000a6680000)
  from space 78592K,  27% used [0x00000000a6680000, 0x00000000a7b4b638, 0x00000000ab340000)
  to   space 78592K,   0% used [0x00000000ab340000, 0x00000000ab340000, 0x00000000b0000000)
 concurrent mark-sweep generation total 1020372K, used 731053K [0x00000000b0000000, 0x00000000ee475000, 0x0000000100000000)
 Metaspace       used 85004K, capacity 93739K, committed 93908K, reserved 1130496K
  class space    used 10968K, capacity 12723K, committed 12788K, reserved 1048576K
Event: 130496.213 GC heap after
Heap after GC invocations=6817 (full 38):
 par new generation   total 707840K, used 13570K [0x0000000080000000, 0x00000000b0000000, 0x00000000b0000000)
  eden space 629248K,   0% used [0x0000000080000000, 0x0000000080000000, 0x00000000a6680000)
  from space 78592K,  17% used [0x00000000ab340000, 0x00000000ac080800, 0x00000000b0000000)
  to   space 78592K,   0% used [0x00000000a6680000, 0x00000000a6680000, 0x00000000ab340000)
 concurrent mark-sweep generation total 1020372K, used 734532K [0x00000000b0000000, 0x00000000ee475000, 0x0000000100000000)
 Metaspace       used 85004K, capacity 93739K, committed 93908K, reserved 1130496K
  class space    used 10968K, capacity 12723K, committed 12788K, reserved 1048576K
}
Event: 130509.130 GC heap before
{Heap before GC invocations=6817 (full 38):
 par new generation   total 707840K, used 642818K [0x0000000080000000, 0x00000000b0000000, 0x00000000b0000000)
  eden space 629248K, 100% used [0x0000000080000000, 0x00000000a6680000, 0x00000000a6680000)
  from space 78592K,  17% used [0x00000000ab340000, 0x00000000ac080800, 0x00000000b0000000)
  to   space 78592K,   0% used [0x00000000a6680000, 0x00000000a6680000, 0x00000000ab340000)
 concurrent mark-sweep generation total 1020372K, used 734532K [0x00000000b0000000, 0x00000000ee475000, 0x0000000100000000)
 Metaspace       used 85004K, capacity 93739K, committed 93908K, reserved 1130496K
  class space    used 10968K, capacity 12723K, committed 12788K, reserved 1048576K
Event: 130509.148 GC heap after
Heap after GC invocations=6818 (full 38):
 par new generation   total 707840K, used 9896K [0x0000000080000000, 0x00000000b0000000, 0x00000000b0000000)
  eden space 629248K,   0% used [0x0000000080000000, 0x0000000080000000, 0x00000000a6680000)
  from space 78592K,  12% used [0x00000000a6680000, 0x00000000a702a388, 0x00000000ab340000)
  to   space 78592K,   0% used [0x00000000ab340000, 0x00000000ab340000, 0x00000000b0000000)
 concurrent mark-sweep generation total 1020372K, used 734665K [0x00000000b0000000, 0x00000000ee475000, 0x0000000100000000)
 Metaspace       used 85004K, capacity 93739K, committed 93908K, reserved 1130496K
  class space    used 10968K, capacity 12723K, committed 12788K, reserved 1048576K
}
Event: 130517.884 GC heap before
{Heap before GC invocations=6818 (full 38):
 par new generation   total 707840K, used 638841K [0x0000000080000000, 0x00000000b0000000, 0x00000000b0000000)
  eden space 629248K,  99% used [0x0000000080000000, 0x00000000a66342d8, 0x00000000a6680000)
  from space 78592K,  12% used [0x00000000a6680000, 0x00000000a702a388, 0x00000000ab340000)
  to   space 78592K,   0% used [0x00000000ab340000, 0x00000000ab340000, 0x00000000b0000000)
 concurrent mark-sweep generation total 1020372K, used 734665K [0x00000000b0000000, 0x00000000ee475000, 0x0000000100000000)
 Metaspace       used 85004K, capacity 93739K, committed 93908K, reserved 1130496K
  class space    used 10968K, capacity 12723K, committed 12788K, reserved 1048576K
Event: 130517.907 GC heap after
Heap after GC invocations=6819 (full 38):
 par new generation   total 707840K, used 17873K [0x0000000080000000, 0x00000000b0000000, 0x00000000b0000000)
  eden space 629248K,   0% used [0x0000000080000000, 0x0000000080000000, 0x00000000a6680000)
  from space 78592K,  22% used [0x00000000ab340000, 0x00000000ac4b4668, 0x00000000b0000000)
  to   space 78592K,   0% used [0x00000000a6680000, 0x00000000a6680000, 0x00000000ab340000)
 concurrent mark-sweep generation total 1020372K, used 734863K [0x00000000b0000000, 0x00000000ee475000, 0x0000000100000000)
 Metaspace       used 85004K, capacity 93739K, committed 93908K, reserved 1130496K
  class space    used 10968K, capacity 12723K, committed 12788K, reserved 1048576K
}
Event: 130528.829 GC heap before
{Heap before GC invocations=6819 (full 38):
 par new generation   total 707840K, used 647121K [0x0000000080000000, 0x00000000b0000000, 0x00000000b0000000)
  eden space 629248K, 100% used [0x0000000080000000, 0x00000000a6680000, 0x00000000a6680000)
  from space 78592K,  22% used [0x00000000ab340000, 0x00000000ac4b4668, 0x00000000b0000000)
  to   space 78592K,   0% used [0x00000000a6680000, 0x00000000a6680000, 0x00000000ab340000)
 concurrent mark-sweep generation total 1020372K, used 734863K [0x00000000b0000000, 0x00000000ee475000, 0x0000000100000000)
 Metaspace       used 85005K, capacity 93739K, committed 93908K, reserved 1130496K
  class space    used 10968K, capacity 12723K, committed 12788K, reserved 1048576K
Event: 130528.849 GC heap after
Heap after GC invocations=6820 (full 38):
 par new generation   total 707840K, used 18143K [0x0000000080000000, 0x00000000b0000000, 0x00000000b0000000)
  eden space 629248K,   0% used [0x0000000080000000, 0x0000000080000000, 0x00000000a6680000)
  from space 78592K,  23% used [0x00000000a6680000, 0x00000000a7837c88, 0x00000000ab340000)
  to   space 78592K,   0% used [0x00000000ab340000, 0x00000000ab340000, 0x00000000b0000000)
 concurrent mark-sweep generation total 1020372K, used 734984K [0x00000000b0000000, 0x00000000ee475000, 0x0000000100000000)
 Metaspace       used 85005K, capacity 93739K, committed 93908K, reserved 1130496K
  class space    used 10968K, capacity 12723K, committed 12788K, reserved 1048576K
}
Event: 130537.845 GC heap before
{Heap before GC invocations=6820 (full 38):
 par new generation   total 707840K, used 647391K [0x0000000080000000, 0x00000000b0000000, 0x00000000b0000000)
  eden space 629248K, 100% used [0x0000000080000000, 0x00000000a6680000, 0x00000000a6680000)
  from space 78592K,  23% used [0x00000000a6680000, 0x00000000a7837c88, 0x00000000ab340000)
  to   space 78592K,   0% used [0x00000000ab340000, 0x00000000ab340000, 0x00000000b0000000)
 concurrent mark-sweep generation total 1020372K, used 734984K [0x00000000b0000000, 0x00000000ee475000, 0x0000000100000000)
 Metaspace       used 85006K, capacity 93739K, committed 93908K, reserved 1130496K
  class space    used 10968K, capacity 12723K, committed 12788K, reserved 1048576K
Event: 130537.868 GC heap after
Heap after GC invocations=6821 (full 38):
 par new generation   total 707840K, used 25701K [0x0000000080000000, 0x00000000b0000000, 0x00000000b0000000)
  eden space 629248K,   0% used [0x0000000080000000, 0x0000000080000000, 0x00000000a6680000)
  from space 78592K,  32% used [0x00000000ab340000, 0x00000000acc59660, 0x00000000b0000000)
  to   space 78592K,   0% used [0x00000000a6680000, 0x00000000a6680000, 0x00000000ab340000)
 concurrent mark-sweep generation total 1020372K, used 735085K [0x00000000b0000000, 0x00000000ee475000, 0x0000000100000000)
 Metaspace       used 85006K, capacity 93739K, committed 93908K, reserved 1130496K
  class space    used 10968K, capacity 12723K, committed 12788K, reserved 1048576K
}
Event: 130544.145 GC heap before
{Heap before GC invocations=6821 (full 38):
 par new generation   total 707840K, used 654949K [0x0000000080000000, 0x00000000b0000000, 0x00000000b0000000)
  eden space 629248K, 100% used [0x0000000080000000, 0x00000000a6680000, 0x00000000a6680000)
  from space 78592K,  32% used [0x00000000ab340000, 0x00000000acc59660, 0x00000000b0000000)
  to   space 78592K,   0% used [0x00000000a6680000, 0x00000000a6680000, 0x00000000ab340000)
 concurrent mark-sweep generation total 1020372K, used 735085K [0x00000000b0000000, 0x00000000ee475000, 0x0000000100000000)
 Metaspace       used 85006K, capacity 93739K, committed 93908K, reserved 1130496K
  class space    used 10968K, capacity 12723K, committed 12788K, reserved 1048576K
Event: 130544.188 GC heap after
Heap after GC invocations=6822 (full 38):
 par new generation   total 707840K, used 35058K [0x0000000080000000, 0x00000000b0000000, 0x00000000b0000000)
  eden space 629248K,   0% used [0x0000000080000000, 0x0000000080000000, 0x00000000a6680000)
  from space 78592K,  44% used [0x00000000a6680000, 0x00000000a88bc910, 0x00000000ab340000)
  to   space 78592K,   0% used [0x00000000ab340000, 0x00000000ab340000, 0x00000000b0000000)
 concurrent mark-sweep generation total 1020372K, used 735101K [0x00000000b0000000, 0x00000000ee475000, 0x0000000100000000)
 Metaspace       used 85006K, capacity 93739K, committed 93908K, reserved 1130496K
  class space    used 10968K, capacity 12723K, committed 12788K, reserved 1048576K
}
Event: 130550.699 GC heap before
{Heap before GC invocations=6822 (full 38):
 par new generation   total 707840K, used 664306K [0x0000000080000000, 0x00000000b0000000, 0x00000000b0000000)
  eden space 629248K, 100% used [0x0000000080000000, 0x00000000a6680000, 0x00000000a6680000)
  from space 78592K,  44% used [0x00000000a6680000, 0x00000000a88bc910, 0x00000000ab340000)
  to   space 78592K,   0% used [0x00000000ab340000, 0x00000000ab340000, 0x00000000b0000000)
 concurrent mark-sweep generation total 1020372K, used 735101K [0x00000000b0000000, 0x00000000ee475000, 0x0000000100000000)
 Metaspace       used 85006K, capacity 93739K, committed 93908K, reserved 1130496K
  class space    used 10968K, capacity 12723K, committed 12788K, reserved 1048576K
Event: 130550.746 GC heap after
Heap after GC invocations=6823 (full 38):
 par new generation   total 707840K, used 55666K [0x0000000080000000, 0x00000000b0000000, 0x00000000b0000000)
  eden space 629248K,   0% used [0x0000000080000000, 0x0000000080000000, 0x00000000a6680000)
  from space 78592K,  70% used [0x00000000ab340000, 0x00000000ae99c8f0, 0x00000000b0000000)
  to   space 78592K,   0% used [0x00000000a6680000, 0x00000000a6680000, 0x00000000ab340000)
 concurrent mark-sweep generation total 1020372K, used 735134K [0x00000000b0000000, 0x00000000ee475000, 0x0000000100000000)
 Metaspace       used 85006K, capacity 93739K, committed 93908K, reserved 1130496K
  class space    used 10968K, capacity 12723K, committed 12788K, reserved 1048576K
}
Event: 130556.842 GC heap before
{Heap before GC invocations=6823 (full 38):
 par new generation   total 707840K, used 684914K [0x0000000080000000, 0x00000000b0000000, 0x00000000b0000000)
  eden space 629248K, 100% used [0x0000000080000000, 0x00000000a6680000, 0x00000000a6680000)
  from space 78592K,  70% used [0x00000000ab340000, 0x00000000ae99c8f0, 0x00000000b0000000)
  to   space 78592K,   0% used [0x00000000a6680000, 0x00000000a6680000, 0x00000000ab340000)
 concurrent mark-sweep generation total 1020372K, used 735134K [0x00000000b0000000, 0x00000000ee475000, 0x0000000100000000)
 Metaspace       used 85006K, capacity 93739K, committed 93908K, reserved 1130496K
  class space    used 10968K, capacity 12723K, committed 12788K, reserved 1048576K
Event: 130556.888 GC heap after
Heap after GC invocations=6824 (full 38):
 par new generation   total 707840K, used 35012K [0x0000000080000000, 0x00000000b0000000, 0x00000000b0000000)
  eden space 629248K,   0% used [0x0000000080000000, 0x0000000080000000, 0x00000000a6680000)
  from space 78592K,  44% used [0x00000000a6680000, 0x00000000a88b1140, 0x00000000ab340000)
  to   space 78592K,   0% used [0x00000000ab340000, 0x00000000ab340000, 0x00000000b0000000)
 concurrent mark-sweep generation total 1020372K, used 737702K [0x00000000b0000000, 0x00000000ee475000, 0x0000000100000000)
 Metaspace       used 85006K, capacity 93739K, committed 93908K, reserved 1130496K
  class space    used 10968K, capacity 12723K, committed 12788K, reserved 1048576K
}
Event: 130565.350 GC heap before
{Heap before GC invocations=6824 (full 38):
 par new generation   total 707840K, used 664260K [0x0000000080000000, 0x00000000b0000000, 0x00000000b0000000)
  eden space 629248K, 100% used [0x0000000080000000, 0x00000000a6680000, 0x00000000a6680000)
  from space 78592K,  44% used [0x00000000a6680000, 0x00000000a88b1140, 0x00000000ab340000)
  to   space 78592K,   0% used [0x00000000ab340000, 0x00000000ab340000, 0x00000000b0000000)
 concurrent mark-sweep generation total 1020372K, used 737702K [0x00000000b0000000, 0x00000000ee475000, 0x0000000100000000)
 Metaspace       used 85006K, capacity 93739K, committed 93908K, reserved 1130496K
  class space    used 10968K, capacity 12723K, committed 12788K, reserved 1048576K
Event: 130565.395 GC heap after
Heap after GC invocations=6825 (full 38):
 par new generation   total 707840K, used 32471K [0x0000000080000000, 0x00000000b0000000, 0x00000000b0000000)
  eden space 629248K,   0% used [0x0000000080000000, 0x0000000080000000, 0x00000000a6680000)
  from space 78592K,  41% used [0x00000000ab340000, 0x00000000ad2f5f00, 0x00000000b0000000)
  to   space 78592K,   0% used [0x00000000a6680000, 0x00000000a6680000, 0x00000000ab340000)
 concurrent mark-sweep generation total 1020372K, used 742540K [0x00000000b0000000, 0x00000000ee475000, 0x0000000100000000)
 Metaspace       used 85006K, capacity 93739K, committed 93908K, reserved 1130496K
  class space    used 10968K, capacity 12723K, committed 12788K, reserved 1048576K
}
Event: 130573.178 GC heap before
{Heap before GC invocations=6825 (full 38):
 par new generation   total 707840K, used 661719K [0x0000000080000000, 0x00000000b0000000, 0x00000000b0000000)
  eden space 629248K, 100% used [0x0000000080000000, 0x00000000a6680000, 0x00000000a6680000)
  from space 78592K,  41% used [0x00000000ab340000, 0x00000000ad2f5f00, 0x00000000b0000000)
  to   space 78592K,   0% used [0x00000000a6680000, 0x00000000a6680000, 0x00000000ab340000)
 concurrent mark-sweep generation total 1020372K, used 742540K [0x00000000b0000000, 0x00000000ee475000, 0x0000000100000000)
 Metaspace       used 85006K, capacity 93739K, committed 93908K, reserved 1130496K
  class space    used 10968K, capacity 12723K, committed 12788K, reserved 1048576K
Event: 130573.207 GC heap after
Heap after GC invocations=6826 (full 38):
 par new generation   total 707840K, used 23968K [0x0000000080000000, 0x00000000b0000000, 0x00000000b0000000)
  eden space 629248K,   0% used [0x0000000080000000, 0x0000000080000000, 0x00000000a6680000)
  from space 78592K,  30% used [0x00000000a6680000, 0x00000000a7de80d0, 0x00000000ab340000)
  to   space 78592K,   0% used [0x00000000ab340000, 0x00000000ab340000, 0x00000000b0000000)
 concurrent mark-sweep generation total 1020372K, used 742822K [0x00000000b0000000, 0x00000000ee475000, 0x0000000100000000)
 Metaspace       used 85006K, capacity 93739K, committed 93908K, reserved 1130496K
  class space    used 10968K, capacity 12723K, committed 12788K, reserved 1048576K
}
Event: 130580.829 GC heap before
{Heap before GC invocations=6826 (full 38):
 par new generation   total 707840K, used 653216K [0x0000000080000000, 0x00000000b0000000, 0x00000000b0000000)
  eden space 629248K, 100% used [0x0000000080000000, 0x00000000a6680000, 0x00000000a6680000)
  from space 78592K,  30% used [0x00000000a6680000, 0x00000000a7de80d0, 0x00000000ab340000)
  to   space 78592K,   0% used [0x00000000ab340000, 0x00000000ab340000, 0x00000000b0000000)
 concurrent mark-sweep generation total 1020372K, used 742822K [0x00000000b0000000, 0x00000000ee475000, 0x0000000100000000)
 Metaspace       used 85006K, capacity 93739K, committed 93908K, reserved 1130496K
  class space    used 10968K, capacity 12723K, committed 12788K, reserved 1048576K
Event: 130580.865 GC heap after
Heap after GC invocations=6827 (full 38):
 par new generation   total 707840K, used 43766K [0x0000000080000000, 0x00000000b0000000, 0x00000000b0000000)
  eden space 629248K,   0% used [0x0000000080000000, 0x0000000080000000, 0x00000000a6680000)
  from space 78592K,  55% used [0x00000000ab340000, 0x00000000addfdab8, 0x00000000b0000000)
  to   space 78592K,   0% used [0x00000000a6680000, 0x00000000a6680000, 0x00000000ab340000)
 concurrent mark-sweep generation total 1020372K, used 744117K [0x00000000b0000000, 0x00000000ee475000, 0x0000000100000000)
 Metaspace       used 85006K, capacity 93739K, committed 93908K, reserved 1130496K
  class space    used 10968K, capacity 12723K, committed 12788K, reserved 1048576K
}
Event: 130592.773 GC heap before
{Heap before GC invocations=6827 (full 38):
 par new generation   total 707840K, used 673014K [0x0000000080000000, 0x00000000b0000000, 0x00000000b0000000)
  eden space 629248K, 100% used [0x0000000080000000, 0x00000000a6680000, 0x00000000a6680000)
  from space 78592K,  55% used [0x00000000ab340000, 0x00000000addfdab8, 0x00000000b0000000)
  to   space 78592K,   0% used [0x00000000a6680000, 0x00000000a6680000, 0x00000000ab340000)
 concurrent mark-sweep generation total 1020372K, used 744117K [0x00000000b0000000, 0x00000000ee475000, 0x0000000100000000)
 Metaspace       used 85006K, capacity 93739K, committed 93908K, reserved 1130496K
  class space    used 10968K, capacity 12723K, committed 12788K, reserved 1048576K
Event: 130592.802 GC heap after
Heap after GC invocations=6828 (full 38):
 par new generation   total 707840K, used 28992K [0x0000000080000000, 0x00000000b0000000, 0x00000000b0000000)
  eden space 629248K,   0% used [0x0000000080000000, 0x0000000080000000, 0x00000000a6680000)
  from space 78592K,  36% used [0x00000000a6680000, 0x00000000a82d03e0, 0x00000000ab340000)
  to   space 78592K,   0% used [0x00000000ab340000, 0x00000000ab340000, 0x00000000b0000000)
 concurrent mark-sweep generation total 1020372K, used 746096K [0x00000000b0000000, 0x00000000ee475000, 0x0000000100000000)
 Metaspace       used 85006K, capacity 93739K, committed 93908K, reserved 1130496K
  class space    used 10968K, capacity 12723K, committed 12788K, reserved 1048576K
}
Event: 130605.421 GC heap before
{Heap before GC invocations=6828 (full 38):
 par new generation   total 707840K, used 658240K [0x0000000080000000, 0x00000000b0000000, 0x00000000b0000000)
  eden space 629248K, 100% used [0x0000000080000000, 0x00000000a6680000, 0x00000000a6680000)
  from space 78592K,  36% used [0x00000000a6680000, 0x00000000a82d03e0, 0x00000000ab340000)
  to   space 78592K,   0% used [0x00000000ab340000, 0x00000000ab340000, 0x00000000b0000000)
 concurrent mark-sweep generation total 1020372K, used 746096K [0x00000000b0000000, 0x00000000ee475000, 0x0000000100000000)
 Metaspace       used 85006K, capacity 93739K, committed 93908K, reserved 1130496K
  class space    used 10968K, capacity 12723K, committed 12788K, reserved 1048576K
Event: 130605.448 GC heap after
Heap after GC invocations=6829 (full 38):
 par new generation   total 707840K, used 40365K [0x0000000080000000, 0x00000000b0000000, 0x00000000b0000000)
  eden space 629248K,   0% used [0x0000000080000000, 0x0000000080000000, 0x00000000a6680000)
  from space 78592K,  51% used [0x00000000ab340000, 0x00000000adaab4b0, 0x00000000b0000000)
  to   space 78592K,   0% used [0x00000000a6680000, 0x00000000a6680000, 0x00000000ab340000)
 concurrent mark-sweep generation total 1020372K, used 746906K [0x00000000b0000000, 0x00000000ee475000, 0x0000000100000000)
 Metaspace       used 85006K, capacity 93739K, committed 93908K, reserved 1130496K
  class space    used 10968K, capacity 12723K, committed 12788K, reserved 1048576K
}
Event: 130617.625 GC heap before
{Heap before GC invocations=6829 (full 38):
 par new generation   total 707840K, used 669613K [0x0000000080000000, 0x00000000b0000000, 0x00000000b0000000)
  eden space 629248K, 100% used [0x0000000080000000, 0x00000000a6680000, 0x00000000a6680000)
  from space 78592K,  51% used [0x00000000ab340000, 0x00000000adaab4b0, 0x00000000b0000000)
  to   space 78592K,   0% used [0x00000000a6680000, 0x00000000a6680000, 0x00000000ab340000)
 concurrent mark-sweep generation total 1020372K, used 746906K [0x00000000b0000000, 0x00000000ee475000, 0x0000000100000000)
 Metaspace       used 85006K, capacity 93739K, committed 93908K, reserved 1130496K
  class space    used 10968K, capacity 12723K, committed 12788K, reserved 1048576K
Event: 130617.653 GC heap after
Heap after GC invocations=6830 (full 38):
 par new generation   total 707840K, used 26029K [0x0000000080000000, 0x00000000b0000000, 0x00000000b0000000)
  eden space 629248K,   0% used [0x0000000080000000, 0x0000000080000000, 0x00000000a6680000)
  from space 78592K,  33% used [0x00000000a6680000, 0x00000000a7feb610, 0x00000000ab340000)
  to   space 78592K,   0% used [0x00000000ab340000, 0x00000000ab340000, 0x00000000b0000000)
 concurrent mark-sweep generation total 1020372K, used 747692K [0x00000000b0000000, 0x00000000ee475000, 0x0000000100000000)
 Metaspace       used 85006K, capacity 93739K, committed 93908K, reserved 1130496K
  class space    used 10968K, capacity 12723K, committed 12788K, reserved 1048576K
}
Event: 130629.826 GC heap before
{Heap before GC invocations=6830 (full 38):
 par new generation   total 707840K, used 655277K [0x0000000080000000, 0x00000000b0000000, 0x00000000b0000000)
  eden space 629248K, 100% used [0x0000000080000000, 0x00000000a6680000, 0x00000000a6680000)
  from space 78592K,  33% used [0x00000000a6680000, 0x00000000a7feb610, 0x00000000ab340000)
  to   space 78592K,   0% used [0x00000000ab340000, 0x00000000ab340000, 0x00000000b0000000)
 concurrent mark-sweep generation total 1020372K, used 747692K [0x00000000b0000000, 0x00000000ee475000, 0x0000000100000000)
 Metaspace       used 85007K, capacity 93803K, committed 93908K, reserved 1130496K
  class space    used 10968K, capacity 12723K, committed 12788K, reserved 1048576K
Event: 130629.840 GC heap after
Heap after GC invocations=6831 (full 38):
 par new generation   total 707840K, used 18222K [0x0000000080000000, 0x00000000b0000000, 0x00000000b0000000)
  eden space 629248K,   0% used [0x0000000080000000, 0x0000000080000000, 0x00000000a6680000)
  from space 78592K,  23% used [0x00000000ab340000, 0x00000000ac50ba20, 0x00000000b0000000)
  to   space 78592K,   0% used [0x00000000a6680000, 0x00000000a6680000, 0x00000000ab340000)
 concurrent mark-sweep generation total 1020372K, used 748482K [0x00000000b0000000, 0x00000000ee475000, 0x0000000100000000)
 Metaspace       used 85007K, capacity 93803K, committed 93908K, reserved 1130496K
  class space    used 10968K, capacity 12723K, committed 12788K, reserved 1048576K
}
Event: 130646.126 GC heap before
{Heap before GC invocations=6831 (full 38):
 par new generation   total 707840K, used 647480K [0x0000000080000000, 0x00000000b0000000, 0x00000000b0000000)
  eden space 629248K, 100% used [0x0000000080000000, 0x00000000a6680000, 0x00000000a6680000)
  from space 78592K,  23% used [0x00000000ab340000, 0x00000000ac50e248, 0x00000000b0000000)
  to   space 78592K,   0% used [0x00000000a6680000, 0x00000000a6680000, 0x00000000ab340000)
 concurrent mark-sweep generation total 1020372K, used 748482K [0x00000000b0000000, 0x00000000ee475000, 0x0000000100000000)
 Metaspace       used 85007K, capacity 93803K, committed 93908K, reserved 1130496K
  class space    used 10968K, capacity 12723K, committed 12788K, reserved 1048576K
Event: 130646.138 GC heap after
Heap after GC invocations=6832 (full 38):
 par new generation   total 707840K, used 6120K [0x0000000080000000, 0x00000000b0000000, 0x00000000b0000000)
  eden space 629248K,   0% used [0x0000000080000000, 0x0000000080000000, 0x00000000a6680000)
  from space 78592K,   7% used [0x00000000a6680000, 0x00000000a6c7a238, 0x00000000ab340000)
  to   space 78592K,   0% used [0x00000000ab340000, 0x00000000ab340000, 0x00000000b0000000)
 concurrent mark-sweep generation total 1020372K, used 749527K [0x00000000b0000000, 0x00000000ee475000, 0x0000000100000000)
 Metaspace       used 85007K, capacity 93803K, committed 93908K, reserved 1130496K
  class space    used 10968K, capacity 12723K, committed 12788K, reserved 1048576K
}
Event: 130663.519 GC heap before
{Heap before GC invocations=6832 (full 38):
 par new generation   total 707840K, used 635368K [0x0000000080000000, 0x00000000b0000000, 0x00000000b0000000)
  eden space 629248K, 100% used [0x0000000080000000, 0x00000000a6680000, 0x00000000a6680000)
  from space 78592K,   7% used [0x00000000a6680000, 0x00000000a6c7a238, 0x00000000ab340000)
  to   space 78592K,   0% used [0x00000000ab340000, 0x00000000ab340000, 0x00000000b0000000)
 concurrent mark-sweep generation total 1020372K, used 749527K [0x00000000b0000000, 0x00000000ee475000, 0x0000000100000000)
 Metaspace       used 85007K, capacity 93803K, committed 93908K, reserved 1130496K
  class space    used 10968K, capacity 12723K, committed 12788K, reserved 1048576K
Event: 130663.533 GC heap after
Heap after GC invocations=6833 (full 38):
 par new generation   total 707840K, used 11145K [0x0000000080000000, 0x00000000b0000000, 0x00000000b0000000)
  eden space 629248K,   0% used [0x0000000080000000, 0x0000000080000000, 0x00000000a6680000)
  from space 78592K,  14% used [0x00000000ab340000, 0x00000000abe22438, 0x00000000b0000000)
  to   space 78592K,   0% used [0x00000000a6680000, 0x00000000a6680000, 0x00000000ab340000)
 concurrent mark-sweep generation total 1020372K, used 750084K [0x00000000b0000000, 0x00000000ee475000, 0x0000000100000000)
 Metaspace       used 85007K, capacity 93803K, committed 93908K, reserved 1130496K
  class space    used 10968K, capacity 12723K, committed 12788K, reserved 1048576K
}
Event: 130666.835 GC heap before
{Heap before GC invocations=6833 (full 38):
 par new generation   total 707840K, used 640393K [0x0000000080000000, 0x00000000b0000000, 0x00000000b0000000)
  eden space 629248K, 100% used [0x0000000080000000, 0x00000000a6680000, 0x00000000a6680000)
  from space 78592K,  14% used [0x00000000ab340000, 0x00000000abe22438, 0x00000000b0000000)
  to   space 78592K,   0% used [0x00000000a6680000, 0x00000000a6680000, 0x00000000ab340000)
 concurrent mark-sweep generation total 1020372K, used 750084K [0x00000000b0000000, 0x00000000ee475000, 0x0000000100000000)
 Metaspace       used 85007K, capacity 93803K, committed 93908K, reserved 1130496K
  class space    used 10968K, capacity 12723K, committed 12788K, reserved 1048576K
Event: 130666.873 GC heap after
Heap after GC invocations=6834 (full 38):
 par new generation   total 707840K, used 26665K [0x0000000080000000, 0x00000000b0000000, 0x00000000b0000000)
  eden space 629248K,   0% used [0x0000000080000000, 0x0000000080000000, 0x00000000a6680000)
  from space 78592K,  33% used [0x00000000a6680000, 0x00000000a808a468, 0x00000000ab340000)
  to   space 78592K,   0% used [0x00000000ab340000, 0x00000000ab340000, 0x00000000b0000000)
 concurrent mark-sweep generation total 1020372K, used 750099K [0x00000000b0000000, 0x00000000ee475000, 0x0000000100000000)
 Metaspace       used 85007K, capacity 93803K, committed 93908K, reserved 1130496K
  class space    used 10968K, capacity 12723K, committed 12788K, reserved 1048576K
}
Event: 130669.724 GC heap before
{Heap before GC invocations=6834 (full 38):
 par new generation   total 707840K, used 655913K [0x0000000080000000, 0x00000000b0000000, 0x00000000b0000000)
  eden space 629248K, 100% used [0x0000000080000000, 0x00000000a6680000, 0x00000000a6680000)
  from space 78592K,  33% used [0x00000000a6680000, 0x00000000a808a468, 0x00000000ab340000)
  to   space 78592K,   0% used [0x00000000ab340000, 0x00000000ab340000, 0x00000000b0000000)
 concurrent mark-sweep generation total 1020372K, used 750099K [0x00000000b0000000, 0x00000000ee475000, 0x0000000100000000)
 Metaspace       used 85007K, capacity 93803K, committed 93908K, reserved 1130496K
  class space    used 10968K, capacity 12723K, committed 12788K, reserved 1048576K
Event: 130669.757 GC heap after
Heap after GC invocations=6835 (full 38):
 par new generation   total 707840K, used 40182K [0x0000000080000000, 0x00000000b0000000, 0x00000000b0000000)
  eden space 629248K,   0% used [0x0000000080000000, 0x0000000080000000, 0x00000000a6680000)
  from space 78592K,  51% used [0x00000000ab340000, 0x00000000ada7d870, 0x00000000b0000000)
  to   space 78592K,   0% used [0x00000000a6680000, 0x00000000a6680000, 0x00000000ab340000)
 concurrent mark-sweep generation total 1020372K, used 750112K [0x00000000b0000000, 0x00000000ee475000, 0x0000000100000000)
 Metaspace       used 85007K, capacity 93803K, committed 93908K, reserved 1130496K
  class space    used 10968K, capacity 12723K, committed 12788K, reserved 1048576K
}
Event: 130684.872 GC heap before
{Heap before GC invocations=6835 (full 38):
 par new generation   total 707840K, used 669430K [0x0000000080000000, 0x00000000b0000000, 0x00000000b0000000)
  eden space 629248K, 100% used [0x0000000080000000, 0x00000000a6680000, 0x00000000a6680000)
  from space 78592K,  51% used [0x00000000ab340000, 0x00000000ada7d870, 0x00000000b0000000)
  to   space 78592K,   0% used [0x00000000a6680000, 0x00000000a6680000, 0x00000000ab340000)
 concurrent mark-sweep generation total 1020372K, used 750112K [0x00000000b0000000, 0x00000000ee475000, 0x0000000100000000)
 Metaspace       used 85007K, capacity 93803K, committed 93908K, reserved 1130496K
  class space    used 10968K, capacity 12723K, committed 12788K, reserved 1048576K
Event: 130684.905 GC heap after
Heap after GC invocations=6836 (full 38):
 par new generation   total 707840K, used 48306K [0x0000000080000000, 0x00000000b0000000, 0x00000000b0000000)
  eden space 629248K,   0% used [0x0000000080000000, 0x0000000080000000, 0x00000000a6680000)
  from space 78592K,  61% used [0x00000000a6680000, 0x00000000a95acb10, 0x00000000ab340000)
  to   space 78592K,   0% used [0x00000000ab340000, 0x00000000ab340000, 0x00000000b0000000)
 concurrent mark-sweep generation total 1020372K, used 750274K [0x00000000b0000000, 0x00000000ee475000, 0x0000000100000000)
 Metaspace       used 85007K, capacity 93803K, committed 93908K, reserved 1130496K
  class space    used 10968K, capacity 12723K, committed 12788K, reserved 1048576K
}
Event: 130699.122 GC heap before
{Heap before GC invocations=6836 (full 38):
 par new generation   total 707840K, used 677554K [0x0000000080000000, 0x00000000b0000000, 0x00000000b0000000)
  eden space 629248K, 100% used [0x0000000080000000, 0x00000000a6680000, 0x00000000a6680000)
  from space 78592K,  61% used [0x00000000a6680000, 0x00000000a95acb10, 0x00000000ab340000)
  to   space 78592K,   0% used [0x00000000ab340000, 0x00000000ab340000, 0x00000000b0000000)
 concurrent mark-sweep generation total 1020372K, used 750274K [0x00000000b0000000, 0x00000000ee475000, 0x0000000100000000)
 Metaspace       used 85007K, capacity 93803K, committed 93908K, reserved 1130496K
  class space    used 10968K, capacity 12723K, committed 12788K, reserved 1048576K
Event: 130699.156 GC heap after
Heap after GC invocations=6837 (full 38):
 par new generation   total 707840K, used 31523K [0x0000000080000000, 0x00000000b0000000, 0x00000000b0000000)
  eden space 629248K,   0% used [0x0000000080000000, 0x0000000080000000, 0x00000000a6680000)
  from space 78592K,  40% used [0x00000000ab340000, 0x00000000ad208e10, 0x00000000b0000000)
  to   space 78592K,   0% used [0x00000000a6680000, 0x00000000a6680000, 0x00000000ab340000)
 concurrent mark-sweep generation total 1020372K, used 750313K [0x00000000b0000000, 0x00000000ee475000, 0x0000000100000000)
 Metaspace       used 85007K, capacity 93803K, committed 93908K, reserved 1130496K
  class space    used 10968K, capacity 12723K, committed 12788K, reserved 1048576K
}
Event: 130712.317 GC heap before
{Heap before GC invocations=6837 (full 38):
 par new generation   total 707840K, used 660771K [0x0000000080000000, 0x00000000b0000000, 0x00000000b0000000)
  eden space 629248K, 100% used [0x0000000080000000, 0x00000000a6680000, 0x00000000a6680000)
  from space 78592K,  40% used [0x00000000ab340000, 0x00000000ad208e10, 0x00000000b0000000)
  to   space 78592K,   0% used [0x00000000a6680000, 0x00000000a6680000, 0x00000000ab340000)
 concurrent mark-sweep generation total 1020372K, used 750313K [0x00000000b0000000, 0x00000000ee475000, 0x0000000100000000)
 Metaspace       used 85008K, capacity 93803K, committed 93908K, reserved 1130496K
  class space    used 10968K, capacity 12723K, committed 12788K, reserved 1048576K
Event: 130712.366 GC heap after
Heap after GC invocations=6838 (full 38):
 par new generation   total 707840K, used 46314K [0x0000000080000000, 0x00000000b0000000, 0x00000000b0000000)
  eden space 629248K,   0% used [0x0000000080000000, 0x0000000080000000, 0x00000000a6680000)
  from space 78592K,  58% used [0x00000000a6680000, 0x00000000a93baa38, 0x00000000ab340000)
  to   space 78592K,   0% used [0x00000000ab340000, 0x00000000ab340000, 0x00000000b0000000)
 concurrent mark-sweep generation total 1020372K, used 750465K [0x00000000b0000000, 0x00000000ee475000, 0x0000000100000000)
 Metaspace       used 85008K, capacity 93803K, committed 93908K, reserved 1130496K
  class space    used 10968K, capacity 12723K, committed 12788K, reserved 1048576K
}
Event: 130713.317 GC heap before
{Heap before GC invocations=6838 (full 38):
 par new generation   total 707840K, used 675562K [0x0000000080000000, 0x00000000b0000000, 0x00000000b0000000)
  eden space 629248K, 100% used [0x0000000080000000, 0x00000000a6680000, 0x00000000a6680000)
  from space 78592K,  58% used [0x00000000a6680000, 0x00000000a93baa38, 0x00000000ab340000)
  to   space 78592K,   0% used [0x00000000ab340000, 0x00000000ab340000, 0x00000000b0000000)
 concurrent mark-sweep generation total 1020372K, used 750465K [0x00000000b0000000, 0x00000000ee475000, 0x0000000100000000)
 Metaspace       used 85008K, capacity 93803K, committed 93908K, reserved 1130496K
  class space    used 10968K, capacity 12723K, committed 12788K, reserved 1048576K
Event: 130713.397 GC heap after
Heap after GC invocations=6839 (full 38):
 par new generation   total 707840K, used 78592K [0x0000000080000000, 0x00000000b0000000, 0x00000000b0000000)
  eden space 629248K,   0% used [0x0000000080000000, 0x0000000080000000, 0x00000000a6680000)
  from space 78592K, 100% used [0x00000000ab340000, 0x00000000b0000000, 0x00000000b0000000)
  to   space 78592K,   0% used [0x00000000a6680000, 0x00000000a6680000, 0x00000000ab340000)
 concurrent mark-sweep generation total 1020372K, used 751320K [0x00000000b0000000, 0x00000000ee475000, 0x0000000100000000)
 Metaspace       used 85008K, capacity 93803K, committed 93908K, reserved 1130496K
  class space    used 10968K, capacity 12723K, committed 12788K, reserved 1048576K
}
Event: 130714.612 GC heap before
{Heap before GC invocations=6839 (full 38):
 par new generation   total 707840K, used 707840K [0x0000000080000000, 0x00000000b0000000, 0x00000000b0000000)
  eden space 629248K, 100% used [0x0000000080000000, 0x00000000a6680000, 0x00000000a6680000)
  from space 78592K, 100% used [0x00000000ab340000, 0x00000000b0000000, 0x00000000b0000000)
  to   space 78592K,   0% used [0x00000000a6680000, 0x00000000a6680000, 0x00000000ab340000)
 concurrent mark-sweep generation total 1020372K, used 751320K [0x00000000b0000000, 0x00000000ee475000, 0x0000000100000000)
 Metaspace       used 85010K, capacity 93807K, committed 93908K, reserved 1130496K
  class space    used 10968K, capacity 12723K, committed 12788K, reserved 1048576K
Event: 130714.704 GC heap after
Heap after GC invocations=6840 (full 38):
 par new generation   total 707840K, used 78592K [0x0000000080000000, 0x00000000b0000000, 0x00000000b0000000)
  eden space 629248K,   0% used [0x0000000080000000, 0x0000000080000000, 0x00000000a6680000)
  from space 78592K, 100% used [0x00000000a6680000, 0x00000000ab340000, 0x00000000ab340000)
  to   space 78592K,   0% used [0x00000000ab340000, 0x00000000ab340000, 0x00000000b0000000)
 concurrent mark-sweep generation total 1020372K, used 762880K [0x00000000b0000000, 0x00000000ee475000, 0x0000000100000000)
 Metaspace       used 85010K, capacity 93807K, committed 93908K, reserved 1130496K
  class space    used 10968K, capacity 12723K, committed 12788K, reserved 1048576K
}
Event: 130716.019 GC heap before
{Heap before GC invocations=6840 (full 38):
 par new generation   total 707840K, used 707840K [0x0000000080000000, 0x00000000b0000000, 0x00000000b0000000)
  eden space 629248K, 100% used [0x0000000080000000, 0x00000000a6680000, 0x00000000a6680000)
  from space 78592K, 100% used [0x00000000a6680000, 0x00000000ab340000, 0x00000000ab340000)
  to   space 78592K,   0% used [0x00000000ab340000, 0x00000000ab340000, 0x00000000b0000000)
 concurrent mark-sweep generation total 1020372K, used 762894K [0x00000000b0000000, 0x00000000ee475000, 0x0000000100000000)
 Metaspace       used 85010K, capacity 93807K, committed 93908K, reserved 1130496K
  class space    used 10968K, capacity 12723K, committed 12788K, reserved 1048576K
Event: 130716.124 GC heap after
Heap after GC invocations=6841 (full 38):
 par new generation   total 707840K, used 56717K [0x0000000080000000, 0x00000000b0000000, 0x00000000b0000000)
  eden space 629248K,   0% used [0x0000000080000000, 0x0000000080000000, 0x00000000a6680000)
  from space 78592K,  72% used [0x00000000ab340000, 0x00000000aeaa3758, 0x00000000b0000000)
  to   space 78592K,   0% used [0x00000000a6680000, 0x00000000a6680000, 0x00000000ab340000)
 concurrent mark-sweep generation total 1020372K, used 791260K [0x00000000b0000000, 0x00000000ee475000, 0x0000000100000000)
 Metaspace       used 85010K, capacity 93807K, committed 93908K, reserved 1130496K
  class space    used 10968K, capacity 12723K, committed 12788K, reserved 1048576K
}
Event: 130717.652 GC heap before
{Heap before GC invocations=6841 (full 38):
 par new generation   total 707840K, used 685965K [0x0000000080000000, 0x00000000b0000000, 0x00000000b0000000)
  eden space 629248K, 100% used [0x0000000080000000, 0x00000000a6680000, 0x00000000a6680000)
  from space 78592K,  72% used [0x00000000ab340000, 0x00000000aeaa3758, 0x00000000b0000000)
  to   space 78592K,   0% used [0x00000000a6680000, 0x00000000a6680000, 0x00000000ab340000)
 concurrent mark-sweep generation total 1020372K, used 791260K [0x00000000b0000000, 0x00000000ee475000, 0x0000000100000000)
 Metaspace       used 85010K, capacity 93807K, committed 93908K, reserved 1130496K
  class space    used 10968K, capacity 12723K, committed 12788K, reserved 1048576K
Event: 130717.761 GC heap after
Heap after GC invocations=6842 (full 38):
 par new generation   total 707840K, used 45261K [0x0000000080000000, 0x00000000b0000000, 0x00000000b0000000)
  eden space 629248K,   0% used [0x0000000080000000, 0x0000000080000000, 0x00000000a6680000)
  from space 78592K,  57% used [0x00000000a6680000, 0x00000000a92b3690, 0x00000000ab340000)
  to   space 78592K,   0% used [0x00000000ab340000, 0x00000000ab340000, 0x00000000b0000000)
 concurrent mark-sweep generation total 1020372K, used 814107K [0x00000000b0000000, 0x00000000ee475000, 0x0000000100000000)
 Metaspace       used 85010K, capacity 93807K, committed 93908K, reserved 1130496K
  class space    used 10968K, capacity 12723K, committed 12788K, reserved 1048576K
}
Event: 130719.816 GC heap before
{Heap before GC invocations=6842 (full 38):
 par new generation   total 707840K, used 674509K [0x0000000080000000, 0x00000000b0000000, 0x00000000b0000000)
  eden space 629248K, 100% used [0x0000000080000000, 0x00000000a6680000, 0x00000000a6680000)
  from space 78592K,  57% used [0x00000000a6680000, 0x00000000a92b3690, 0x00000000ab340000)
  to   space 78592K,   0% used [0x00000000ab340000, 0x00000000ab340000, 0x00000000b0000000)
 concurrent mark-sweep generation total 1020372K, used 814107K [0x00000000b0000000, 0x00000000ee475000, 0x0000000100000000)
 Metaspace       used 85010K, capacity 93807K, committed 93908K, reserved 1130496K
  class space    used 10968K, capacity 12723K, committed 12788K, reserved 1048576K
Event: 130719.891 GC heap after
Heap after GC invocations=6843 (full 38):
 par new generation   total 707840K, used 78316K [0x0000000080000000, 0x00000000b0000000, 0x00000000b0000000)
  eden space 629248K,   0% used [0x0000000080000000, 0x0000000080000000, 0x00000000a6680000)
  from space 78592K,  99% used [0x00000000ab340000, 0x00000000affbb340, 0x00000000b0000000)
  to   space 78592K,   0% used [0x00000000a6680000, 0x00000000a6680000, 0x00000000ab340000)
 concurrent mark-sweep generation total 1020372K, used 814107K [0x00000000b0000000, 0x00000000ee475000, 0x0000000100000000)
 Metaspace       used 85010K, capacity 93807K, committed 93908K, reserved 1130496K
  class space    used 10968K, capacity 12723K, committed 12788K, reserved 1048576K
}
Event: 130720.868 GC heap before
{Heap before GC invocations=6843 (full 38):
 par new generation   total 707840K, used 707564K [0x0000000080000000, 0x00000000b0000000, 0x00000000b0000000)
  eden space 629248K, 100% used [0x0000000080000000, 0x00000000a6680000, 0x00000000a6680000)
  from space 78592K,  99% used [0x00000000ab340000, 0x00000000affbb340, 0x00000000b0000000)
  to   space 78592K,   0% used [0x00000000a6680000, 0x00000000a6680000, 0x00000000ab340000)
 concurrent mark-sweep generation total 1020372K, used 814107K [0x00000000b0000000, 0x00000000ee475000, 0x0000000100000000)
 Metaspace       used 85010K, capacity 93807K, committed 93908K, reserved 1130496K
  class space    used 10968K, capacity 12723K, committed 12788K, reserved 1048576K
Event: 130721.003 GC heap after
Heap after GC invocations=6844 (full 38):
 par new generation   total 707840K, used 78592K [0x0000000080000000, 0x00000000b0000000, 0x00000000b0000000)
  eden space 629248K,   0% used [0x0000000080000000, 0x0000000080000000, 0x00000000a6680000)
  from space 78592K, 100% used [0x00000000a6680000, 0x00000000ab340000, 0x00000000ab340000)
  to   space 78592K,   0% used [0x00000000ab340000, 0x00000000ab340000, 0x00000000b0000000)
 concurrent mark-sweep generation total 1020372K, used 850091K [0x00000000b0000000, 0x00000000ee475000, 0x0000000100000000)
 Metaspace       used 85010K, capacity 93807K, committed 93908K, reserved 1130496K
  class space    used 10968K, capacity 12723K, committed 12788K, reserved 1048576K
}
Event: 130721.878 GC heap before
{Heap before GC invocations=6844 (full 38):
 par new generation   total 707840K, used 707840K [0x0000000080000000, 0x00000000b0000000, 0x00000000b0000000)
  eden space 629248K, 100% used [0x0000000080000000, 0x00000000a6680000, 0x00000000a6680000)
  from space 78592K, 100% used [0x00000000a6680000, 0x00000000ab340000, 0x00000000ab340000)
  to   space 78592K,   0% used [0x00000000ab340000, 0x00000000ab340000, 0x00000000b0000000)
 concurrent mark-sweep generation total 1020372K, used 850091K [0x00000000b0000000, 0x00000000ee475000, 0x0000000100000000)
 Metaspace       used 85010K, capacity 93807K, committed 93908K, reserved 1130496K
  class space    used 10968K, capacity 12723K, committed 12788K, reserved 1048576K
Event: 130721.977 GC heap after
Heap after GC invocations=6845 (full 38):
 par new generation   total 707840K, used 78592K [0x0000000080000000, 0x00000000b0000000, 0x00000000b0000000)
  eden space 629248K,   0% used [0x0000000080000000, 0x0000000080000000, 0x00000000a6680000)
  from space 78592K, 100% used [0x00000000ab340000, 0x00000000b0000000, 0x00000000b0000000)
  to   space 78592K,   0% used [0x00000000a6680000, 0x00000000a6680000, 0x00000000ab340000)
 concurrent mark-sweep generation total 1020372K, used 868473K [0x00000000b0000000, 0x00000000ee475000, 0x0000000100000000)
 Metaspace       used 85010K, capacity 93807K, committed 93908K, reserved 1130496K
  class space    used 10968K, capacity 12723K, committed 12788K, reserved 1048576K
}
Event: 130723.568 GC heap before
{Heap before GC invocations=6845 (full 38):
 par new generation   total 707840K, used 707840K [0x0000000080000000, 0x00000000b0000000, 0x00000000b0000000)
  eden space 629248K, 100% used [0x0000000080000000, 0x00000000a6680000, 0x00000000a6680000)
  from space 78592K, 100% used [0x00000000ab340000, 0x00000000b0000000, 0x00000000b0000000)
  to   space 78592K,   0% used [0x00000000a6680000, 0x00000000a6680000, 0x00000000ab340000)
 concurrent mark-sweep generation total 1020372K, used 868473K [0x00000000b0000000, 0x00000000ee475000, 0x0000000100000000)
 Metaspace       used 85010K, capacity 93807K, committed 93908K, reserved 1130496K
  class space    used 10968K, capacity 12723K, committed 12788K, reserved 1048576K
Event: 130723.665 GC heap after
Heap after GC invocations=6846 (full 38):
 par new generation   total 707840K, used 57665K [0x0000000080000000, 0x00000000b0000000, 0x00000000b0000000)
  eden space 629248K,   0% used [0x0000000080000000, 0x0000000080000000, 0x00000000a6680000)
  from space 78592K,  73% used [0x00000000a6680000, 0x00000000a9ed0740, 0x00000000ab340000)
  to   space 78592K,   0% used [0x00000000ab340000, 0x00000000ab340000, 0x00000000b0000000)
 concurrent mark-sweep generation total 1020372K, used 898404K [0x00000000b0000000, 0x00000000ee475000, 0x0000000100000000)
 Metaspace       used 85010K, capacity 93807K, committed 93908K, reserved 1130496K
  class space    used 10968K, capacity 12723K, committed 12788K, reserved 1048576K
}
Event: 130723.686 GC heap before
{Heap before GC invocations=6846 (full 39):
 par new generation   total 707840K, used 66711K [0x0000000080000000, 0x00000000b0000000, 0x00000000b0000000)
  eden space 629248K,   1% used [0x0000000080000000, 0x00000000808d55c8, 0x00000000a6680000)
  from space 78592K,  73% used [0x00000000a6680000, 0x00000000a9ed0740, 0x00000000ab340000)
  to   space 78592K,   0% used [0x00000000ab340000, 0x00000000ab340000, 0x00000000b0000000)
 concurrent mark-sweep generation total 1020372K, used 898404K [0x00000000b0000000, 0x00000000ee475000, 0x0000000100000000)
 Metaspace       used 85010K, capacity 93807K, committed 93908K, reserved 1130496K
  class space    used 10968K, capacity 12723K, committed 12788K, reserved 1048576K
Event: 130723.725 GC heap after
Heap after GC invocations=6847 (full 39):
 par new generation   total 707840K, used 54628K [0x0000000080000000, 0x00000000b0000000, 0x00000000b0000000)
  eden space 629248K,   0% used [0x0000000080000000, 0x0000000080000000, 0x00000000a6680000)
  from space 78592K,  69% used [0x00000000ab340000, 0x00000000ae899060, 0x00000000b0000000)
  to   space 78592K,   0% used [0x00000000a6680000, 0x00000000a6680000, 0x00000000ab340000)
 concurrent mark-sweep generation total 1020372K, used 898404K [0x00000000b0000000, 0x00000000ee475000, 0x0000000100000000)
 Metaspace       used 85010K, capacity 93807K, committed 93908K, reserved 1130496K
  class space    used 10968K, capacity 12723K, committed 12788K, reserved 1048576K
}
Event: 130726.240 GC heap before
{Heap before GC invocations=6847 (full 39):
 par new generation   total 707840K, used 683876K [0x0000000080000000, 0x00000000b0000000, 0x00000000b0000000)
  eden space 629248K, 100% used [0x0000000080000000, 0x00000000a6680000, 0x00000000a6680000)
  from space 78592K,  69% used [0x00000000ab340000, 0x00000000ae899060, 0x00000000b0000000)
  to   space 78592K,   0% used [0x00000000a6680000, 0x00000000a6680000, 0x00000000ab340000)
 concurrent mark-sweep generation total 1020372K, used 898404K [0x00000000b0000000, 0x00000000ee475000, 0x0000000100000000)
 Metaspace       used 85010K, capacity 93807K, committed 93908K, reserved 1130496K
  class space    used 10968K, capacity 12723K, committed 12788K, reserved 1048576K
Event: 130726.303 GC heap after
Heap after GC invocations=6848 (full 39):
 par new generation   total 707840K, used 65335K [0x0000000080000000, 0x00000000b0000000, 0x00000000b0000000)
  eden space 629248K,   0% used [0x0000000080000000, 0x0000000080000000, 0x00000000a6680000)
  from space 78592K,  83% used [0x00000000a6680000, 0x00000000aa64dfc0, 0x00000000ab340000)
  to   space 78592K,   0% used [0x00000000ab340000, 0x00000000ab340000, 0x00000000b0000000)
 concurrent mark-sweep generation total 1020372K, used 898404K [0x00000000b0000000, 0x00000000ee475000, 0x0000000100000000)
 Metaspace       used 85010K, capacity 93807K, committed 93908K, reserved 1130496K
  class space    used 10968K, capacity 12723K, committed 12788K, reserved 1048576K
}
Event: 130728.566 GC heap before
{Heap before GC invocations=6848 (full 39):
 par new generation   total 707840K, used 694583K [0x0000000080000000, 0x00000000b0000000, 0x00000000b0000000)
  eden space 629248K, 100% used [0x0000000080000000, 0x00000000a6680000, 0x00000000a6680000)
  from space 78592K,  83% used [0x00000000a6680000, 0x00000000aa64dfc0, 0x00000000ab340000)
  to   space 78592K,   0% used [0x00000000ab340000, 0x00000000ab340000, 0x00000000b0000000)
 concurrent mark-sweep generation total 1020372K, used 524509K [0x00000000b0000000, 0x00000000ee475000, 0x0000000100000000)
 Metaspace       used 85010K, capacity 93807K, committed 93908K, reserved 1130496K
  class space    used 10968K, capacity 12723K, committed 12788K, reserved 1048576K
Event: 130728.668 GC heap after
Heap after GC invocations=6849 (full 39):
 par new generation   total 707840K, used 78592K [0x0000000080000000, 0x00000000b0000000, 0x00000000b0000000)
  eden space 629248K,   0% used [0x0000000080000000, 0x0000000080000000, 0x00000000a6680000)
  from space 78592K, 100% used [0x00000000ab340000, 0x00000000b0000000, 0x00000000b0000000)
  to   space 78592K,   0% used [0x00000000a6680000, 0x00000000a6680000, 0x00000000ab340000)
 concurrent mark-sweep generation total 1020372K, used 549097K [0x00000000b0000000, 0x00000000ee475000, 0x0000000100000000)
 Metaspace       used 85010K, capacity 93807K, committed 93908K, reserved 1130496K
  class space    used 10968K, capacity 12723K, committed 12788K, reserved 1048576K
}
Event: 130749.225 GC heap before
{Heap before GC invocations=6849 (full 39):
 par new generation   total 707840K, used 707840K [0x0000000080000000, 0x00000000b0000000, 0x00000000b0000000)
  eden space 629248K, 100% used [0x0000000080000000, 0x00000000a6680000, 0x00000000a6680000)
  from space 78592K, 100% used [0x00000000ab340000, 0x00000000b0000000, 0x00000000b0000000)
  to   space 78592K,   0% used [0x00000000a6680000, 0x00000000a6680000, 0x00000000ab340000)
 concurrent mark-sweep generation total 1020372K, used 549097K [0x00000000b0000000, 0x00000000ee475000, 0x0000000100000000)
 Metaspace       used 85010K, capacity 93807K, committed 93908K, reserved 1130496K
  class space    used 10968K, capacity 12723K, committed 12788K, reserved 1048576K
Event: 130749.307 GC heap after
Heap after GC invocations=6850 (full 39):
 par new generation   total 707840K, used 50672K [0x0000000080000000, 0x00000000b0000000, 0x00000000b0000000)
  eden space 629248K,   0% used [0x0000000080000000, 0x0000000080000000, 0x00000000a6680000)
  from space 78592K,  64% used [0x00000000a6680000, 0x00000000a97fc0d0, 0x00000000ab340000)
  to   space 78592K,   0% used [0x00000000ab340000, 0x00000000ab340000, 0x00000000b0000000)
 concurrent mark-sweep generation total 1020372K, used 576830K [0x00000000b0000000, 0x00000000ee475000, 0x0000000100000000)
 Metaspace       used 85010K, capacity 93807K, committed 93908K, reserved 1130496K
  class space    used 10968K, capacity 12723K, committed 12788K, reserved 1048576K
}
Event: 130768.997 GC heap before
{Heap before GC invocations=6850 (full 39):
 par new generation   total 707840K, used 679928K [0x0000000080000000, 0x00000000b0000000, 0x00000000b0000000)
  eden space 629248K, 100% used [0x0000000080000000, 0x00000000a6680000, 0x00000000a6680000)
  from space 78592K,  64% used [0x00000000a6680000, 0x00000000a97fe0f8, 0x00000000ab340000)
  to   space 78592K,   0% used [0x00000000ab340000, 0x00000000ab340000, 0x00000000b0000000)
 concurrent mark-sweep generation total 1020372K, used 576830K [0x00000000b0000000, 0x00000000ee475000, 0x0000000100000000)
 Metaspace       used 85010K, capacity 93807K, committed 93908K, reserved 1130496K
  class space    used 10968K, capacity 12723K, committed 12788K, reserved 1048576K
Event: 130769.031 GC heap after
Heap after GC invocations=6851 (full 39):
 par new generation   total 707840K, used 44638K [0x0000000080000000, 0x00000000b0000000, 0x00000000b0000000)
  eden space 629248K,   0% used [0x0000000080000000, 0x0000000080000000, 0x00000000a6680000)
  from space 78592K,  56% used [0x00000000ab340000, 0x00000000aded7840, 0x00000000b0000000)
  to   space 78592K,   0% used [0x00000000a6680000, 0x00000000a6680000, 0x00000000ab340000)
 concurrent mark-sweep generation total 1020372K, used 576830K [0x00000000b0000000, 0x00000000ee475000, 0x0000000100000000)
 Metaspace       used 85010K, capacity 93807K, committed 93908K, reserved 1130496K
  class space    used 10968K, capacity 12723K, committed 12788K, reserved 1048576K
}
Event: 130785.087 GC heap before
{Heap before GC invocations=6851 (full 39):
 par new generation   total 707840K, used 673886K [0x0000000080000000, 0x00000000b0000000, 0x00000000b0000000)
  eden space 629248K, 100% used [0x0000000080000000, 0x00000000a6680000, 0x00000000a6680000)
  from space 78592K,  56% used [0x00000000ab340000, 0x00000000aded7a38, 0x00000000b0000000)
  to   space 78592K,   0% used [0x00000000a6680000, 0x00000000a6680000, 0x00000000ab340000)
 concurrent mark-sweep generation total 1020372K, used 576830K [0x00000000b0000000, 0x00000000ee475000, 0x0000000100000000)
 Metaspace       used 85069K, capacity 93807K, committed 93908K, reserved 1130496K
  class space    used 10968K, capacity 12723K, committed 12788K, reserved 1048576K
Event: 130785.124 GC heap after
Heap after GC invocations=6852 (full 39):
 par new generation   total 707840K, used 41494K [0x0000000080000000, 0x00000000b0000000, 0x00000000b0000000)
  eden space 629248K,   0% used [0x0000000080000000, 0x0000000080000000, 0x00000000a6680000)
  from space 78592K,  52% used [0x00000000a6680000, 0x00000000a8f05958, 0x00000000ab340000)
  to   space 78592K,   0% used [0x00000000ab340000, 0x00000000ab340000, 0x00000000b0000000)
 concurrent mark-sweep generation total 1020372K, used 576830K [0x00000000b0000000, 0x00000000ee475000, 0x0000000100000000)
 Metaspace       used 85069K, capacity 93807K, committed 93908K, reserved 1130496K
  class space    used 10968K, capacity 12723K, committed 12788K, reserved 1048576K
}
Event: 130785.125 GC heap before
{Heap before GC invocations=6852 (full 39):
 par new generation   total 707840K, used 42886K [0x0000000080000000, 0x00000000b0000000, 0x00000000b0000000)
  eden space 629248K,   0% used [0x0000000080000000, 0x000000008015bf40, 0x00000000a6680000)
  from space 78592K,  52% used [0x00000000a6680000, 0x00000000a8f05958, 0x00000000ab340000)
  to   space 78592K,   0% used [0x00000000ab340000, 0x00000000ab340000, 0x00000000b0000000)
 concurrent mark-sweep generation total 1020372K, used 576830K [0x00000000b0000000, 0x00000000ee475000, 0x0000000100000000)
 Metaspace       used 85069K, capacity 93807K, committed 93908K, reserved 1130496K
  class space    used 10968K, capacity 12723K, committed 12788K, reserved 1048576K
Event: 130785.158 GC heap after
Heap after GC invocations=6853 (full 39):
 par new generation   total 707840K, used 44170K [0x0000000080000000, 0x00000000b0000000, 0x00000000b0000000)
  eden space 629248K,   0% used [0x0000000080000000, 0x0000000080000000, 0x00000000a6680000)
  from space 78592K,  56% used [0x00000000ab340000, 0x00000000ade62970, 0x00000000b0000000)
  to   space 78592K,   0% used [0x00000000a6680000, 0x00000000a6680000, 0x00000000ab340000)
 concurrent mark-sweep generation total 1020372K, used 576830K [0x00000000b0000000, 0x00000000ee475000, 0x0000000100000000)
 Metaspace       used 85069K, capacity 93807K, committed 93908K, reserved 1130496K
  class space    used 10968K, capacity 12723K, committed 12788K, reserved 1048576K
}
Event: 130798.220 GC heap before
{Heap before GC invocations=6853 (full 39):
 par new generation   total 707840K, used 673418K [0x0000000080000000, 0x00000000b0000000, 0x00000000b0000000)
  eden space 629248K, 100% used [0x0000000080000000, 0x00000000a6680000, 0x00000000a6680000)
  from space 78592K,  56% used [0x00000000ab340000, 0x00000000ade62970, 0x00000000b0000000)
  to   space 78592K,   0% used [0x00000000a6680000, 0x00000000a6680000, 0x00000000ab340000)
 concurrent mark-sweep generation total 1020372K, used 576830K [0x00000000b0000000, 0x00000000ee475000, 0x0000000100000000)
 Metaspace       used 85070K, capacity 93807K, committed 93908K, reserved 1130496K
  class space    used 10968K, capacity 12723K, committed 12788K, reserved 1048576K
Event: 130798.261 GC heap after
Heap after GC invocations=6854 (full 39):
 par new generation   total 707840K, used 59795K [0x0000000080000000, 0x00000000b0000000, 0x00000000b0000000)
  eden space 629248K,   0% used [0x0000000080000000, 0x0000000080000000, 0x00000000a6680000)
  from space 78592K,  76% used [0x00000000a6680000, 0x00000000aa0e4f18, 0x00000000ab340000)
  to   space 78592K,   0% used [0x00000000ab340000, 0x00000000ab340000, 0x00000000b0000000)
 concurrent mark-sweep generation total 1020372K, used 576830K [0x00000000b0000000, 0x00000000ee475000, 0x0000000100000000)
 Metaspace       used 85070K, capacity 93807K, committed 93908K, reserved 1130496K
  class space    used 10968K, capacity 12723K, committed 12788K, reserved 1048576K
}
Event: 130800.534 GC heap before
{Heap before GC invocations=6854 (full 39):
 par new generation   total 707840K, used 689043K [0x0000000080000000, 0x00000000b0000000, 0x00000000b0000000)
  eden space 629248K, 100% used [0x0000000080000000, 0x00000000a6680000, 0x00000000a6680000)
  from space 78592K,  76% used [0x00000000a6680000, 0x00000000aa0e4f18, 0x00000000ab340000)
  to   space 78592K,   0% used [0x00000000ab340000, 0x00000000ab340000, 0x00000000b0000000)
 concurrent mark-sweep generation total 1020372K, used 576830K [0x00000000b0000000, 0x00000000ee475000, 0x0000000100000000)
 Metaspace       used 85070K, capacity 93807K, committed 93908K, reserved 1130496K
  class space    used 10968K, capacity 12723K, committed 12788K, reserved 1048576K
Event: 130800.624 GC heap after
Heap after GC invocations=6855 (full 39):
 par new generation   total 707840K, used 50728K [0x0000000080000000, 0x00000000b0000000, 0x00000000b0000000)
  eden space 629248K,   0% used [0x0000000080000000, 0x0000000080000000, 0x00000000a6680000)
  from space 78592K,  64% used [0x00000000ab340000, 0x00000000ae4ca0c0, 0x00000000b0000000)
  to   space 78592K,   0% used [0x00000000a6680000, 0x00000000a6680000, 0x00000000ab340000)
 concurrent mark-sweep generation total 1020372K, used 597288K [0x00000000b0000000, 0x00000000ee475000, 0x0000000100000000)
 Metaspace       used 85070K, capacity 93807K, committed 93908K, reserved 1130496K
  class space    used 10968K, capacity 12723K, committed 12788K, reserved 1048576K
}
Event: 130801.449 GC heap before
{Heap before GC invocations=6855 (full 39):
 par new generation   total 707840K, used 679976K [0x0000000080000000, 0x00000000b0000000, 0x00000000b0000000)
  eden space 629248K, 100% used [0x0000000080000000, 0x00000000a6680000, 0x00000000a6680000)
  from space 78592K,  64% used [0x00000000ab340000, 0x00000000ae4ca0c0, 0x00000000b0000000)
  to   space 78592K,   0% used [0x00000000a6680000, 0x00000000a6680000, 0x00000000ab340000)
 concurrent mark-sweep generation total 1020372K, used 597288K [0x00000000b0000000, 0x00000000ee475000, 0x0000000100000000)
 Metaspace       used 85070K, capacity 93807K, committed 93908K, reserved 1130496K
  class space    used 10968K, capacity 12723K, committed 12788K, reserved 1048576K
Event: 130801.566 GC heap after
Heap after GC invocations=6856 (full 39):
 par new generation   total 707840K, used 73102K [0x0000000080000000, 0x00000000b0000000, 0x00000000b0000000)
  eden space 629248K,   0% used [0x0000000080000000, 0x0000000080000000, 0x00000000a6680000)
  from space 78592K,  93% used [0x00000000a6680000, 0x00000000aade3980, 0x00000000ab340000)
  to   space 78592K,   0% used [0x00000000ab340000, 0x00000000ab340000, 0x00000000b0000000)
 concurrent mark-sweep generation total 1020372K, used 608701K [0x00000000b0000000, 0x00000000ee475000, 0x0000000100000000)
 Metaspace       used 85070K, capacity 93807K, committed 93908K, reserved 1130496K
  class space    used 10968K, capacity 12723K, committed 12788K, reserved 1048576K
}
Event: 130802.519 GC heap before
{Heap before GC invocations=6856 (full 39):
 par new generation   total 707840K, used 702350K [0x0000000080000000, 0x00000000b0000000, 0x00000000b0000000)
  eden space 629248K, 100% used [0x0000000080000000, 0x00000000a6680000, 0x00000000a6680000)
  from space 78592K,  93% used [0x00000000a6680000, 0x00000000aade3980, 0x00000000ab340000)
  to   space 78592K,   0% used [0x00000000ab340000, 0x00000000ab340000, 0x00000000b0000000)
 concurrent mark-sweep generation total 1020372K, used 608701K [0x00000000b0000000, 0x00000000ee475000, 0x0000000100000000)
 Metaspace       used 85071K, capacity 93807K, committed 93908K, reserved 1130496K
  class space    used 10968K, capacity 12723K, committed 12788K, reserved 1048576K
Event: 130802.605 GC heap after
Heap after GC invocations=6857 (full 39):
 par new generation   total 707840K, used 78592K [0x0000000080000000, 0x00000000b0000000, 0x00000000b0000000)
  eden space 629248K,   0% used [0x0000000080000000, 0x0000000080000000, 0x00000000a6680000)
  from space 78592K, 100% used [0x00000000ab340000, 0x00000000b0000000, 0x00000000b0000000)
  to   space 78592K,   0% used [0x00000000a6680000, 0x00000000a6680000, 0x00000000ab340000)
 concurrent mark-sweep generation total 1020372K, used 626830K [0x00000000b0000000, 0x00000000ee475000, 0x0000000100000000)
 Metaspace       used 85071K, capacity 93807K, committed 93908K, reserved 1130496K
  class space    used 10968K, capacity 12723K, committed 12788K, reserved 1048576K
}
Event: 130803.769 GC heap before
{Heap before GC invocations=6857 (full 39):
 par new generation   total 707840K, used 707840K [0x0000000080000000, 0x00000000b0000000, 0x00000000b0000000)
  eden space 629248K, 100% used [0x0000000080000000, 0x00000000a6680000, 0x00000000a6680000)
  from space 78592K, 100% used [0x00000000ab340000, 0x00000000b0000000, 0x00000000b0000000)
  to   space 78592K,   0% used [0x00000000a6680000, 0x00000000a6680000, 0x00000000ab340000)
 concurrent mark-sweep generation total 1020372K, used 626830K [0x00000000b0000000, 0x00000000ee475000, 0x0000000100000000)
 Metaspace       used 85072K, capacity 93807K, committed 93908K, reserved 1130496K
  class space    used 10968K, capacity 12723K, committed 12788K, reserved 1048576K
Event: 130803.858 GC heap after
Heap after GC invocations=6858 (full 39):
 par new generation   total 707840K, used 72641K [0x0000000080000000, 0x00000000b0000000, 0x00000000b0000000)
  eden space 629248K,   0% used [0x0000000080000000, 0x0000000080000000, 0x00000000a6680000)
  from space 78592K,  92% used [0x00000000a6680000, 0x00000000aad704a0, 0x00000000ab340000)
  to   space 78592K,   0% used [0x00000000ab340000, 0x00000000ab340000, 0x00000000b0000000)
 concurrent mark-sweep generation total 1020372K, used 645379K [0x00000000b0000000, 0x00000000ee475000, 0x0000000100000000)
 Metaspace       used 85072K, capacity 93807K, committed 93908K, reserved 1130496K
  class space    used 10968K, capacity 12723K, committed 12788K, reserved 1048576K
}
Event: 130804.945 GC heap before
{Heap before GC invocations=6858 (full 39):
 par new generation   total 707840K, used 701889K [0x0000000080000000, 0x00000000b0000000, 0x00000000b0000000)
  eden space 629248K, 100% used [0x0000000080000000, 0x00000000a6680000, 0x00000000a6680000)
  from space 78592K,  92% used [0x00000000a6680000, 0x00000000aad704a0, 0x00000000ab340000)
  to   space 78592K,   0% used [0x00000000ab340000, 0x00000000ab340000, 0x00000000b0000000)
 concurrent mark-sweep generation total 1020372K, used 645379K [0x00000000b0000000, 0x00000000ee475000, 0x0000000100000000)
 Metaspace       used 85072K, capacity 93807K, committed 93908K, reserved 1130496K
  class space    used 10968K, capacity 12723K, committed 12788K, reserved 1048576K
Event: 130805.045 GC heap after
Heap after GC invocations=6859 (full 39):
 par new generation   total 707840K, used 49704K [0x0000000080000000, 0x00000000b0000000, 0x00000000b0000000)
  eden space 629248K,   0% used [0x0000000080000000, 0x0000000080000000, 0x00000000a6680000)
  from space 78592K,  63% used [0x00000000ab340000, 0x00000000ae3ca018, 0x00000000b0000000)
  to   space 78592K,   0% used [0x00000000a6680000, 0x00000000a6680000, 0x00000000ab340000)
 concurrent mark-sweep generation total 1020372K, used 674339K [0x00000000b0000000, 0x00000000ee475000, 0x0000000100000000)
 Metaspace       used 85072K, capacity 93807K, committed 93908K, reserved 1130496K
  class space    used 10968K, capacity 12723K, committed 12788K, reserved 1048576K
}
Event: 130807.172 GC heap before
{Heap before GC invocations=6859 (full 39):
 par new generation   total 707840K, used 678952K [0x0000000080000000, 0x00000000b0000000, 0x00000000b0000000)
  eden space 629248K, 100% used [0x0000000080000000, 0x00000000a6680000, 0x00000000a6680000)
  from space 78592K,  63% used [0x00000000ab340000, 0x00000000ae3ca018, 0x00000000b0000000)
  to   space 78592K,   0% used [0x00000000a6680000, 0x00000000a6680000, 0x00000000ab340000)
 concurrent mark-sweep generation total 1020372K, used 674339K [0x00000000b0000000, 0x00000000ee475000, 0x0000000100000000)
 Metaspace       used 85072K, capacity 93807K, committed 93908K, reserved 1130496K
  class space    used 10968K, capacity 12723K, committed 12788K, reserved 1048576K
Event: 130807.255 GC heap after
Heap after GC invocations=6860 (full 39):
 par new generation   total 707840K, used 42490K [0x0000000080000000, 0x00000000b0000000, 0x00000000b0000000)
  eden space 629248K,   0% used [0x0000000080000000, 0x0000000080000000, 0x00000000a6680000)
  from space 78592K,  54% used [0x00000000a6680000, 0x00000000a8ffeb60, 0x00000000ab340000)
  to   space 78592K,   0% used [0x00000000ab340000, 0x00000000ab340000, 0x00000000b0000000)
 concurrent mark-sweep generation total 1020372K, used 694353K [0x00000000b0000000, 0x00000000ee475000, 0x0000000100000000)
 Metaspace       used 85072K, capacity 93807K, committed 93908K, reserved 1130496K
  class space    used 10968K, capacity 12723K, committed 12788K, reserved 1048576K
}
Event: 130812.253 GC heap before
{Heap before GC invocations=6860 (full 39):
 par new generation   total 707840K, used 671738K [0x0000000080000000, 0x00000000b0000000, 0x00000000b0000000)
  eden space 629248K, 100% used [0x0000000080000000, 0x00000000a6680000, 0x00000000a6680000)
  from space 78592K,  54% used [0x00000000a6680000, 0x00000000a8ffeb60, 0x00000000ab340000)
  to   space 78592K,   0% used [0x00000000ab340000, 0x00000000ab340000, 0x00000000b0000000)
 concurrent mark-sweep generation total 1020372K, used 694353K [0x00000000b0000000, 0x00000000ee475000, 0x0000000100000000)
 Metaspace       used 85083K, capacity 93871K, committed 94164K, reserved 1130496K
  class space    used 10968K, capacity 12723K, committed 12788K, reserved 1048576K
Event: 130812.307 GC heap after
Heap after GC invocations=6861 (full 39):
 par new generation   total 707840K, used 78592K [0x0000000080000000, 0x00000000b0000000, 0x00000000b0000000)
  eden space 629248K,   0% used [0x0000000080000000, 0x0000000080000000, 0x00000000a6680000)
  from space 78592K, 100% used [0x00000000ab340000, 0x00000000b0000000, 0x00000000b0000000)
  to   space 78592K,   0% used [0x00000000a6680000, 0x00000000a6680000, 0x00000000ab340000)
 concurrent mark-sweep generation total 1020372K, used 694548K [0x00000000b0000000, 0x00000000ee475000, 0x0000000100000000)
 Metaspace       used 85083K, capacity 93871K, committed 94164K, reserved 1130496K
  class space    used 10968K, capacity 12723K, committed 12788K, reserved 1048576K
}
Event: 130813.918 GC heap before
{Heap before GC invocations=6861 (full 39):
 par new generation   total 707840K, used 707840K [0x0000000080000000, 0x00000000b0000000, 0x00000000b0000000)
  eden space 629248K, 100% used [0x0000000080000000, 0x00000000a6680000, 0x00000000a6680000)
  from space 78592K, 100% used [0x00000000ab340000, 0x00000000b0000000, 0x00000000b0000000)
  to   space 78592K,   0% used [0x00000000a6680000, 0x00000000a6680000, 0x00000000ab340000)
 concurrent mark-sweep generation total 1020372K, used 694548K [0x00000000b0000000, 0x00000000ee475000, 0x0000000100000000)
 Metaspace       used 85083K, capacity 93871K, committed 94164K, reserved 1130496K
  class space    used 10968K, capacity 12723K, committed 12788K, reserved 1048576K
Event: 130813.996 GC heap after
Heap after GC invocations=6862 (full 39):
 par new generation   total 707840K, used 52605K [0x0000000080000000, 0x00000000b0000000, 0x00000000b0000000)
  eden space 629248K,   0% used [0x0000000080000000, 0x0000000080000000, 0x00000000a6680000)
  from space 78592K,  66% used [0x00000000a6680000, 0x00000000a99df4e0, 0x00000000ab340000)
  to   space 78592K,   0% used [0x00000000ab340000, 0x00000000ab340000, 0x00000000b0000000)
 concurrent mark-sweep generation total 1020372K, used 713167K [0x00000000b0000000, 0x00000000ee475000, 0x0000000100000000)
 Metaspace       used 85083K, capacity 93871K, committed 94164K, reserved 1130496K
  class space    used 10968K, capacity 12723K, committed 12788K, reserved 1048576K
}
Event: 130817.133 GC heap before
{Heap before GC invocations=6862 (full 39):
 par new generation   total 707840K, used 681853K [0x0000000080000000, 0x00000000b0000000, 0x00000000b0000000)
  eden space 629248K, 100% used [0x0000000080000000, 0x00000000a6680000, 0x00000000a6680000)
  from space 78592K,  66% used [0x00000000a6680000, 0x00000000a99df4e0, 0x00000000ab340000)
  to   space 78592K,   0% used [0x00000000ab340000, 0x00000000ab340000, 0x00000000b0000000)
 concurrent mark-sweep generation total 1020372K, used 713167K [0x00000000b0000000, 0x00000000ee475000, 0x0000000100000000)
 Metaspace       used 85083K, capacity 93871K, committed 94164K, reserved 1130496K
  class space    used 10968K, capacity 12723K, committed 12788K, reserved 1048576K
Event: 130817.178 GC heap after
Heap after GC invocations=6863 (full 39):
 par new generation   total 707840K, used 62056K [0x0000000080000000, 0x00000000b0000000, 0x00000000b0000000)
  eden space 629248K,   0% used [0x0000000080000000, 0x0000000080000000, 0x00000000a6680000)
  from space 78592K,  78% used [0x00000000ab340000, 0x00000000aefda0f8, 0x00000000b0000000)
  to   space 78592K,   0% used [0x00000000a6680000, 0x00000000a6680000, 0x00000000ab340000)
 concurrent mark-sweep generation total 1020372K, used 713167K [0x00000000b0000000, 0x00000000ee475000, 0x0000000100000000)
 Metaspace       used 85083K, capacity 93871K, committed 94164K, reserved 1130496K
  class space    used 10968K, capacity 12723K, committed 12788K, reserved 1048576K
}
Event: 130830.128 GC heap before
{Heap before GC invocations=6863 (full 39):
 par new generation   total 707840K, used 691304K [0x0000000080000000, 0x00000000b0000000, 0x00000000b0000000)
  eden space 629248K, 100% used [0x0000000080000000, 0x00000000a6680000, 0x00000000a6680000)
  from space 78592K,  78% used [0x00000000ab340000, 0x00000000aefda0f8, 0x00000000b0000000)
  to   space 78592K,   0% used [0x00000000a6680000, 0x00000000a6680000, 0x00000000ab340000)
 concurrent mark-sweep generation total 1020372K, used 713167K [0x00000000b0000000, 0x00000000ee475000, 0x0000000100000000)
 Metaspace       used 85083K, capacity 93871K, committed 94164K, reserved 1130496K
  class space    used 10968K, capacity 12723K, committed 12788K, reserved 1048576K
Event: 130830.169 GC heap after
Heap after GC invocations=6864 (full 39):
 par new generation   total 707840K, used 40378K [0x0000000080000000, 0x00000000b0000000, 0x00000000b0000000)
  eden space 629248K,   0% used [0x0000000080000000, 0x0000000080000000, 0x00000000a6680000)
  from space 78592K,  51% used [0x00000000a6680000, 0x00000000a8deeab8, 0x00000000ab340000)
  to   space 78592K,   0% used [0x00000000ab340000, 0x00000000ab340000, 0x00000000b0000000)
 concurrent mark-sweep generation total 1020372K, used 713167K [0x00000000b0000000, 0x00000000ee475000, 0x0000000100000000)
 Metaspace       used 85083K, capacity 93871K, committed 94164K, reserved 1130496K
  class space    used 10968K, capacity 12723K, committed 12788K, reserved 1048576K
}
Event: 130842.010 GC heap before
{Heap before GC invocations=6864 (full 39):
 par new generation   total 707840K, used 669626K [0x0000000080000000, 0x00000000b0000000, 0x00000000b0000000)
  eden space 629248K, 100% used [0x0000000080000000, 0x00000000a6680000, 0x00000000a6680000)
  from space 78592K,  51% used [0x00000000a6680000, 0x00000000a8deeab8, 0x00000000ab340000)
  to   space 78592K,   0% used [0x00000000ab340000, 0x00000000ab340000, 0x00000000b0000000)
 concurrent mark-sweep generation total 1020372K, used 713167K [0x00000000b0000000, 0x00000000ee475000, 0x0000000100000000)
 Metaspace       used 85083K, capacity 93871K, committed 94164K, reserved 1130496K
  class space    used 10968K, capacity 12723K, committed 12788K, reserved 1048576K
Event: 130842.047 GC heap after
Heap after GC invocations=6865 (full 39):
 par new generation   total 707840K, used 28778K [0x0000000080000000, 0x00000000b0000000, 0x00000000b0000000)
  eden space 629248K,   0% used [0x0000000080000000, 0x0000000080000000, 0x00000000a6680000)
  from space 78592K,  36% used [0x00000000ab340000, 0x00000000acf5aa10, 0x00000000b0000000)
  to   space 78592K,   0% used [0x00000000a6680000, 0x00000000a6680000, 0x00000000ab340000)
 concurrent mark-sweep generation total 1020372K, used 713167K [0x00000000b0000000, 0x00000000ee475000, 0x0000000100000000)
 Metaspace       used 85083K, capacity 93871K, committed 94164K, reserved 1130496K
  class space    used 10968K, capacity 12723K, committed 12788K, reserved 1048576K
}
Event: 130846.693 GC heap before
{Heap before GC invocations=6865 (full 39):
 par new generation   total 707840K, used 658026K [0x0000000080000000, 0x00000000b0000000, 0x00000000b0000000)
  eden space 629248K, 100% used [0x0000000080000000, 0x00000000a6680000, 0x00000000a6680000)
  from space 78592K,  36% used [0x00000000ab340000, 0x00000000acf5aa10, 0x00000000b0000000)
  to   space 78592K,   0% used [0x00000000a6680000, 0x00000000a6680000, 0x00000000ab340000)
 concurrent mark-sweep generation total 1020372K, used 713167K [0x00000000b0000000, 0x00000000ee475000, 0x0000000100000000)
 Metaspace       used 85083K, capacity 93871K, committed 94164K, reserved 1130496K
  class space    used 10968K, capacity 12723K, committed 12788K, reserved 1048576K
Event: 130846.734 GC heap after
Heap after GC invocations=6866 (full 39):
 par new generation   total 707840K, used 28302K [0x0000000080000000, 0x00000000b0000000, 0x00000000b0000000)
  eden space 629248K,   0% used [0x0000000080000000, 0x0000000080000000, 0x00000000a6680000)
  from space 78592K,  36% used [0x00000000a6680000, 0x00000000a82239c0, 0x00000000ab340000)
  to   space 78592K,   0% used [0x00000000ab340000, 0x00000000ab340000, 0x00000000b0000000)
 concurrent mark-sweep generation total 1020372K, used 715190K [0x00000000b0000000, 0x00000000ee475000, 0x0000000100000000)
 Metaspace       used 85083K, capacity 93871K, committed 94164K, reserved 1130496K
  class space    used 10968K, capacity 12723K, committed 12788K, reserved 1048576K
}
Event: 130848.143 GC heap before
{Heap before GC invocations=6866 (full 39):
 par new generation   total 707840K, used 657550K [0x0000000080000000, 0x00000000b0000000, 0x00000000b0000000)
  eden space 629248K, 100% used [0x0000000080000000, 0x00000000a6680000, 0x00000000a6680000)
  from space 78592K,  36% used [0x00000000a6680000, 0x00000000a82239c0, 0x00000000ab340000)
  to   space 78592K,   0% used [0x00000000ab340000, 0x00000000ab340000, 0x00000000b0000000)
 concurrent mark-sweep generation total 1020372K, used 715190K [0x00000000b0000000, 0x00000000ee475000, 0x0000000100000000)
 Metaspace       used 85084K, capacity 93871K, committed 94164K, reserved 1130496K
  class space    used 10968K, capacity 12723K, committed 12788K, reserved 1048576K
Event: 130848.175 GC heap after
Heap after GC invocations=6867 (full 39):
 par new generation   total 707840K, used 22767K [0x0000000080000000, 0x00000000b0000000, 0x00000000b0000000)
  eden space 629248K,   0% used [0x0000000080000000, 0x0000000080000000, 0x00000000a6680000)
  from space 78592K,  28% used [0x00000000ab340000, 0x00000000ac97bd90, 0x00000000b0000000)
  to   space 78592K,   0% used [0x00000000a6680000, 0x00000000a6680000, 0x00000000ab340000)
 concurrent mark-sweep generation total 1020372K, used 718143K [0x00000000b0000000, 0x00000000ee475000, 0x0000000100000000)
 Metaspace       used 85084K, capacity 93871K, committed 94164K, reserved 1130496K
  class space    used 10968K, capacity 12723K, committed 12788K, reserved 1048576K
}
Event: 130858.079 GC heap before
{Heap before GC invocations=6867 (full 39):
 par new generation   total 707840K, used 652015K [0x0000000080000000, 0x00000000b0000000, 0x00000000b0000000)
  eden space 629248K, 100% used [0x0000000080000000, 0x00000000a6680000, 0x00000000a6680000)
  from space 78592K,  28% used [0x00000000ab340000, 0x00000000ac97bd90, 0x00000000b0000000)
  to   space 78592K,   0% used [0x00000000a6680000, 0x00000000a6680000, 0x00000000ab340000)
 concurrent mark-sweep generation total 1020372K, used 718143K [0x00000000b0000000, 0x00000000ee475000, 0x0000000100000000)
 Metaspace       used 85084K, capacity 93871K, committed 94164K, reserved 1130496K
  class space    used 10968K, capacity 12723K, committed 12788K, reserved 1048576K
Event: 130858.130 GC heap after
Heap after GC invocations=6868 (full 39):
 par new generation   total 707840K, used 40874K [0x0000000080000000, 0x00000000b0000000, 0x00000000b0000000)
  eden space 629248K,   0% used [0x0000000080000000, 0x0000000080000000, 0x00000000a6680000)
  from space 78592K,  52% used [0x00000000a6680000, 0x00000000a8e6a8b8, 0x00000000ab340000)
  to   space 78592K,   0% used [0x00000000ab340000, 0x00000000ab340000, 0x00000000b0000000)
 concurrent mark-sweep generation total 1020372K, used 724773K [0x00000000b0000000, 0x00000000ee475000, 0x0000000100000000)
 Metaspace       used 85084K, capacity 93871K, committed 94164K, reserved 1130496K
  class space    used 10968K, capacity 12723K, committed 12788K, reserved 1048576K
}
Event: 130859.027 GC heap before
{Heap before GC invocations=6868 (full 39):
 par new generation   total 707840K, used 670122K [0x0000000080000000, 0x00000000b0000000, 0x00000000b0000000)
  eden space 629248K, 100% used [0x0000000080000000, 0x00000000a6680000, 0x00000000a6680000)
  from space 78592K,  52% used [0x00000000a6680000, 0x00000000a8e6a8b8, 0x00000000ab340000)
  to   space 78592K,   0% used [0x00000000ab340000, 0x00000000ab340000, 0x00000000b0000000)
 concurrent mark-sweep generation total 1020372K, used 724773K [0x00000000b0000000, 0x00000000ee475000, 0x0000000100000000)
 Metaspace       used 85084K, capacity 93871K, committed 94164K, reserved 1130496K
  class space    used 10968K, capacity 12723K, committed 12788K, reserved 1048576K
Event: 130859.096 GC heap after
Heap after GC invocations=6869 (full 39):
 par new generation   total 707840K, used 63404K [0x0000000080000000, 0x00000000b0000000, 0x00000000b0000000)
  eden space 629248K,   0% used [0x0000000080000000, 0x0000000080000000, 0x00000000a6680000)
  from space 78592K,  80% used [0x00000000ab340000, 0x00000000af12b228, 0x00000000b0000000)
  to   space 78592K,   0% used [0x00000000a6680000, 0x00000000a6680000, 0x00000000ab340000)
 concurrent mark-sweep generation total 1020372K, used 731185K [0x00000000b0000000, 0x00000000ee475000, 0x0000000100000000)
 Metaspace       used 85084K, capacity 93871K, committed 94164K, reserved 1130496K
  class space    used 10968K, capacity 12723K, committed 12788K, reserved 1048576K
}
Event: 130859.891 GC heap before
{Heap before GC invocations=6869 (full 39):
 par new generation   total 707840K, used 692652K [0x0000000080000000, 0x00000000b0000000, 0x00000000b0000000)
  eden space 629248K, 100% used [0x0000000080000000, 0x00000000a6680000, 0x00000000a6680000)
  from space 78592K,  80% used [0x00000000ab340000, 0x00000000af12b228, 0x00000000b0000000)
  to   space 78592K,   0% used [0x00000000a6680000, 0x00000000a6680000, 0x00000000ab340000)
 concurrent mark-sweep generation total 1020372K, used 731185K [0x00000000b0000000, 0x00000000ee475000, 0x0000000100000000)
 Metaspace       used 85084K, capacity 93871K, committed 94164K, reserved 1130496K
  class space    used 10968K, capacity 12723K, committed 12788K, reserved 1048576K
Event: 130859.983 GC heap after
Heap after GC invocations=6870 (full 39):
 par new generation   total 707840K, used 78592K [0x0000000080000000, 0x00000000b0000000, 0x00000000b0000000)
  eden space 629248K,   0% used [0x0000000080000000, 0x0000000080000000, 0x00000000a6680000)
  from space 78592K, 100% used [0x00000000a6680000, 0x00000000ab340000, 0x00000000ab340000)
  to   space 78592K,   0% used [0x00000000ab340000, 0x00000000ab340000, 0x00000000b0000000)
 concurrent mark-sweep generation total 1020372K, used 745202K [0x00000000b0000000, 0x00000000ee475000, 0x0000000100000000)
 Metaspace       used 85084K, capacity 93871K, committed 94164K, reserved 1130496K
  class space    used 10968K, capacity 12723K, committed 12788K, reserved 1048576K
}
Event: 130861.318 GC heap before
{Heap before GC invocations=6870 (full 39):
 par new generation   total 707840K, used 707840K [0x0000000080000000, 0x00000000b0000000, 0x00000000b0000000)
  eden space 629248K, 100% used [0x0000000080000000, 0x00000000a6680000, 0x00000000a6680000)
  from space 78592K, 100% used [0x00000000a6680000, 0x00000000ab340000, 0x00000000ab340000)
  to   space 78592K,   0% used [0x00000000ab340000, 0x00000000ab340000, 0x00000000b0000000)
 concurrent mark-sweep generation total 1020372K, used 745202K [0x00000000b0000000, 0x00000000ee475000, 0x0000000100000000)
 Metaspace       used 85084K, capacity 93871K, committed 94164K, reserved 1130496K
  class space    used 10968K, capacity 12723K, committed 12788K, reserved 1048576K
Event: 130861.418 GC heap after
Heap after GC invocations=6871 (full 39):
 par new generation   total 707840K, used 51862K [0x0000000080000000, 0x00000000b0000000, 0x00000000b0000000)
  eden space 629248K,   0% used [0x0000000080000000, 0x0000000080000000, 0x00000000a6680000)
  from space 78592K,  65% used [0x00000000ab340000, 0x00000000ae5e5b18, 0x00000000b0000000)
  to   space 78592K,   0% used [0x00000000a6680000, 0x00000000a6680000, 0x00000000ab340000)
 concurrent mark-sweep generation total 1020372K, used 771285K [0x00000000b0000000, 0x00000000ee475000, 0x0000000100000000)
 Metaspace       used 85084K, capacity 93871K, committed 94164K, reserved 1130496K
  class space    used 10968K, capacity 12723K, committed 12788K, reserved 1048576K
}
Event: 130862.575 GC heap before
{Heap before GC invocations=6871 (full 39):
 par new generation   total 707840K, used 681110K [0x0000000080000000, 0x00000000b0000000, 0x00000000b0000000)
  eden space 629248K, 100% used [0x0000000080000000, 0x00000000a6680000, 0x00000000a6680000)
  from space 78592K,  65% used [0x00000000ab340000, 0x00000000ae5e5b18, 0x00000000b0000000)
  to   space 78592K,   0% used [0x00000000a6680000, 0x00000000a6680000, 0x00000000ab340000)
 concurrent mark-sweep generation total 1020372K, used 771285K [0x00000000b0000000, 0x00000000ee475000, 0x0000000100000000)
 Metaspace       used 85084K, capacity 93871K, committed 94164K, reserved 1130496K
  class space    used 10968K, capacity 12723K, committed 12788K, reserved 1048576K
Event: 130862.666 GC heap after
Heap after GC invocations=6872 (full 39):
 par new generation   total 707840K, used 45997K [0x0000000080000000, 0x00000000b0000000, 0x00000000b0000000)
  eden space 629248K,   0% used [0x0000000080000000, 0x0000000080000000, 0x00000000a6680000)
  from space 78592K,  58% used [0x00000000a6680000, 0x00000000a936b778, 0x00000000ab340000)
  to   space 78592K,   0% used [0x00000000ab340000, 0x00000000ab340000, 0x00000000b0000000)
 concurrent mark-sweep generation total 1020372K, used 795282K [0x00000000b0000000, 0x00000000ee475000, 0x0000000100000000)
 Metaspace       used 85084K, capacity 93871K, committed 94164K, reserved 1130496K
  class space    used 10968K, capacity 12723K, committed 12788K, reserved 1048576K
}
Event: 130866.275 GC heap before
{Heap before GC invocations=6872 (full 39):
 par new generation   total 707840K, used 675245K [0x0000000080000000, 0x00000000b0000000, 0x00000000b0000000)
  eden space 629248K, 100% used [0x0000000080000000, 0x00000000a6680000, 0x00000000a6680000)
  from space 78592K,  58% used [0x00000000a6680000, 0x00000000a936b778, 0x00000000ab340000)
  to   space 78592K,   0% used [0x00000000ab340000, 0x00000000ab340000, 0x00000000b0000000)
 concurrent mark-sweep generation total 1020372K, used 795282K [0x00000000b0000000, 0x00000000ee475000, 0x0000000100000000)
 Metaspace       used 85084K, capacity 93871K, committed 94164K, reserved 1130496K
  class space    used 10968K, capacity 12723K, committed 12788K, reserved 1048576K
Event: 130866.335 GC heap after
Heap after GC invocations=6873 (full 39):
 par new generation   total 707840K, used 78592K [0x0000000080000000, 0x00000000b0000000, 0x00000000b0000000)
  eden space 629248K,   0% used [0x0000000080000000, 0x0000000080000000, 0x00000000a6680000)
  from space 78592K, 100% used [0x00000000ab340000, 0x00000000b0000000, 0x00000000b0000000)
  to   space 78592K,   0% used [0x00000000a6680000, 0x00000000a6680000, 0x00000000ab340000)
 concurrent mark-sweep generation total 1020372K, used 795295K [0x00000000b0000000, 0x00000000ee475000, 0x0000000100000000)
 Metaspace       used 85084K, capacity 93871K, committed 94164K, reserved 1130496K
  class space    used 10968K, capacity 12723K, committed 12788K, reserved 1048576K
}
Event: 130869.162 GC heap before
{Heap before GC invocations=6873 (full 39):
 par new generation   total 707840K, used 707840K [0x0000000080000000, 0x00000000b0000000, 0x00000000b0000000)
  eden space 629248K, 100% used [0x0000000080000000, 0x00000000a6680000, 0x00000000a6680000)
  from space 78592K, 100% used [0x00000000ab340000, 0x00000000b0000000, 0x00000000b0000000)
  to   space 78592K,   0% used [0x00000000a6680000, 0x00000000a6680000, 0x00000000ab340000)
 concurrent mark-sweep generation total 1020372K, used 795295K [0x00000000b0000000, 0x00000000ee475000, 0x0000000100000000)
 Metaspace       used 85086K, capacity 93871K, committed 94164K, reserved 1130496K
  class space    used 10968K, capacity 12723K, committed 12788K, reserved 1048576K
Event: 130869.254 GC heap after
Heap after GC invocations=6874 (full 39):
 par new generation   total 707840K, used 49338K [0x0000000080000000, 0x00000000b0000000, 0x00000000b0000000)
  eden space 629248K,   0% used [0x0000000080000000, 0x0000000080000000, 0x00000000a6680000)
  from space 78592K,  62% used [0x00000000a6680000, 0x00000000a96aeab0, 0x00000000ab340000)
  to   space 78592K,   0% used [0x00000000ab340000, 0x00000000ab340000, 0x00000000b0000000)
 concurrent mark-sweep generation total 1020372K, used 813809K [0x00000000b0000000, 0x00000000ee475000, 0x0000000100000000)
 Metaspace       used 85086K, capacity 93871K, committed 94164K, reserved 1130496K
  class space    used 10968K, capacity 12723K, committed 12788K, reserved 1048576K
}
Event: 130870.290 GC heap before
{Heap before GC invocations=6874 (full 39):
 par new generation   total 707840K, used 678586K [0x0000000080000000, 0x00000000b0000000, 0x00000000b0000000)
  eden space 629248K, 100% used [0x0000000080000000, 0x00000000a6680000, 0x00000000a6680000)
  from space 78592K,  62% used [0x00000000a6680000, 0x00000000a96aeab0, 0x00000000ab340000)
  to   space 78592K,   0% used [0x00000000ab340000, 0x00000000ab340000, 0x00000000b0000000)
 concurrent mark-sweep generation total 1020372K, used 813809K [0x00000000b0000000, 0x00000000ee475000, 0x0000000100000000)
 Metaspace       used 85086K, capacity 93871K, committed 94164K, reserved 1130496K
  class space    used 10968K, capacity 12723K, committed 12788K, reserved 1048576K
Event: 130870.367 GC heap after
Heap after GC invocations=6875 (full 39):
 par new generation   total 707840K, used 45594K [0x0000000080000000, 0x00000000b0000000, 0x00000000b0000000)
  eden space 629248K,   0% used [0x0000000080000000, 0x0000000080000000, 0x00000000a6680000)
  from space 78592K,  58% used [0x00000000ab340000, 0x00000000adfc6818, 0x00000000b0000000)
  to   space 78592K,   0% used [0x00000000a6680000, 0x00000000a6680000, 0x00000000ab340000)
 concurrent mark-sweep generation total 1020372K, used 830779K [0x00000000b0000000, 0x00000000ee475000, 0x0000000100000000)
 Metaspace       used 85086K, capacity 93871K, committed 94164K, reserved 1130496K
  class space    used 10968K, capacity 12723K, committed 12788K, reserved 1048576K
}
Event: 130872.200 GC heap before
{Heap before GC invocations=6875 (full 39):
 par new generation   total 707840K, used 674842K [0x0000000080000000, 0x00000000b0000000, 0x00000000b0000000)
  eden space 629248K, 100% used [0x0000000080000000, 0x00000000a6680000, 0x00000000a6680000)
  from space 78592K,  58% used [0x00000000ab340000, 0x00000000adfc6818, 0x00000000b0000000)
  to   space 78592K,   0% used [0x00000000a6680000, 0x00000000a6680000, 0x00000000ab340000)
 concurrent mark-sweep generation total 1020372K, used 830779K [0x00000000b0000000, 0x00000000ee475000, 0x0000000100000000)
 Metaspace       used 85086K, capacity 93871K, committed 94164K, reserved 1130496K
  class space    used 10968K, capacity 12723K, committed 12788K, reserved 1048576K
Event: 130872.241 GC heap after
Heap after GC invocations=6876 (full 39):
 par new generation   total 707840K, used 55955K [0x0000000080000000, 0x00000000b0000000, 0x00000000b0000000)
  eden space 629248K,   0% used [0x0000000080000000, 0x0000000080000000, 0x00000000a6680000)
  from space 78592K,  71% used [0x00000000a6680000, 0x00000000a9d24e58, 0x00000000ab340000)
  to   space 78592K,   0% used [0x00000000ab340000, 0x00000000ab340000, 0x00000000b0000000)
 concurrent mark-sweep generation total 1020372K, used 830779K [0x00000000b0000000, 0x00000000ee475000, 0x0000000100000000)
 Metaspace       used 85086K, capacity 93871K, committed 94164K, reserved 1130496K
  class space    used 10968K, capacity 12723K, committed 12788K, reserved 1048576K
}
Event: 130876.544 GC heap before
{Heap before GC invocations=6876 (full 39):
 par new generation   total 707840K, used 685203K [0x0000000080000000, 0x00000000b0000000, 0x00000000b0000000)
  eden space 629248K, 100% used [0x0000000080000000, 0x00000000a6680000, 0x00000000a6680000)
  from space 78592K,  71% used [0x00000000a6680000, 0x00000000a9d24e58, 0x00000000ab340000)
  to   space 78592K,   0% used [0x00000000ab340000, 0x00000000ab340000, 0x00000000b0000000)
 concurrent mark-sweep generation total 1020372K, used 830779K [0x00000000b0000000, 0x00000000ee475000, 0x0000000100000000)
 Metaspace       used 85086K, capacity 93871K, committed 94164K, reserved 1130496K
  class space    used 10968K, capacity 12723K, committed 12788K, reserved 1048576K
Event: 130876.596 GC heap after
Heap after GC invocations=6877 (full 39):
 par new generation   total 707840K, used 52583K [0x0000000080000000, 0x00000000b0000000, 0x00000000b0000000)
  eden space 629248K,   0% used [0x0000000080000000, 0x0000000080000000, 0x00000000a6680000)
  from space 78592K,  66% used [0x00000000ab340000, 0x00000000ae699ec0, 0x00000000b0000000)
  to   space 78592K,   0% used [0x00000000a6680000, 0x00000000a6680000, 0x00000000ab340000)
 concurrent mark-sweep generation total 1020372K, used 830779K [0x00000000b0000000, 0x00000000ee475000, 0x0000000100000000)
 Metaspace       used 85086K, capacity 93871K, committed 94164K, reserved 1130496K
  class space    used 10968K, capacity 12723K, committed 12788K, reserved 1048576K
}
Event: 130880.227 GC heap before
{Heap before GC invocations=6877 (full 39):
 par new generation   total 707840K, used 681831K [0x0000000080000000, 0x00000000b0000000, 0x00000000b0000000)
  eden space 629248K, 100% used [0x0000000080000000, 0x00000000a6680000, 0x00000000a6680000)
  from space 78592K,  66% used [0x00000000ab340000, 0x00000000ae699ec0, 0x00000000b0000000)
  to   space 78592K,   0% used [0x00000000a6680000, 0x00000000a6680000, 0x00000000ab340000)
 concurrent mark-sweep generation total 1020372K, used 830779K [0x00000000b0000000, 0x00000000ee475000, 0x0000000100000000)
 Metaspace       used 85086K, capacity 93871K, committed 94164K, reserved 1130496K
  class space    used 10968K, capacity 12723K, committed 12788K, reserved 1048576K
Event: 130880.305 GC heap after
Heap after GC invocations=6878 (full 39):
 par new generation   total 707840K, used 72774K [0x0000000080000000, 0x00000000b0000000, 0x00000000b0000000)
  eden space 629248K,   0% used [0x0000000080000000, 0x0000000080000000, 0x00000000a6680000)
  from space 78592K,  92% used [0x00000000a6680000, 0x00000000aad91bc0, 0x00000000ab340000)
  to   space 78592K,   0% used [0x00000000ab340000, 0x00000000ab340000, 0x00000000b0000000)
 concurrent mark-sweep generation total 1020372K, used 838971K [0x00000000b0000000, 0x00000000ee475000, 0x0000000100000000)
 Metaspace       used 85086K, capacity 93871K, committed 94164K, reserved 1130496K
  class space    used 10968K, capacity 12723K, committed 12788K, reserved 1048576K
}
Event: 130884.248 GC heap before
{Heap before GC invocations=6878 (full 39):
 par new generation   total 707840K, used 702022K [0x0000000080000000, 0x00000000b0000000, 0x00000000b0000000)
  eden space 629248K, 100% used [0x0000000080000000, 0x00000000a6680000, 0x00000000a6680000)
  from space 78592K,  92% used [0x00000000a6680000, 0x00000000aad91bc0, 0x00000000ab340000)
  to   space 78592K,   0% used [0x00000000ab340000, 0x00000000ab340000, 0x00000000b0000000)
 concurrent mark-sweep generation total 1020372K, used 838971K [0x00000000b0000000, 0x00000000ee475000, 0x0000000100000000)
 Metaspace       used 85086K, capacity 93871K, committed 94164K, reserved 1130496K
  class space    used 10968K, capacity 12723K, committed 12788K, reserved 1048576K
Event: 130884.377 GC heap after
Heap after GC invocations=6879 (full 39):
 par new generation   total 707840K, used 71283K [0x0000000080000000, 0x00000000b0000000, 0x00000000b0000000)
  eden space 629248K,   0% used [0x0000000080000000, 0x0000000080000000, 0x00000000a6680000)
  from space 78592K,  90% used [0x00000000ab340000, 0x00000000af8dcc60, 0x00000000b0000000)
  to   space 78592K,   0% used [0x00000000a6680000, 0x00000000a6680000, 0x00000000ab340000)
 concurrent mark-sweep generation total 1020372K, used 848892K [0x00000000b0000000, 0x00000000ee475000, 0x0000000100000000)
 Metaspace       used 85086K, capacity 93871K, committed 94164K, reserved 1130496K
  class space    used 10968K, capacity 12723K, committed 12788K, reserved 1048576K
}
Event: 130889.574 GC heap before
{Heap before GC invocations=6879 (full 39):
 par new generation   total 707840K, used 700531K [0x0000000080000000, 0x00000000b0000000, 0x00000000b0000000)
  eden space 629248K, 100% used [0x0000000080000000, 0x00000000a6680000, 0x00000000a6680000)
  from space 78592K,  90% used [0x00000000ab340000, 0x00000000af8dcc60, 0x00000000b0000000)
  to   space 78592K,   0% used [0x00000000a6680000, 0x00000000a6680000, 0x00000000ab340000)
 concurrent mark-sweep generation total 1020372K, used 848892K [0x00000000b0000000, 0x00000000ee475000, 0x0000000100000000)
 Metaspace       used 85086K, capacity 93871K, committed 94164K, reserved 1130496K
  class space    used 10968K, capacity 12723K, committed 12788K, reserved 1048576K
Event: 130889.650 GC heap after
Heap after GC invocations=6880 (full 39):
 par new generation   total 707840K, used 48752K [0x0000000080000000, 0x00000000b0000000, 0x00000000b0000000)
  eden space 629248K,   0% used [0x0000000080000000, 0x0000000080000000, 0x00000000a6680000)
  from space 78592K,  62% used [0x00000000a6680000, 0x00000000a961c250, 0x00000000ab340000)
  to   space 78592K,   0% used [0x00000000ab340000, 0x00000000ab340000, 0x00000000b0000000)
 concurrent mark-sweep generation total 1020372K, used 863376K [0x00000000b0000000, 0x00000000ee475000, 0x0000000100000000)
 Metaspace       used 85086K, capacity 93871K, committed 94164K, reserved 1130496K
  class space    used 10968K, capacity 12723K, committed 12788K, reserved 1048576K
}
Event: 130894.097 GC heap before
{Heap before GC invocations=6880 (full 39):
 par new generation   total 707840K, used 678000K [0x0000000080000000, 0x00000000b0000000, 0x00000000b0000000)
  eden space 629248K, 100% used [0x0000000080000000, 0x00000000a6680000, 0x00000000a6680000)
  from space 78592K,  62% used [0x00000000a6680000, 0x00000000a961c250, 0x00000000ab340000)
  to   space 78592K,   0% used [0x00000000ab340000, 0x00000000ab340000, 0x00000000b0000000)
 concurrent mark-sweep generation total 1020372K, used 863376K [0x00000000b0000000, 0x00000000ee475000, 0x0000000100000000)
 Metaspace       used 85088K, capacity 93871K, committed 94164K, reserved 1130496K
  class space    used 10968K, capacity 12723K, committed 12788K, reserved 1048576K
Event: 130894.154 GC heap after
Heap after GC invocations=6881 (full 39):
 par new generation   total 707840K, used 78592K [0x0000000080000000, 0x00000000b0000000, 0x00000000b0000000)
  eden space 629248K,   0% used [0x0000000080000000, 0x0000000080000000, 0x00000000a6680000)
  from space 78592K, 100% used [0x00000000ab340000, 0x00000000b0000000, 0x00000000b0000000)
  to   space 78592K,   0% used [0x00000000a6680000, 0x00000000a6680000, 0x00000000ab340000)
 concurrent mark-sweep generation total 1020372K, used 863391K [0x00000000b0000000, 0x00000000ee475000, 0x0000000100000000)
 Metaspace       used 85088K, capacity 93871K, committed 94164K, reserved 1130496K
  class space    used 10968K, capacity 12723K, committed 12788K, reserved 1048576K
}
Event: 130900.050 GC heap before
{Heap before GC invocations=6881 (full 39):
 par new generation   total 707840K, used 707840K [0x0000000080000000, 0x00000000b0000000, 0x00000000b0000000)
  eden space 629248K, 100% used [0x0000000080000000, 0x00000000a6680000, 0x00000000a6680000)
  from space 78592K, 100% used [0x00000000ab340000, 0x00000000b0000000, 0x00000000b0000000)
  to   space 78592K,   0% used [0x00000000a6680000, 0x00000000a6680000, 0x00000000ab340000)
 concurrent mark-sweep generation total 1020372K, used 863391K [0x00000000b0000000, 0x00000000ee475000, 0x0000000100000000)
 Metaspace       used 85088K, capacity 93871K, committed 94164K, reserved 1130496K
  class space    used 10968K, capacity 12723K, committed 12788K, reserved 1048576K
Event: 130900.113 GC heap after
Heap after GC invocations=6882 (full 39):
 par new generation   total 707840K, used 55283K [0x0000000080000000, 0x00000000b0000000, 0x00000000b0000000)
  eden space 629248K,   0% used [0x0000000080000000, 0x0000000080000000, 0x00000000a6680000)
  from space 78592K,  70% used [0x00000000a6680000, 0x00000000a9c7cef0, 0x00000000ab340000)
  to   space 78592K,   0% used [0x00000000ab340000, 0x00000000ab340000, 0x00000000b0000000)
 concurrent mark-sweep generation total 1020372K, used 873902K [0x00000000b0000000, 0x00000000ee475000, 0x0000000100000000)
 Metaspace       used 85088K, capacity 93871K, committed 94164K, reserved 1130496K
  class space    used 10968K, capacity 12723K, committed 12788K, reserved 1048576K
}
Event: 130905.889 GC heap before
{Heap before GC invocations=6882 (full 39):
 par new generation   total 707840K, used 684531K [0x0000000080000000, 0x00000000b0000000, 0x00000000b0000000)
  eden space 629248K, 100% used [0x0000000080000000, 0x00000000a6680000, 0x00000000a6680000)
  from space 78592K,  70% used [0x00000000a6680000, 0x00000000a9c7cef0, 0x00000000ab340000)
  to   space 78592K,   0% used [0x00000000ab340000, 0x00000000ab340000, 0x00000000b0000000)
 concurrent mark-sweep generation total 1020372K, used 873902K [0x00000000b0000000, 0x00000000ee475000, 0x0000000100000000)
 Metaspace       used 85088K, capacity 93871K, committed 94164K, reserved 1130496K
  class space    used 10968K, capacity 12723K, committed 12788K, reserved 1048576K
Event: 130905.933 GC heap after
Heap after GC invocations=6883 (full 39):
 par new generation   total 707840K, used 38311K [0x0000000080000000, 0x00000000b0000000, 0x00000000b0000000)
  eden space 629248K,   0% used [0x0000000080000000, 0x0000000080000000, 0x00000000a6680000)
  from space 78592K,  48% used [0x00000000ab340000, 0x00000000ad8a9fb8, 0x00000000b0000000)
  to   space 78592K,   0% used [0x00000000a6680000, 0x00000000a6680000, 0x00000000ab340000)
 concurrent mark-sweep generation total 1020372K, used 873902K [0x00000000b0000000, 0x00000000ee475000, 0x0000000100000000)
 Metaspace       used 85088K, capacity 93871K, committed 94164K, reserved 1130496K
  class space    used 10968K, capacity 12723K, committed 12788K, reserved 1048576K
}
Event: 130911.179 GC heap before
{Heap before GC invocations=6883 (full 39):
 par new generation   total 707840K, used 667559K [0x0000000080000000, 0x00000000b0000000, 0x00000000b0000000)
  eden space 629248K, 100% used [0x0000000080000000, 0x00000000a6680000, 0x00000000a6680000)
  from space 78592K,  48% used [0x00000000ab340000, 0x00000000ad8a9fb8, 0x00000000b0000000)
  to   space 78592K,   0% used [0x00000000a6680000, 0x00000000a6680000, 0x00000000ab340000)
 concurrent mark-sweep generation total 1020372K, used 873902K [0x00000000b0000000, 0x00000000ee475000, 0x0000000100000000)
 Metaspace       used 85088K, capacity 93871K, committed 94164K, reserved 1130496K
  class space    used 10968K, capacity 12723K, committed 12788K, reserved 1048576K
Event: 130911.238 GC heap after
Heap after GC invocations=6884 (full 39):
 par new generation   total 707840K, used 61207K [0x0000000080000000, 0x00000000b0000000, 0x00000000b0000000)
  eden space 629248K,   0% used [0x0000000080000000, 0x0000000080000000, 0x00000000a6680000)
  from space 78592K,  77% used [0x00000000a6680000, 0x00000000aa245df0, 0x00000000ab340000)
  to   space 78592K,   0% used [0x00000000ab340000, 0x00000000ab340000, 0x00000000b0000000)
 concurrent mark-sweep generation total 1020372K, used 873902K [0x00000000b0000000, 0x00000000ee475000, 0x0000000100000000)
 Metaspace       used 85088K, capacity 93871K, committed 94164K, reserved 1130496K
  class space    used 10968K, capacity 12723K, committed 12788K, reserved 1048576K
}
Event: 130915.395 GC heap before
{Heap before GC invocations=6884 (full 39):
 par new generation   total 707840K, used 690455K [0x0000000080000000, 0x00000000b0000000, 0x00000000b0000000)
  eden space 629248K, 100% used [0x0000000080000000, 0x00000000a6680000, 0x00000000a6680000)
  from space 78592K,  77% used [0x00000000a6680000, 0x00000000aa245df0, 0x00000000ab340000)
  to   space 78592K,   0% used [0x00000000ab340000, 0x00000000ab340000, 0x00000000b0000000)
 concurrent mark-sweep generation total 1020372K, used 873902K [0x00000000b0000000, 0x00000000ee475000, 0x0000000100000000)
 Metaspace       used 85088K, capacity 93871K, committed 94164K, reserved 1130496K
  class space    used 10968K, capacity 12723K, committed 12788K, reserved 1048576K
Event: 130915.474 GC heap after
Heap after GC invocations=6885 (full 39):
 par new generation   total 707840K, used 78592K [0x0000000080000000, 0x00000000b0000000, 0x00000000b0000000)
  eden space 629248K,   0% used [0x0000000080000000, 0x0000000080000000, 0x00000000a6680000)
  from space 78592K, 100% used [0x00000000ab340000, 0x00000000b0000000, 0x00000000b0000000)
  to   space 78592K,   0% used [0x00000000a6680000, 0x00000000a6680000, 0x00000000ab340000)
 concurrent mark-sweep generation total 1020372K, used 882024K [0x00000000b0000000, 0x00000000ee475000, 0x0000000100000000)
 Metaspace       used 85088K, capacity 93871K, committed 94164K, reserved 1130496K
  class space    used 10968K, capacity 12723K, committed 12788K, reserved 1048576K
}
Event: 130918.075 GC heap before
{Heap before GC invocations=6885 (full 39):
 par new generation   total 707840K, used 707840K [0x0000000080000000, 0x00000000b0000000, 0x00000000b0000000)
  eden space 629248K, 100% used [0x0000000080000000, 0x00000000a6680000, 0x00000000a6680000)
  from space 78592K, 100% used [0x00000000ab340000, 0x00000000b0000000, 0x00000000b0000000)
  to   space 78592K,   0% used [0x00000000a6680000, 0x00000000a6680000, 0x00000000ab340000)
 concurrent mark-sweep generation total 1020372K, used 882024K [0x00000000b0000000, 0x00000000ee475000, 0x0000000100000000)
 Metaspace       used 85088K, capacity 93871K, committed 94164K, reserved 1130496K
  class space    used 10968K, capacity 12723K, committed 12788K, reserved 1048576K
Event: 130918.171 GC heap after
Heap after GC invocations=6886 (full 39):
 par new generation   total 707840K, used 51904K [0x0000000080000000, 0x00000000b0000000, 0x00000000b0000000)
  eden space 629248K,   0% used [0x0000000080000000, 0x0000000080000000, 0x00000000a6680000)
  from space 78592K,  66% used [0x00000000a6680000, 0x00000000a9930080, 0x00000000ab340000)
  to   space 78592K,   0% used [0x00000000ab340000, 0x00000000ab340000, 0x00000000b0000000)
 concurrent mark-sweep generation total 1020372K, used 908221K [0x00000000b0000000, 0x00000000ee475000, 0x0000000100000000)
 Metaspace       used 85088K, capacity 93871K, committed 94164K, reserved 1130496K
  class space    used 10968K, capacity 12723K, committed 12788K, reserved 1048576K
}
Event: 130922.230 GC heap before
{Heap before GC invocations=6886 (full 39):
 par new generation   total 707840K, used 681152K [0x0000000080000000, 0x00000000b0000000, 0x00000000b0000000)
  eden space 629248K, 100% used [0x0000000080000000, 0x00000000a6680000, 0x00000000a6680000)
  from space 78592K,  66% used [0x00000000a6680000, 0x00000000a9930080, 0x00000000ab340000)
  to   space 78592K,   0% used [0x00000000ab340000, 0x00000000ab340000, 0x00000000b0000000)
 concurrent mark-sweep generation total 1020372K, used 908221K [0x00000000b0000000, 0x00000000ee475000, 0x0000000100000000)
 Metaspace       used 85090K, capacity 93871K, committed 94164K, reserved 1130496K
  class space    used 10968K, capacity 12723K, committed 12788K, reserved 1048576K
Event: 130922.285 GC heap after
Heap after GC invocations=6887 (full 39):
 par new generation   total 707840K, used 78592K [0x0000000080000000, 0x00000000b0000000, 0x00000000b0000000)
  eden space 629248K,   0% used [0x0000000080000000, 0x0000000080000000, 0x00000000a6680000)
  from space 78592K, 100% used [0x00000000ab340000, 0x00000000b0000000, 0x00000000b0000000)
  to   space 78592K,   0% used [0x00000000a6680000, 0x00000000a6680000, 0x00000000ab340000)
 concurrent mark-sweep generation total 1020372K, used 908242K [0x00000000b0000000, 0x00000000ee475000, 0x0000000100000000)
 Metaspace       used 85090K, capacity 93871K, committed 94164K, reserved 1130496K
  class space    used 10968K, capacity 12723K, committed 12788K, reserved 1048576K
}
Event: 130927.655 GC heap before
{Heap before GC invocations=6887 (full 39):
 par new generation   total 707840K, used 707840K [0x0000000080000000, 0x00000000b0000000, 0x00000000b0000000)
  eden space 629248K, 100% used [0x0000000080000000, 0x00000000a6680000, 0x00000000a6680000)
  from space 78592K, 100% used [0x00000000ab340000, 0x00000000b0000000, 0x00000000b0000000)
  to   space 78592K,   0% used [0x00000000a6680000, 0x00000000a6680000, 0x00000000ab340000)
 concurrent mark-sweep generation total 1020372K, used 908242K [0x00000000b0000000, 0x00000000ee475000, 0x0000000100000000)
 Metaspace       used 85090K, capacity 93871K, committed 94164K, reserved 1130496K
  class space    used 10968K, capacity 12723K, committed 12788K, reserved 1048576K
Event: 130927.724 GC heap after
Heap after GC invocations=6888 (full 39):
 par new generation   total 707840K, used 46138K [0x0000000080000000, 0x00000000b0000000, 0x00000000b0000000)
  eden space 629248K,   0% used [0x0000000080000000, 0x0000000080000000, 0x00000000a6680000)
  from space 78592K,  58% used [0x00000000a6680000, 0x00000000a938e830, 0x00000000ab340000)
  to   space 78592K,   0% used [0x00000000ab340000, 0x00000000ab340000, 0x00000000b0000000)
 concurrent mark-sweep generation total 1020372K, used 923756K [0x00000000b0000000, 0x00000000ee475000, 0x0000000100000000)
 Metaspace       used 85090K, capacity 93871K, committed 94164K, reserved 1130496K
  class space    used 10968K, capacity 12723K, committed 12788K, reserved 1048576K
}
Event: 130930.305 GC heap before
{Heap before GC invocations=6888 (full 39):
 par new generation   total 707840K, used 675386K [0x0000000080000000, 0x00000000b0000000, 0x00000000b0000000)
  eden space 629248K, 100% used [0x0000000080000000, 0x00000000a6680000, 0x00000000a6680000)
  from space 78592K,  58% used [0x00000000a6680000, 0x00000000a938e830, 0x00000000ab340000)
  to   space 78592K,   0% used [0x00000000ab340000, 0x00000000ab340000, 0x00000000b0000000)
 concurrent mark-sweep generation total 1020372K, used 923756K [0x00000000b0000000, 0x00000000ee475000, 0x0000000100000000)
 Metaspace       used 85090K, capacity 93871K, committed 94164K, reserved 1130496K
  class space    used 10968K, capacity 12723K, committed 12788K, reserved 1048576K
Event: 130930.364 GC heap after
Heap after GC invocations=6889 (full 39):
 par new generation   total 707840K, used 70863K [0x0000000080000000, 0x00000000b0000000, 0x00000000b0000000)
  eden space 629248K,   0% used [0x0000000080000000, 0x0000000080000000, 0x00000000a6680000)
  from space 78592K,  90% used [0x00000000ab340000, 0x00000000af873c00, 0x00000000b0000000)
  to   space 78592K,   0% used [0x00000000a6680000, 0x00000000a6680000, 0x00000000ab340000)
 concurrent mark-sweep generation total 1020372K, used 923756K [0x00000000b0000000, 0x00000000ee475000, 0x0000000100000000)
 Metaspace       used 85090K, capacity 93871K, committed 94164K, reserved 1130496K
  class space    used 10968K, capacity 12723K, committed 12788K, reserved 1048576K
}
Event: 130931.295 GC heap before
{Heap before GC invocations=6889 (full 39):
 par new generation   total 707840K, used 700111K [0x0000000080000000, 0x00000000b0000000, 0x00000000b0000000)
  eden space 629248K, 100% used [0x0000000080000000, 0x00000000a6680000, 0x00000000a6680000)
  from space 78592K,  90% used [0x00000000ab340000, 0x00000000af873c00, 0x00000000b0000000)
  to   space 78592K,   0% used [0x00000000a6680000, 0x00000000a6680000, 0x00000000ab340000)
 concurrent mark-sweep generation total 1020372K, used 923756K [0x00000000b0000000, 0x00000000ee475000, 0x0000000100000000)
 Metaspace       used 85090K, capacity 93871K, committed 94164K, reserved 1130496K
  class space    used 10968K, capacity 12723K, committed 12788K, reserved 1048576K
Event: 130931.382 GC heap after
Heap after GC invocations=6890 (full 39):
 par new generation   total 707840K, used 78592K [0x0000000080000000, 0x00000000b0000000, 0x00000000b0000000)
  eden space 629248K,   0% used [0x0000000080000000, 0x0000000080000000, 0x00000000a6680000)
  from space 78592K, 100% used [0x00000000a6680000, 0x00000000ab340000, 0x00000000ab340000)
  to   space 78592K,   0% used [0x00000000ab340000, 0x00000000ab340000, 0x00000000b0000000)
 concurrent mark-sweep generation total 1020372K, used 930936K [0x00000000b0000000, 0x00000000ee475000, 0x0000000100000000)
 Metaspace       used 85090K, capacity 93871K, committed 94164K, reserved 1130496K
  class space    used 10968K, capacity 12723K, committed 12788K, reserved 1048576K
}
Event: 130932.259 GC heap before
{Heap before GC invocations=6890 (full 39):
 par new generation   total 707840K, used 707840K [0x0000000080000000, 0x00000000b0000000, 0x00000000b0000000)
  eden space 629248K, 100% used [0x0000000080000000, 0x00000000a6680000, 0x00000000a6680000)
  from space 78592K, 100% used [0x00000000a6680000, 0x00000000ab340000, 0x00000000ab340000)
  to   space 78592K,   0% used [0x00000000ab340000, 0x00000000ab340000, 0x00000000b0000000)
 concurrent mark-sweep generation total 1020372K, used 930936K [0x00000000b0000000, 0x00000000ee475000, 0x0000000100000000)
 Metaspace       used 85093K, capacity 93871K, committed 94164K, reserved 1130496K
  class space    used 10968K, capacity 12723K, committed 12788K, reserved 1048576K
Event: 130932.355 GC heap after
Heap after GC invocations=6891 (full 39):
 par new generation   total 707840K, used 78592K [0x0000000080000000, 0x00000000b0000000, 0x00000000b0000000)
  eden space 629248K,   0% used [0x0000000080000000, 0x0000000080000000, 0x00000000a6680000)
  from space 78592K, 100% used [0x00000000ab340000, 0x00000000b0000000, 0x00000000b0000000)
  to   space 78592K,   0% used [0x00000000a6680000, 0x00000000a6680000, 0x00000000ab340000)
 concurrent mark-sweep generation total 1020372K, used 954759K [0x00000000b0000000, 0x00000000ee475000, 0x0000000100000000)
 Metaspace       used 85093K, capacity 93871K, committed 94164K, reserved 1130496K
  class space    used 10968K, capacity 12723K, committed 12788K, reserved 1048576K
}
Event: 130933.982 GC heap before
{Heap before GC invocations=6891 (full 40):
 par new generation   total 707840K, used 707840K [0x0000000080000000, 0x00000000b0000000, 0x00000000b0000000)
  eden space 629248K, 100% used [0x0000000080000000, 0x00000000a6680000, 0x00000000a6680000)
  from space 78592K, 100% used [0x00000000ab340000, 0x00000000b0000000, 0x00000000b0000000)
  to   space 78592K,   0% used [0x00000000a6680000, 0x00000000a6680000, 0x00000000ab340000)
 concurrent mark-sweep generation total 1020372K, used 954759K [0x00000000b0000000, 0x00000000ee475000, 0x0000000100000000)
 Metaspace       used 85093K, capacity 93871K, committed 94164K, reserved 1130496K
  class space    used 10968K, capacity 12723K, committed 12788K, reserved 1048576K
Event: 130934.086 GC heap after
Heap after GC invocations=6892 (full 40):
 par new generation   total 707840K, used 51520K [0x0000000080000000, 0x00000000b0000000, 0x00000000b0000000)
  eden space 629248K,   0% used [0x0000000080000000, 0x0000000080000000, 0x00000000a6680000)
  from space 78592K,  65% used [0x00000000a6680000, 0x00000000a98d03f0, 0x00000000ab340000)
  to   space 78592K,   0% used [0x00000000ab340000, 0x00000000ab340000, 0x00000000b0000000)
 concurrent mark-sweep generation total 1020372K, used 979493K [0x00000000b0000000, 0x00000000ee475000, 0x0000000100000000)
 Metaspace       used 85093K, capacity 93871K, committed 94164K, reserved 1130496K
  class space    used 10968K, capacity 12723K, committed 12788K, reserved 1048576K
}
Event: 130936.015 GC heap before
{Heap before GC invocations=6892 (full 40):
 par new generation   total 707840K, used 680768K [0x0000000080000000, 0x00000000b0000000, 0x00000000b0000000)
  eden space 629248K, 100% used [0x0000000080000000, 0x00000000a6680000, 0x00000000a6680000)
  from space 78592K,  65% used [0x00000000a6680000, 0x00000000a98d03f0, 0x00000000ab340000)
  to   space 78592K,   0% used [0x00000000ab340000, 0x00000000ab340000, 0x00000000b0000000)
 concurrent mark-sweep generation total 1020372K, used 659438K [0x00000000b0000000, 0x00000000ee475000, 0x0000000100000000)
 Metaspace       used 85093K, capacity 93871K, committed 94164K, reserved 1130496K
  class space    used 10968K, capacity 12723K, committed 12788K, reserved 1048576K
Event: 130936.106 GC heap after
Heap after GC invocations=6893 (full 40):
 par new generation   total 707840K, used 42452K [0x0000000080000000, 0x00000000b0000000, 0x00000000b0000000)
  eden space 629248K,   0% used [0x0000000080000000, 0x0000000080000000, 0x00000000a6680000)
  from space 78592K,  54% used [0x00000000ab340000, 0x00000000adcb5160, 0x00000000b0000000)
  to   space 78592K,   0% used [0x00000000a6680000, 0x00000000a6680000, 0x00000000ab340000)
 concurrent mark-sweep generation total 1020372K, used 680837K [0x00000000b0000000, 0x00000000ee475000, 0x0000000100000000)
 Metaspace       used 85093K, capacity 93871K, committed 94164K, reserved 1130496K
  class space    used 10968K, capacity 12723K, committed 12788K, reserved 1048576K
}
Event: 130942.812 GC heap before
{Heap before GC invocations=6893 (full 40):
 par new generation   total 707840K, used 671749K [0x0000000080000000, 0x00000000b0000000, 0x00000000b0000000)
  eden space 629248K, 100% used [0x0000000080000000, 0x00000000a6680000, 0x00000000a6680000)
  from space 78592K,  54% used [0x00000000ab340000, 0x00000000adcc17c0, 0x00000000b0000000)
  to   space 78592K,   0% used [0x00000000a6680000, 0x00000000a6680000, 0x00000000ab340000)
 concurrent mark-sweep generation total 1020372K, used 546545K [0x00000000b0000000, 0x00000000ee475000, 0x0000000100000000)
 Metaspace       used 85089K, capacity 93865K, committed 94164K, reserved 1130496K
  class space    used 10968K, capacity 12722K, committed 12788K, reserved 1048576K
Event: 130942.869 GC heap after
Heap after GC invocations=6894 (full 40):
 par new generation   total 707840K, used 78592K [0x0000000080000000, 0x00000000b0000000, 0x00000000b0000000)
  eden space 629248K,   0% used [0x0000000080000000, 0x0000000080000000, 0x00000000a6680000)
  from space 78592K, 100% used [0x00000000a6680000, 0x00000000ab340000, 0x00000000ab340000)
  to   space 78592K,   0% used [0x00000000ab340000, 0x00000000ab340000, 0x00000000b0000000)
 concurrent mark-sweep generation total 1020372K, used 546552K [0x00000000b0000000, 0x00000000ee475000, 0x0000000100000000)
 Metaspace       used 85089K, capacity 93865K, committed 94164K, reserved 1130496K
  class space    used 10968K, capacity 12722K, committed 12788K, reserved 1048576K
}
Event: 130942.870 GC heap before
{Heap before GC invocations=6894 (full 40):
 par new generation   total 707840K, used 85746K [0x0000000080000000, 0x00000000b0000000, 0x00000000b0000000)
  eden space 629248K,   1% used [0x0000000080000000, 0x00000000806fcae0, 0x00000000a6680000)
  from space 78592K, 100% used [0x00000000a6680000, 0x00000000ab340000, 0x00000000ab340000)
  to   space 78592K,   0% used [0x00000000ab340000, 0x00000000ab340000, 0x00000000b0000000)
 concurrent mark-sweep generation total 1020372K, used 546552K [0x00000000b0000000, 0x00000000ee475000, 0x0000000100000000)
 Metaspace       used 85089K, capacity 93865K, committed 94164K, reserved 1130496K
  class space    used 10968K, capacity 12722K, committed 12788K, reserved 1048576K
Event: 130942.939 GC heap after
Heap after GC invocations=6895 (full 40):
 par new generation   total 707840K, used 45851K [0x0000000080000000, 0x00000000b0000000, 0x00000000b0000000)
  eden space 629248K,   0% used [0x0000000080000000, 0x0000000080000000, 0x00000000a6680000)
  from space 78592K,  58% used [0x00000000ab340000, 0x00000000ae006f60, 0x00000000b0000000)
  to   space 78592K,   0% used [0x00000000a6680000, 0x00000000a6680000, 0x00000000ab340000)
 concurrent mark-sweep generation total 1020372K, used 563026K [0x00000000b0000000, 0x00000000ee475000, 0x0000000100000000)
 Metaspace       used 85089K, capacity 93865K, committed 94164K, reserved 1130496K
  class space    used 10968K, capacity 12722K, committed 12788K, reserved 1048576K
}
Event: 130955.271 GC heap before
{Heap before GC invocations=6895 (full 40):
 par new generation   total 707840K, used 675099K [0x0000000080000000, 0x00000000b0000000, 0x00000000b0000000)
  eden space 629248K, 100% used [0x0000000080000000, 0x00000000a6680000, 0x00000000a6680000)
  from space 78592K,  58% used [0x00000000ab340000, 0x00000000ae006f60, 0x00000000b0000000)
  to   space 78592K,   0% used [0x00000000a6680000, 0x00000000a6680000, 0x00000000ab340000)
 concurrent mark-sweep generation total 1020372K, used 563026K [0x00000000b0000000, 0x00000000ee475000, 0x0000000100000000)
 Metaspace       used 85089K, capacity 93865K, committed 94164K, reserved 1130496K
  class space    used 10968K, capacity 12722K, committed 12788K, reserved 1048576K
Event: 130955.310 GC heap after
Heap after GC invocations=6896 (full 40):
 par new generation   total 707840K, used 35257K [0x0000000080000000, 0x00000000b0000000, 0x00000000b0000000)
  eden space 629248K,   0% used [0x0000000080000000, 0x0000000080000000, 0x00000000a6680000)
  from space 78592K,  44% used [0x00000000a6680000, 0x00000000a88ee480, 0x00000000ab340000)
  to   space 78592K,   0% used [0x00000000ab340000, 0x00000000ab340000, 0x00000000b0000000)
 concurrent mark-sweep generation total 1020372K, used 563026K [0x00000000b0000000, 0x00000000ee475000, 0x0000000100000000)
 Metaspace       used 85089K, capacity 93865K, committed 94164K, reserved 1130496K
  class space    used 10968K, capacity 12722K, committed 12788K, reserved 1048576K
}
Event: 130970.826 GC heap before
{Heap before GC invocations=6896 (full 40):
 par new generation   total 707840K, used 664505K [0x0000000080000000, 0x00000000b0000000, 0x00000000b0000000)
  eden space 629248K, 100% used [0x0000000080000000, 0x00000000a6680000, 0x00000000a6680000)
  from space 78592K,  44% used [0x00000000a6680000, 0x00000000a88ee480, 0x00000000ab340000)
  to   space 78592K,   0% used [0x00000000ab340000, 0x00000000ab340000, 0x00000000b0000000)
 concurrent mark-sweep generation total 1020372K, used 563026K [0x00000000b0000000, 0x00000000ee475000, 0x0000000100000000)
 Metaspace       used 85089K, capacity 93865K, committed 94164K, reserved 1130496K
  class space    used 10968K, capacity 12722K, committed 12788K, reserved 1048576K
Event: 130970.865 GC heap after
Heap after GC invocations=6897 (full 40):
 par new generation   total 707840K, used 49306K [0x0000000080000000, 0x00000000b0000000, 0x00000000b0000000)
  eden space 629248K,   0% used [0x0000000080000000, 0x0000000080000000, 0x00000000a6680000)
  from space 78592K,  62% used [0x00000000ab340000, 0x00000000ae366a18, 0x00000000b0000000)
  to   space 78592K,   0% used [0x00000000a6680000, 0x00000000a6680000, 0x00000000ab340000)
 concurrent mark-sweep generation total 1020372K, used 563026K [0x00000000b0000000, 0x00000000ee475000, 0x0000000100000000)
 Metaspace       used 85089K, capacity 93865K, committed 94164K, reserved 1130496K
  class space    used 10968K, capacity 12722K, committed 12788K, reserved 1048576K
}
Event: 130980.772 GC heap before
{Heap before GC invocations=6897 (full 40):
 par new generation   total 707840K, used 678554K [0x0000000080000000, 0x00000000b0000000, 0x00000000b0000000)
  eden space 629248K, 100% used [0x0000000080000000, 0x00000000a6680000, 0x00000000a6680000)
  from space 78592K,  62% used [0x00000000ab340000, 0x00000000ae366a18, 0x00000000b0000000)
  to   space 78592K,   0% used [0x00000000a6680000, 0x00000000a6680000, 0x00000000ab340000)
 concurrent mark-sweep generation total 1020372K, used 563026K [0x00000000b0000000, 0x00000000ee475000, 0x0000000100000000)
 Metaspace       used 85089K, capacity 93865K, committed 94164K, reserved 1130496K
  class space    used 10968K, capacity 12722K, committed 12788K, reserved 1048576K
Event: 130980.815 GC heap after
Heap after GC invocations=6898 (full 40):
 par new generation   total 707840K, used 66196K [0x0000000080000000, 0x00000000b0000000, 0x00000000b0000000)
  eden space 629248K,   0% used [0x0000000080000000, 0x0000000080000000, 0x00000000a6680000)
  from space 78592K,  84% used [0x00000000a6680000, 0x00000000aa725090, 0x00000000ab340000)
  to   space 78592K,   0% used [0x00000000ab340000, 0x00000000ab340000, 0x00000000b0000000)
 concurrent mark-sweep generation total 1020372K, used 563026K [0x00000000b0000000, 0x00000000ee475000, 0x0000000100000000)
 Metaspace       used 85089K, capacity 93865K, committed 94164K, reserved 1130496K
  class space    used 10968K, capacity 12722K, committed 12788K, reserved 1048576K
}
Event: 130989.771 GC heap before
{Heap before GC invocations=6898 (full 40):
 par new generation   total 707840K, used 695444K [0x0000000080000000, 0x00000000b0000000, 0x00000000b0000000)
  eden space 629248K, 100% used [0x0000000080000000, 0x00000000a6680000, 0x00000000a6680000)
  from space 78592K,  84% used [0x00000000a6680000, 0x00000000aa725090, 0x00000000ab340000)
  to   space 78592K,   0% used [0x00000000ab340000, 0x00000000ab340000, 0x00000000b0000000)
 concurrent mark-sweep generation total 1020372K, used 563026K [0x00000000b0000000, 0x00000000ee475000, 0x0000000100000000)
 Metaspace       used 85089K, capacity 93865K, committed 94164K, reserved 1130496K
  class space    used 10968K, capacity 12722K, committed 12788K, reserved 1048576K
Event: 130989.824 GC heap after
Heap after GC invocations=6899 (full 40):
 par new generation   total 707840K, used 21728K [0x0000000080000000, 0x00000000b0000000, 0x00000000b0000000)
  eden space 629248K,   0% used [0x0000000080000000, 0x0000000080000000, 0x00000000a6680000)
  from space 78592K,  27% used [0x00000000ab340000, 0x00000000ac8781f8, 0x00000000b0000000)
  to   space 78592K,   0% used [0x00000000a6680000, 0x00000000a6680000, 0x00000000ab340000)
 concurrent mark-sweep generation total 1020372K, used 578946K [0x00000000b0000000, 0x00000000ee475000, 0x0000000100000000)
 Metaspace       used 85089K, capacity 93865K, committed 94164K, reserved 1130496K
  class space    used 10968K, capacity 12722K, committed 12788K, reserved 1048576K
}
Event: 131000.132 GC heap before
{Heap before GC invocations=6899 (full 40):
 par new generation   total 707840K, used 650976K [0x0000000080000000, 0x00000000b0000000, 0x00000000b0000000)
  eden space 629248K, 100% used [0x0000000080000000, 0x00000000a6680000, 0x00000000a6680000)
  from space 78592K,  27% used [0x00000000ab340000, 0x00000000ac8781f8, 0x00000000b0000000)
  to   space 78592K,   0% used [0x00000000a6680000, 0x00000000a6680000, 0x00000000ab340000)
 concurrent mark-sweep generation total 1020372K, used 578946K [0x00000000b0000000, 0x00000000ee475000, 0x0000000100000000)
 Metaspace       used 85090K, capacity 93865K, committed 94164K, reserved 1130496K
  class space    used 10968K, capacity 12722K, committed 12788K, reserved 1048576K
Event: 131000.175 GC heap after
Heap after GC invocations=6900 (full 40):
 par new generation   total 707840K, used 19479K [0x0000000080000000, 0x00000000b0000000, 0x00000000b0000000)
  eden space 629248K,   0% used [0x0000000080000000, 0x0000000080000000, 0x00000000a6680000)
  from space 78592K,  24% used [0x00000000a6680000, 0x00000000a7985c00, 0x00000000ab340000)
  to   space 78592K,   0% used [0x00000000ab340000, 0x00000000ab340000, 0x00000000b0000000)
 concurrent mark-sweep generation total 1020372K, used 585289K [0x00000000b0000000, 0x00000000ee475000, 0x0000000100000000)
 Metaspace       used 85090K, capacity 93865K, committed 94164K, reserved 1130496K
  class space    used 10968K, capacity 12722K, committed 12788K, reserved 1048576K
}
Event: 131014.483 GC heap before
{Heap before GC invocations=6900 (full 40):
 par new generation   total 707840K, used 648727K [0x0000000080000000, 0x00000000b0000000, 0x00000000b0000000)
  eden space 629248K, 100% used [0x0000000080000000, 0x00000000a6680000, 0x00000000a6680000)
  from space 78592K,  24% used [0x00000000a6680000, 0x00000000a7985c00, 0x00000000ab340000)
  to   space 78592K,   0% used [0x00000000ab340000, 0x00000000ab340000, 0x00000000b0000000)
 concurrent mark-sweep generation total 1020372K, used 585289K [0x00000000b0000000, 0x00000000ee475000, 0x0000000100000000)
 Metaspace       used 85090K, capacity 93865K, committed 94164K, reserved 1130496K
  class space    used 10968K, capacity 12722K, committed 12788K, reserved 1048576K
Event: 131014.503 GC heap after
Heap after GC invocations=6901 (full 40):
 par new generation   total 707840K, used 13980K [0x0000000080000000, 0x00000000b0000000, 0x00000000b0000000)
  eden space 629248K,   0% used [0x0000000080000000, 0x0000000080000000, 0x00000000a6680000)
  from space 78592K,  17% used [0x00000000ab340000, 0x00000000ac0e7290, 0x00000000b0000000)
  to   space 78592K,   0% used [0x00000000a6680000, 0x00000000a6680000, 0x00000000ab340000)
 concurrent mark-sweep generation total 1020372K, used 585289K [0x00000000b0000000, 0x00000000ee475000, 0x0000000100000000)
 Metaspace       used 85090K, capacity 93865K, committed 94164K, reserved 1130496K
  class space    used 10968K, capacity 12722K, committed 12788K, reserved 1048576K
}
Event: 131033.336 GC heap before
{Heap before GC invocations=6901 (full 40):
 par new generation   total 707840K, used 643228K [0x0000000080000000, 0x00000000b0000000, 0x00000000b0000000)
  eden space 629248K, 100% used [0x0000000080000000, 0x00000000a6680000, 0x00000000a6680000)
  from space 78592K,  17% used [0x00000000ab340000, 0x00000000ac0e7290, 0x00000000b0000000)
  to   space 78592K,   0% used [0x00000000a6680000, 0x00000000a6680000, 0x00000000ab340000)
 concurrent mark-sweep generation total 1020372K, used 585289K [0x00000000b0000000, 0x00000000ee475000, 0x0000000100000000)
 Metaspace       used 85090K, capacity 93865K, committed 94164K, reserved 1130496K
  class space    used 10968K, capacity 12722K, committed 12788K, reserved 1048576K
Event: 131036.743 GC heap after
Heap after GC invocations=6902 (full 40):
 par new generation   total 707840K, used 18614K [0x0000000080000000, 0x00000000b0000000, 0x00000000b0000000)
  eden space 629248K,   0% used [0x0000000080000000, 0x0000000080000000, 0x00000000a6680000)
  from space 78592K,  23% used [0x00000000a6680000, 0x00000000a78ada50, 0x00000000ab340000)
  to   space 78592K,   0% used [0x00000000ab340000, 0x00000000ab340000, 0x00000000b0000000)
 concurrent mark-sweep generation total 1020372K, used 585430K [0x00000000b0000000, 0x00000000ee475000, 0x0000000100000000)
 Metaspace       used 85090K, capacity 93865K, committed 94164K, reserved 1130496K
  class space    used 10968K, capacity 12722K, committed 12788K, reserved 1048576K
}

