# JRE version: OpenJDK Runtime Environment (8.0_212-b04) (build 1.8.0_212-b04)
# Java VM: OpenJDK 64-Bit Server VM (25.212-b04 mixed mode linux-amd64 compressed oops)
Heap:
 par new generation   total 707840K, used 599224K [0x0000000080000000, 0x00000000b0000000, 0x00000000b0000000)
  eden space 629248K,  88% used [0x0000000080000000, 0x00000000a2102070, 0x00000000a6680000)
  from space 78592K,  52% used [0x00000000a6680000, 0x00000000a8eac330, 0x00000000ab340000)
  to   space 78592K,   0% used [0x00000000ab340000, 0x00000000ab340000, 0x00000000b0000000)
 concurrent mark-sweep generation total 721868K, used 510380K [0x00000000b0000000, 0x00000000dc0f3000, 0x0000000100000000)
 Metaspace       used 81494K, capacity 90083K, committed 90368K, reserved 1126400K
  class space    used 10973K, capacity 12737K, committed 12800K, reserved 1048576K
GC Heap History (156 events):
Event: 10.224 GC heap before
{Heap before GC invocations=0 (full 1):
 par new generation   total 707840K, used 629248K [0x0000000080000000, 0x00000000b0000000, 0x00000000b0000000)
  eden space 629248K, 100% used [0x0000000080000000, 0x00000000a6680000, 0x00000000a6680000)
  from space 78592K,   0% used [0x00000000a6680000, 0x00000000a6680000, 0x00000000ab340000)
  to   space 78592K,   0% used [0x00000000ab340000, 0x00000000ab340000, 0x00000000b0000000)
 concurrent mark-sweep generation total 6144K, used 0K [0x00000000b0000000, 0x00000000b0600000, 0x0000000100000000)
 Metaspace       used 38212K, capacity 41091K, committed 41216K, reserved 1083392K
  class space    used 5405K, capacity 6313K, committed 6400K, reserved 1048576K
Event: 10.558 GC heap after
Heap after GC invocations=1 (full 1):
 par new generation   total 707840K, used 78592K [0x0000000080000000, 0x00000000b0000000, 0x00000000b0000000)
  eden space 629248K,   0% used [0x0000000080000000, 0x0000000080000000, 0x00000000a6680000)
  from space 78592K, 100% used [0x00000000ab340000, 0x00000000b0000000, 0x00000000b0000000)
  to   space 78592K,   0% used [0x00000000a6680000, 0x00000000a6680000, 0x00000000ab340000)
 concurrent mark-sweep generation total 15168K, used 14711K [0x00000000b0000000, 0x00000000b0ed0000, 0x0000000100000000)
 Metaspace       used 38212K, capacity 41091K, committed 41216K, reserved 1083392K
  class space    used 5405K, capacity 6313K, committed 6400K, reserved 1048576K
}
Event: 16.004 GC heap before
{Heap before GC invocations=1 (full 2):
 par new generation   total 707840K, used 707840K [0x0000000080000000, 0x00000000b0000000, 0x00000000b0000000)
  eden space 629248K, 100% used [0x0000000080000000, 0x00000000a6680000, 0x00000000a6680000)
  from space 78592K, 100% used [0x00000000ab340000, 0x00000000b0000000, 0x00000000b0000000)
  to   space 78592K,   0% used [0x00000000a6680000, 0x00000000a6680000, 0x00000000ab340000)
 concurrent mark-sweep generation total 24520K, used 14711K [0x00000000b0000000, 0x00000000b17f2000, 0x0000000100000000)
 Metaspace       used 47542K, capacity 50711K, committed 51072K, reserved 1093632K
  class space    used 6483K, capacity 7464K, committed 7552K, reserved 1048576K
Event: 17.381 GC heap after
Heap after GC invocations=2 (full 2):
 par new generation   total 707840K, used 75534K [0x0000000080000000, 0x00000000b0000000, 0x00000000b0000000)
  eden space 629248K,   0% used [0x0000000080000000, 0x0000000080000000, 0x00000000a6680000)
  from space 78592K,  96% used [0x00000000a6680000, 0x00000000ab043bd0, 0x00000000ab340000)
  to   space 78592K,   0% used [0x00000000ab340000, 0x00000000ab340000, 0x00000000b0000000)
 concurrent mark-sweep generation total 105680K, used 104424K [0x00000000b0000000, 0x00000000b6734000, 0x0000000100000000)
 Metaspace       used 47542K, capacity 50711K, committed 51072K, reserved 1093632K
  class space    used 6483K, capacity 7464K, committed 7552K, reserved 1048576K
}
Event: 19.825 GC heap before
{Heap before GC invocations=2 (full 2):
 par new generation   total 707840K, used 704782K [0x0000000080000000, 0x00000000b0000000, 0x00000000b0000000)
  eden space 629248K, 100% used [0x0000000080000000, 0x00000000a6680000, 0x00000000a6680000)
  from space 78592K,  96% used [0x00000000a6680000, 0x00000000ab043bd0, 0x00000000ab340000)
  to   space 78592K,   0% used [0x00000000ab340000, 0x00000000ab340000, 0x00000000b0000000)
 concurrent mark-sweep generation total 158420K, used 95051K [0x00000000b0000000, 0x00000000b9ab5000, 0x0000000100000000)
 Metaspace       used 51504K, capacity 55007K, committed 55168K, reserved 1097728K
  class space    used 6670K, capacity 7708K, committed 7808K, reserved 1048576K
Event: 19.909 GC heap after
Heap after GC invocations=3 (full 2):
 par new generation   total 707840K, used 35669K [0x0000000080000000, 0x00000000b0000000, 0x00000000b0000000)
  eden space 629248K,   0% used [0x0000000080000000, 0x0000000080000000, 0x00000000a6680000)
  from space 78592K,  45% used [0x00000000ab340000, 0x00000000ad6155d0, 0x00000000b0000000)
  to   space 78592K,   0% used [0x00000000a6680000, 0x00000000a6680000, 0x00000000ab340000)
 concurrent mark-sweep generation total 158420K, used 95051K [0x00000000b0000000, 0x00000000b9ab5000, 0x0000000100000000)
 Metaspace       used 51504K, capacity 55007K, committed 55168K, reserved 1097728K
  class space    used 6670K, capacity 7708K, committed 7808K, reserved 1048576K
}
Event: 22.206 GC heap before
{Heap before GC invocations=3 (full 3):
 par new generation   total 707840K, used 664917K [0x0000000080000000, 0x00000000b0000000, 0x00000000b0000000)
  eden space 629248K, 100% used [0x0000000080000000, 0x00000000a6680000, 0x00000000a6680000)
  from space 78592K,  45% used [0x00000000ab340000, 0x00000000ad6155d0, 0x00000000b0000000)
  to   space 78592K,   0% used [0x00000000a6680000, 0x00000000a6680000, 0x00000000ab340000)
 concurrent mark-sweep generation total 158420K, used 95051K [0x00000000b0000000, 0x00000000b9ab5000, 0x0000000100000000)
 Metaspace       used 51650K, capacity 55307K, committed 55424K, reserved 1097728K
  class space    used 6670K, capacity 7708K, committed 7808K, reserved 1048576K
Event: 22.390 GC heap after
Heap after GC invocations=4 (full 3):
 par new generation   total 707840K, used 49430K [0x0000000080000000, 0x00000000b0000000, 0x00000000b0000000)
  eden space 629248K,   0% used [0x0000000080000000, 0x0000000080000000, 0x00000000a6680000)
  from space 78592K,  62% used [0x00000000a6680000, 0x00000000a96c5960, 0x00000000ab340000)
  to   space 78592K,   0% used [0x00000000ab340000, 0x00000000ab340000, 0x00000000b0000000)
 concurrent mark-sweep generation total 158420K, used 95051K [0x00000000b0000000, 0x00000000b9ab5000, 0x0000000100000000)
 Metaspace       used 51650K, capacity 55307K, committed 55424K, reserved 1097728K
  class space    used 6670K, capacity 7708K, committed 7808K, reserved 1048576K
}
Event: 25.012 GC heap before
{Heap before GC invocations=4 (full 3):
 par new generation   total 707840K, used 678678K [0x0000000080000000, 0x00000000b0000000, 0x00000000b0000000)
  eden space 629248K, 100% used [0x0000000080000000, 0x00000000a6680000, 0x00000000a6680000)
  from space 78592K,  62% used [0x00000000a6680000, 0x00000000a96c5960, 0x00000000ab340000)
  to   space 78592K,   0% used [0x00000000ab340000, 0x00000000ab340000, 0x00000000b0000000)
 concurrent mark-sweep generation total 158420K, used 89717K [0x00000000b0000000, 0x00000000b9ab5000, 0x0000000100000000)
 Metaspace       used 51657K, capacity 55307K, committed 55424K, reserved 1097728K
  class space    used 6670K, capacity 7708K, committed 7808K, reserved 1048576K
Event: 25.119 GC heap after
Heap after GC invocations=5 (full 3):
 par new generation   total 707840K, used 31328K [0x0000000080000000, 0x00000000b0000000, 0x00000000b0000000)
  eden space 629248K,   0% used [0x0000000080000000, 0x0000000080000000, 0x00000000a6680000)
  from space 78592K,  39% used [0x00000000ab340000, 0x00000000ad1d83c0, 0x00000000b0000000)
  to   space 78592K,   0% used [0x00000000a6680000, 0x00000000a6680000, 0x00000000ab340000)
 concurrent mark-sweep generation total 158420K, used 89717K [0x00000000b0000000, 0x00000000b9ab5000, 0x0000000100000000)
 Metaspace       used 51657K, capacity 55307K, committed 55424K, reserved 1097728K
  class space    used 6670K, capacity 7708K, committed 7808K, reserved 1048576K
}
Event: 26.896 GC heap before
{Heap before GC invocations=5 (full 4):
 par new generation   total 707840K, used 660576K [0x0000000080000000, 0x00000000b0000000, 0x00000000b0000000)
  eden space 629248K, 100% used [0x0000000080000000, 0x00000000a6680000, 0x00000000a6680000)
  from space 78592K,  39% used [0x00000000ab340000, 0x00000000ad1d83c0, 0x00000000b0000000)
  to   space 78592K,   0% used [0x00000000a6680000, 0x00000000a6680000, 0x00000000ab340000)
 concurrent mark-sweep generation total 158420K, used 89717K [0x00000000b0000000, 0x00000000b9ab5000, 0x0000000100000000)
 Metaspace       used 51705K, capacity 55413K, committed 55680K, reserved 1097728K
  class space    used 6683K, capacity 7731K, committed 7808K, reserved 1048576K
Event: 26.961 GC heap after
Heap after GC invocations=6 (full 4):
 par new generation   total 707840K, used 34635K [0x0000000080000000, 0x00000000b0000000, 0x00000000b0000000)
  eden space 629248K,   0% used [0x0000000080000000, 0x0000000080000000, 0x00000000a6680000)
  from space 78592K,  44% used [0x00000000a6680000, 0x00000000a8852f90, 0x00000000ab340000)
  to   space 78592K,   0% used [0x00000000ab340000, 0x00000000ab340000, 0x00000000b0000000)
 concurrent mark-sweep generation total 158420K, used 89717K [0x00000000b0000000, 0x00000000b9ab5000, 0x0000000100000000)
 Metaspace       used 51705K, capacity 55413K, committed 55680K, reserved 1097728K
  class space    used 6683K, capacity 7731K, committed 7808K, reserved 1048576K
}
Event: 28.638 GC heap before
{Heap before GC invocations=6 (full 4):
 par new generation   total 707840K, used 663883K [0x0000000080000000, 0x00000000b0000000, 0x00000000b0000000)
  eden space 629248K, 100% used [0x0000000080000000, 0x00000000a6680000, 0x00000000a6680000)
  from space 78592K,  44% used [0x00000000a6680000, 0x00000000a8852f90, 0x00000000ab340000)
  to   space 78592K,   0% used [0x00000000ab340000, 0x00000000ab340000, 0x00000000b0000000)
 concurrent mark-sweep generation total 158420K, used 89704K [0x00000000b0000000, 0x00000000b9ab5000, 0x0000000100000000)
 Metaspace       used 51820K, capacity 55532K, committed 55680K, reserved 1097728K
  class space    used 6684K, capacity 7733K, committed 7808K, reserved 1048576K
Event: 28.730 GC heap after
Heap after GC invocations=7 (full 4):
 par new generation   total 707840K, used 37609K [0x0000000080000000, 0x00000000b0000000, 0x00000000b0000000)
  eden space 629248K,   0% used [0x0000000080000000, 0x0000000080000000, 0x00000000a6680000)
  from space 78592K,  47% used [0x00000000ab340000, 0x00000000ad7fa648, 0x00000000b0000000)
  to   space 78592K,   0% used [0x00000000a6680000, 0x00000000a6680000, 0x00000000ab340000)
 concurrent mark-sweep generation total 158420K, used 89704K [0x00000000b0000000, 0x00000000b9ab5000, 0x0000000100000000)
 Metaspace       used 51820K, capacity 55532K, committed 55680K, reserved 1097728K
  class space    used 6684K, capacity 7733K, committed 7808K, reserved 1048576K
}
Event: 30.737 GC heap before
{Heap before GC invocations=7 (full 4):
 par new generation   total 707840K, used 666857K [0x0000000080000000, 0x00000000b0000000, 0x00000000b0000000)
  eden space 629248K, 100% used [0x0000000080000000, 0x00000000a6680000, 0x00000000a6680000)
  from space 78592K,  47% used [0x00000000ab340000, 0x00000000ad7fa648, 0x00000000b0000000)
  to   space 78592K,   0% used [0x00000000a6680000, 0x00000000a6680000, 0x00000000ab340000)
 concurrent mark-sweep generation total 158420K, used 89704K [0x00000000b0000000, 0x00000000b9ab5000, 0x0000000100000000)
 Metaspace       used 56462K, capacity 61538K, committed 61568K, reserved 1101824K
  class space    used 7349K, capacity 8568K, committed 8576K, reserved 1048576K
Event: 30.908 GC heap after
Heap after GC invocations=8 (full 4):
 par new generation   total 707840K, used 28911K [0x0000000080000000, 0x00000000b0000000, 0x00000000b0000000)
  eden space 629248K,   0% used [0x0000000080000000, 0x0000000080000000, 0x00000000a6680000)
  from space 78592K,  36% used [0x00000000a6680000, 0x00000000a82bbfe0, 0x00000000ab340000)
  to   space 78592K,   0% used [0x00000000ab340000, 0x00000000ab340000, 0x00000000b0000000)
 concurrent mark-sweep generation total 158420K, used 113134K [0x00000000b0000000, 0x00000000b9ab5000, 0x0000000100000000)
 Metaspace       used 56462K, capacity 61538K, committed 61568K, reserved 1101824K
  class space    used 7349K, capacity 8568K, committed 8576K, reserved 1048576K
}
Event: 33.676 GC heap before
{Heap before GC invocations=8 (full 5):
 par new generation   total 707840K, used 658159K [0x0000000080000000, 0x00000000b0000000, 0x00000000b0000000)
  eden space 629248K, 100% used [0x0000000080000000, 0x00000000a6680000, 0x00000000a6680000)
  from space 78592K,  36% used [0x00000000a6680000, 0x00000000a82bbfe0, 0x00000000ab340000)
  to   space 78592K,   0% used [0x00000000ab340000, 0x00000000ab340000, 0x00000000b0000000)
 concurrent mark-sweep generation total 158420K, used 113134K [0x00000000b0000000, 0x00000000b9ab5000, 0x0000000100000000)
 Metaspace       used 58478K, capacity 63718K, committed 63872K, reserved 1103872K
  class space    used 7685K, capacity 9006K, committed 9088K, reserved 1048576K
Event: 33.848 GC heap after
Heap after GC invocations=9 (full 5):
 par new generation   total 707840K, used 25103K [0x0000000080000000, 0x00000000b0000000, 0x00000000b0000000)
  eden space 629248K,   0% used [0x0000000080000000, 0x0000000080000000, 0x00000000a6680000)
  from space 78592K,  31% used [0x00000000ab340000, 0x00000000acbc3d30, 0x00000000b0000000)
  to   space 78592K,   0% used [0x00000000a6680000, 0x00000000a6680000, 0x00000000ab340000)
 concurrent mark-sweep generation total 158420K, used 115614K [0x00000000b0000000, 0x00000000b9ab5000, 0x0000000100000000)
 Metaspace       used 58478K, capacity 63718K, committed 63872K, reserved 1103872K
  class space    used 7685K, capacity 9006K, committed 9088K, reserved 1048576K
}
Event: 36.077 GC heap before
{Heap before GC invocations=9 (full 5):
 par new generation   total 707840K, used 654351K [0x0000000080000000, 0x00000000b0000000, 0x00000000b0000000)
  eden space 629248K, 100% used [0x0000000080000000, 0x00000000a6680000, 0x00000000a6680000)
  from space 78592K,  31% used [0x00000000ab340000, 0x00000000acbc3d30, 0x00000000b0000000)
  to   space 78592K,   0% used [0x00000000a6680000, 0x00000000a6680000, 0x00000000ab340000)
 concurrent mark-sweep generation total 192488K, used 115492K [0x00000000b0000000, 0x00000000bbbfa000, 0x0000000100000000)
 Metaspace       used 59635K, capacity 65070K, committed 65280K, reserved 1105920K
  class space    used 7834K, capacity 9174K, committed 9216K, reserved 1048576K
Event: 36.173 GC heap after
Heap after GC invocations=10 (full 5):
 par new generation   total 707840K, used 41666K [0x0000000080000000, 0x00000000b0000000, 0x00000000b0000000)
  eden space 629248K,   0% used [0x0000000080000000, 0x0000000080000000, 0x00000000a6680000)
  from space 78592K,  53% used [0x00000000a6680000, 0x00000000a8f30890, 0x00000000ab340000)
  to   space 78592K,   0% used [0x00000000ab340000, 0x00000000ab340000, 0x00000000b0000000)
 concurrent mark-sweep generation total 192488K, used 115670K [0x00000000b0000000, 0x00000000bbbfa000, 0x0000000100000000)
 Metaspace       used 59635K, capacity 65070K, committed 65280K, reserved 1105920K
  class space    used 7834K, capacity 9174K, committed 9216K, reserved 1048576K
}
Event: 38.000 GC heap before
{Heap before GC invocations=10 (full 5):
 par new generation   total 707840K, used 670914K [0x0000000080000000, 0x00000000b0000000, 0x00000000b0000000)
  eden space 629248K, 100% used [0x0000000080000000, 0x00000000a6680000, 0x00000000a6680000)
  from space 78592K,  53% used [0x00000000a6680000, 0x00000000a8f30890, 0x00000000ab340000)
  to   space 78592K,   0% used [0x00000000ab340000, 0x00000000ab340000, 0x00000000b0000000)
 concurrent mark-sweep generation total 192488K, used 115670K [0x00000000b0000000, 0x00000000bbbfa000, 0x0000000100000000)
 Metaspace       used 62520K, capacity 68088K, committed 68352K, reserved 1107968K
  class space    used 8252K, capacity 9609K, committed 9728K, reserved 1048576K
Event: 38.060 GC heap after
Heap after GC invocations=11 (full 5):
 par new generation   total 707840K, used 38098K [0x0000000080000000, 0x00000000b0000000, 0x00000000b0000000)
  eden space 629248K,   0% used [0x0000000080000000, 0x0000000080000000, 0x00000000a6680000)
  from space 78592K,  48% used [0x00000000ab340000, 0x00000000ad874838, 0x00000000b0000000)
  to   space 78592K,   0% used [0x00000000a6680000, 0x00000000a6680000, 0x00000000ab340000)
 concurrent mark-sweep generation total 192488K, used 115968K [0x00000000b0000000, 0x00000000bbbfa000, 0x0000000100000000)
 Metaspace       used 62520K, capacity 68088K, committed 68352K, reserved 1107968K
  class space    used 8252K, capacity 9609K, committed 9728K, reserved 1048576K
}
Event: 39.224 GC heap before
{Heap before GC invocations=11 (full 5):
 par new generation   total 707840K, used 667346K [0x0000000080000000, 0x00000000b0000000, 0x00000000b0000000)
  eden space 629248K, 100% used [0x0000000080000000, 0x00000000a6680000, 0x00000000a6680000)
  from space 78592K,  48% used [0x00000000ab340000, 0x00000000ad874838, 0x00000000b0000000)
  to   space 78592K,   0% used [0x00000000a6680000, 0x00000000a6680000, 0x00000000ab340000)
 concurrent mark-sweep generation total 192488K, used 115968K [0x00000000b0000000, 0x00000000bbbfa000, 0x0000000100000000)
 Metaspace       used 63371K, capacity 68978K, committed 69120K, reserved 1107968K
  class space    used 8356K, capacity 9726K, committed 9728K, reserved 1048576K
Event: 39.277 GC heap after
Heap after GC invocations=12 (full 5):
 par new generation   total 707840K, used 38260K [0x0000000080000000, 0x00000000b0000000, 0x00000000b0000000)
  eden space 629248K,   0% used [0x0000000080000000, 0x0000000080000000, 0x00000000a6680000)
  from space 78592K,  48% used [0x00000000a6680000, 0x00000000a8bdd370, 0x00000000ab340000)
  to   space 78592K,   0% used [0x00000000ab340000, 0x00000000ab340000, 0x00000000b0000000)
 concurrent mark-sweep generation total 192488K, used 116143K [0x00000000b0000000, 0x00000000bbbfa000, 0x0000000100000000)
 Metaspace       used 63371K, capacity 68978K, committed 69120K, reserved 1107968K
  class space    used 8356K, capacity 9726K, committed 9728K, reserved 1048576K
}
Event: 40.537 GC heap before
{Heap before GC invocations=12 (full 5):
 par new generation   total 707840K, used 667508K [0x0000000080000000, 0x00000000b0000000, 0x00000000b0000000)
  eden space 629248K, 100% used [0x0000000080000000, 0x00000000a6680000, 0x00000000a6680000)
  from space 78592K,  48% used [0x00000000a6680000, 0x00000000a8bdd370, 0x00000000ab340000)
  to   space 78592K,   0% used [0x00000000ab340000, 0x00000000ab340000, 0x00000000b0000000)
 concurrent mark-sweep generation total 192488K, used 116143K [0x00000000b0000000, 0x00000000bbbfa000, 0x0000000100000000)
 Metaspace       used 63597K, capacity 69264K, committed 69504K, reserved 1110016K
  class space    used 8387K, capacity 9769K, committed 9856K, reserved 1048576K
Event: 41.162 GC heap after
Heap after GC invocations=13 (full 5):
 par new generation   total 707840K, used 78592K [0x0000000080000000, 0x00000000b0000000, 0x00000000b0000000)
  eden space 629248K,   0% used [0x0000000080000000, 0x0000000080000000, 0x00000000a6680000)
  from space 78592K, 100% used [0x00000000ab340000, 0x00000000b0000000, 0x00000000b0000000)
  to   space 78592K,   0% used [0x00000000a6680000, 0x00000000a6680000, 0x00000000ab340000)
 concurrent mark-sweep generation total 192488K, used 158077K [0x00000000b0000000, 0x00000000bbbfa000, 0x0000000100000000)
 Metaspace       used 63597K, capacity 69264K, committed 69504K, reserved 1110016K
  class space    used 8387K, capacity 9769K, committed 9856K, reserved 1048576K
}
Event: 43.642 GC heap before
{Heap before GC invocations=13 (full 6):
 par new generation   total 707840K, used 707840K [0x0000000080000000, 0x00000000b0000000, 0x00000000b0000000)
  eden space 629248K, 100% used [0x0000000080000000, 0x00000000a6680000, 0x00000000a6680000)
  from space 78592K, 100% used [0x00000000ab340000, 0x00000000b0000000, 0x00000000b0000000)
  to   space 78592K,   0% used [0x00000000a6680000, 0x00000000a6680000, 0x00000000ab340000)
 concurrent mark-sweep generation total 192488K, used 158077K [0x00000000b0000000, 0x00000000bbbfa000, 0x0000000100000000)
 Metaspace       used 64347K, capacity 70238K, committed 70400K, reserved 1110016K
  class space    used 8466K, capacity 9872K, committed 9984K, reserved 1048576K
Event: 44.288 GC heap after
Heap after GC invocations=14 (full 6):
 par new generation   total 707840K, used 78592K [0x0000000080000000, 0x00000000b0000000, 0x00000000b0000000)
  eden space 629248K,   0% used [0x0000000080000000, 0x0000000080000000, 0x00000000a6680000)
  from space 78592K, 100% used [0x00000000a6680000, 0x00000000ab340000, 0x00000000ab340000)
  to   space 78592K,   0% used [0x00000000ab340000, 0x00000000ab340000, 0x00000000b0000000)
 concurrent mark-sweep generation total 240296K, used 239507K [0x00000000b0000000, 0x00000000beaaa000, 0x0000000100000000)
 Metaspace       used 64347K, capacity 70238K, committed 70400K, reserved 1110016K
  class space    used 8466K, capacity 9872K, committed 9984K, reserved 1048576K
}
Event: 47.508 GC heap before
{Heap before GC invocations=14 (full 6):
 par new generation   total 707840K, used 707840K [0x0000000080000000, 0x00000000b0000000, 0x00000000b0000000)
  eden space 629248K, 100% used [0x0000000080000000, 0x00000000a6680000, 0x00000000a6680000)
  from space 78592K, 100% used [0x00000000a6680000, 0x00000000ab340000, 0x00000000ab340000)
  to   space 78592K,   0% used [0x00000000ab340000, 0x00000000ab340000, 0x00000000b0000000)
 concurrent mark-sweep generation total 398936K, used 239360K [0x00000000b0000000, 0x00000000c8596000, 0x0000000100000000)
 Metaspace       used 64602K, capacity 70524K, committed 70656K, reserved 1110016K
  class space    used 8501K, capacity 9933K, committed 9984K, reserved 1048576K
Event: 47.873 GC heap after
Heap after GC invocations=15 (full 6):
 par new generation   total 707840K, used 58721K [0x0000000080000000, 0x00000000b0000000, 0x00000000b0000000)
  eden space 629248K,   0% used [0x0000000080000000, 0x0000000080000000, 0x00000000a6680000)
  from space 78592K,  74% used [0x00000000ab340000, 0x00000000aec98518, 0x00000000b0000000)
  to   space 78592K,   0% used [0x00000000a6680000, 0x00000000a6680000, 0x00000000ab340000)
 concurrent mark-sweep generation total 398936K, used 295968K [0x00000000b0000000, 0x00000000c8596000, 0x0000000100000000)
 Metaspace       used 64602K, capacity 70524K, committed 70656K, reserved 1110016K
  class space    used 8501K, capacity 9933K, committed 9984K, reserved 1048576K
}
Event: 49.726 GC heap before
{Heap before GC invocations=15 (full 7):
 par new generation   total 707840K, used 687969K [0x0000000080000000, 0x00000000b0000000, 0x00000000b0000000)
  eden space 629248K, 100% used [0x0000000080000000, 0x00000000a6680000, 0x00000000a6680000)
  from space 78592K,  74% used [0x00000000ab340000, 0x00000000aec98518, 0x00000000b0000000)
  to   space 78592K,   0% used [0x00000000a6680000, 0x00000000a6680000, 0x00000000ab340000)
 concurrent mark-sweep generation total 398936K, used 295968K [0x00000000b0000000, 0x00000000c8596000, 0x0000000100000000)
 Metaspace       used 64650K, capacity 70694K, committed 70912K, reserved 1110016K
  class space    used 8507K, capacity 9940K, committed 9984K, reserved 1048576K
Event: 49.988 GC heap after
Heap after GC invocations=16 (full 7):
 par new generation   total 707840K, used 66863K [0x0000000080000000, 0x00000000b0000000, 0x00000000b0000000)
  eden space 629248K,   0% used [0x0000000080000000, 0x0000000080000000, 0x00000000a6680000)
  from space 78592K,  85% used [0x00000000a6680000, 0x00000000aa7cbf90, 0x00000000ab340000)
  to   space 78592K,   0% used [0x00000000ab340000, 0x00000000ab340000, 0x00000000b0000000)
 concurrent mark-sweep generation total 398936K, used 295968K [0x00000000b0000000, 0x00000000c8596000, 0x0000000100000000)
 Metaspace       used 64650K, capacity 70694K, committed 70912K, reserved 1110016K
  class space    used 8507K, capacity 9940K, committed 9984K, reserved 1048576K
}
Event: 52.559 GC heap before
{Heap before GC invocations=16 (full 7):
 par new generation   total 707840K, used 696111K [0x0000000080000000, 0x00000000b0000000, 0x00000000b0000000)
  eden space 629248K, 100% used [0x0000000080000000, 0x00000000a6680000, 0x00000000a6680000)
  from space 78592K,  85% used [0x00000000a6680000, 0x00000000aa7cbfa0, 0x00000000ab340000)
  to   space 78592K,   0% used [0x00000000ab340000, 0x00000000ab340000, 0x00000000b0000000)
 concurrent mark-sweep generation total 398936K, used 295968K [0x00000000b0000000, 0x00000000c8596000, 0x0000000100000000)
 Metaspace       used 64656K, capacity 70694K, committed 70912K, reserved 1110016K
  class space    used 8507K, capacity 9940K, committed 9984K, reserved 1048576K
Event: 52.947 GC heap after
Heap after GC invocations=17 (full 7):
 par new generation   total 707840K, used 78592K [0x0000000080000000, 0x00000000b0000000, 0x00000000b0000000)
  eden space 629248K,   0% used [0x0000000080000000, 0x0000000080000000, 0x00000000a6680000)
  from space 78592K, 100% used [0x00000000ab340000, 0x00000000b0000000, 0x00000000b0000000)
  to   space 78592K,   0% used [0x00000000a6680000, 0x00000000a6680000, 0x00000000ab340000)
 concurrent mark-sweep generation total 398936K, used 328729K [0x00000000b0000000, 0x00000000c8596000, 0x0000000100000000)
 Metaspace       used 64656K, capacity 70694K, committed 70912K, reserved 1110016K
  class space    used 8507K, capacity 9940K, committed 9984K, reserved 1048576K
}
Event: 52.981 GC heap before
{Heap before GC invocations=17 (full 7):
 par new generation   total 707840K, used 108431K [0x0000000080000000, 0x00000000b0000000, 0x00000000b0000000)
  eden space 629248K,   4% used [0x0000000080000000, 0x0000000081d23d68, 0x00000000a6680000)
  from space 78592K, 100% used [0x00000000ab340000, 0x00000000b0000000, 0x00000000b0000000)
  to   space 78592K,   0% used [0x00000000a6680000, 0x00000000a6680000, 0x00000000ab340000)
 concurrent mark-sweep generation total 398936K, used 328729K [0x00000000b0000000, 0x00000000c8596000, 0x0000000100000000)
 Metaspace       used 64656K, capacity 70694K, committed 70912K, reserved 1110016K
  class space    used 8507K, capacity 9940K, committed 9984K, reserved 1048576K
Event: 53.153 GC heap after
Heap after GC invocations=18 (full 7):
 par new generation   total 707840K, used 56163K [0x0000000080000000, 0x00000000b0000000, 0x00000000b0000000)
  eden space 629248K,   0% used [0x0000000080000000, 0x0000000080000000, 0x00000000a6680000)
  from space 78592K,  71% used [0x00000000a6680000, 0x00000000a9d58fa0, 0x00000000ab340000)
  to   space 78592K,   0% used [0x00000000ab340000, 0x00000000ab340000, 0x00000000b0000000)
 concurrent mark-sweep generation total 398936K, used 354337K [0x00000000b0000000, 0x00000000c8596000, 0x0000000100000000)
 Metaspace       used 64656K, capacity 70694K, committed 70912K, reserved 1110016K
  class space    used 8507K, capacity 9940K, committed 9984K, reserved 1048576K
}
Event: 55.422 GC heap before
{Heap before GC invocations=18 (full 7):
 par new generation   total 707840K, used 685411K [0x0000000080000000, 0x00000000b0000000, 0x00000000b0000000)
  eden space 629248K, 100% used [0x0000000080000000, 0x00000000a6680000, 0x00000000a6680000)
  from space 78592K,  71% used [0x00000000a6680000, 0x00000000a9d58fa0, 0x00000000ab340000)
  to   space 78592K,   0% used [0x00000000ab340000, 0x00000000ab340000, 0x00000000b0000000)
 concurrent mark-sweep generation total 589240K, used 353543K [0x00000000b0000000, 0x00000000d3f6e000, 0x0000000100000000)
 Metaspace       used 64664K, capacity 70700K, committed 70912K, reserved 1110016K
  class space    used 8508K, capacity 9941K, committed 9984K, reserved 1048576K
Event: 55.534 GC heap after
Heap after GC invocations=19 (full 7):
 par new generation   total 707840K, used 78592K [0x0000000080000000, 0x00000000b0000000, 0x00000000b0000000)
  eden space 629248K,   0% used [0x0000000080000000, 0x0000000080000000, 0x00000000a6680000)
  from space 78592K, 100% used [0x00000000ab340000, 0x00000000b0000000, 0x00000000b0000000)
  to   space 78592K,   0% used [0x00000000a6680000, 0x00000000a6680000, 0x00000000ab340000)
 concurrent mark-sweep generation total 589240K, used 353989K [0x00000000b0000000, 0x00000000d3f6e000, 0x0000000100000000)
 Metaspace       used 64664K, capacity 70700K, committed 70912K, reserved 1110016K
  class space    used 8508K, capacity 9941K, committed 9984K, reserved 1048576K
}
Event: 56.600 GC heap before
{Heap before GC invocations=19 (full 7):
 par new generation   total 707840K, used 707840K [0x0000000080000000, 0x00000000b0000000, 0x00000000b0000000)
  eden space 629248K, 100% used [0x0000000080000000, 0x00000000a6680000, 0x00000000a6680000)
  from space 78592K, 100% used [0x00000000ab340000, 0x00000000b0000000, 0x00000000b0000000)
  to   space 78592K,   0% used [0x00000000a6680000, 0x00000000a6680000, 0x00000000ab340000)
 concurrent mark-sweep generation total 589240K, used 353989K [0x00000000b0000000, 0x00000000d3f6e000, 0x0000000100000000)
 Metaspace       used 64665K, capacity 70700K, committed 70912K, reserved 1110016K
  class space    used 8508K, capacity 9941K, committed 9984K, reserved 1048576K
Event: 56.832 GC heap after
Heap after GC invocations=20 (full 7):
 par new generation   total 707840K, used 78592K [0x0000000080000000, 0x00000000b0000000, 0x00000000b0000000)
  eden space 629248K,   0% used [0x0000000080000000, 0x0000000080000000, 0x00000000a6680000)
  from space 78592K, 100% used [0x00000000a6680000, 0x00000000ab340000, 0x00000000ab340000)
  to   space 78592K,   0% used [0x00000000ab340000, 0x00000000ab340000, 0x00000000b0000000)
 concurrent mark-sweep generation total 589240K, used 387746K [0x00000000b0000000, 0x00000000d3f6e000, 0x0000000100000000)
 Metaspace       used 64665K, capacity 70700K, committed 70912K, reserved 1110016K
  class space    used 8508K, capacity 9941K, committed 9984K, reserved 1048576K
}
Event: 57.954 GC heap before
{Heap before GC invocations=20 (full 7):
 par new generation   total 707840K, used 707840K [0x0000000080000000, 0x00000000b0000000, 0x00000000b0000000)
  eden space 629248K, 100% used [0x0000000080000000, 0x00000000a6680000, 0x00000000a6680000)
  from space 78592K, 100% used [0x00000000a6680000, 0x00000000ab340000, 0x00000000ab340000)
  to   space 78592K,   0% used [0x00000000ab340000, 0x00000000ab340000, 0x00000000b0000000)
 concurrent mark-sweep generation total 589240K, used 387746K [0x00000000b0000000, 0x00000000d3f6e000, 0x0000000100000000)
 Metaspace       used 64665K, capacity 70700K, committed 70912K, reserved 1110016K
  class space    used 8508K, capacity 9941K, committed 9984K, reserved 1048576K
Event: 58.102 GC heap after
Heap after GC invocations=21 (full 7):
 par new generation   total 707840K, used 59040K [0x0000000080000000, 0x00000000b0000000, 0x00000000b0000000)
  eden space 629248K,   0% used [0x0000000080000000, 0x0000000080000000, 0x00000000a6680000)
  from space 78592K,  75% used [0x00000000ab340000, 0x00000000aece81a0, 0x00000000b0000000)
  to   space 78592K,   0% used [0x00000000a6680000, 0x00000000a6680000, 0x00000000ab340000)
 concurrent mark-sweep generation total 589240K, used 425267K [0x00000000b0000000, 0x00000000d3f6e000, 0x0000000100000000)
 Metaspace       used 64665K, capacity 70700K, committed 70912K, reserved 1110016K
  class space    used 8508K, capacity 9941K, committed 9984K, reserved 1048576K
}
Event: 59.449 GC heap before
{Heap before GC invocations=21 (full 8):
 par new generation   total 707840K, used 688288K [0x0000000080000000, 0x00000000b0000000, 0x00000000b0000000)
  eden space 629248K, 100% used [0x0000000080000000, 0x00000000a6680000, 0x00000000a6680000)
  from space 78592K,  75% used [0x00000000ab340000, 0x00000000aece81a0, 0x00000000b0000000)
  to   space 78592K,   0% used [0x00000000a6680000, 0x00000000a6680000, 0x00000000ab340000)
 concurrent mark-sweep generation total 589240K, used 425267K [0x00000000b0000000, 0x00000000d3f6e000, 0x0000000100000000)
 Metaspace       used 64665K, capacity 70700K, committed 70912K, reserved 1110016K
  class space    used 8508K, capacity 9941K, committed 9984K, reserved 1048576K
Event: 59.493 GC heap after
Heap after GC invocations=22 (full 8):
 par new generation   total 707840K, used 40802K [0x0000000080000000, 0x00000000b0000000, 0x00000000b0000000)
  eden space 629248K,   0% used [0x0000000080000000, 0x0000000080000000, 0x00000000a6680000)
  from space 78592K,  51% used [0x00000000a6680000, 0x00000000a8e588c0, 0x00000000ab340000)
  to   space 78592K,   0% used [0x00000000ab340000, 0x00000000ab340000, 0x00000000b0000000)
 concurrent mark-sweep generation total 589240K, used 425267K [0x00000000b0000000, 0x00000000d3f6e000, 0x0000000100000000)
 Metaspace       used 64665K, capacity 70700K, committed 70912K, reserved 1110016K
  class space    used 8508K, capacity 9941K, committed 9984K, reserved 1048576K
}
Event: 61.325 GC heap before
{Heap before GC invocations=22 (full 8):
 par new generation   total 707840K, used 670050K [0x0000000080000000, 0x00000000b0000000, 0x00000000b0000000)
  eden space 629248K, 100% used [0x0000000080000000, 0x00000000a6680000, 0x00000000a6680000)
  from space 78592K,  51% used [0x00000000a6680000, 0x00000000a8e588c0, 0x00000000ab340000)
  to   space 78592K,   0% used [0x00000000ab340000, 0x00000000ab340000, 0x00000000b0000000)
 concurrent mark-sweep generation total 706700K, used 424019K [0x00000000b0000000, 0x00000000db223000, 0x0000000100000000)
 Metaspace       used 64670K, capacity 70700K, committed 70912K, reserved 1110016K
  class space    used 8508K, capacity 9941K, committed 9984K, reserved 1048576K
Event: 61.354 GC heap after
Heap after GC invocations=23 (full 8):
 par new generation   total 707840K, used 27241K [0x0000000080000000, 0x00000000b0000000, 0x00000000b0000000)
  eden space 629248K,   0% used [0x0000000080000000, 0x0000000080000000, 0x00000000a6680000)
  from space 78592K,  34% used [0x00000000ab340000, 0x00000000acdda5c0, 0x00000000b0000000)
  to   space 78592K,   0% used [0x00000000a6680000, 0x00000000a6680000, 0x00000000ab340000)
 concurrent mark-sweep generation total 706700K, used 424019K [0x00000000b0000000, 0x00000000db223000, 0x0000000100000000)
 Metaspace       used 64670K, capacity 70700K, committed 70912K, reserved 1110016K
  class space    used 8508K, capacity 9941K, committed 9984K, reserved 1048576K
}
Event: 62.316 GC heap before
{Heap before GC invocations=23 (full 8):
 par new generation   total 707840K, used 656489K [0x0000000080000000, 0x00000000b0000000, 0x00000000b0000000)
  eden space 629248K, 100% used [0x0000000080000000, 0x00000000a6680000, 0x00000000a6680000)
  from space 78592K,  34% used [0x00000000ab340000, 0x00000000acdda5c0, 0x00000000b0000000)
  to   space 78592K,   0% used [0x00000000a6680000, 0x00000000a6680000, 0x00000000ab340000)
 concurrent mark-sweep generation total 706700K, used 424019K [0x00000000b0000000, 0x00000000db223000, 0x0000000100000000)
 Metaspace       used 64672K, capacity 70700K, committed 70912K, reserved 1110016K
  class space    used 8508K, capacity 9941K, committed 9984K, reserved 1048576K
Event: 62.352 GC heap after
Heap after GC invocations=24 (full 8):
 par new generation   total 707840K, used 41082K [0x0000000080000000, 0x00000000b0000000, 0x00000000b0000000)
  eden space 629248K,   0% used [0x0000000080000000, 0x0000000080000000, 0x00000000a6680000)
  from space 78592K,  52% used [0x00000000a6680000, 0x00000000a8e9eb00, 0x00000000ab340000)
  to   space 78592K,   0% used [0x00000000ab340000, 0x00000000ab340000, 0x00000000b0000000)
 concurrent mark-sweep generation total 706700K, used 424019K [0x00000000b0000000, 0x00000000db223000, 0x0000000100000000)
 Metaspace       used 64672K, capacity 70700K, committed 70912K, reserved 1110016K
  class space    used 8508K, capacity 9941K, committed 9984K, reserved 1048576K
}
Event: 63.354 GC heap before
{Heap before GC invocations=24 (full 8):
 par new generation   total 707840K, used 670330K [0x0000000080000000, 0x00000000b0000000, 0x00000000b0000000)
  eden space 629248K, 100% used [0x0000000080000000, 0x00000000a6680000, 0x00000000a6680000)
  from space 78592K,  52% used [0x00000000a6680000, 0x00000000a8e9eb00, 0x00000000ab340000)
  to   space 78592K,   0% used [0x00000000ab340000, 0x00000000ab340000, 0x00000000b0000000)
 concurrent mark-sweep generation total 706700K, used 424019K [0x00000000b0000000, 0x00000000db223000, 0x0000000100000000)
 Metaspace       used 64672K, capacity 70700K, committed 70912K, reserved 1110016K
  class space    used 8508K, capacity 9941K, committed 9984K, reserved 1048576K
Event: 63.389 GC heap after
Heap after GC invocations=25 (full 8):
 par new generation   total 707840K, used 34413K [0x0000000080000000, 0x00000000b0000000, 0x00000000b0000000)
  eden space 629248K,   0% used [0x0000000080000000, 0x0000000080000000, 0x00000000a6680000)
  from space 78592K,  43% used [0x00000000ab340000, 0x00000000ad4db7f0, 0x00000000b0000000)
  to   space 78592K,   0% used [0x00000000a6680000, 0x00000000a6680000, 0x00000000ab340000)
 concurrent mark-sweep generation total 706700K, used 424019K [0x00000000b0000000, 0x00000000db223000, 0x0000000100000000)
 Metaspace       used 64672K, capacity 70700K, committed 70912K, reserved 1110016K
  class space    used 8508K, capacity 9941K, committed 9984K, reserved 1048576K
}
Event: 64.325 GC heap before
{Heap before GC invocations=25 (full 8):
 par new generation   total 707840K, used 663661K [0x0000000080000000, 0x00000000b0000000, 0x00000000b0000000)
  eden space 629248K, 100% used [0x0000000080000000, 0x00000000a6680000, 0x00000000a6680000)
  from space 78592K,  43% used [0x00000000ab340000, 0x00000000ad4db7f0, 0x00000000b0000000)
  to   space 78592K,   0% used [0x00000000a6680000, 0x00000000a6680000, 0x00000000ab340000)
 concurrent mark-sweep generation total 706700K, used 424019K [0x00000000b0000000, 0x00000000db223000, 0x0000000100000000)
 Metaspace       used 64672K, capacity 70700K, committed 70912K, reserved 1110016K
  class space    used 8508K, capacity 9941K, committed 9984K, reserved 1048576K
Event: 64.403 GC heap after
Heap after GC invocations=26 (full 8):
 par new generation   total 707840K, used 20795K [0x0000000080000000, 0x00000000b0000000, 0x00000000b0000000)
  eden space 629248K,   0% used [0x0000000080000000, 0x0000000080000000, 0x00000000a6680000)
  from space 78592K,  26% used [0x00000000a6680000, 0x00000000a7aceef0, 0x00000000ab340000)
  to   space 78592K,   0% used [0x00000000ab340000, 0x00000000ab340000, 0x00000000b0000000)
 concurrent mark-sweep generation total 706700K, used 446992K [0x00000000b0000000, 0x00000000db223000, 0x0000000100000000)
 Metaspace       used 64672K, capacity 70700K, committed 70912K, reserved 1110016K
  class space    used 8508K, capacity 9941K, committed 9984K, reserved 1048576K
}
Event: 65.446 GC heap before
{Heap before GC invocations=26 (full 8):
 par new generation   total 707840K, used 650043K [0x0000000080000000, 0x00000000b0000000, 0x00000000b0000000)
  eden space 629248K, 100% used [0x0000000080000000, 0x00000000a6680000, 0x00000000a6680000)
  from space 78592K,  26% used [0x00000000a6680000, 0x00000000a7aceef0, 0x00000000ab340000)
  to   space 78592K,   0% used [0x00000000ab340000, 0x00000000ab340000, 0x00000000b0000000)
 concurrent mark-sweep generation total 706700K, used 446992K [0x00000000b0000000, 0x00000000db223000, 0x0000000100000000)
 Metaspace       used 64672K, capacity 70700K, committed 70912K, reserved 1110016K
  class space    used 8508K, capacity 9941K, committed 9984K, reserved 1048576K
Event: 65.452 GC heap after
Heap after GC invocations=27 (full 8):
 par new generation   total 707840K, used 5363K [0x0000000080000000, 0x00000000b0000000, 0x00000000b0000000)
  eden space 629248K,   0% used [0x0000000080000000, 0x0000000080000000, 0x00000000a6680000)
  from space 78592K,   6% used [0x00000000ab340000, 0x00000000ab87cc90, 0x00000000b0000000)
  to   space 78592K,   0% used [0x00000000a6680000, 0x00000000a6680000, 0x00000000ab340000)
 concurrent mark-sweep generation total 706700K, used 447113K [0x00000000b0000000, 0x00000000db223000, 0x0000000100000000)
 Metaspace       used 64672K, capacity 70700K, committed 70912K, reserved 1110016K
  class space    used 8508K, capacity 9941K, committed 9984K, reserved 1048576K
}
Event: 66.356 GC heap before
{Heap before GC invocations=27 (full 8):
 par new generation   total 707840K, used 634611K [0x0000000080000000, 0x00000000b0000000, 0x00000000b0000000)
  eden space 629248K, 100% used [0x0000000080000000, 0x00000000a6680000, 0x00000000a6680000)
  from space 78592K,   6% used [0x00000000ab340000, 0x00000000ab87cc90, 0x00000000b0000000)
  to   space 78592K,   0% used [0x00000000a6680000, 0x00000000a6680000, 0x00000000ab340000)
 concurrent mark-sweep generation total 706700K, used 447113K [0x00000000b0000000, 0x00000000db223000, 0x0000000100000000)
 Metaspace       used 64672K, capacity 70700K, committed 70912K, reserved 1110016K
  class space    used 8508K, capacity 9941K, committed 9984K, reserved 1048576K
Event: 66.371 GC heap after
Heap after GC invocations=28 (full 8):
 par new generation   total 707840K, used 1516K [0x0000000080000000, 0x00000000b0000000, 0x00000000b0000000)
  eden space 629248K,   0% used [0x0000000080000000, 0x0000000080000000, 0x00000000a6680000)
  from space 78592K,   1% used [0x00000000a6680000, 0x00000000a67fb260, 0x00000000ab340000)
  to   space 78592K,   0% used [0x00000000ab340000, 0x00000000ab340000, 0x00000000b0000000)
 concurrent mark-sweep generation total 706700K, used 447276K [0x00000000b0000000, 0x00000000db223000, 0x0000000100000000)
 Metaspace       used 64672K, capacity 70700K, committed 70912K, reserved 1110016K
  class space    used 8508K, capacity 9941K, committed 9984K, reserved 1048576K
}
Event: 67.259 GC heap before
{Heap before GC invocations=28 (full 8):
 par new generation   total 707840K, used 630764K [0x0000000080000000, 0x00000000b0000000, 0x00000000b0000000)
  eden space 629248K, 100% used [0x0000000080000000, 0x00000000a6680000, 0x00000000a6680000)
  from space 78592K,   1% used [0x00000000a6680000, 0x00000000a67fb260, 0x00000000ab340000)
  to   space 78592K,   0% used [0x00000000ab340000, 0x00000000ab340000, 0x00000000b0000000)
 concurrent mark-sweep generation total 706700K, used 447276K [0x00000000b0000000, 0x00000000db223000, 0x0000000100000000)
 Metaspace       used 64678K, capacity 70700K, committed 70912K, reserved 1110016K
  class space    used 8508K, capacity 9941K, committed 9984K, reserved 1048576K
Event: 67.273 GC heap after
Heap after GC invocations=29 (full 8):
 par new generation   total 707840K, used 1645K [0x0000000080000000, 0x00000000b0000000, 0x00000000b0000000)
  eden space 629248K,   0% used [0x0000000080000000, 0x0000000080000000, 0x00000000a6680000)
  from space 78592K,   2% used [0x00000000ab340000, 0x00000000ab4db680, 0x00000000b0000000)
  to   space 78592K,   0% used [0x00000000a6680000, 0x00000000a6680000, 0x00000000ab340000)
 concurrent mark-sweep generation total 706700K, used 447404K [0x00000000b0000000, 0x00000000db223000, 0x0000000100000000)
 Metaspace       used 64678K, capacity 70700K, committed 70912K, reserved 1110016K
  class space    used 8508K, capacity 9941K, committed 9984K, reserved 1048576K
}
Event: 68.408 GC heap before
{Heap before GC invocations=29 (full 8):
 par new generation   total 707840K, used 630893K [0x0000000080000000, 0x00000000b0000000, 0x00000000b0000000)
  eden space 629248K, 100% used [0x0000000080000000, 0x00000000a6680000, 0x00000000a6680000)
  from space 78592K,   2% used [0x00000000ab340000, 0x00000000ab4db680, 0x00000000b0000000)
  to   space 78592K,   0% used [0x00000000a6680000, 0x00000000a6680000, 0x00000000ab340000)
 concurrent mark-sweep generation total 706700K, used 447404K [0x00000000b0000000, 0x00000000db223000, 0x0000000100000000)
 Metaspace       used 64687K, capacity 70700K, committed 70912K, reserved 1110016K
  class space    used 8508K, capacity 9941K, committed 9984K, reserved 1048576K
Event: 68.425 GC heap after
Heap after GC invocations=30 (full 8):
 par new generation   total 707840K, used 2606K [0x0000000080000000, 0x00000000b0000000, 0x00000000b0000000)
  eden space 629248K,   0% used [0x0000000080000000, 0x0000000080000000, 0x00000000a6680000)
  from space 78592K,   3% used [0x00000000a6680000, 0x00000000a690bab8, 0x00000000ab340000)
  to   space 78592K,   0% used [0x00000000ab340000, 0x00000000ab340000, 0x00000000b0000000)
 concurrent mark-sweep generation total 706700K, used 447565K [0x00000000b0000000, 0x00000000db223000, 0x0000000100000000)
 Metaspace       used 64687K, capacity 70700K, committed 70912K, reserved 1110016K
  class space    used 8508K, capacity 9941K, committed 9984K, reserved 1048576K
}
Event: 69.345 GC heap before
{Heap before GC invocations=30 (full 8):
 par new generation   total 707840K, used 631854K [0x0000000080000000, 0x00000000b0000000, 0x00000000b0000000)
  eden space 629248K, 100% used [0x0000000080000000, 0x00000000a6680000, 0x00000000a6680000)
  from space 78592K,   3% used [0x00000000a6680000, 0x00000000a690bab8, 0x00000000ab340000)
  to   space 78592K,   0% used [0x00000000ab340000, 0x00000000ab340000, 0x00000000b0000000)
 concurrent mark-sweep generation total 706700K, used 447565K [0x00000000b0000000, 0x00000000db223000, 0x0000000100000000)
 Metaspace       used 64687K, capacity 70700K, committed 70912K, reserved 1110016K
  class space    used 8508K, capacity 9941K, committed 9984K, reserved 1048576K
Event: 69.356 GC heap after
Heap after GC invocations=31 (full 8):
 par new generation   total 707840K, used 3552K [0x0000000080000000, 0x00000000b0000000, 0x00000000b0000000)
  eden space 629248K,   0% used [0x0000000080000000, 0x0000000080000000, 0x00000000a6680000)
  from space 78592K,   4% used [0x00000000ab340000, 0x00000000ab6b8340, 0x00000000b0000000)
  to   space 78592K,   0% used [0x00000000a6680000, 0x00000000a6680000, 0x00000000ab340000)
 concurrent mark-sweep generation total 706700K, used 447685K [0x00000000b0000000, 0x00000000db223000, 0x0000000100000000)
 Metaspace       used 64687K, capacity 70700K, committed 70912K, reserved 1110016K
  class space    used 8508K, capacity 9941K, committed 9984K, reserved 1048576K
}
Event: 70.597 GC heap before
{Heap before GC invocations=31 (full 8):
 par new generation   total 707840K, used 632800K [0x0000000080000000, 0x00000000b0000000, 0x00000000b0000000)
  eden space 629248K, 100% used [0x0000000080000000, 0x00000000a6680000, 0x00000000a6680000)
  from space 78592K,   4% used [0x00000000ab340000, 0x00000000ab6b8340, 0x00000000b0000000)
  to   space 78592K,   0% used [0x00000000a6680000, 0x00000000a6680000, 0x00000000ab340000)
 concurrent mark-sweep generation total 706700K, used 447685K [0x00000000b0000000, 0x00000000db223000, 0x0000000100000000)
 Metaspace       used 64687K, capacity 70700K, committed 70912K, reserved 1110016K
  class space    used 8508K, capacity 9941K, committed 9984K, reserved 1048576K
Event: 70.621 GC heap after
Heap after GC invocations=32 (full 8):
 par new generation   total 707840K, used 3067K [0x0000000080000000, 0x00000000b0000000, 0x00000000b0000000)
  eden space 629248K,   0% used [0x0000000080000000, 0x0000000080000000, 0x00000000a6680000)
  from space 78592K,   3% used [0x00000000a6680000, 0x00000000a697ee78, 0x00000000ab340000)
  to   space 78592K,   0% used [0x00000000ab340000, 0x00000000ab340000, 0x00000000b0000000)
 concurrent mark-sweep generation total 706700K, used 447859K [0x00000000b0000000, 0x00000000db223000, 0x0000000100000000)
 Metaspace       used 64687K, capacity 70700K, committed 70912K, reserved 1110016K
  class space    used 8508K, capacity 9941K, committed 9984K, reserved 1048576K
}
Event: 71.522 GC heap before
{Heap before GC invocations=32 (full 8):
 par new generation   total 707840K, used 632315K [0x0000000080000000, 0x00000000b0000000, 0x00000000b0000000)
  eden space 629248K, 100% used [0x0000000080000000, 0x00000000a6680000, 0x00000000a6680000)
  from space 78592K,   3% used [0x00000000a6680000, 0x00000000a697ee78, 0x00000000ab340000)
  to   space 78592K,   0% used [0x00000000ab340000, 0x00000000ab340000, 0x00000000b0000000)
 concurrent mark-sweep generation total 706700K, used 447859K [0x00000000b0000000, 0x00000000db223000, 0x0000000100000000)
 Metaspace       used 64688K, capacity 70700K, committed 70912K, reserved 1110016K
  class space    used 8508K, capacity 9941K, committed 9984K, reserved 1048576K
Event: 71.550 GC heap after
Heap after GC invocations=33 (full 8):
 par new generation   total 707840K, used 5631K [0x0000000080000000, 0x00000000b0000000, 0x00000000b0000000)
  eden space 629248K,   0% used [0x0000000080000000, 0x0000000080000000, 0x00000000a6680000)
  from space 78592K,   7% used [0x00000000ab340000, 0x00000000ab8bfdc8, 0x00000000b0000000)
  to   space 78592K,   0% used [0x00000000a6680000, 0x00000000a6680000, 0x00000000ab340000)
 concurrent mark-sweep generation total 706700K, used 448041K [0x00000000b0000000, 0x00000000db223000, 0x0000000100000000)
 Metaspace       used 64688K, capacity 70700K, committed 70912K, reserved 1110016K
  class space    used 8508K, capacity 9941K, committed 9984K, reserved 1048576K
}
Event: 72.714 GC heap before
{Heap before GC invocations=33 (full 8):
 par new generation   total 707840K, used 634879K [0x0000000080000000, 0x00000000b0000000, 0x00000000b0000000)
  eden space 629248K, 100% used [0x0000000080000000, 0x00000000a6680000, 0x00000000a6680000)
  from space 78592K,   7% used [0x00000000ab340000, 0x00000000ab8bfdc8, 0x00000000b0000000)
  to   space 78592K,   0% used [0x00000000a6680000, 0x00000000a6680000, 0x00000000ab340000)
 concurrent mark-sweep generation total 706700K, used 448041K [0x00000000b0000000, 0x00000000db223000, 0x0000000100000000)
 Metaspace       used 64688K, capacity 70700K, committed 70912K, reserved 1110016K
  class space    used 8508K, capacity 9941K, committed 9984K, reserved 1048576K
Event: 72.754 GC heap after
Heap after GC invocations=34 (full 8):
 par new generation   total 707840K, used 8927K [0x0000000080000000, 0x00000000b0000000, 0x00000000b0000000)
  eden space 629248K,   0% used [0x0000000080000000, 0x0000000080000000, 0x00000000a6680000)
  from space 78592K,  11% used [0x00000000a6680000, 0x00000000a6f37d10, 0x00000000ab340000)
  to   space 78592K,   0% used [0x00000000ab340000, 0x00000000ab340000, 0x00000000b0000000)
 concurrent mark-sweep generation total 706700K, used 448224K [0x00000000b0000000, 0x00000000db223000, 0x0000000100000000)
 Metaspace       used 64688K, capacity 70700K, committed 70912K, reserved 1110016K
  class space    used 8508K, capacity 9941K, committed 9984K, reserved 1048576K
}
Event: 74.037 GC heap before
{Heap before GC invocations=34 (full 8):
 par new generation   total 707840K, used 638175K [0x0000000080000000, 0x00000000b0000000, 0x00000000b0000000)
  eden space 629248K, 100% used [0x0000000080000000, 0x00000000a6680000, 0x00000000a6680000)
  from space 78592K,  11% used [0x00000000a6680000, 0x00000000a6f37d10, 0x00000000ab340000)
  to   space 78592K,   0% used [0x00000000ab340000, 0x00000000ab340000, 0x00000000b0000000)
 concurrent mark-sweep generation total 706700K, used 448224K [0x00000000b0000000, 0x00000000db223000, 0x0000000100000000)
 Metaspace       used 64688K, capacity 70700K, committed 70912K, reserved 1110016K
  class space    used 8508K, capacity 9941K, committed 9984K, reserved 1048576K
Event: 74.062 GC heap after
Heap after GC invocations=35 (full 8):
 par new generation   total 707840K, used 12735K [0x0000000080000000, 0x00000000b0000000, 0x00000000b0000000)
  eden space 629248K,   0% used [0x0000000080000000, 0x0000000080000000, 0x00000000a6680000)
  from space 78592K,  16% used [0x00000000ab340000, 0x00000000abfaff80, 0x00000000b0000000)
  to   space 78592K,   0% used [0x00000000a6680000, 0x00000000a6680000, 0x00000000ab340000)
 concurrent mark-sweep generation total 706700K, used 448414K [0x00000000b0000000, 0x00000000db223000, 0x0000000100000000)
 Metaspace       used 64688K, capacity 70700K, committed 70912K, reserved 1110016K
  class space    used 8508K, capacity 9941K, committed 9984K, reserved 1048576K
}
Event: 78.533 GC heap before
{Heap before GC invocations=35 (full 8):
 par new generation   total 707840K, used 641983K [0x0000000080000000, 0x00000000b0000000, 0x00000000b0000000)
  eden space 629248K, 100% used [0x0000000080000000, 0x00000000a6680000, 0x00000000a6680000)
  from space 78592K,  16% used [0x00000000ab340000, 0x00000000abfaff80, 0x00000000b0000000)
  to   space 78592K,   0% used [0x00000000a6680000, 0x00000000a6680000, 0x00000000ab340000)
 concurrent mark-sweep generation total 706700K, used 448414K [0x00000000b0000000, 0x00000000db223000, 0x0000000100000000)
 Metaspace       used 64969K, capacity 71046K, committed 71168K, reserved 1110016K
  class space    used 8533K, capacity 9978K, committed 9984K, reserved 1048576K
Event: 78.657 GC heap after
Heap after GC invocations=36 (full 8):
 par new generation   total 707840K, used 15378K [0x0000000080000000, 0x00000000b0000000, 0x00000000b0000000)
  eden space 629248K,   0% used [0x0000000080000000, 0x0000000080000000, 0x00000000a6680000)
  from space 78592K,  19% used [0x00000000a6680000, 0x00000000a7584a88, 0x00000000ab340000)
  to   space 78592K,   0% used [0x00000000ab340000, 0x00000000ab340000, 0x00000000b0000000)
 concurrent mark-sweep generation total 706700K, used 449625K [0x00000000b0000000, 0x00000000db223000, 0x0000000100000000)
 Metaspace       used 64969K, capacity 71046K, committed 71168K, reserved 1110016K
  class space    used 8533K, capacity 9978K, committed 9984K, reserved 1048576K
}
Event: 88.255 GC heap before
{Heap before GC invocations=36 (full 8):
 par new generation   total 707840K, used 644626K [0x0000000080000000, 0x00000000b0000000, 0x00000000b0000000)
  eden space 629248K, 100% used [0x0000000080000000, 0x00000000a6680000, 0x00000000a6680000)
  from space 78592K,  19% used [0x00000000a6680000, 0x00000000a7584a88, 0x00000000ab340000)
  to   space 78592K,   0% used [0x00000000ab340000, 0x00000000ab340000, 0x00000000b0000000)
 concurrent mark-sweep generation total 706700K, used 449625K [0x00000000b0000000, 0x00000000db223000, 0x0000000100000000)
 Metaspace       used 69084K, capacity 75624K, committed 75648K, reserved 1114112K
  class space    used 9901K, capacity 11377K, committed 11392K, reserved 1048576K
Event: 88.544 GC heap after
Heap after GC invocations=37 (full 8):
 par new generation   total 707840K, used 40306K [0x0000000080000000, 0x00000000b0000000, 0x00000000b0000000)
  eden space 629248K,   0% used [0x0000000080000000, 0x0000000080000000, 0x00000000a6680000)
  from space 78592K,  51% used [0x00000000ab340000, 0x00000000ada9c8f8, 0x00000000b0000000)
  to   space 78592K,   0% used [0x00000000a6680000, 0x00000000a6680000, 0x00000000ab340000)
 concurrent mark-sweep generation total 706700K, used 449863K [0x00000000b0000000, 0x00000000db223000, 0x0000000100000000)
 Metaspace       used 69084K, capacity 75624K, committed 75648K, reserved 1114112K
  class space    used 9901K, capacity 11377K, committed 11392K, reserved 1048576K
}
Event: 132.856 GC heap before
{Heap before GC invocations=37 (full 8):
 par new generation   total 707840K, used 669554K [0x0000000080000000, 0x00000000b0000000, 0x00000000b0000000)
  eden space 629248K, 100% used [0x0000000080000000, 0x00000000a6680000, 0x00000000a6680000)
  from space 78592K,  51% used [0x00000000ab340000, 0x00000000ada9c8f8, 0x00000000b0000000)
  to   space 78592K,   0% used [0x00000000a6680000, 0x00000000a6680000, 0x00000000ab340000)
 concurrent mark-sweep generation total 706700K, used 449863K [0x00000000b0000000, 0x00000000db223000, 0x0000000100000000)
 Metaspace       used 70143K, capacity 76767K, committed 77056K, reserved 1114112K
  class space    used 9990K, capacity 11478K, committed 11520K, reserved 1048576K
Event: 133.156 GC heap after
Heap after GC invocations=38 (full 8):
 par new generation   total 707840K, used 78592K [0x0000000080000000, 0x00000000b0000000, 0x00000000b0000000)
  eden space 629248K,   0% used [0x0000000080000000, 0x0000000080000000, 0x00000000a6680000)
  from space 78592K, 100% used [0x00000000a6680000, 0x00000000ab340000, 0x00000000ab340000)
  to   space 78592K,   0% used [0x00000000ab340000, 0x00000000ab340000, 0x00000000b0000000)
 concurrent mark-sweep generation total 706700K, used 453871K [0x00000000b0000000, 0x00000000db223000, 0x0000000100000000)
 Metaspace       used 70143K, capacity 76767K, committed 77056K, reserved 1114112K
  class space    used 9990K, capacity 11478K, committed 11520K, reserved 1048576K
}
Event: 281.051 GC heap before
{Heap before GC invocations=38 (full 8):
 par new generation   total 707840K, used 707840K [0x0000000080000000, 0x00000000b0000000, 0x00000000b0000000)
  eden space 629248K, 100% used [0x0000000080000000, 0x00000000a6680000, 0x00000000a6680000)
  from space 78592K, 100% used [0x00000000a6680000, 0x00000000ab340000, 0x00000000ab340000)
  to   space 78592K,   0% used [0x00000000ab340000, 0x00000000ab340000, 0x00000000b0000000)
 concurrent mark-sweep generation total 706700K, used 453871K [0x00000000b0000000, 0x00000000db223000, 0x0000000100000000)
 Metaspace       used 70253K, capacity 76839K, committed 77056K, reserved 1114112K
  class space    used 9994K, capacity 11478K, committed 11520K, reserved 1048576K
Event: 281.302 GC heap after
Heap after GC invocations=39 (full 8):
 par new generation   total 707840K, used 67969K [0x0000000080000000, 0x00000000b0000000, 0x00000000b0000000)
  eden space 629248K,   0% used [0x0000000080000000, 0x0000000080000000, 0x00000000a6680000)
  from space 78592K,  86% used [0x00000000ab340000, 0x00000000af5a0570, 0x00000000b0000000)
  to   space 78592K,   0% used [0x00000000a6680000, 0x00000000a6680000, 0x00000000ab340000)
 concurrent mark-sweep generation total 706700K, used 530435K [0x00000000b0000000, 0x00000000db223000, 0x0000000100000000)
 Metaspace       used 70253K, capacity 76839K, committed 77056K, reserved 1114112K
  class space    used 9994K, capacity 11478K, committed 11520K, reserved 1048576K
}
Event: 301.271 GC heap before
{Heap before GC invocations=39 (full 8):
 par new generation   total 707840K, used 697217K [0x0000000080000000, 0x00000000b0000000, 0x00000000b0000000)
  eden space 629248K, 100% used [0x0000000080000000, 0x00000000a6680000, 0x00000000a6680000)
  from space 78592K,  86% used [0x00000000ab340000, 0x00000000af5a0570, 0x00000000b0000000)
  to   space 78592K,   0% used [0x00000000a6680000, 0x00000000a6680000, 0x00000000ab340000)
 concurrent mark-sweep generation total 706700K, used 530435K [0x00000000b0000000, 0x00000000db223000, 0x0000000100000000)
 Metaspace       used 75752K, capacity 83817K, committed 83968K, reserved 1120256K
  class space    used 10600K, capacity 12268K, committed 12288K, reserved 1048576K
Event: 301.382 GC heap after
Heap after GC invocations=40 (full 8):
 par new generation   total 707840K, used 68613K [0x0000000080000000, 0x00000000b0000000, 0x00000000b0000000)
  eden space 629248K,   0% used [0x0000000080000000, 0x0000000080000000, 0x00000000a6680000)
  from space 78592K,  87% used [0x00000000a6680000, 0x00000000aa981460, 0x00000000ab340000)
  to   space 78592K,   0% used [0x00000000ab340000, 0x00000000ab340000, 0x00000000b0000000)
 concurrent mark-sweep generation total 706700K, used 530435K [0x00000000b0000000, 0x00000000db223000, 0x0000000100000000)
 Metaspace       used 75752K, capacity 83817K, committed 83968K, reserved 1120256K
  class space    used 10600K, capacity 12268K, committed 12288K, reserved 1048576K
}
Event: 304.519 GC heap before
{Heap before GC invocations=40 (full 8):
 par new generation   total 707840K, used 697861K [0x0000000080000000, 0x00000000b0000000, 0x00000000b0000000)
  eden space 629248K, 100% used [0x0000000080000000, 0x00000000a6680000, 0x00000000a6680000)
  from space 78592K,  87% used [0x00000000a6680000, 0x00000000aa981460, 0x00000000ab340000)
  to   space 78592K,   0% used [0x00000000ab340000, 0x00000000ab340000, 0x00000000b0000000)
 concurrent mark-sweep generation total 706700K, used 530435K [0x00000000b0000000, 0x00000000db223000, 0x0000000100000000)
 Metaspace       used 77621K, capacity 85727K, committed 85888K, reserved 1122304K
  class space    used 10664K, capacity 12337K, committed 12416K, reserved 1048576K
Event: 304.727 GC heap after
Heap after GC invocations=41 (full 8):
 par new generation   total 707840K, used 73758K [0x0000000080000000, 0x00000000b0000000, 0x00000000b0000000)
  eden space 629248K,   0% used [0x0000000080000000, 0x0000000080000000, 0x00000000a6680000)
  from space 78592K,  93% used [0x00000000ab340000, 0x00000000afb47830, 0x00000000b0000000)
  to   space 78592K,   0% used [0x00000000a6680000, 0x00000000a6680000, 0x00000000ab340000)
 concurrent mark-sweep generation total 706700K, used 587572K [0x00000000b0000000, 0x00000000db223000, 0x0000000100000000)
 Metaspace       used 77621K, capacity 85727K, committed 85888K, reserved 1122304K
  class space    used 10664K, capacity 12337K, committed 12416K, reserved 1048576K
}
Event: 308.430 GC heap before
{Heap before GC invocations=41 (full 9):
 par new generation   total 707840K, used 703006K [0x0000000080000000, 0x00000000b0000000, 0x00000000b0000000)
  eden space 629248K, 100% used [0x0000000080000000, 0x00000000a6680000, 0x00000000a6680000)
  from space 78592K,  93% used [0x00000000ab340000, 0x00000000afb47830, 0x00000000b0000000)
  to   space 78592K,   0% used [0x00000000a6680000, 0x00000000a6680000, 0x00000000ab340000)
 concurrent mark-sweep generation total 706700K, used 587572K [0x00000000b0000000, 0x00000000db223000, 0x0000000100000000)
 Metaspace       used 78452K, capacity 86731K, committed 87040K, reserved 1124352K
  class space    used 10728K, capacity 12429K, committed 12544K, reserved 1048576K
Event: 308.853 GC heap after
Heap after GC invocations=42 (full 9):
 par new generation   total 707840K, used 51314K [0x0000000080000000, 0x00000000b0000000, 0x00000000b0000000)
  eden space 629248K,   0% used [0x0000000080000000, 0x0000000080000000, 0x00000000a6680000)
  from space 78592K,  65% used [0x00000000a6680000, 0x00000000a989c8e8, 0x00000000ab340000)
  to   space 78592K,   0% used [0x00000000ab340000, 0x00000000ab340000, 0x00000000b0000000)
 concurrent mark-sweep generation total 706700K, used 639479K [0x00000000b0000000, 0x00000000db223000, 0x0000000100000000)
 Metaspace       used 78452K, capacity 86731K, committed 87040K, reserved 1124352K
  class space    used 10728K, capacity 12429K, committed 12544K, reserved 1048576K
}
Event: 313.534 GC heap before
{Heap before GC invocations=42 (full 9):
 par new generation   total 707840K, used 680789K [0x0000000080000000, 0x00000000b0000000, 0x00000000b0000000)
  eden space 629248K, 100% used [0x0000000080000000, 0x00000000a6680000, 0x00000000a6680000)
  from space 78592K,  65% used [0x00000000a6680000, 0x00000000a98d5770, 0x00000000ab340000)
  to   space 78592K,   0% used [0x00000000ab340000, 0x00000000ab340000, 0x00000000b0000000)
 concurrent mark-sweep generation total 706700K, used 413126K [0x00000000b0000000, 0x00000000db223000, 0x0000000100000000)
 Metaspace       used 79176K, capacity 87557K, committed 87808K, reserved 1124352K
  class space    used 10779K, capacity 12518K, committed 12544K, reserved 1048576K
Event: 313.838 GC heap after
Heap after GC invocations=43 (full 9):
 par new generation   total 707840K, used 49561K [0x0000000080000000, 0x00000000b0000000, 0x00000000b0000000)
  eden space 629248K,   0% used [0x0000000080000000, 0x0000000080000000, 0x00000000a6680000)
  from space 78592K,  63% used [0x00000000ab340000, 0x00000000ae3a6700, 0x00000000b0000000)
  to   space 78592K,   0% used [0x00000000a6680000, 0x00000000a6680000, 0x00000000ab340000)
 concurrent mark-sweep generation total 706700K, used 462221K [0x00000000b0000000, 0x00000000db223000, 0x0000000100000000)
 Metaspace       used 79176K, capacity 87557K, committed 87808K, reserved 1124352K
  class space    used 10779K, capacity 12518K, committed 12544K, reserved 1048576K
}
Event: 317.224 GC heap before
{Heap before GC invocations=43 (full 9):
 par new generation   total 707840K, used 678809K [0x0000000080000000, 0x00000000b0000000, 0x00000000b0000000)
  eden space 629248K, 100% used [0x0000000080000000, 0x00000000a6680000, 0x00000000a6680000)
  from space 78592K,  63% used [0x00000000ab340000, 0x00000000ae3a6700, 0x00000000b0000000)
  to   space 78592K,   0% used [0x00000000a6680000, 0x00000000a6680000, 0x00000000ab340000)
 concurrent mark-sweep generation total 706700K, used 462221K [0x00000000b0000000, 0x00000000db223000, 0x0000000100000000)
 Metaspace       used 79702K, capacity 88185K, committed 88448K, reserved 1124352K
  class space    used 10841K, capacity 12588K, committed 12672K, reserved 1048576K
Event: 317.336 GC heap after
Heap after GC invocations=44 (full 9):
 par new generation   total 707840K, used 78592K [0x0000000080000000, 0x00000000b0000000, 0x00000000b0000000)
  eden space 629248K,   0% used [0x0000000080000000, 0x0000000080000000, 0x00000000a6680000)
  from space 78592K, 100% used [0x00000000a6680000, 0x00000000ab340000, 0x00000000ab340000)
  to   space 78592K,   0% used [0x00000000ab340000, 0x00000000ab340000, 0x00000000b0000000)
 concurrent mark-sweep generation total 706700K, used 465309K [0x00000000b0000000, 0x00000000db223000, 0x0000000100000000)
 Metaspace       used 79702K, capacity 88185K, committed 88448K, reserved 1124352K
  class space    used 10841K, capacity 12588K, committed 12672K, reserved 1048576K
}
Event: 343.332 GC heap before
{Heap before GC invocations=44 (full 9):
 par new generation   total 707840K, used 707840K [0x0000000080000000, 0x00000000b0000000, 0x00000000b0000000)
  eden space 629248K, 100% used [0x0000000080000000, 0x00000000a6680000, 0x00000000a6680000)
  from space 78592K, 100% used [0x00000000a6680000, 0x00000000ab340000, 0x00000000ab340000)
  to   space 78592K,   0% used [0x00000000ab340000, 0x00000000ab340000, 0x00000000b0000000)
 concurrent mark-sweep generation total 706700K, used 465309K [0x00000000b0000000, 0x00000000db223000, 0x0000000100000000)
 Metaspace       used 80007K, capacity 88551K, committed 88704K, reserved 1126400K
  class space    used 10860K, capacity 12607K, committed 12672K, reserved 1048576K
Event: 343.428 GC heap after
Heap after GC invocations=45 (full 9):
 par new generation   total 707840K, used 57660K [0x0000000080000000, 0x00000000b0000000, 0x00000000b0000000)
  eden space 629248K,   0% used [0x0000000080000000, 0x0000000080000000, 0x00000000a6680000)
  from space 78592K,  73% used [0x00000000ab340000, 0x00000000aeb8f1d0, 0x00000000b0000000)
  to   space 78592K,   0% used [0x00000000a6680000, 0x00000000a6680000, 0x00000000ab340000)
 concurrent mark-sweep generation total 706700K, used 498821K [0x00000000b0000000, 0x00000000db223000, 0x0000000100000000)
 Metaspace       used 80007K, capacity 88551K, committed 88704K, reserved 1126400K
  class space    used 10860K, capacity 12607K, committed 12672K, reserved 1048576K
}
Event: 369.104 GC heap before
{Heap before GC invocations=45 (full 9):
 par new generation   total 707840K, used 686908K [0x0000000080000000, 0x00000000b0000000, 0x00000000b0000000)
  eden space 629248K, 100% used [0x0000000080000000, 0x00000000a6680000, 0x00000000a6680000)
  from space 78592K,  73% used [0x00000000ab340000, 0x00000000aeb8f1d0, 0x00000000b0000000)
  to   space 78592K,   0% used [0x00000000a6680000, 0x00000000a6680000, 0x00000000ab340000)
 concurrent mark-sweep generation total 706700K, used 498821K [0x00000000b0000000, 0x00000000db223000, 0x0000000100000000)
 Metaspace       used 80125K, capacity 88661K, committed 88960K, reserved 1126400K
  class space    used 10866K, capacity 12612K, committed 12672K, reserved 1048576K
Event: 369.144 GC heap after
Heap after GC invocations=46 (full 9):
 par new generation   total 707840K, used 53584K [0x0000000080000000, 0x00000000b0000000, 0x00000000b0000000)
  eden space 629248K,   0% used [0x0000000080000000, 0x0000000080000000, 0x00000000a6680000)
  from space 78592K,  68% used [0x00000000a6680000, 0x00000000a9ad41f8, 0x00000000ab340000)
  to   space 78592K,   0% used [0x00000000ab340000, 0x00000000ab340000, 0x00000000b0000000)
 concurrent mark-sweep generation total 706700K, used 498821K [0x00000000b0000000, 0x00000000db223000, 0x0000000100000000)
 Metaspace       used 80125K, capacity 88661K, committed 88960K, reserved 1126400K
  class space    used 10866K, capacity 12612K, committed 12672K, reserved 1048576K
}
Event: 392.518 GC heap before
{Heap before GC invocations=46 (full 9):
 par new generation   total 707840K, used 682832K [0x0000000080000000, 0x00000000b0000000, 0x00000000b0000000)
  eden space 629248K, 100% used [0x0000000080000000, 0x00000000a6680000, 0x00000000a6680000)
  from space 78592K,  68% used [0x00000000a6680000, 0x00000000a9ad41f8, 0x00000000ab340000)
  to   space 78592K,   0% used [0x00000000ab340000, 0x00000000ab340000, 0x00000000b0000000)
 concurrent mark-sweep generation total 706700K, used 498821K [0x00000000b0000000, 0x00000000db223000, 0x0000000100000000)
 Metaspace       used 80198K, capacity 88737K, committed 88960K, reserved 1126400K
  class space    used 10867K, capacity 12612K, committed 12672K, reserved 1048576K
Event: 392.557 GC heap after
Heap after GC invocations=47 (full 9):
 par new generation   total 707840K, used 64991K [0x0000000080000000, 0x00000000b0000000, 0x00000000b0000000)
  eden space 629248K,   0% used [0x0000000080000000, 0x0000000080000000, 0x00000000a6680000)
  from space 78592K,  82% used [0x00000000ab340000, 0x00000000af2b7cb8, 0x00000000b0000000)
  to   space 78592K,   0% used [0x00000000a6680000, 0x00000000a6680000, 0x00000000ab340000)
 concurrent mark-sweep generation total 706700K, used 498821K [0x00000000b0000000, 0x00000000db223000, 0x0000000100000000)
 Metaspace       used 80198K, capacity 88737K, committed 88960K, reserved 1126400K
  class space    used 10867K, capacity 12612K, committed 12672K, reserved 1048576K
}
Event: 415.504 GC heap before
{Heap before GC invocations=47 (full 9):
 par new generation   total 707840K, used 694239K [0x0000000080000000, 0x00000000b0000000, 0x00000000b0000000)
  eden space 629248K, 100% used [0x0000000080000000, 0x00000000a6680000, 0x00000000a6680000)
  from space 78592K,  82% used [0x00000000ab340000, 0x00000000af2b7cb8, 0x00000000b0000000)
  to   space 78592K,   0% used [0x00000000a6680000, 0x00000000a6680000, 0x00000000ab340000)
 concurrent mark-sweep generation total 706700K, used 498821K [0x00000000b0000000, 0x00000000db223000, 0x0000000100000000)
 Metaspace       used 80390K, capacity 88971K, committed 89216K, reserved 1126400K
  class space    used 10887K, capacity 12659K, committed 12672K, reserved 1048576K
Event: 415.551 GC heap after
Heap after GC invocations=48 (full 9):
 par new generation   total 707840K, used 42676K [0x0000000080000000, 0x00000000b0000000, 0x00000000b0000000)
  eden space 629248K,   0% used [0x0000000080000000, 0x0000000080000000, 0x00000000a6680000)
  from space 78592K,  54% used [0x00000000a6680000, 0x00000000a902d060, 0x00000000ab340000)
  to   space 78592K,   0% used [0x00000000ab340000, 0x00000000ab340000, 0x00000000b0000000)
 concurrent mark-sweep generation total 706700K, used 498821K [0x00000000b0000000, 0x00000000db223000, 0x0000000100000000)
 Metaspace       used 80390K, capacity 88971K, committed 89216K, reserved 1126400K
  class space    used 10887K, capacity 12659K, committed 12672K, reserved 1048576K
}
Event: 435.162 GC heap before
{Heap before GC invocations=48 (full 9):
 par new generation   total 707840K, used 672052K [0x0000000080000000, 0x00000000b0000000, 0x00000000b0000000)
  eden space 629248K, 100% used [0x0000000080000000, 0x00000000a6680000, 0x00000000a6680000)
  from space 78592K,  54% used [0x00000000a6680000, 0x00000000a904d078, 0x00000000ab340000)
  to   space 78592K,   0% used [0x00000000ab340000, 0x00000000ab340000, 0x00000000b0000000)
 concurrent mark-sweep generation total 706700K, used 498821K [0x00000000b0000000, 0x00000000db223000, 0x0000000100000000)
 Metaspace       used 80452K, capacity 89039K, committed 89216K, reserved 1126400K
  class space    used 10887K, capacity 12659K, committed 12672K, reserved 1048576K
Event: 435.207 GC heap after
Heap after GC invocations=49 (full 9):
 par new generation   total 707840K, used 63124K [0x0000000080000000, 0x00000000b0000000, 0x00000000b0000000)
  eden space 629248K,   0% used [0x0000000080000000, 0x0000000080000000, 0x00000000a6680000)
  from space 78592K,  80% used [0x00000000ab340000, 0x00000000af0e5258, 0x00000000b0000000)
  to   space 78592K,   0% used [0x00000000a6680000, 0x00000000a6680000, 0x00000000ab340000)
 concurrent mark-sweep generation total 706700K, used 498821K [0x00000000b0000000, 0x00000000db223000, 0x0000000100000000)
 Metaspace       used 80452K, capacity 89039K, committed 89216K, reserved 1126400K
  class space    used 10887K, capacity 12659K, committed 12672K, reserved 1048576K
}
Event: 435.220 GC heap before
{Heap before GC invocations=49 (full 9):
 par new generation   total 707840K, used 68687K [0x0000000080000000, 0x00000000b0000000, 0x00000000b0000000)
  eden space 629248K,   0% used [0x0000000080000000, 0x000000008056ec00, 0x00000000a6680000)
  from space 78592K,  80% used [0x00000000ab340000, 0x00000000af0e5258, 0x00000000b0000000)
  to   space 78592K,   0% used [0x00000000a6680000, 0x00000000a6680000, 0x00000000ab340000)
 concurrent mark-sweep generation total 706700K, used 498821K [0x00000000b0000000, 0x00000000db223000, 0x0000000100000000)
 Metaspace       used 80452K, capacity 89039K, committed 89216K, reserved 1126400K
  class space    used 10887K, capacity 12659K, committed 12672K, reserved 1048576K
Event: 435.294 GC heap after
Heap after GC invocations=50 (full 9):
 par new generation   total 707840K, used 21344K [0x0000000080000000, 0x00000000b0000000, 0x00000000b0000000)
  eden space 629248K,   0% used [0x0000000080000000, 0x0000000080000000, 0x00000000a6680000)
  from space 78592K,  27% used [0x00000000a6680000, 0x00000000a7b582d0, 0x00000000ab340000)
  to   space 78592K,   0% used [0x00000000ab340000, 0x00000000ab340000, 0x00000000b0000000)
 concurrent mark-sweep generation total 706700K, used 528075K [0x00000000b0000000, 0x00000000db223000, 0x0000000100000000)
 Metaspace       used 80452K, capacity 89039K, committed 89216K, reserved 1126400K
  class space    used 10887K, capacity 12659K, committed 12672K, reserved 1048576K
}
Event: 542.001 GC heap before
{Heap before GC invocations=50 (full 9):
 par new generation   total 707840K, used 650592K [0x0000000080000000, 0x00000000b0000000, 0x00000000b0000000)
  eden space 629248K, 100% used [0x0000000080000000, 0x00000000a6680000, 0x00000000a6680000)
  from space 78592K,  27% used [0x00000000a6680000, 0x00000000a7b582d0, 0x00000000ab340000)
  to   space 78592K,   0% used [0x00000000ab340000, 0x00000000ab340000, 0x00000000b0000000)
 concurrent mark-sweep generation total 706700K, used 528075K [0x00000000b0000000, 0x00000000db223000, 0x0000000100000000)
 Metaspace       used 80456K, capacity 89039K, committed 89216K, reserved 1126400K
  class space    used 10887K, capacity 12659K, committed 12672K, reserved 1048576K
Event: 542.017 GC heap after
Heap after GC invocations=51 (full 9):
 par new generation   total 707840K, used 10758K [0x0000000080000000, 0x00000000b0000000, 0x00000000b0000000)
  eden space 629248K,   0% used [0x0000000080000000, 0x0000000080000000, 0x00000000a6680000)
  from space 78592K,  13% used [0x00000000ab340000, 0x00000000abdc1be0, 0x00000000b0000000)
  to   space 78592K,   0% used [0x00000000a6680000, 0x00000000a6680000, 0x00000000ab340000)
 concurrent mark-sweep generation total 706700K, used 528300K [0x00000000b0000000, 0x00000000db223000, 0x0000000100000000)
 Metaspace       used 80456K, capacity 89039K, committed 89216K, reserved 1126400K
  class space    used 10887K, capacity 12659K, committed 12672K, reserved 1048576K
}
Event: 739.260 GC heap before
{Heap before GC invocations=51 (full 9):
 par new generation   total 707840K, used 640006K [0x0000000080000000, 0x00000000b0000000, 0x00000000b0000000)
  eden space 629248K, 100% used [0x0000000080000000, 0x00000000a6680000, 0x00000000a6680000)
  from space 78592K,  13% used [0x00000000ab340000, 0x00000000abdc1be0, 0x00000000b0000000)
  to   space 78592K,   0% used [0x00000000a6680000, 0x00000000a6680000, 0x00000000ab340000)
 concurrent mark-sweep generation total 706700K, used 528300K [0x00000000b0000000, 0x00000000db223000, 0x0000000100000000)
 Metaspace       used 81129K, capacity 89703K, committed 89856K, reserved 1126400K
  class space    used 10962K, capacity 12727K, committed 12800K, reserved 1048576K
Event: 739.290 GC heap after
Heap after GC invocations=52 (full 9):
 par new generation   total 707840K, used 10443K [0x0000000080000000, 0x00000000b0000000, 0x00000000b0000000)
  eden space 629248K,   0% used [0x0000000080000000, 0x0000000080000000, 0x00000000a6680000)
  from space 78592K,  13% used [0x00000000a6680000, 0x00000000a70b2c38, 0x00000000ab340000)
  to   space 78592K,   0% used [0x00000000ab340000, 0x00000000ab340000, 0x00000000b0000000)
 concurrent mark-sweep generation total 706700K, used 528487K [0x00000000b0000000, 0x00000000db223000, 0x0000000100000000)
 Metaspace       used 81129K, capacity 89703K, committed 89856K, reserved 1126400K
  class space    used 10962K, capacity 12727K, committed 12800K, reserved 1048576K
}
Event: 943.758 GC heap before
{Heap before GC invocations=52 (full 9):
 par new generation   total 707840K, used 639691K [0x0000000080000000, 0x00000000b0000000, 0x00000000b0000000)
  eden space 629248K, 100% used [0x0000000080000000, 0x00000000a6680000, 0x00000000a6680000)
  from space 78592K,  13% used [0x00000000a6680000, 0x00000000a70b2c38, 0x00000000ab340000)
  to   space 78592K,   0% used [0x00000000ab340000, 0x00000000ab340000, 0x00000000b0000000)
 concurrent mark-sweep generation total 706700K, used 528487K [0x00000000b0000000, 0x00000000db223000, 0x0000000100000000)
 Metaspace       used 81134K, capacity 89703K, committed 89856K, reserved 1126400K
  class space    used 10962K, capacity 12727K, committed 12800K, reserved 1048576K
Event: 943.811 GC heap after
Heap after GC invocations=53 (full 9):
 par new generation   total 707840K, used 9841K [0x0000000080000000, 0x00000000b0000000, 0x00000000b0000000)
  eden space 629248K,   0% used [0x0000000080000000, 0x0000000080000000, 0x00000000a6680000)
  from space 78592K,  12% used [0x00000000ab340000, 0x00000000abcdc6a8, 0x00000000b0000000)
  to   space 78592K,   0% used [0x00000000a6680000, 0x00000000a6680000, 0x00000000ab340000)
 concurrent mark-sweep generation total 706700K, used 529126K [0x00000000b0000000, 0x00000000db223000, 0x0000000100000000)
 Metaspace       used 81134K, capacity 89703K, committed 89856K, reserved 1126400K
  class space    used 10962K, capacity 12727K, committed 12800K, reserved 1048576K
}
Event: 1149.802 GC heap before
{Heap before GC invocations=53 (full 9):
 par new generation   total 707840K, used 639089K [0x0000000080000000, 0x00000000b0000000, 0x00000000b0000000)
  eden space 629248K, 100% used [0x0000000080000000, 0x00000000a6680000, 0x00000000a6680000)
  from space 78592K,  12% used [0x00000000ab340000, 0x00000000abcdc6a8, 0x00000000b0000000)
  to   space 78592K,   0% used [0x00000000a6680000, 0x00000000a6680000, 0x00000000ab340000)
 concurrent mark-sweep generation total 706700K, used 529126K [0x00000000b0000000, 0x00000000db223000, 0x0000000100000000)
 Metaspace       used 81134K, capacity 89703K, committed 89856K, reserved 1126400K
  class space    used 10962K, capacity 12727K, committed 12800K, reserved 1048576K
Event: 1149.817 GC heap after
Heap after GC invocations=54 (full 9):
 par new generation   total 707840K, used 7686K [0x0000000080000000, 0x00000000b0000000, 0x00000000b0000000)
  eden space 629248K,   0% used [0x0000000080000000, 0x0000000080000000, 0x00000000a6680000)
  from space 78592K,   9% used [0x00000000a6680000, 0x00000000a6e01920, 0x00000000ab340000)
  to   space 78592K,   0% used [0x00000000ab340000, 0x00000000ab340000, 0x00000000b0000000)
 concurrent mark-sweep generation total 706700K, used 529571K [0x00000000b0000000, 0x00000000db223000, 0x0000000100000000)
 Metaspace       used 81134K, capacity 89703K, committed 89856K, reserved 1126400K
  class space    used 10962K, capacity 12727K, committed 12800K, reserved 1048576K
}
Event: 1355.402 GC heap before
{Heap before GC invocations=54 (full 9):
 par new generation   total 707840K, used 636934K [0x0000000080000000, 0x00000000b0000000, 0x00000000b0000000)
  eden space 629248K, 100% used [0x0000000080000000, 0x00000000a6680000, 0x00000000a6680000)
  from space 78592K,   9% used [0x00000000a6680000, 0x00000000a6e01920, 0x00000000ab340000)
  to   space 78592K,   0% used [0x00000000ab340000, 0x00000000ab340000, 0x00000000b0000000)
 concurrent mark-sweep generation total 706700K, used 529571K [0x00000000b0000000, 0x00000000db223000, 0x0000000100000000)
 Metaspace       used 81136K, capacity 89703K, committed 89856K, reserved 1126400K
  class space    used 10962K, capacity 12727K, committed 12800K, reserved 1048576K
Event: 1355.429 GC heap after
Heap after GC invocations=55 (full 9):
 par new generation   total 707840K, used 5222K [0x0000000080000000, 0x00000000b0000000, 0x00000000b0000000)
  eden space 629248K,   0% used [0x0000000080000000, 0x0000000080000000, 0x00000000a6680000)
  from space 78592K,   6% used [0x00000000ab340000, 0x00000000ab859858, 0x00000000b0000000)
  to   space 78592K,   0% used [0x00000000a6680000, 0x00000000a6680000, 0x00000000ab340000)
 concurrent mark-sweep generation total 706700K, used 534727K [0x00000000b0000000, 0x00000000db223000, 0x0000000100000000)
 Metaspace       used 81136K, capacity 89703K, committed 89856K, reserved 1126400K
  class space    used 10962K, capacity 12727K, committed 12800K, reserved 1048576K
}
Event: 1560.652 GC heap before
{Heap before GC invocations=55 (full 9):
 par new generation   total 707840K, used 634470K [0x0000000080000000, 0x00000000b0000000, 0x00000000b0000000)
  eden space 629248K, 100% used [0x0000000080000000, 0x00000000a6680000, 0x00000000a6680000)
  from space 78592K,   6% used [0x00000000ab340000, 0x00000000ab859858, 0x00000000b0000000)
  to   space 78592K,   0% used [0x00000000a6680000, 0x00000000a6680000, 0x00000000ab340000)
 concurrent mark-sweep generation total 706700K, used 534727K [0x00000000b0000000, 0x00000000db223000, 0x0000000100000000)
 Metaspace       used 81136K, capacity 89703K, committed 89856K, reserved 1126400K
  class space    used 10962K, capacity 12727K, committed 12800K, reserved 1048576K
Event: 1560.657 GC heap after
Heap after GC invocations=56 (full 9):
 par new generation   total 707840K, used 1363K [0x0000000080000000, 0x00000000b0000000, 0x00000000b0000000)
  eden space 629248K,   0% used [0x0000000080000000, 0x0000000080000000, 0x00000000a6680000)
  from space 78592K,   1% used [0x00000000a6680000, 0x00000000a67d4d30, 0x00000000ab340000)
  to   space 78592K,   0% used [0x00000000ab340000, 0x00000000ab340000, 0x00000000b0000000)
 concurrent mark-sweep generation total 706700K, used 534731K [0x00000000b0000000, 0x00000000db223000, 0x0000000100000000)
 Metaspace       used 81136K, capacity 89703K, committed 89856K, reserved 1126400K
  class space    used 10962K, capacity 12727K, committed 12800K, reserved 1048576K
}
Event: 1766.752 GC heap before
{Heap before GC invocations=56 (full 9):
 par new generation   total 707840K, used 630611K [0x0000000080000000, 0x00000000b0000000, 0x00000000b0000000)
  eden space 629248K, 100% used [0x0000000080000000, 0x00000000a6680000, 0x00000000a6680000)
  from space 78592K,   1% used [0x00000000a6680000, 0x00000000a67d4d30, 0x00000000ab340000)
  to   space 78592K,   0% used [0x00000000ab340000, 0x00000000ab340000, 0x00000000b0000000)
 concurrent mark-sweep generation total 706700K, used 534731K [0x00000000b0000000, 0x00000000db223000, 0x0000000100000000)
 Metaspace       used 81136K, capacity 89703K, committed 89856K, reserved 1126400K
  class space    used 10962K, capacity 12727K, committed 12800K, reserved 1048576K
Event: 1766.757 GC heap after
Heap after GC invocations=57 (full 9):
 par new generation   total 707840K, used 462K [0x0000000080000000, 0x00000000b0000000, 0x00000000b0000000)
  eden space 629248K,   0% used [0x0000000080000000, 0x0000000080000000, 0x00000000a6680000)
  from space 78592K,   0% used [0x00000000ab340000, 0x00000000ab3b39a0, 0x00000000b0000000)
  to   space 78592K,   0% used [0x00000000a6680000, 0x00000000a6680000, 0x00000000ab340000)
 concurrent mark-sweep generation total 706700K, used 535050K [0x00000000b0000000, 0x00000000db223000, 0x0000000100000000)
 Metaspace       used 81136K, capacity 89703K, committed 89856K, reserved 1126400K
  class space    used 10962K, capacity 12727K, committed 12800K, reserved 1048576K
}
Event: 1972.551 GC heap before
{Heap before GC invocations=57 (full 9):
 par new generation   total 707840K, used 629710K [0x0000000080000000, 0x00000000b0000000, 0x00000000b0000000)
  eden space 629248K, 100% used [0x0000000080000000, 0x00000000a6680000, 0x00000000a6680000)
  from space 78592K,   0% used [0x00000000ab340000, 0x00000000ab3b39a0, 0x00000000b0000000)
  to   space 78592K,   0% used [0x00000000a6680000, 0x00000000a6680000, 0x00000000ab340000)
 concurrent mark-sweep generation total 706700K, used 535050K [0x00000000b0000000, 0x00000000db223000, 0x0000000100000000)
 Metaspace       used 81139K, capacity 89767K, committed 89856K, reserved 1126400K
  class space    used 10962K, capacity 12727K, committed 12800K, reserved 1048576K
Event: 1972.557 GC heap after
Heap after GC invocations=58 (full 9):
 par new generation   total 707840K, used 280K [0x0000000080000000, 0x00000000b0000000, 0x00000000b0000000)
  eden space 629248K,   0% used [0x0000000080000000, 0x0000000080000000, 0x00000000a6680000)
  from space 78592K,   0% used [0x00000000a6680000, 0x00000000a66c6248, 0x00000000ab340000)
  to   space 78592K,   0% used [0x00000000ab340000, 0x00000000ab340000, 0x00000000b0000000)
 concurrent mark-sweep generation total 706700K, used 535204K [0x00000000b0000000, 0x00000000db223000, 0x0000000100000000)
 Metaspace       used 81139K, capacity 89767K, committed 89856K, reserved 1126400K
  class space    used 10962K, capacity 12727K, committed 12800K, reserved 1048576K
}
Event: 2178.301 GC heap before
{Heap before GC invocations=58 (full 9):
 par new generation   total 707840K, used 629528K [0x0000000080000000, 0x00000000b0000000, 0x00000000b0000000)
  eden space 629248K, 100% used [0x0000000080000000, 0x00000000a6680000, 0x00000000a6680000)
  from space 78592K,   0% used [0x00000000a6680000, 0x00000000a66c6248, 0x00000000ab340000)
  to   space 78592K,   0% used [0x00000000ab340000, 0x00000000ab340000, 0x00000000b0000000)
 concurrent mark-sweep generation total 706700K, used 535204K [0x00000000b0000000, 0x00000000db223000, 0x0000000100000000)
 Metaspace       used 81140K, capacity 89767K, committed 89856K, reserved 1126400K
  class space    used 10962K, capacity 12727K, committed 12800K, reserved 1048576K
Event: 2178.306 GC heap after
Heap after GC invocations=59 (full 9):
 par new generation   total 707840K, used 40K [0x0000000080000000, 0x00000000b0000000, 0x00000000b0000000)
  eden space 629248K,   0% used [0x0000000080000000, 0x0000000080000000, 0x00000000a6680000)
  from space 78592K,   0% used [0x00000000ab340000, 0x00000000ab34a250, 0x00000000b0000000)
  to   space 78592K,   0% used [0x00000000a6680000, 0x00000000a6680000, 0x00000000ab340000)
 concurrent mark-sweep generation total 706700K, used 535205K [0x00000000b0000000, 0x00000000db223000, 0x0000000100000000)
 Metaspace       used 81140K, capacity 89767K, committed 89856K, reserved 1126400K
  class space    used 10962K, capacity 12727K, committed 12800K, reserved 1048576K
}
Event: 2382.584 GC heap before
{Heap before GC invocations=59 (full 9):
 par new generation   total 707840K, used 629288K [0x0000000080000000, 0x00000000b0000000, 0x00000000b0000000)
  eden space 629248K, 100% used [0x0000000080000000, 0x00000000a6680000, 0x00000000a6680000)
  from space 78592K,   0% used [0x00000000ab340000, 0x00000000ab34a250, 0x00000000b0000000)
  to   space 78592K,   0% used [0x00000000a6680000, 0x00000000a6680000, 0x00000000ab340000)
 concurrent mark-sweep generation total 706700K, used 535205K [0x00000000b0000000, 0x00000000db223000, 0x0000000100000000)
 Metaspace       used 81140K, capacity 89767K, committed 89856K, reserved 1126400K
  class space    used 10962K, capacity 12727K, committed 12800K, reserved 1048576K
Event: 2382.590 GC heap after
Heap after GC invocations=60 (full 9):
 par new generation   total 707840K, used 22K [0x0000000080000000, 0x00000000b0000000, 0x00000000b0000000)
  eden space 629248K,   0% used [0x0000000080000000, 0x0000000080000000, 0x00000000a6680000)
  from space 78592K,   0% used [0x00000000a6680000, 0x00000000a6685970, 0x00000000ab340000)
  to   space 78592K,   0% used [0x00000000ab340000, 0x00000000ab340000, 0x00000000b0000000)
 concurrent mark-sweep generation total 706700K, used 535205K [0x00000000b0000000, 0x00000000db223000, 0x0000000100000000)
 Metaspace       used 81140K, capacity 89767K, committed 89856K, reserved 1126400K
  class space    used 10962K, capacity 12727K, committed 12800K, reserved 1048576K
}
Event: 2585.201 GC heap before
{Heap before GC invocations=60 (full 9):
 par new generation   total 707840K, used 629270K [0x0000000080000000, 0x00000000b0000000, 0x00000000b0000000)
  eden space 629248K, 100% used [0x0000000080000000, 0x00000000a6680000, 0x00000000a6680000)
  from space 78592K,   0% used [0x00000000a6680000, 0x00000000a6685970, 0x00000000ab340000)
  to   space 78592K,   0% used [0x00000000ab340000, 0x00000000ab340000, 0x00000000b0000000)
 concurrent mark-sweep generation total 706700K, used 535205K [0x00000000b0000000, 0x00000000db223000, 0x0000000100000000)
 Metaspace       used 81146K, capacity 89767K, committed 89856K, reserved 1126400K
  class space    used 10962K, capacity 12727K, committed 12800K, reserved 1048576K
Event: 2585.206 GC heap after
Heap after GC invocations=61 (full 9):
 par new generation   total 707840K, used 229K [0x0000000080000000, 0x00000000b0000000, 0x00000000b0000000)
  eden space 629248K,   0% used [0x0000000080000000, 0x0000000080000000, 0x00000000a6680000)
  from space 78592K,   0% used [0x00000000ab340000, 0x00000000ab3794f0, 0x00000000b0000000)
  to   space 78592K,   0% used [0x00000000a6680000, 0x00000000a6680000, 0x00000000ab340000)
 concurrent mark-sweep generation total 706700K, used 535205K [0x00000000b0000000, 0x00000000db223000, 0x0000000100000000)
 Metaspace       used 81146K, capacity 89767K, committed 89856K, reserved 1126400K
  class space    used 10962K, capacity 12727K, committed 12800K, reserved 1048576K
}
Event: 2791.251 GC heap before
{Heap before GC invocations=61 (full 9):
 par new generation   total 707840K, used 629477K [0x0000000080000000, 0x00000000b0000000, 0x00000000b0000000)
  eden space 629248K, 100% used [0x0000000080000000, 0x00000000a6680000, 0x00000000a6680000)
  from space 78592K,   0% used [0x00000000ab340000, 0x00000000ab3794f0, 0x00000000b0000000)
  to   space 78592K,   0% used [0x00000000a6680000, 0x00000000a6680000, 0x00000000ab340000)
 concurrent mark-sweep generation total 706700K, used 535205K [0x00000000b0000000, 0x00000000db223000, 0x0000000100000000)
 Metaspace       used 81146K, capacity 89767K, committed 89856K, reserved 1126400K
  class space    used 10962K, capacity 12727K, committed 12800K, reserved 1048576K
Event: 2791.255 GC heap after
Heap after GC invocations=62 (full 9):
 par new generation   total 707840K, used 16K [0x0000000080000000, 0x00000000b0000000, 0x00000000b0000000)
  eden space 629248K,   0% used [0x0000000080000000, 0x0000000080000000, 0x00000000a6680000)
  from space 78592K,   0% used [0x00000000a6680000, 0x00000000a6684218, 0x00000000ab340000)
  to   space 78592K,   0% used [0x00000000ab340000, 0x00000000ab340000, 0x00000000b0000000)
 concurrent mark-sweep generation total 706700K, used 535205K [0x00000000b0000000, 0x00000000db223000, 0x0000000100000000)
 Metaspace       used 81146K, capacity 89767K, committed 89856K, reserved 1126400K
  class space    used 10962K, capacity 12727K, committed 12800K, reserved 1048576K
}
Event: 2997.351 GC heap before
{Heap before GC invocations=62 (full 9):
 par new generation   total 707840K, used 629264K [0x0000000080000000, 0x00000000b0000000, 0x00000000b0000000)
  eden space 629248K, 100% used [0x0000000080000000, 0x00000000a6680000, 0x00000000a6680000)
  from space 78592K,   0% used [0x00000000a6680000, 0x00000000a6684218, 0x00000000ab340000)
  to   space 78592K,   0% used [0x00000000ab340000, 0x00000000ab340000, 0x00000000b0000000)
 concurrent mark-sweep generation total 706700K, used 535205K [0x00000000b0000000, 0x00000000db223000, 0x0000000100000000)
 Metaspace       used 81146K, capacity 89767K, committed 89856K, reserved 1126400K
  class space    used 10962K, capacity 12727K, committed 12800K, reserved 1048576K
Event: 2997.356 GC heap after
Heap after GC invocations=63 (full 9):
 par new generation   total 707840K, used 22K [0x0000000080000000, 0x00000000b0000000, 0x00000000b0000000)
  eden space 629248K,   0% used [0x0000000080000000, 0x0000000080000000, 0x00000000a6680000)
  from space 78592K,   0% used [0x00000000ab340000, 0x00000000ab345a78, 0x00000000b0000000)
  to   space 78592K,   0% used [0x00000000a6680000, 0x00000000a6680000, 0x00000000ab340000)
 concurrent mark-sweep generation total 706700K, used 535205K [0x00000000b0000000, 0x00000000db223000, 0x0000000100000000)
 Metaspace       used 81146K, capacity 89767K, committed 89856K, reserved 1126400K
  class space    used 10962K, capacity 12727K, committed 12800K, reserved 1048576K
}
Event: 3203.301 GC heap before
{Heap before GC invocations=63 (full 9):
 par new generation   total 707840K, used 629270K [0x0000000080000000, 0x00000000b0000000, 0x00000000b0000000)
  eden space 629248K, 100% used [0x0000000080000000, 0x00000000a6680000, 0x00000000a6680000)
  from space 78592K,   0% used [0x00000000ab340000, 0x00000000ab345a78, 0x00000000b0000000)
  to   space 78592K,   0% used [0x00000000a6680000, 0x00000000a6680000, 0x00000000ab340000)
 concurrent mark-sweep generation total 706700K, used 535205K [0x00000000b0000000, 0x00000000db223000, 0x0000000100000000)
 Metaspace       used 81161K, capacity 89767K, committed 89856K, reserved 1126400K
  class space    used 10962K, capacity 12727K, committed 12800K, reserved 1048576K
Event: 3203.306 GC heap after
Heap after GC invocations=64 (full 9):
 par new generation   total 707840K, used 146K [0x0000000080000000, 0x00000000b0000000, 0x00000000b0000000)
  eden space 629248K,   0% used [0x0000000080000000, 0x0000000080000000, 0x00000000a6680000)
  from space 78592K,   0% used [0x00000000a6680000, 0x00000000a66a4af0, 0x00000000ab340000)
  to   space 78592K,   0% used [0x00000000ab340000, 0x00000000ab340000, 0x00000000b0000000)
 concurrent mark-sweep generation total 706700K, used 535205K [0x00000000b0000000, 0x00000000db223000, 0x0000000100000000)
 Metaspace       used 81161K, capacity 89767K, committed 89856K, reserved 1126400K
  class space    used 10962K, capacity 12727K, committed 12800K, reserved 1048576K
}
Event: 3409.001 GC heap before
{Heap before GC invocations=64 (full 9):
 par new generation   total 707840K, used 629394K [0x0000000080000000, 0x00000000b0000000, 0x00000000b0000000)
  eden space 629248K, 100% used [0x0000000080000000, 0x00000000a6680000, 0x00000000a6680000)
  from space 78592K,   0% used [0x00000000a6680000, 0x00000000a66a4af0, 0x00000000ab340000)
  to   space 78592K,   0% used [0x00000000ab340000, 0x00000000ab340000, 0x00000000b0000000)
 concurrent mark-sweep generation total 706700K, used 535205K [0x00000000b0000000, 0x00000000db223000, 0x0000000100000000)
 Metaspace       used 81161K, capacity 89767K, committed 89856K, reserved 1126400K
  class space    used 10962K, capacity 12727K, committed 12800K, reserved 1048576K
Event: 3409.006 GC heap after
Heap after GC invocations=65 (full 9):
 par new generation   total 707840K, used 24K [0x0000000080000000, 0x00000000b0000000, 0x00000000b0000000)
  eden space 629248K,   0% used [0x0000000080000000, 0x0000000080000000, 0x00000000a6680000)
  from space 78592K,   0% used [0x00000000ab340000, 0x00000000ab3461f8, 0x00000000b0000000)
  to   space 78592K,   0% used [0x00000000a6680000, 0x00000000a6680000, 0x00000000ab340000)
 concurrent mark-sweep generation total 706700K, used 535205K [0x00000000b0000000, 0x00000000db223000, 0x0000000100000000)
 Metaspace       used 81161K, capacity 89767K, committed 89856K, reserved 1126400K
  class space    used 10962K, capacity 12727K, committed 12800K, reserved 1048576K
}
Event: 3564.486 GC heap before
{Heap before GC invocations=65 (full 9):
 par new generation   total 707840K, used 629272K [0x0000000080000000, 0x00000000b0000000, 0x00000000b0000000)
  eden space 629248K, 100% used [0x0000000080000000, 0x00000000a6680000, 0x00000000a6680000)
  from space 78592K,   0% used [0x00000000ab340000, 0x00000000ab3461f8, 0x00000000b0000000)
  to   space 78592K,   0% used [0x00000000a6680000, 0x00000000a6680000, 0x00000000ab340000)
 concurrent mark-sweep generation total 706700K, used 535205K [0x00000000b0000000, 0x00000000db223000, 0x0000000100000000)
 Metaspace       used 81200K, capacity 89767K, committed 89856K, reserved 1126400K
  class space    used 10962K, capacity 12727K, committed 12800K, reserved 1048576K
Event: 3564.520 GC heap after
Heap after GC invocations=66 (full 9):
 par new generation   total 707840K, used 15977K [0x0000000080000000, 0x00000000b0000000, 0x00000000b0000000)
  eden space 629248K,   0% used [0x0000000080000000, 0x0000000080000000, 0x00000000a6680000)
  from space 78592K,  20% used [0x00000000a6680000, 0x00000000a761a4e0, 0x00000000ab340000)
  to   space 78592K,   0% used [0x00000000ab340000, 0x00000000ab340000, 0x00000000b0000000)
 concurrent mark-sweep generation total 706700K, used 535205K [0x00000000b0000000, 0x00000000db223000, 0x0000000100000000)
 Metaspace       used 81200K, capacity 89767K, committed 89856K, reserved 1126400K
  class space    used 10962K, capacity 12727K, committed 12800K, reserved 1048576K
}
Event: 3566.326 GC heap before
{Heap before GC invocations=66 (full 9):
 par new generation   total 707840K, used 645225K [0x0000000080000000, 0x00000000b0000000, 0x00000000b0000000)
  eden space 629248K, 100% used [0x0000000080000000, 0x00000000a6680000, 0x00000000a6680000)
  from space 78592K,  20% used [0x00000000a6680000, 0x00000000a761a4e0, 0x00000000ab340000)
  to   space 78592K,   0% used [0x00000000ab340000, 0x00000000ab340000, 0x00000000b0000000)
 concurrent mark-sweep generation total 706700K, used 535205K [0x00000000b0000000, 0x00000000db223000, 0x0000000100000000)
 Metaspace       used 81219K, capacity 89767K, committed 89856K, reserved 1126400K
  class space    used 10965K, capacity 12727K, committed 12800K, reserved 1048576K
Event: 3566.396 GC heap after
Heap after GC invocations=67 (full 9):
 par new generation   total 707840K, used 63312K [0x0000000080000000, 0x00000000b0000000, 0x00000000b0000000)
  eden space 629248K,   0% used [0x0000000080000000, 0x0000000080000000, 0x00000000a6680000)
  from space 78592K,  80% used [0x00000000ab340000, 0x00000000af114360, 0x00000000b0000000)
  to   space 78592K,   0% used [0x00000000a6680000, 0x00000000a6680000, 0x00000000ab340000)
 concurrent mark-sweep generation total 706700K, used 535209K [0x00000000b0000000, 0x00000000db223000, 0x0000000100000000)
 Metaspace       used 81219K, capacity 89767K, committed 89856K, reserved 1126400K
  class space    used 10965K, capacity 12727K, committed 12800K, reserved 1048576K
}
Event: 3567.866 GC heap before
{Heap before GC invocations=67 (full 9):
 par new generation   total 707840K, used 692560K [0x0000000080000000, 0x00000000b0000000, 0x00000000b0000000)
  eden space 629248K, 100% used [0x0000000080000000, 0x00000000a6680000, 0x00000000a6680000)
  from space 78592K,  80% used [0x00000000ab340000, 0x00000000af114360, 0x00000000b0000000)
  to   space 78592K,   0% used [0x00000000a6680000, 0x00000000a6680000, 0x00000000ab340000)
 concurrent mark-sweep generation total 706700K, used 535209K [0x00000000b0000000, 0x00000000db223000, 0x0000000100000000)
 Metaspace       used 81248K, capacity 89835K, committed 90112K, reserved 1126400K
  class space    used 10967K, capacity 12727K, committed 12800K, reserved 1048576K
Event: 3568.071 GC heap after
Heap after GC invocations=68 (full 9):
 par new generation   total 707840K, used 66282K [0x0000000080000000, 0x00000000b0000000, 0x00000000b0000000)
  eden space 629248K,   0% used [0x0000000080000000, 0x0000000080000000, 0x00000000a6680000)
  from space 78592K,  84% used [0x00000000a6680000, 0x00000000aa73a830, 0x00000000ab340000)
  to   space 78592K,   0% used [0x00000000ab340000, 0x00000000ab340000, 0x00000000b0000000)
 concurrent mark-sweep generation total 706700K, used 588864K [0x00000000b0000000, 0x00000000db223000, 0x0000000100000000)
 Metaspace       used 81248K, capacity 89835K, committed 90112K, reserved 1126400K
  class space    used 10967K, capacity 12727K, committed 12800K, reserved 1048576K
}
Event: 3569.984 GC heap before
{Heap before GC invocations=68 (full 9):
 par new generation   total 707840K, used 695530K [0x0000000080000000, 0x00000000b0000000, 0x00000000b0000000)
  eden space 629248K, 100% used [0x0000000080000000, 0x00000000a6680000, 0x00000000a6680000)
  from space 78592K,  84% used [0x00000000a6680000, 0x00000000aa73a830, 0x00000000ab340000)
  to   space 78592K,   0% used [0x00000000ab340000, 0x00000000ab340000, 0x00000000b0000000)
 concurrent mark-sweep generation total 706700K, used 588864K [0x00000000b0000000, 0x00000000db223000, 0x0000000100000000)
 Metaspace       used 81291K, capacity 89847K, committed 90112K, reserved 1126400K
  class space    used 10969K, capacity 12729K, committed 12800K, reserved 1048576K
Event: 3570.135 GC heap after
Heap after GC invocations=69 (full 9):
 par new generation   total 707840K, used 42468K [0x0000000080000000, 0x00000000b0000000, 0x00000000b0000000)
  eden space 629248K,   0% used [0x0000000080000000, 0x0000000080000000, 0x00000000a6680000)
  from space 78592K,  54% used [0x00000000ab340000, 0x00000000adcb9128, 0x00000000b0000000)
  to   space 78592K,   0% used [0x00000000a6680000, 0x00000000a6680000, 0x00000000ab340000)
 concurrent mark-sweep generation total 721868K, used 628965K [0x00000000b0000000, 0x00000000dc0f3000, 0x0000000100000000)
 Metaspace       used 81291K, capacity 89847K, committed 90112K, reserved 1126400K
  class space    used 10969K, capacity 12729K, committed 12800K, reserved 1048576K
}
Event: 3572.925 GC heap before
{Heap before GC invocations=69 (full 10):
 par new generation   total 707840K, used 671716K [0x0000000080000000, 0x00000000b0000000, 0x00000000b0000000)
  eden space 629248K, 100% used [0x0000000080000000, 0x00000000a6680000, 0x00000000a6680000)
  from space 78592K,  54% used [0x00000000ab340000, 0x00000000adcb9128, 0x00000000b0000000)
  to   space 78592K,   0% used [0x00000000a6680000, 0x00000000a6680000, 0x00000000ab340000)
 concurrent mark-sweep generation total 721868K, used 628965K [0x00000000b0000000, 0x00000000dc0f3000, 0x0000000100000000)
 Metaspace       used 81299K, capacity 89847K, committed 90112K, reserved 1126400K
  class space    used 10970K, capacity 12729K, committed 12800K, reserved 1048576K
Event: 3572.994 GC heap after
Heap after GC invocations=70 (full 10):
 par new generation   total 707840K, used 63053K [0x0000000080000000, 0x00000000b0000000, 0x00000000b0000000)
  eden space 629248K,   0% used [0x0000000080000000, 0x0000000080000000, 0x00000000a6680000)
  from space 78592K,  80% used [0x00000000a6680000, 0x00000000aa4134c8, 0x00000000ab340000)
  to   space 78592K,   0% used [0x00000000ab340000, 0x00000000ab340000, 0x00000000b0000000)
 concurrent mark-sweep generation total 721868K, used 628965K [0x00000000b0000000, 0x00000000dc0f3000, 0x0000000100000000)
 Metaspace       used 81299K, capacity 89847K, committed 90112K, reserved 1126400K
  class space    used 10970K, capacity 12729K, committed 12800K, reserved 1048576K
}
Event: 3575.475 GC heap before
{Heap before GC invocations=70 (full 10):
 par new generation   total 707840K, used 692301K [0x0000000080000000, 0x00000000b0000000, 0x00000000b0000000)
  eden space 629248K, 100% used [0x0000000080000000, 0x00000000a6680000, 0x00000000a6680000)
  from space 78592K,  80% used [0x00000000a6680000, 0x00000000aa4134c8, 0x00000000ab340000)
  to   space 78592K,   0% used [0x00000000ab340000, 0x00000000ab340000, 0x00000000b0000000)
 concurrent mark-sweep generation total 721868K, used 421280K [0x00000000b0000000, 0x00000000dc0f3000, 0x0000000100000000)
 Metaspace       used 81198K, capacity 89727K, committed 90112K, reserved 1126400K
  class space    used 10952K, capacity 12693K, committed 12800K, reserved 1048576K
Event: 3575.615 GC heap after
Heap after GC invocations=71 (full 10):
 par new generation   total 707840K, used 78592K [0x0000000080000000, 0x00000000b0000000, 0x00000000b0000000)
  eden space 629248K,   0% used [0x0000000080000000, 0x0000000080000000, 0x00000000a6680000)
  from space 78592K, 100% used [0x00000000ab340000, 0x00000000b0000000, 0x00000000b0000000)
  to   space 78592K,   0% used [0x00000000a6680000, 0x00000000a6680000, 0x00000000ab340000)
 concurrent mark-sweep generation total 721868K, used 449017K [0x00000000b0000000, 0x00000000dc0f3000, 0x0000000100000000)
 Metaspace       used 81198K, capacity 89727K, committed 90112K, reserved 1126400K
  class space    used 10952K, capacity 12693K, committed 12800K, reserved 1048576K
}
Event: 3583.002 GC heap before
{Heap before GC invocations=71 (full 10):
 par new generation   total 707840K, used 707840K [0x0000000080000000, 0x00000000b0000000, 0x00000000b0000000)
  eden space 629248K, 100% used [0x0000000080000000, 0x00000000a6680000, 0x00000000a6680000)
  from space 78592K, 100% used [0x00000000ab340000, 0x00000000b0000000, 0x00000000b0000000)
  to   space 78592K,   0% used [0x00000000a6680000, 0x00000000a6680000, 0x00000000ab340000)
 concurrent mark-sweep generation total 721868K, used 449017K [0x00000000b0000000, 0x00000000dc0f3000, 0x0000000100000000)
 Metaspace       used 81214K, capacity 89727K, committed 90112K, reserved 1126400K
  class space    used 10952K, capacity 12693K, committed 12800K, reserved 1048576K
Event: 3583.177 GC heap after
Heap after GC invocations=72 (full 10):
 par new generation   total 707840K, used 60070K [0x0000000080000000, 0x00000000b0000000, 0x00000000b0000000)
  eden space 629248K,   0% used [0x0000000080000000, 0x0000000080000000, 0x00000000a6680000)
  from space 78592K,  76% used [0x00000000a6680000, 0x00000000aa129bf8, 0x00000000ab340000)
  to   space 78592K,   0% used [0x00000000ab340000, 0x00000000ab340000, 0x00000000b0000000)
 concurrent mark-sweep generation total 721868K, used 481171K [0x00000000b0000000, 0x00000000dc0f3000, 0x0000000100000000)
 Metaspace       used 81214K, capacity 89727K, committed 90112K, reserved 1126400K
  class space    used 10952K, capacity 12693K, committed 12800K, reserved 1048576K
}
Event: 3593.806 GC heap before
{Heap before GC invocations=72 (full 10):
 par new generation   total 707840K, used 689318K [0x0000000080000000, 0x00000000b0000000, 0x00000000b0000000)
  eden space 629248K, 100% used [0x0000000080000000, 0x00000000a6680000, 0x00000000a6680000)
  from space 78592K,  76% used [0x00000000a6680000, 0x00000000aa129bf8, 0x00000000ab340000)
  to   space 78592K,   0% used [0x00000000ab340000, 0x00000000ab340000, 0x00000000b0000000)
 concurrent mark-sweep generation total 721868K, used 481171K [0x00000000b0000000, 0x00000000dc0f3000, 0x0000000100000000)
 Metaspace       used 81229K, capacity 89733K, committed 90112K, reserved 1126400K
  class space    used 10952K, capacity 12694K, committed 12800K, reserved 1048576K
Event: 3593.878 GC heap after
Heap after GC invocations=73 (full 10):
 par new generation   total 707840K, used 49180K [0x0000000080000000, 0x00000000b0000000, 0x00000000b0000000)
  eden space 629248K,   0% used [0x0000000080000000, 0x0000000080000000, 0x00000000a6680000)
  from space 78592K,  62% used [0x00000000ab340000, 0x00000000ae3471c8, 0x00000000b0000000)
  to   space 78592K,   0% used [0x00000000a6680000, 0x00000000a6680000, 0x00000000ab340000)
 concurrent mark-sweep generation total 721868K, used 496659K [0x00000000b0000000, 0x00000000dc0f3000, 0x0000000100000000)
 Metaspace       used 81229K, capacity 89733K, committed 90112K, reserved 1126400K
  class space    used 10952K, capacity 12694K, committed 12800K, reserved 1048576K
}
Event: 3604.945 GC heap before
{Heap before GC invocations=73 (full 10):
 par new generation   total 707840K, used 678428K [0x0000000080000000, 0x00000000b0000000, 0x00000000b0000000)
  eden space 629248K, 100% used [0x0000000080000000, 0x00000000a6680000, 0x00000000a6680000)
  from space 78592K,  62% used [0x00000000ab340000, 0x00000000ae3471c8, 0x00000000b0000000)
  to   space 78592K,   0% used [0x00000000a6680000, 0x00000000a6680000, 0x00000000ab340000)
 concurrent mark-sweep generation total 721868K, used 496659K [0x00000000b0000000, 0x00000000dc0f3000, 0x0000000100000000)
 Metaspace       used 81267K, capacity 89751K, committed 90112K, reserved 1126400K
  class space    used 10954K, capacity 12697K, committed 12800K, reserved 1048576K
Event: 3605.005 GC heap after
Heap after GC invocations=74 (full 10):
 par new generation   total 707840K, used 77007K [0x0000000080000000, 0x00000000b0000000, 0x00000000b0000000)
  eden space 629248K,   0% used [0x0000000080000000, 0x0000000080000000, 0x00000000a6680000)
  from space 78592K,  97% used [0x00000000a6680000, 0x00000000ab1b3e38, 0x00000000ab340000)
  to   space 78592K,   0% used [0x00000000ab340000, 0x00000000ab340000, 0x00000000b0000000)
 concurrent mark-sweep generation total 721868K, used 496659K [0x00000000b0000000, 0x00000000dc0f3000, 0x0000000100000000)
 Metaspace       used 81267K, capacity 89751K, committed 90112K, reserved 1126400K
  class space    used 10954K, capacity 12697K, committed 12800K, reserved 1048576K
}
Event: 3628.105 GC heap before
{Heap before GC invocations=74 (full 10):
 par new generation   total 707840K, used 706255K [0x0000000080000000, 0x00000000b0000000, 0x00000000b0000000)
  eden space 629248K, 100% used [0x0000000080000000, 0x00000000a6680000, 0x00000000a6680000)
  from space 78592K,  97% used [0x00000000a6680000, 0x00000000ab1b3e38, 0x00000000ab340000)
  to   space 78592K,   0% used [0x00000000ab340000, 0x00000000ab340000, 0x00000000b0000000)
 concurrent mark-sweep generation total 721868K, used 496659K [0x00000000b0000000, 0x00000000dc0f3000, 0x0000000100000000)
 Metaspace       used 81297K, capacity 89819K, committed 90112K, reserved 1126400K
  class space    used 10954K, capacity 12697K, committed 12800K, reserved 1048576K
Event: 3628.186 GC heap after
Heap after GC invocations=75 (full 10):
 par new generation   total 707840K, used 49318K [0x0000000080000000, 0x00000000b0000000, 0x00000000b0000000)
  eden space 629248K,   0% used [0x0000000080000000, 0x0000000080000000, 0x00000000a6680000)
  from space 78592K,  62% used [0x00000000ab340000, 0x00000000ae369930, 0x00000000b0000000)
  to   space 78592K,   0% used [0x00000000a6680000, 0x00000000a6680000, 0x00000000ab340000)
 concurrent mark-sweep generation total 721868K, used 513141K [0x00000000b0000000, 0x00000000dc0f3000, 0x0000000100000000)
 Metaspace       used 81297K, capacity 89819K, committed 90112K, reserved 1126400K
  class space    used 10954K, capacity 12697K, committed 12800K, reserved 1048576K
}
Event: 3633.094 GC heap before
{Heap before GC invocations=75 (full 10):
 par new generation   total 707840K, used 678566K [0x0000000080000000, 0x00000000b0000000, 0x00000000b0000000)
  eden space 629248K, 100% used [0x0000000080000000, 0x00000000a6680000, 0x00000000a6680000)
  from space 78592K,  62% used [0x00000000ab340000, 0x00000000ae369930, 0x00000000b0000000)
  to   space 78592K,   0% used [0x00000000a6680000, 0x00000000a6680000, 0x00000000ab340000)
 concurrent mark-sweep generation total 721868K, used 513141K [0x00000000b0000000, 0x00000000dc0f3000, 0x0000000100000000)
 Metaspace       used 81331K, capacity 89885K, committed 90368K, reserved 1126400K
  class space    used 10959K, capacity 12698K, committed 12800K, reserved 1048576K
Event: 3633.211 GC heap after
Heap after GC invocations=76 (full 10):
 par new generation   total 707840K, used 78592K [0x0000000080000000, 0x00000000b0000000, 0x00000000b0000000)
  eden space 629248K,   0% used [0x0000000080000000, 0x0000000080000000, 0x00000000a6680000)
  from space 78592K, 100% used [0x00000000a6680000, 0x00000000ab340000, 0x00000000ab340000)
  to   space 78592K,   0% used [0x00000000ab340000, 0x00000000ab340000, 0x00000000b0000000)
 concurrent mark-sweep generation total 721868K, used 534578K [0x00000000b0000000, 0x00000000dc0f3000, 0x0000000100000000)
 Metaspace       used 81331K, capacity 89885K, committed 90368K, reserved 1126400K
  class space    used 10959K, capacity 12698K, committed 12800K, reserved 1048576K
}
Event: 3634.339 GC heap before
{Heap before GC invocations=76 (full 10):
 par new generation   total 707840K, used 707840K [0x0000000080000000, 0x00000000b0000000, 0x00000000b0000000)
  eden space 629248K, 100% used [0x0000000080000000, 0x00000000a6680000, 0x00000000a6680000)
  from space 78592K, 100% used [0x00000000a6680000, 0x00000000ab340000, 0x00000000ab340000)
  to   space 78592K,   0% used [0x00000000ab340000, 0x00000000ab340000, 0x00000000b0000000)
 concurrent mark-sweep generation total 721868K, used 534578K [0x00000000b0000000, 0x00000000dc0f3000, 0x0000000100000000)
 Metaspace       used 81404K, capacity 89997K, committed 90368K, reserved 1126400K
  class space    used 10964K, capacity 12732K, committed 12800K, reserved 1048576K
Event: 3634.500 GC heap after
Heap after GC invocations=77 (full 10):
 par new generation   total 707840K, used 64508K [0x0000000080000000, 0x00000000b0000000, 0x00000000b0000000)
  eden space 629248K,   0% used [0x0000000080000000, 0x0000000080000000, 0x00000000a6680000)
  from space 78592K,  82% used [0x00000000ab340000, 0x00000000af23f138, 0x00000000b0000000)
  to   space 78592K,   0% used [0x00000000a6680000, 0x00000000a6680000, 0x00000000ab340000)
 concurrent mark-sweep generation total 721868K, used 602460K [0x00000000b0000000, 0x00000000dc0f3000, 0x0000000100000000)
 Metaspace       used 81404K, capacity 89997K, committed 90368K, reserved 1126400K
  class space    used 10964K, capacity 12732K, committed 12800K, reserved 1048576K
}
Event: 3637.895 GC heap before
{Heap before GC invocations=77 (full 11):
 par new generation   total 707840K, used 693756K [0x0000000080000000, 0x00000000b0000000, 0x00000000b0000000)
  eden space 629248K, 100% used [0x0000000080000000, 0x00000000a6680000, 0x00000000a6680000)
  from space 78592K,  82% used [0x00000000ab340000, 0x00000000af23f138, 0x00000000b0000000)
  to   space 78592K,   0% used [0x00000000a6680000, 0x00000000a6680000, 0x00000000ab340000)
 concurrent mark-sweep generation total 721868K, used 602460K [0x00000000b0000000, 0x00000000dc0f3000, 0x0000000100000000)
 Metaspace       used 81407K, capacity 89997K, committed 90368K, reserved 1126400K
  class space    used 10964K, capacity 12732K, committed 12800K, reserved 1048576K
Event: 3637.970 GC heap after
Heap after GC invocations=78 (full 11):
 par new generation   total 707840K, used 41136K [0x0000000080000000, 0x00000000b0000000, 0x00000000b0000000)
  eden space 629248K,   0% used [0x0000000080000000, 0x0000000080000000, 0x00000000a6680000)
  from space 78592K,  52% used [0x00000000a6680000, 0x00000000a8eac330, 0x00000000ab340000)
  to   space 78592K,   0% used [0x00000000ab340000, 0x00000000ab340000, 0x00000000b0000000)
 concurrent mark-sweep generation total 721868K, used 602460K [0x00000000b0000000, 0x00000000dc0f3000, 0x0000000100000000)
 Metaspace       used 81407K, capacity 89997K, committed 90368K, reserved 1126400K
  class space    used 10964K, capacity 12732K, committed 12800K, reserved 1048576K
}

