# JRE version: OpenJDK Runtime Environment (8.0_212-b04) (build 1.8.0_212-b04)
# Java VM: OpenJDK 64-Bit Server VM (25.212-b04 mixed mode linux-amd64 compressed oops)
Heap:
 par new generation   total 707840K, used 533780K [0x0000000080000000, 0x00000000b0000000, 0x00000000b0000000)
  eden space 629248K,  76% used [0x0000000080000000, 0x000000009d736fc8, 0x00000000a6680000)
  from space 78592K,  65% used [0x00000000a6680000, 0x00000000a988e1f0, 0x00000000ab340000)
  to   space 78592K,   0% used [0x00000000ab340000, 0x00000000ab340000, 0x00000000b0000000)
 concurrent mark-sweep generation total 676432K, used 519940K [0x00000000b0000000, 0x00000000d9494000, 0x0000000100000000)
 Metaspace       used 76443K, capacity 83674K, committed 83872K, reserved 1122304K
  class space    used 10335K, capacity 11938K, committed 11988K, reserved 1048576K
GC Heap History (84 events):
Event: 8.658 GC heap before
{Heap before GC invocations=0 (full 1):
 par new generation   total 707840K, used 629248K [0x0000000080000000, 0x00000000b0000000, 0x00000000b0000000)
  eden space 629248K, 100% used [0x0000000080000000, 0x00000000a6680000, 0x00000000a6680000)
  from space 78592K,   0% used [0x00000000a6680000, 0x00000000a6680000, 0x00000000ab340000)
  to   space 78592K,   0% used [0x00000000ab340000, 0x00000000ab340000, 0x00000000b0000000)
 concurrent mark-sweep generation total 6144K, used 0K [0x00000000b0000000, 0x00000000b0600000, 0x0000000100000000)
 Metaspace       used 39378K, capacity 42382K, committed 42544K, reserved 1085440K
  class space    used 5583K, capacity 6554K, committed 6612K, reserved 1048576K
Event: 9.022 GC heap after
Heap after GC invocations=1 (full 1):
 par new generation   total 707840K, used 78591K [0x0000000080000000, 0x00000000b0000000, 0x00000000b0000000)
  eden space 629248K,   0% used [0x0000000080000000, 0x0000000080000000, 0x00000000a6680000)
  from space 78592K,  99% used [0x00000000ab340000, 0x00000000affffff8, 0x00000000b0000000)
  to   space 78592K,   0% used [0x00000000a6680000, 0x00000000a6680000, 0x00000000ab340000)
 concurrent mark-sweep generation total 15744K, used 15232K [0x00000000b0000000, 0x00000000b0f60000, 0x0000000100000000)
 Metaspace       used 39378K, capacity 42382K, committed 42544K, reserved 1085440K
  class space    used 5583K, capacity 6554K, committed 6612K, reserved 1048576K
}
Event: 13.470 GC heap before
{Heap before GC invocations=1 (full 2):
 par new generation   total 707840K, used 707839K [0x0000000080000000, 0x00000000b0000000, 0x00000000b0000000)
  eden space 629248K, 100% used [0x0000000080000000, 0x00000000a6680000, 0x00000000a6680000)
  from space 78592K,  99% used [0x00000000ab340000, 0x00000000affffff8, 0x00000000b0000000)
  to   space 78592K,   0% used [0x00000000a6680000, 0x00000000a6680000, 0x00000000ab340000)
 concurrent mark-sweep generation total 25392K, used 15232K [0x00000000b0000000, 0x00000000b18cc000, 0x0000000100000000)
 Metaspace       used 51244K, capacity 54430K, committed 54688K, reserved 1095680K
  class space    used 6586K, capacity 7585K, committed 7636K, reserved 1048576K
Event: 14.713 GC heap after
Heap after GC invocations=2 (full 2):
 par new generation   total 707840K, used 74706K [0x0000000080000000, 0x00000000b0000000, 0x00000000b0000000)
  eden space 629248K,   0% used [0x0000000080000000, 0x0000000080000000, 0x00000000a6680000)
  from space 78592K,  95% used [0x00000000a6680000, 0x00000000aaf74898, 0x00000000ab340000)
  to   space 78592K,   0% used [0x00000000ab340000, 0x00000000ab340000, 0x00000000b0000000)
 concurrent mark-sweep generation total 105784K, used 104433K [0x00000000b0000000, 0x00000000b674e000, 0x0000000100000000)
 Metaspace       used 51244K, capacity 54430K, committed 54688K, reserved 1095680K
  class space    used 6586K, capacity 7585K, committed 7636K, reserved 1048576K
}
Event: 16.695 GC heap before
{Heap before GC invocations=2 (full 2):
 par new generation   total 707840K, used 703954K [0x0000000080000000, 0x00000000b0000000, 0x00000000b0000000)
  eden space 629248K, 100% used [0x0000000080000000, 0x00000000a6680000, 0x00000000a6680000)
  from space 78592K,  95% used [0x00000000a6680000, 0x00000000aaf74898, 0x00000000ab340000)
  to   space 78592K,   0% used [0x00000000ab340000, 0x00000000ab340000, 0x00000000b0000000)
 concurrent mark-sweep generation total 156352K, used 93809K [0x00000000b0000000, 0x00000000b98b0000, 0x0000000100000000)
 Metaspace       used 51769K, capacity 55290K, committed 55584K, reserved 1097728K
  class space    used 6672K, capacity 7713K, committed 7764K, reserved 1048576K
Event: 16.766 GC heap after
Heap after GC invocations=3 (full 2):
 par new generation   total 707840K, used 35570K [0x0000000080000000, 0x00000000b0000000, 0x00000000b0000000)
  eden space 629248K,   0% used [0x0000000080000000, 0x0000000080000000, 0x00000000a6680000)
  from space 78592K,  45% used [0x00000000ab340000, 0x00000000ad5fc8e0, 0x00000000b0000000)
  to   space 78592K,   0% used [0x00000000a6680000, 0x00000000a6680000, 0x00000000ab340000)
 concurrent mark-sweep generation total 156352K, used 93809K [0x00000000b0000000, 0x00000000b98b0000, 0x0000000100000000)
 Metaspace       used 51769K, capacity 55290K, committed 55584K, reserved 1097728K
  class space    used 6672K, capacity 7713K, committed 7764K, reserved 1048576K
}
Event: 18.064 GC heap before
{Heap before GC invocations=3 (full 3):
 par new generation   total 707840K, used 664818K [0x0000000080000000, 0x00000000b0000000, 0x00000000b0000000)
  eden space 629248K, 100% used [0x0000000080000000, 0x00000000a6680000, 0x00000000a6680000)
  from space 78592K,  45% used [0x00000000ab340000, 0x00000000ad5fc8e0, 0x00000000b0000000)
  to   space 78592K,   0% used [0x00000000a6680000, 0x00000000a6680000, 0x00000000ab340000)
 concurrent mark-sweep generation total 156352K, used 93809K [0x00000000b0000000, 0x00000000b98b0000, 0x0000000100000000)
 Metaspace       used 51866K, capacity 55446K, committed 55584K, reserved 1097728K
  class space    used 6672K, capacity 7713K, committed 7764K, reserved 1048576K
Event: 18.129 GC heap after
Heap after GC invocations=4 (full 3):
 par new generation   total 707840K, used 37573K [0x0000000080000000, 0x00000000b0000000, 0x00000000b0000000)
  eden space 629248K,   0% used [0x0000000080000000, 0x0000000080000000, 0x00000000a6680000)
  from space 78592K,  47% used [0x00000000a6680000, 0x00000000a8b31600, 0x00000000ab340000)
  to   space 78592K,   0% used [0x00000000ab340000, 0x00000000ab340000, 0x00000000b0000000)
 concurrent mark-sweep generation total 156352K, used 93809K [0x00000000b0000000, 0x00000000b98b0000, 0x0000000100000000)
 Metaspace       used 51866K, capacity 55446K, committed 55584K, reserved 1097728K
  class space    used 6672K, capacity 7713K, committed 7764K, reserved 1048576K
}
Event: 19.172 GC heap before
{Heap before GC invocations=4 (full 3):
 par new generation   total 707840K, used 666821K [0x0000000080000000, 0x00000000b0000000, 0x00000000b0000000)
  eden space 629248K, 100% used [0x0000000080000000, 0x00000000a6680000, 0x00000000a6680000)
  from space 78592K,  47% used [0x00000000a6680000, 0x00000000a8b31600, 0x00000000ab340000)
  to   space 78592K,   0% used [0x00000000ab340000, 0x00000000ab340000, 0x00000000b0000000)
 concurrent mark-sweep generation total 156352K, used 89207K [0x00000000b0000000, 0x00000000b98b0000, 0x0000000100000000)
 Metaspace       used 51863K, capacity 55430K, committed 55584K, reserved 1097728K
  class space    used 6669K, capacity 7709K, committed 7764K, reserved 1048576K
Event: 19.230 GC heap after
Heap after GC invocations=5 (full 3):
 par new generation   total 707840K, used 38369K [0x0000000080000000, 0x00000000b0000000, 0x00000000b0000000)
  eden space 629248K,   0% used [0x0000000080000000, 0x0000000080000000, 0x00000000a6680000)
  from space 78592K,  48% used [0x00000000ab340000, 0x00000000ad8b8770, 0x00000000b0000000)
  to   space 78592K,   0% used [0x00000000a6680000, 0x00000000a6680000, 0x00000000ab340000)
 concurrent mark-sweep generation total 156352K, used 89207K [0x00000000b0000000, 0x00000000b98b0000, 0x0000000100000000)
 Metaspace       used 51863K, capacity 55430K, committed 55584K, reserved 1097728K
  class space    used 6669K, capacity 7709K, committed 7764K, reserved 1048576K
}
Event: 20.316 GC heap before
{Heap before GC invocations=5 (full 4):
 par new generation   total 707840K, used 667617K [0x0000000080000000, 0x00000000b0000000, 0x00000000b0000000)
  eden space 629248K, 100% used [0x0000000080000000, 0x00000000a6680000, 0x00000000a6680000)
  from space 78592K,  48% used [0x00000000ab340000, 0x00000000ad8b8770, 0x00000000b0000000)
  to   space 78592K,   0% used [0x00000000a6680000, 0x00000000a6680000, 0x00000000ab340000)
 concurrent mark-sweep generation total 156352K, used 89207K [0x00000000b0000000, 0x00000000b98b0000, 0x0000000100000000)
 Metaspace       used 52022K, capacity 55651K, committed 55840K, reserved 1097728K
  class space    used 6684K, capacity 7734K, committed 7764K, reserved 1048576K
Event: 20.378 GC heap after
Heap after GC invocations=6 (full 4):
 par new generation   total 707840K, used 38800K [0x0000000080000000, 0x00000000b0000000, 0x00000000b0000000)
  eden space 629248K,   0% used [0x0000000080000000, 0x0000000080000000, 0x00000000a6680000)
  from space 78592K,  49% used [0x00000000a6680000, 0x00000000a8c64290, 0x00000000ab340000)
  to   space 78592K,   0% used [0x00000000ab340000, 0x00000000ab340000, 0x00000000b0000000)
 concurrent mark-sweep generation total 156352K, used 89207K [0x00000000b0000000, 0x00000000b98b0000, 0x0000000100000000)
 Metaspace       used 52022K, capacity 55651K, committed 55840K, reserved 1097728K
  class space    used 6684K, capacity 7734K, committed 7764K, reserved 1048576K
}
Event: 22.725 GC heap before
{Heap before GC invocations=6 (full 4):
 par new generation   total 707840K, used 668048K [0x0000000080000000, 0x00000000b0000000, 0x00000000b0000000)
  eden space 629248K, 100% used [0x0000000080000000, 0x00000000a6680000, 0x00000000a6680000)
  from space 78592K,  49% used [0x00000000a6680000, 0x00000000a8c64290, 0x00000000ab340000)
  to   space 78592K,   0% used [0x00000000ab340000, 0x00000000ab340000, 0x00000000b0000000)
 concurrent mark-sweep generation total 156352K, used 89194K [0x00000000b0000000, 0x00000000b98b0000, 0x0000000100000000)
 Metaspace       used 56234K, capacity 61293K, committed 61600K, reserved 1101824K
  class space    used 7314K, capacity 8533K, committed 8660K, reserved 1048576K
Event: 22.820 GC heap after
Heap after GC invocations=7 (full 4):
 par new generation   total 707840K, used 42085K [0x0000000080000000, 0x00000000b0000000, 0x00000000b0000000)
  eden space 629248K,   0% used [0x0000000080000000, 0x0000000080000000, 0x00000000a6680000)
  from space 78592K,  53% used [0x00000000ab340000, 0x00000000adc594a8, 0x00000000b0000000)
  to   space 78592K,   0% used [0x00000000a6680000, 0x00000000a6680000, 0x00000000ab340000)
 concurrent mark-sweep generation total 156352K, used 89194K [0x00000000b0000000, 0x00000000b98b0000, 0x0000000100000000)
 Metaspace       used 56234K, capacity 61293K, committed 61600K, reserved 1101824K
  class space    used 7314K, capacity 8533K, committed 8660K, reserved 1048576K
}
Event: 24.296 GC heap before
{Heap before GC invocations=7 (full 4):
 par new generation   total 707840K, used 671333K [0x0000000080000000, 0x00000000b0000000, 0x00000000b0000000)
  eden space 629248K, 100% used [0x0000000080000000, 0x00000000a6680000, 0x00000000a6680000)
  from space 78592K,  53% used [0x00000000ab340000, 0x00000000adc594a8, 0x00000000b0000000)
  to   space 78592K,   0% used [0x00000000a6680000, 0x00000000a6680000, 0x00000000ab340000)
 concurrent mark-sweep generation total 156352K, used 89194K [0x00000000b0000000, 0x00000000b98b0000, 0x0000000100000000)
 Metaspace       used 57794K, capacity 62943K, committed 63136K, reserved 1103872K
  class space    used 7571K, capacity 8832K, committed 8916K, reserved 1048576K
Event: 24.445 GC heap after
Heap after GC invocations=8 (full 4):
 par new generation   total 707840K, used 28324K [0x0000000080000000, 0x00000000b0000000, 0x00000000b0000000)
  eden space 629248K,   0% used [0x0000000080000000, 0x0000000080000000, 0x00000000a6680000)
  from space 78592K,  36% used [0x00000000a6680000, 0x00000000a82293a0, 0x00000000ab340000)
  to   space 78592K,   0% used [0x00000000ab340000, 0x00000000ab340000, 0x00000000b0000000)
 concurrent mark-sweep generation total 156352K, used 113594K [0x00000000b0000000, 0x00000000b98b0000, 0x0000000100000000)
 Metaspace       used 57794K, capacity 62943K, committed 63136K, reserved 1103872K
  class space    used 7571K, capacity 8832K, committed 8916K, reserved 1048576K
}
Event: 27.191 GC heap before
{Heap before GC invocations=8 (full 5):
 par new generation   total 707840K, used 657572K [0x0000000080000000, 0x00000000b0000000, 0x00000000b0000000)
  eden space 629248K, 100% used [0x0000000080000000, 0x00000000a6680000, 0x00000000a6680000)
  from space 78592K,  36% used [0x00000000a6680000, 0x00000000a82293a0, 0x00000000ab340000)
  to   space 78592K,   0% used [0x00000000ab340000, 0x00000000ab340000, 0x00000000b0000000)
 concurrent mark-sweep generation total 189024K, used 113412K [0x00000000b0000000, 0x00000000bb898000, 0x0000000100000000)
 Metaspace       used 61502K, capacity 66919K, committed 67104K, reserved 1107968K
  class space    used 8117K, capacity 9474K, committed 9556K, reserved 1048576K
Event: 27.324 GC heap after
Heap after GC invocations=9 (full 5):
 par new generation   total 707840K, used 48881K [0x0000000080000000, 0x00000000b0000000, 0x00000000b0000000)
  eden space 629248K,   0% used [0x0000000080000000, 0x0000000080000000, 0x00000000a6680000)
  from space 78592K,  62% used [0x00000000ab340000, 0x00000000ae2fc548, 0x00000000b0000000)
  to   space 78592K,   0% used [0x00000000a6680000, 0x00000000a6680000, 0x00000000ab340000)
 concurrent mark-sweep generation total 189024K, used 115346K [0x00000000b0000000, 0x00000000bb898000, 0x0000000100000000)
 Metaspace       used 61502K, capacity 66919K, committed 67104K, reserved 1107968K
  class space    used 8117K, capacity 9474K, committed 9556K, reserved 1048576K
}
Event: 28.838 GC heap before
{Heap before GC invocations=9 (full 5):
 par new generation   total 707840K, used 678129K [0x0000000080000000, 0x00000000b0000000, 0x00000000b0000000)
  eden space 629248K, 100% used [0x0000000080000000, 0x00000000a6680000, 0x00000000a6680000)
  from space 78592K,  62% used [0x00000000ab340000, 0x00000000ae2fc548, 0x00000000b0000000)
  to   space 78592K,   0% used [0x00000000a6680000, 0x00000000a6680000, 0x00000000ab340000)
 concurrent mark-sweep generation total 189024K, used 115346K [0x00000000b0000000, 0x00000000bb898000, 0x0000000100000000)
 Metaspace       used 62474K, capacity 68005K, committed 68256K, reserved 1107968K
  class space    used 8250K, capacity 9607K, committed 9684K, reserved 1048576K
Event: 28.892 GC heap after
Heap after GC invocations=10 (full 5):
 par new generation   total 707840K, used 39121K [0x0000000080000000, 0x00000000b0000000, 0x00000000b0000000)
  eden space 629248K,   0% used [0x0000000080000000, 0x0000000080000000, 0x00000000a6680000)
  from space 78592K,  49% used [0x00000000a6680000, 0x00000000a8cb4470, 0x00000000ab340000)
  to   space 78592K,   0% used [0x00000000ab340000, 0x00000000ab340000, 0x00000000b0000000)
 concurrent mark-sweep generation total 189024K, used 115594K [0x00000000b0000000, 0x00000000bb898000, 0x0000000100000000)
 Metaspace       used 62474K, capacity 68005K, committed 68256K, reserved 1107968K
  class space    used 8250K, capacity 9607K, committed 9684K, reserved 1048576K
}
Event: 29.904 GC heap before
{Heap before GC invocations=10 (full 5):
 par new generation   total 707840K, used 668369K [0x0000000080000000, 0x00000000b0000000, 0x00000000b0000000)
  eden space 629248K, 100% used [0x0000000080000000, 0x00000000a6680000, 0x00000000a6680000)
  from space 78592K,  49% used [0x00000000a6680000, 0x00000000a8cb4470, 0x00000000ab340000)
  to   space 78592K,   0% used [0x00000000ab340000, 0x00000000ab340000, 0x00000000b0000000)
 concurrent mark-sweep generation total 189024K, used 115594K [0x00000000b0000000, 0x00000000bb898000, 0x0000000100000000)
 Metaspace       used 62474K, capacity 68005K, committed 68256K, reserved 1107968K
  class space    used 8250K, capacity 9607K, committed 9684K, reserved 1048576K
Event: 29.964 GC heap after
Heap after GC invocations=11 (full 5):
 par new generation   total 707840K, used 46315K [0x0000000080000000, 0x00000000b0000000, 0x00000000b0000000)
  eden space 629248K,   0% used [0x0000000080000000, 0x0000000080000000, 0x00000000a6680000)
  from space 78592K,  58% used [0x00000000ab340000, 0x00000000ae07aee0, 0x00000000b0000000)
  to   space 78592K,   0% used [0x00000000a6680000, 0x00000000a6680000, 0x00000000ab340000)
 concurrent mark-sweep generation total 189024K, used 115818K [0x00000000b0000000, 0x00000000bb898000, 0x0000000100000000)
 Metaspace       used 62474K, capacity 68005K, committed 68256K, reserved 1107968K
  class space    used 8250K, capacity 9607K, committed 9684K, reserved 1048576K
}
Event: 31.055 GC heap before
{Heap before GC invocations=11 (full 5):
 par new generation   total 707840K, used 675563K [0x0000000080000000, 0x00000000b0000000, 0x00000000b0000000)
  eden space 629248K, 100% used [0x0000000080000000, 0x00000000a6680000, 0x00000000a6680000)
  from space 78592K,  58% used [0x00000000ab340000, 0x00000000ae07aee0, 0x00000000b0000000)
  to   space 78592K,   0% used [0x00000000a6680000, 0x00000000a6680000, 0x00000000ab340000)
 concurrent mark-sweep generation total 189024K, used 115818K [0x00000000b0000000, 0x00000000bb898000, 0x0000000100000000)
 Metaspace       used 62474K, capacity 68005K, committed 68256K, reserved 1107968K
  class space    used 8250K, capacity 9607K, committed 9684K, reserved 1048576K
Event: 31.113 GC heap after
Heap after GC invocations=12 (full 5):
 par new generation   total 707840K, used 30936K [0x0000000080000000, 0x00000000b0000000, 0x00000000b0000000)
  eden space 629248K,   0% used [0x0000000080000000, 0x0000000080000000, 0x00000000a6680000)
  from space 78592K,  39% used [0x00000000a6680000, 0x00000000a84b6000, 0x00000000ab340000)
  to   space 78592K,   0% used [0x00000000ab340000, 0x00000000ab340000, 0x00000000b0000000)
 concurrent mark-sweep generation total 189024K, used 116010K [0x00000000b0000000, 0x00000000bb898000, 0x0000000100000000)
 Metaspace       used 62474K, capacity 68005K, committed 68256K, reserved 1107968K
  class space    used 8250K, capacity 9607K, committed 9684K, reserved 1048576K
}
Event: 32.041 GC heap before
{Heap before GC invocations=12 (full 5):
 par new generation   total 707840K, used 660184K [0x0000000080000000, 0x00000000b0000000, 0x00000000b0000000)
  eden space 629248K, 100% used [0x0000000080000000, 0x00000000a6680000, 0x00000000a6680000)
  from space 78592K,  39% used [0x00000000a6680000, 0x00000000a84b6000, 0x00000000ab340000)
  to   space 78592K,   0% used [0x00000000ab340000, 0x00000000ab340000, 0x00000000b0000000)
 concurrent mark-sweep generation total 189024K, used 116010K [0x00000000b0000000, 0x00000000bb898000, 0x0000000100000000)
 Metaspace       used 62474K, capacity 68005K, committed 68256K, reserved 1107968K
  class space    used 8250K, capacity 9607K, committed 9684K, reserved 1048576K
Event: 32.091 GC heap after
Heap after GC invocations=13 (full 5):
 par new generation   total 707840K, used 34790K [0x0000000080000000, 0x00000000b0000000, 0x00000000b0000000)
  eden space 629248K,   0% used [0x0000000080000000, 0x0000000080000000, 0x00000000a6680000)
  from space 78592K,  44% used [0x00000000ab340000, 0x00000000ad5398d0, 0x00000000b0000000)
  to   space 78592K,   0% used [0x00000000a6680000, 0x00000000a6680000, 0x00000000ab340000)
 concurrent mark-sweep generation total 189024K, used 117566K [0x00000000b0000000, 0x00000000bb898000, 0x0000000100000000)
 Metaspace       used 62474K, capacity 68005K, committed 68256K, reserved 1107968K
  class space    used 8250K, capacity 9607K, committed 9684K, reserved 1048576K
}
Event: 33.143 GC heap before
{Heap before GC invocations=13 (full 5):
 par new generation   total 707840K, used 664038K [0x0000000080000000, 0x00000000b0000000, 0x00000000b0000000)
  eden space 629248K, 100% used [0x0000000080000000, 0x00000000a6680000, 0x00000000a6680000)
  from space 78592K,  44% used [0x00000000ab340000, 0x00000000ad5398d0, 0x00000000b0000000)
  to   space 78592K,   0% used [0x00000000a6680000, 0x00000000a6680000, 0x00000000ab340000)
 concurrent mark-sweep generation total 189024K, used 117566K [0x00000000b0000000, 0x00000000bb898000, 0x0000000100000000)
 Metaspace       used 62474K, capacity 68005K, committed 68256K, reserved 1107968K
  class space    used 8250K, capacity 9607K, committed 9684K, reserved 1048576K
Event: 33.223 GC heap after
Heap after GC invocations=14 (full 5):
 par new generation   total 707840K, used 24078K [0x0000000080000000, 0x00000000b0000000, 0x00000000b0000000)
  eden space 629248K,   0% used [0x0000000080000000, 0x0000000080000000, 0x00000000a6680000)
  from space 78592K,  30% used [0x00000000a6680000, 0x00000000a7e03810, 0x00000000ab340000)
  to   space 78592K,   0% used [0x00000000ab340000, 0x00000000ab340000, 0x00000000b0000000)
 concurrent mark-sweep generation total 189024K, used 133152K [0x00000000b0000000, 0x00000000bb898000, 0x0000000100000000)
 Metaspace       used 62474K, capacity 68005K, committed 68256K, reserved 1107968K
  class space    used 8250K, capacity 9607K, committed 9684K, reserved 1048576K
}
Event: 34.164 GC heap before
{Heap before GC invocations=14 (full 5):
 par new generation   total 707840K, used 653326K [0x0000000080000000, 0x00000000b0000000, 0x00000000b0000000)
  eden space 629248K, 100% used [0x0000000080000000, 0x00000000a6680000, 0x00000000a6680000)
  from space 78592K,  30% used [0x00000000a6680000, 0x00000000a7e03810, 0x00000000ab340000)
  to   space 78592K,   0% used [0x00000000ab340000, 0x00000000ab340000, 0x00000000b0000000)
 concurrent mark-sweep generation total 189024K, used 133152K [0x00000000b0000000, 0x00000000bb898000, 0x0000000100000000)
 Metaspace       used 62475K, capacity 68005K, committed 68256K, reserved 1107968K
  class space    used 8250K, capacity 9607K, committed 9684K, reserved 1048576K
Event: 34.185 GC heap after
Heap after GC invocations=15 (full 5):
 par new generation   total 707840K, used 8340K [0x0000000080000000, 0x00000000b0000000, 0x00000000b0000000)
  eden space 629248K,   0% used [0x0000000080000000, 0x0000000080000000, 0x00000000a6680000)
  from space 78592K,  10% used [0x00000000ab340000, 0x00000000abb65220, 0x00000000b0000000)
  to   space 78592K,   0% used [0x00000000a6680000, 0x00000000a6680000, 0x00000000ab340000)
 concurrent mark-sweep generation total 189024K, used 139878K [0x00000000b0000000, 0x00000000bb898000, 0x0000000100000000)
 Metaspace       used 62475K, capacity 68005K, committed 68256K, reserved 1107968K
  class space    used 8250K, capacity 9607K, committed 9684K, reserved 1048576K
}
Event: 35.183 GC heap before
{Heap before GC invocations=15 (full 5):
 par new generation   total 707840K, used 637588K [0x0000000080000000, 0x00000000b0000000, 0x00000000b0000000)
  eden space 629248K, 100% used [0x0000000080000000, 0x00000000a6680000, 0x00000000a6680000)
  from space 78592K,  10% used [0x00000000ab340000, 0x00000000abb65220, 0x00000000b0000000)
  to   space 78592K,   0% used [0x00000000a6680000, 0x00000000a6680000, 0x00000000ab340000)
 concurrent mark-sweep generation total 189024K, used 139878K [0x00000000b0000000, 0x00000000bb898000, 0x0000000100000000)
 Metaspace       used 62481K, capacity 68005K, committed 68256K, reserved 1107968K
  class space    used 8250K, capacity 9607K, committed 9684K, reserved 1048576K
Event: 35.235 GC heap after
Heap after GC invocations=16 (full 5):
 par new generation   total 707840K, used 2777K [0x0000000080000000, 0x00000000b0000000, 0x00000000b0000000)
  eden space 629248K,   0% used [0x0000000080000000, 0x0000000080000000, 0x00000000a6680000)
  from space 78592K,   3% used [0x00000000a6680000, 0x00000000a69367c0, 0x00000000ab340000)
  to   space 78592K,   0% used [0x00000000ab340000, 0x00000000ab340000, 0x00000000b0000000)
 concurrent mark-sweep generation total 189024K, used 142038K [0x00000000b0000000, 0x00000000bb898000, 0x0000000100000000)
 Metaspace       used 62481K, capacity 68005K, committed 68256K, reserved 1107968K
  class space    used 8250K, capacity 9607K, committed 9684K, reserved 1048576K
}
Event: 36.276 GC heap before
{Heap before GC invocations=16 (full 5):
 par new generation   total 707840K, used 632025K [0x0000000080000000, 0x00000000b0000000, 0x00000000b0000000)
  eden space 629248K, 100% used [0x0000000080000000, 0x00000000a6680000, 0x00000000a6680000)
  from space 78592K,   3% used [0x00000000a6680000, 0x00000000a69367c0, 0x00000000ab340000)
  to   space 78592K,   0% used [0x00000000ab340000, 0x00000000ab340000, 0x00000000b0000000)
 concurrent mark-sweep generation total 189024K, used 142038K [0x00000000b0000000, 0x00000000bb898000, 0x0000000100000000)
 Metaspace       used 62481K, capacity 68005K, committed 68256K, reserved 1107968K
  class space    used 8250K, capacity 9607K, committed 9684K, reserved 1048576K
Event: 36.281 GC heap after
Heap after GC invocations=17 (full 5):
 par new generation   total 707840K, used 897K [0x0000000080000000, 0x00000000b0000000, 0x00000000b0000000)
  eden space 629248K,   0% used [0x0000000080000000, 0x0000000080000000, 0x00000000a6680000)
  from space 78592K,   1% used [0x00000000ab340000, 0x00000000ab4206f0, 0x00000000b0000000)
  to   space 78592K,   0% used [0x00000000a6680000, 0x00000000a6680000, 0x00000000ab340000)
 concurrent mark-sweep generation total 189024K, used 142168K [0x00000000b0000000, 0x00000000bb898000, 0x0000000100000000)
 Metaspace       used 62481K, capacity 68005K, committed 68256K, reserved 1107968K
  class space    used 8250K, capacity 9607K, committed 9684K, reserved 1048576K
}
Event: 37.305 GC heap before
{Heap before GC invocations=17 (full 5):
 par new generation   total 707840K, used 630145K [0x0000000080000000, 0x00000000b0000000, 0x00000000b0000000)
  eden space 629248K, 100% used [0x0000000080000000, 0x00000000a6680000, 0x00000000a6680000)
  from space 78592K,   1% used [0x00000000ab340000, 0x00000000ab4206f0, 0x00000000b0000000)
  to   space 78592K,   0% used [0x00000000a6680000, 0x00000000a6680000, 0x00000000ab340000)
 concurrent mark-sweep generation total 189024K, used 142168K [0x00000000b0000000, 0x00000000bb898000, 0x0000000100000000)
 Metaspace       used 62481K, capacity 68005K, committed 68256K, reserved 1107968K
  class space    used 8250K, capacity 9607K, committed 9684K, reserved 1048576K
Event: 37.310 GC heap after
Heap after GC invocations=18 (full 5):
 par new generation   total 707840K, used 1251K [0x0000000080000000, 0x00000000b0000000, 0x00000000b0000000)
  eden space 629248K,   0% used [0x0000000080000000, 0x0000000080000000, 0x00000000a6680000)
  from space 78592K,   1% used [0x00000000a6680000, 0x00000000a67b8ee8, 0x00000000ab340000)
  to   space 78592K,   0% used [0x00000000ab340000, 0x00000000ab340000, 0x00000000b0000000)
 concurrent mark-sweep generation total 189024K, used 142318K [0x00000000b0000000, 0x00000000bb898000, 0x0000000100000000)
 Metaspace       used 62481K, capacity 68005K, committed 68256K, reserved 1107968K
  class space    used 8250K, capacity 9607K, committed 9684K, reserved 1048576K
}
Event: 38.317 GC heap before
{Heap before GC invocations=18 (full 5):
 par new generation   total 707840K, used 630499K [0x0000000080000000, 0x00000000b0000000, 0x00000000b0000000)
  eden space 629248K, 100% used [0x0000000080000000, 0x00000000a6680000, 0x00000000a6680000)
  from space 78592K,   1% used [0x00000000a6680000, 0x00000000a67b8ee8, 0x00000000ab340000)
  to   space 78592K,   0% used [0x00000000ab340000, 0x00000000ab340000, 0x00000000b0000000)
 concurrent mark-sweep generation total 189024K, used 142318K [0x00000000b0000000, 0x00000000bb898000, 0x0000000100000000)
 Metaspace       used 62482K, capacity 68005K, committed 68256K, reserved 1107968K
  class space    used 8250K, capacity 9607K, committed 9684K, reserved 1048576K
Event: 38.322 GC heap after
Heap after GC invocations=19 (full 5):
 par new generation   total 707840K, used 1241K [0x0000000080000000, 0x00000000b0000000, 0x00000000b0000000)
  eden space 629248K,   0% used [0x0000000080000000, 0x0000000080000000, 0x00000000a6680000)
  from space 78592K,   1% used [0x00000000ab340000, 0x00000000ab476500, 0x00000000b0000000)
  to   space 78592K,   0% used [0x00000000a6680000, 0x00000000a6680000, 0x00000000ab340000)
 concurrent mark-sweep generation total 189024K, used 142447K [0x00000000b0000000, 0x00000000bb898000, 0x0000000100000000)
 Metaspace       used 62482K, capacity 68005K, committed 68256K, reserved 1107968K
  class space    used 8250K, capacity 9607K, committed 9684K, reserved 1048576K
}
Event: 39.341 GC heap before
{Heap before GC invocations=19 (full 5):
 par new generation   total 707840K, used 630489K [0x0000000080000000, 0x00000000b0000000, 0x00000000b0000000)
  eden space 629248K, 100% used [0x0000000080000000, 0x00000000a6680000, 0x00000000a6680000)
  from space 78592K,   1% used [0x00000000ab340000, 0x00000000ab476500, 0x00000000b0000000)
  to   space 78592K,   0% used [0x00000000a6680000, 0x00000000a6680000, 0x00000000ab340000)
 concurrent mark-sweep generation total 189024K, used 142447K [0x00000000b0000000, 0x00000000bb898000, 0x0000000100000000)
 Metaspace       used 62487K, capacity 68005K, committed 68256K, reserved 1107968K
  class space    used 8250K, capacity 9607K, committed 9684K, reserved 1048576K
Event: 39.346 GC heap after
Heap after GC invocations=20 (full 5):
 par new generation   total 707840K, used 1245K [0x0000000080000000, 0x00000000b0000000, 0x00000000b0000000)
  eden space 629248K,   0% used [0x0000000080000000, 0x0000000080000000, 0x00000000a6680000)
  from space 78592K,   1% used [0x00000000a6680000, 0x00000000a67b74c0, 0x00000000ab340000)
  to   space 78592K,   0% used [0x00000000ab340000, 0x00000000ab340000, 0x00000000b0000000)
 concurrent mark-sweep generation total 189024K, used 142563K [0x00000000b0000000, 0x00000000bb898000, 0x0000000100000000)
 Metaspace       used 62487K, capacity 68005K, committed 68256K, reserved 1107968K
  class space    used 8250K, capacity 9607K, committed 9684K, reserved 1048576K
}
Event: 40.375 GC heap before
{Heap before GC invocations=20 (full 5):
 par new generation   total 707840K, used 630493K [0x0000000080000000, 0x00000000b0000000, 0x00000000b0000000)
  eden space 629248K, 100% used [0x0000000080000000, 0x00000000a6680000, 0x00000000a6680000)
  from space 78592K,   1% used [0x00000000a6680000, 0x00000000a67b74c0, 0x00000000ab340000)
  to   space 78592K,   0% used [0x00000000ab340000, 0x00000000ab340000, 0x00000000b0000000)
 concurrent mark-sweep generation total 189024K, used 142563K [0x00000000b0000000, 0x00000000bb898000, 0x0000000100000000)
 Metaspace       used 62487K, capacity 68005K, committed 68256K, reserved 1107968K
  class space    used 8250K, capacity 9607K, committed 9684K, reserved 1048576K
Event: 40.380 GC heap after
Heap after GC invocations=21 (full 5):
 par new generation   total 707840K, used 1305K [0x0000000080000000, 0x00000000b0000000, 0x00000000b0000000)
  eden space 629248K,   0% used [0x0000000080000000, 0x0000000080000000, 0x00000000a6680000)
  from space 78592K,   1% used [0x00000000ab340000, 0x00000000ab4865b0, 0x00000000b0000000)
  to   space 78592K,   0% used [0x00000000a6680000, 0x00000000a6680000, 0x00000000ab340000)
 concurrent mark-sweep generation total 189024K, used 142690K [0x00000000b0000000, 0x00000000bb898000, 0x0000000100000000)
 Metaspace       used 62487K, capacity 68005K, committed 68256K, reserved 1107968K
  class space    used 8250K, capacity 9607K, committed 9684K, reserved 1048576K
}
Event: 41.357 GC heap before
{Heap before GC invocations=21 (full 5):
 par new generation   total 707840K, used 630553K [0x0000000080000000, 0x00000000b0000000, 0x00000000b0000000)
  eden space 629248K, 100% used [0x0000000080000000, 0x00000000a6680000, 0x00000000a6680000)
  from space 78592K,   1% used [0x00000000ab340000, 0x00000000ab4865b0, 0x00000000b0000000)
  to   space 78592K,   0% used [0x00000000a6680000, 0x00000000a6680000, 0x00000000ab340000)
 concurrent mark-sweep generation total 189024K, used 142690K [0x00000000b0000000, 0x00000000bb898000, 0x0000000100000000)
 Metaspace       used 62487K, capacity 68005K, committed 68256K, reserved 1107968K
  class space    used 8250K, capacity 9607K, committed 9684K, reserved 1048576K
Event: 41.366 GC heap after
Heap after GC invocations=22 (full 5):
 par new generation   total 707840K, used 1333K [0x0000000080000000, 0x00000000b0000000, 0x00000000b0000000)
  eden space 629248K,   0% used [0x0000000080000000, 0x0000000080000000, 0x00000000a6680000)
  from space 78592K,   1% used [0x00000000a6680000, 0x00000000a67cd708, 0x00000000ab340000)
  to   space 78592K,   0% used [0x00000000ab340000, 0x00000000ab340000, 0x00000000b0000000)
 concurrent mark-sweep generation total 189024K, used 142831K [0x00000000b0000000, 0x00000000bb898000, 0x0000000100000000)
 Metaspace       used 62487K, capacity 68005K, committed 68256K, reserved 1107968K
  class space    used 8250K, capacity 9607K, committed 9684K, reserved 1048576K
}
Event: 42.445 GC heap before
{Heap before GC invocations=22 (full 5):
 par new generation   total 707840K, used 630581K [0x0000000080000000, 0x00000000b0000000, 0x00000000b0000000)
  eden space 629248K, 100% used [0x0000000080000000, 0x00000000a6680000, 0x00000000a6680000)
  from space 78592K,   1% used [0x00000000a6680000, 0x00000000a67cd708, 0x00000000ab340000)
  to   space 78592K,   0% used [0x00000000ab340000, 0x00000000ab340000, 0x00000000b0000000)
 concurrent mark-sweep generation total 189024K, used 142831K [0x00000000b0000000, 0x00000000bb898000, 0x0000000100000000)
 Metaspace       used 62487K, capacity 68005K, committed 68256K, reserved 1107968K
  class space    used 8250K, capacity 9607K, committed 9684K, reserved 1048576K
Event: 42.469 GC heap after
Heap after GC invocations=23 (full 5):
 par new generation   total 707840K, used 1830K [0x0000000080000000, 0x00000000b0000000, 0x00000000b0000000)
  eden space 629248K,   0% used [0x0000000080000000, 0x0000000080000000, 0x00000000a6680000)
  from space 78592K,   2% used [0x00000000ab340000, 0x00000000ab5098c0, 0x00000000b0000000)
  to   space 78592K,   0% used [0x00000000a6680000, 0x00000000a6680000, 0x00000000ab340000)
 concurrent mark-sweep generation total 189024K, used 142965K [0x00000000b0000000, 0x00000000bb898000, 0x0000000100000000)
 Metaspace       used 62487K, capacity 68005K, committed 68256K, reserved 1107968K
  class space    used 8250K, capacity 9607K, committed 9684K, reserved 1048576K
}
Event: 43.408 GC heap before
{Heap before GC invocations=23 (full 5):
 par new generation   total 707840K, used 631078K [0x0000000080000000, 0x00000000b0000000, 0x00000000b0000000)
  eden space 629248K, 100% used [0x0000000080000000, 0x00000000a6680000, 0x00000000a6680000)
  from space 78592K,   2% used [0x00000000ab340000, 0x00000000ab5098c0, 0x00000000b0000000)
  to   space 78592K,   0% used [0x00000000a6680000, 0x00000000a6680000, 0x00000000ab340000)
 concurrent mark-sweep generation total 189024K, used 142965K [0x00000000b0000000, 0x00000000bb898000, 0x0000000100000000)
 Metaspace       used 62490K, capacity 68005K, committed 68256K, reserved 1107968K
  class space    used 8250K, capacity 9607K, committed 9684K, reserved 1048576K
Event: 43.416 GC heap after
Heap after GC invocations=24 (full 5):
 par new generation   total 707840K, used 1191K [0x0000000080000000, 0x00000000b0000000, 0x00000000b0000000)
  eden space 629248K,   0% used [0x0000000080000000, 0x0000000080000000, 0x00000000a6680000)
  from space 78592K,   1% used [0x00000000a6680000, 0x00000000a67a9da0, 0x00000000ab340000)
  to   space 78592K,   0% used [0x00000000ab340000, 0x00000000ab340000, 0x00000000b0000000)
 concurrent mark-sweep generation total 189024K, used 143132K [0x00000000b0000000, 0x00000000bb898000, 0x0000000100000000)
 Metaspace       used 62490K, capacity 68005K, committed 68256K, reserved 1107968K
  class space    used 8250K, capacity 9607K, committed 9684K, reserved 1048576K
}
Event: 44.345 GC heap before
{Heap before GC invocations=24 (full 5):
 par new generation   total 707840K, used 630439K [0x0000000080000000, 0x00000000b0000000, 0x00000000b0000000)
  eden space 629248K, 100% used [0x0000000080000000, 0x00000000a6680000, 0x00000000a6680000)
  from space 78592K,   1% used [0x00000000a6680000, 0x00000000a67a9da0, 0x00000000ab340000)
  to   space 78592K,   0% used [0x00000000ab340000, 0x00000000ab340000, 0x00000000b0000000)
 concurrent mark-sweep generation total 189024K, used 143132K [0x00000000b0000000, 0x00000000bb898000, 0x0000000100000000)
 Metaspace       used 62490K, capacity 68005K, committed 68256K, reserved 1107968K
  class space    used 8250K, capacity 9607K, committed 9684K, reserved 1048576K
Event: 44.350 GC heap after
Heap after GC invocations=25 (full 5):
 par new generation   total 707840K, used 1823K [0x0000000080000000, 0x00000000b0000000, 0x00000000b0000000)
  eden space 629248K,   0% used [0x0000000080000000, 0x0000000080000000, 0x00000000a6680000)
  from space 78592K,   2% used [0x00000000ab340000, 0x00000000ab507c00, 0x00000000b0000000)
  to   space 78592K,   0% used [0x00000000a6680000, 0x00000000a6680000, 0x00000000ab340000)
 concurrent mark-sweep generation total 189024K, used 143263K [0x00000000b0000000, 0x00000000bb898000, 0x0000000100000000)
 Metaspace       used 62490K, capacity 68005K, committed 68256K, reserved 1107968K
  class space    used 8250K, capacity 9607K, committed 9684K, reserved 1048576K
}
Event: 45.456 GC heap before
{Heap before GC invocations=25 (full 5):
 par new generation   total 707840K, used 631071K [0x0000000080000000, 0x00000000b0000000, 0x00000000b0000000)
  eden space 629248K, 100% used [0x0000000080000000, 0x00000000a6680000, 0x00000000a6680000)
  from space 78592K,   2% used [0x00000000ab340000, 0x00000000ab507c00, 0x00000000b0000000)
  to   space 78592K,   0% used [0x00000000a6680000, 0x00000000a6680000, 0x00000000ab340000)
 concurrent mark-sweep generation total 189024K, used 143263K [0x00000000b0000000, 0x00000000bb898000, 0x0000000100000000)
 Metaspace       used 62490K, capacity 68005K, committed 68256K, reserved 1107968K
  class space    used 8250K, capacity 9607K, committed 9684K, reserved 1048576K
Event: 45.469 GC heap after
Heap after GC invocations=26 (full 5):
 par new generation   total 707840K, used 2628K [0x0000000080000000, 0x00000000b0000000, 0x00000000b0000000)
  eden space 629248K,   0% used [0x0000000080000000, 0x0000000080000000, 0x00000000a6680000)
  from space 78592K,   3% used [0x00000000a6680000, 0x00000000a69111e8, 0x00000000ab340000)
  to   space 78592K,   0% used [0x00000000ab340000, 0x00000000ab340000, 0x00000000b0000000)
 concurrent mark-sweep generation total 189024K, used 143437K [0x00000000b0000000, 0x00000000bb898000, 0x0000000100000000)
 Metaspace       used 62490K, capacity 68005K, committed 68256K, reserved 1107968K
  class space    used 8250K, capacity 9607K, committed 9684K, reserved 1048576K
}
Event: 46.442 GC heap before
{Heap before GC invocations=26 (full 5):
 par new generation   total 707840K, used 631876K [0x0000000080000000, 0x00000000b0000000, 0x00000000b0000000)
  eden space 629248K, 100% used [0x0000000080000000, 0x00000000a6680000, 0x00000000a6680000)
  from space 78592K,   3% used [0x00000000a6680000, 0x00000000a69111e8, 0x00000000ab340000)
  to   space 78592K,   0% used [0x00000000ab340000, 0x00000000ab340000, 0x00000000b0000000)
 concurrent mark-sweep generation total 189024K, used 143437K [0x00000000b0000000, 0x00000000bb898000, 0x0000000100000000)
 Metaspace       used 62490K, capacity 68005K, committed 68256K, reserved 1107968K
  class space    used 8250K, capacity 9607K, committed 9684K, reserved 1048576K
Event: 46.458 GC heap after
Heap after GC invocations=27 (full 5):
 par new generation   total 707840K, used 2731K [0x0000000080000000, 0x00000000b0000000, 0x00000000b0000000)
  eden space 629248K,   0% used [0x0000000080000000, 0x0000000080000000, 0x00000000a6680000)
  from space 78592K,   3% used [0x00000000ab340000, 0x00000000ab5eafe0, 0x00000000b0000000)
  to   space 78592K,   0% used [0x00000000a6680000, 0x00000000a6680000, 0x00000000ab340000)
 concurrent mark-sweep generation total 189024K, used 143579K [0x00000000b0000000, 0x00000000bb898000, 0x0000000100000000)
 Metaspace       used 62490K, capacity 68005K, committed 68256K, reserved 1107968K
  class space    used 8250K, capacity 9607K, committed 9684K, reserved 1048576K
}
Event: 47.463 GC heap before
{Heap before GC invocations=27 (full 5):
 par new generation   total 707840K, used 631979K [0x0000000080000000, 0x00000000b0000000, 0x00000000b0000000)
  eden space 629248K, 100% used [0x0000000080000000, 0x00000000a6680000, 0x00000000a6680000)
  from space 78592K,   3% used [0x00000000ab340000, 0x00000000ab5eafe0, 0x00000000b0000000)
  to   space 78592K,   0% used [0x00000000a6680000, 0x00000000a6680000, 0x00000000ab340000)
 concurrent mark-sweep generation total 189024K, used 143579K [0x00000000b0000000, 0x00000000bb898000, 0x0000000100000000)
 Metaspace       used 62490K, capacity 68005K, committed 68256K, reserved 1107968K
  class space    used 8250K, capacity 9607K, committed 9684K, reserved 1048576K
Event: 47.473 GC heap after
Heap after GC invocations=28 (full 5):
 par new generation   total 707840K, used 4194K [0x0000000080000000, 0x00000000b0000000, 0x00000000b0000000)
  eden space 629248K,   0% used [0x0000000080000000, 0x0000000080000000, 0x00000000a6680000)
  from space 78592K,   5% used [0x00000000a6680000, 0x00000000a6a98860, 0x00000000ab340000)
  to   space 78592K,   0% used [0x00000000ab340000, 0x00000000ab340000, 0x00000000b0000000)
 concurrent mark-sweep generation total 189024K, used 143747K [0x00000000b0000000, 0x00000000bb898000, 0x0000000100000000)
 Metaspace       used 62490K, capacity 68005K, committed 68256K, reserved 1107968K
  class space    used 8250K, capacity 9607K, committed 9684K, reserved 1048576K
}
Event: 48.409 GC heap before
{Heap before GC invocations=28 (full 5):
 par new generation   total 707840K, used 633442K [0x0000000080000000, 0x00000000b0000000, 0x00000000b0000000)
  eden space 629248K, 100% used [0x0000000080000000, 0x00000000a6680000, 0x00000000a6680000)
  from space 78592K,   5% used [0x00000000a6680000, 0x00000000a6a98860, 0x00000000ab340000)
  to   space 78592K,   0% used [0x00000000ab340000, 0x00000000ab340000, 0x00000000b0000000)
 concurrent mark-sweep generation total 189024K, used 143747K [0x00000000b0000000, 0x00000000bb898000, 0x0000000100000000)
 Metaspace       used 62490K, capacity 68005K, committed 68256K, reserved 1107968K
  class space    used 8250K, capacity 9607K, committed 9684K, reserved 1048576K
Event: 48.427 GC heap after
Heap after GC invocations=29 (full 5):
 par new generation   total 707840K, used 4911K [0x0000000080000000, 0x00000000b0000000, 0x00000000b0000000)
  eden space 629248K,   0% used [0x0000000080000000, 0x0000000080000000, 0x00000000a6680000)
  from space 78592K,   6% used [0x00000000ab340000, 0x00000000ab80bee0, 0x00000000b0000000)
  to   space 78592K,   0% used [0x00000000a6680000, 0x00000000a6680000, 0x00000000ab340000)
 concurrent mark-sweep generation total 189024K, used 143941K [0x00000000b0000000, 0x00000000bb898000, 0x0000000100000000)
 Metaspace       used 62490K, capacity 68005K, committed 68256K, reserved 1107968K
  class space    used 8250K, capacity 9607K, committed 9684K, reserved 1048576K
}
Event: 49.705 GC heap before
{Heap before GC invocations=29 (full 5):
 par new generation   total 707840K, used 634159K [0x0000000080000000, 0x00000000b0000000, 0x00000000b0000000)
  eden space 629248K, 100% used [0x0000000080000000, 0x00000000a6680000, 0x00000000a6680000)
  from space 78592K,   6% used [0x00000000ab340000, 0x00000000ab80bee0, 0x00000000b0000000)
  to   space 78592K,   0% used [0x00000000a6680000, 0x00000000a6680000, 0x00000000ab340000)
 concurrent mark-sweep generation total 189024K, used 143941K [0x00000000b0000000, 0x00000000bb898000, 0x0000000100000000)
 Metaspace       used 62490K, capacity 68005K, committed 68256K, reserved 1107968K
  class space    used 8250K, capacity 9607K, committed 9684K, reserved 1048576K
Event: 49.738 GC heap after
Heap after GC invocations=30 (full 5):
 par new generation   total 707840K, used 9540K [0x0000000080000000, 0x00000000b0000000, 0x00000000b0000000)
  eden space 629248K,   0% used [0x0000000080000000, 0x0000000080000000, 0x00000000a6680000)
  from space 78592K,  12% used [0x00000000a6680000, 0x00000000a6fd13c0, 0x00000000ab340000)
  to   space 78592K,   0% used [0x00000000ab340000, 0x00000000ab340000, 0x00000000b0000000)
 concurrent mark-sweep generation total 189024K, used 144141K [0x00000000b0000000, 0x00000000bb898000, 0x0000000100000000)
 Metaspace       used 62490K, capacity 68005K, committed 68256K, reserved 1107968K
  class space    used 8250K, capacity 9607K, committed 9684K, reserved 1048576K
}
Event: 50.934 GC heap before
{Heap before GC invocations=30 (full 5):
 par new generation   total 707840K, used 638788K [0x0000000080000000, 0x00000000b0000000, 0x00000000b0000000)
  eden space 629248K, 100% used [0x0000000080000000, 0x00000000a6680000, 0x00000000a6680000)
  from space 78592K,  12% used [0x00000000a6680000, 0x00000000a6fd13c0, 0x00000000ab340000)
  to   space 78592K,   0% used [0x00000000ab340000, 0x00000000ab340000, 0x00000000b0000000)
 concurrent mark-sweep generation total 189024K, used 144141K [0x00000000b0000000, 0x00000000bb898000, 0x0000000100000000)
 Metaspace       used 62490K, capacity 68005K, committed 68256K, reserved 1107968K
  class space    used 8250K, capacity 9607K, committed 9684K, reserved 1048576K
Event: 50.968 GC heap after
Heap after GC invocations=31 (full 5):
 par new generation   total 707840K, used 15283K [0x0000000080000000, 0x00000000b0000000, 0x00000000b0000000)
  eden space 629248K,   0% used [0x0000000080000000, 0x0000000080000000, 0x00000000a6680000)
  from space 78592K,  19% used [0x00000000ab340000, 0x00000000ac22ce20, 0x00000000b0000000)
  to   space 78592K,   0% used [0x00000000a6680000, 0x00000000a6680000, 0x00000000ab340000)
 concurrent mark-sweep generation total 189024K, used 144351K [0x00000000b0000000, 0x00000000bb898000, 0x0000000100000000)
 Metaspace       used 62490K, capacity 68005K, committed 68256K, reserved 1107968K
  class space    used 8250K, capacity 9607K, committed 9684K, reserved 1048576K
}
Event: 53.655 GC heap before
{Heap before GC invocations=31 (full 5):
 par new generation   total 707840K, used 644531K [0x0000000080000000, 0x00000000b0000000, 0x00000000b0000000)
  eden space 629248K, 100% used [0x0000000080000000, 0x00000000a6680000, 0x00000000a6680000)
  from space 78592K,  19% used [0x00000000ab340000, 0x00000000ac22ce20, 0x00000000b0000000)
  to   space 78592K,   0% used [0x00000000a6680000, 0x00000000a6680000, 0x00000000ab340000)
 concurrent mark-sweep generation total 189024K, used 144351K [0x00000000b0000000, 0x00000000bb898000, 0x0000000100000000)
 Metaspace       used 64519K, capacity 70493K, committed 70688K, reserved 1110016K
  class space    used 8505K, capacity 9943K, committed 10068K, reserved 1048576K
Event: 54.602 GC heap after
Heap after GC invocations=32 (full 5):
 par new generation   total 707840K, used 78592K [0x0000000080000000, 0x00000000b0000000, 0x00000000b0000000)
  eden space 629248K,   0% used [0x0000000080000000, 0x0000000080000000, 0x00000000a6680000)
  from space 78592K, 100% used [0x00000000a6680000, 0x00000000ab340000, 0x00000000ab340000)
  to   space 78592K,   0% used [0x00000000ab340000, 0x00000000ab340000, 0x00000000b0000000)
 concurrent mark-sweep generation total 222624K, used 221891K [0x00000000b0000000, 0x00000000bd968000, 0x0000000100000000)
 Metaspace       used 64519K, capacity 70493K, committed 70688K, reserved 1110016K
  class space    used 8505K, capacity 9943K, committed 10068K, reserved 1048576K
}
Event: 61.666 GC heap before
{Heap before GC invocations=32 (full 6):
 par new generation   total 707840K, used 707840K [0x0000000080000000, 0x00000000b0000000, 0x00000000b0000000)
  eden space 629248K, 100% used [0x0000000080000000, 0x00000000a6680000, 0x00000000a6680000)
  from space 78592K, 100% used [0x00000000a6680000, 0x00000000ab340000, 0x00000000ab340000)
  to   space 78592K,   0% used [0x00000000ab340000, 0x00000000ab340000, 0x00000000b0000000)
 concurrent mark-sweep generation total 222624K, used 221891K [0x00000000b0000000, 0x00000000bd968000, 0x0000000100000000)
 Metaspace       used 64957K, capacity 70993K, committed 71200K, reserved 1110016K
  class space    used 8526K, capacity 9967K, committed 10068K, reserved 1048576K
Event: 62.194 GC heap after
Heap after GC invocations=33 (full 6):
 par new generation   total 707840K, used 78592K [0x0000000080000000, 0x00000000b0000000, 0x00000000b0000000)
  eden space 629248K,   0% used [0x0000000080000000, 0x0000000080000000, 0x00000000a6680000)
  from space 78592K, 100% used [0x00000000ab340000, 0x00000000b0000000, 0x00000000b0000000)
  to   space 78592K,   0% used [0x00000000a6680000, 0x00000000a6680000, 0x00000000ab340000)
 concurrent mark-sweep generation total 305768K, used 305124K [0x00000000b0000000, 0x00000000c2a9a000, 0x0000000100000000)
 Metaspace       used 64957K, capacity 70993K, committed 71200K, reserved 1110016K
  class space    used 8526K, capacity 9967K, committed 10068K, reserved 1048576K
}
Event: 69.980 GC heap before
{Heap before GC invocations=33 (full 7):
 par new generation   total 707840K, used 707840K [0x0000000080000000, 0x00000000b0000000, 0x00000000b0000000)
  eden space 629248K, 100% used [0x0000000080000000, 0x00000000a6680000, 0x00000000a6680000)
  from space 78592K, 100% used [0x00000000ab340000, 0x00000000b0000000, 0x00000000b0000000)
  to   space 78592K,   0% used [0x00000000a6680000, 0x00000000a6680000, 0x00000000ab340000)
 concurrent mark-sweep generation total 502160K, used 301295K [0x00000000b0000000, 0x00000000cea64000, 0x0000000100000000)
 Metaspace       used 67103K, capacity 73309K, committed 73632K, reserved 1112064K
  class space    used 9688K, capacity 11127K, committed 11220K, reserved 1048576K
Event: 70.254 GC heap after
Heap after GC invocations=34 (full 7):
 par new generation   total 707840K, used 74826K [0x0000000080000000, 0x00000000b0000000, 0x00000000b0000000)
  eden space 629248K,   0% used [0x0000000080000000, 0x0000000080000000, 0x00000000a6680000)
  from space 78592K,  95% used [0x00000000a6680000, 0x00000000aaf92a68, 0x00000000ab340000)
  to   space 78592K,   0% used [0x00000000ab340000, 0x00000000ab340000, 0x00000000b0000000)
 concurrent mark-sweep generation total 502160K, used 354533K [0x00000000b0000000, 0x00000000cea64000, 0x0000000100000000)
 Metaspace       used 67103K, capacity 73309K, committed 73632K, reserved 1112064K
  class space    used 9688K, capacity 11127K, committed 11220K, reserved 1048576K
}
Event: 75.963 GC heap before
{Heap before GC invocations=34 (full 7):
 par new generation   total 707840K, used 704074K [0x0000000080000000, 0x00000000b0000000, 0x00000000b0000000)
  eden space 629248K, 100% used [0x0000000080000000, 0x00000000a6680000, 0x00000000a6680000)
  from space 78592K,  95% used [0x00000000a6680000, 0x00000000aaf92a68, 0x00000000ab340000)
  to   space 78592K,   0% used [0x00000000ab340000, 0x00000000ab340000, 0x00000000b0000000)
 concurrent mark-sweep generation total 502160K, used 278952K [0x00000000b0000000, 0x00000000cea64000, 0x0000000100000000)
 Metaspace       used 71733K, capacity 78370K, committed 78624K, reserved 1116160K
  class space    used 10035K, capacity 11546K, committed 11604K, reserved 1048576K
Event: 76.121 GC heap after
Heap after GC invocations=35 (full 7):
 par new generation   total 707840K, used 78592K [0x0000000080000000, 0x00000000b0000000, 0x00000000b0000000)
  eden space 629248K,   0% used [0x0000000080000000, 0x0000000080000000, 0x00000000a6680000)
  from space 78592K, 100% used [0x00000000ab340000, 0x00000000b0000000, 0x00000000b0000000)
  to   space 78592K,   0% used [0x00000000a6680000, 0x00000000a6680000, 0x00000000ab340000)
 concurrent mark-sweep generation total 502160K, used 312331K [0x00000000b0000000, 0x00000000cea64000, 0x0000000100000000)
 Metaspace       used 71733K, capacity 78370K, committed 78624K, reserved 1116160K
  class space    used 10035K, capacity 11546K, committed 11604K, reserved 1048576K
}
Event: 78.994 GC heap before
{Heap before GC invocations=35 (full 7):
 par new generation   total 707840K, used 707840K [0x0000000080000000, 0x00000000b0000000, 0x00000000b0000000)
  eden space 629248K, 100% used [0x0000000080000000, 0x00000000a6680000, 0x00000000a6680000)
  from space 78592K, 100% used [0x00000000ab340000, 0x00000000b0000000, 0x00000000b0000000)
  to   space 78592K,   0% used [0x00000000a6680000, 0x00000000a6680000, 0x00000000ab340000)
 concurrent mark-sweep generation total 502160K, used 312331K [0x00000000b0000000, 0x00000000cea64000, 0x0000000100000000)
 Metaspace       used 72918K, capacity 79684K, committed 80032K, reserved 1118208K
  class space    used 10114K, capacity 11621K, committed 11732K, reserved 1048576K
Event: 79.173 GC heap after
Heap after GC invocations=36 (full 7):
 par new generation   total 707840K, used 60298K [0x0000000080000000, 0x00000000b0000000, 0x00000000b0000000)
  eden space 629248K,   0% used [0x0000000080000000, 0x0000000080000000, 0x00000000a6680000)
  from space 78592K,  76% used [0x00000000a6680000, 0x00000000aa162a48, 0x00000000ab340000)
  to   space 78592K,   0% used [0x00000000ab340000, 0x00000000ab340000, 0x00000000b0000000)
 concurrent mark-sweep generation total 502160K, used 370485K [0x00000000b0000000, 0x00000000cea64000, 0x0000000100000000)
 Metaspace       used 72918K, capacity 79684K, committed 80032K, reserved 1118208K
  class space    used 10114K, capacity 11621K, committed 11732K, reserved 1048576K
}
Event: 84.480 GC heap before
{Heap before GC invocations=36 (full 8):
 par new generation   total 707840K, used 689546K [0x0000000080000000, 0x00000000b0000000, 0x00000000b0000000)
  eden space 629248K, 100% used [0x0000000080000000, 0x00000000a6680000, 0x00000000a6680000)
  from space 78592K,  76% used [0x00000000a6680000, 0x00000000aa162a48, 0x00000000ab340000)
  to   space 78592K,   0% used [0x00000000ab340000, 0x00000000ab340000, 0x00000000b0000000)
 concurrent mark-sweep generation total 502160K, used 370485K [0x00000000b0000000, 0x00000000cea64000, 0x0000000100000000)
 Metaspace       used 73970K, capacity 80972K, committed 81184K, reserved 1118208K
  class space    used 10217K, capacity 11781K, committed 11860K, reserved 1048576K
Event: 84.628 GC heap after
Heap after GC invocations=37 (full 8):
 par new generation   total 707840K, used 47640K [0x0000000080000000, 0x00000000b0000000, 0x00000000b0000000)
  eden space 629248K,   0% used [0x0000000080000000, 0x0000000080000000, 0x00000000a6680000)
  from space 78592K,  60% used [0x00000000ab340000, 0x00000000ae1c6268, 0x00000000b0000000)
  to   space 78592K,   0% used [0x00000000a6680000, 0x00000000a6680000, 0x00000000ab340000)
 concurrent mark-sweep generation total 502160K, used 413703K [0x00000000b0000000, 0x00000000cea64000, 0x0000000100000000)
 Metaspace       used 73970K, capacity 80972K, committed 81184K, reserved 1118208K
  class space    used 10217K, capacity 11781K, committed 11860K, reserved 1048576K
}
Event: 90.094 GC heap before
{Heap before GC invocations=37 (full 8):
 par new generation   total 707840K, used 676888K [0x0000000080000000, 0x00000000b0000000, 0x00000000b0000000)
  eden space 629248K, 100% used [0x0000000080000000, 0x00000000a6680000, 0x00000000a6680000)
  from space 78592K,  60% used [0x00000000ab340000, 0x00000000ae1c6268, 0x00000000b0000000)
  to   space 78592K,   0% used [0x00000000a6680000, 0x00000000a6680000, 0x00000000ab340000)
 concurrent mark-sweep generation total 676432K, used 405857K [0x00000000b0000000, 0x00000000d9494000, 0x0000000100000000)
 Metaspace       used 74399K, capacity 81582K, committed 81696K, reserved 1120256K
  class space    used 10256K, capacity 11840K, committed 11860K, reserved 1048576K
Event: 90.167 GC heap after
Heap after GC invocations=38 (full 8):
 par new generation   total 707840K, used 54452K [0x0000000080000000, 0x00000000b0000000, 0x00000000b0000000)
  eden space 629248K,   0% used [0x0000000080000000, 0x0000000080000000, 0x00000000a6680000)
  from space 78592K,  69% used [0x00000000a6680000, 0x00000000a9bad260, 0x00000000ab340000)
  to   space 78592K,   0% used [0x00000000ab340000, 0x00000000ab340000, 0x00000000b0000000)
 concurrent mark-sweep generation total 676432K, used 405857K [0x00000000b0000000, 0x00000000d9494000, 0x0000000100000000)
 Metaspace       used 74399K, capacity 81582K, committed 81696K, reserved 1120256K
  class space    used 10256K, capacity 11840K, committed 11860K, reserved 1048576K
}
Event: 109.193 GC heap before
{Heap before GC invocations=38 (full 8):
 par new generation   total 707840K, used 683700K [0x0000000080000000, 0x00000000b0000000, 0x00000000b0000000)
  eden space 629248K, 100% used [0x0000000080000000, 0x00000000a6680000, 0x00000000a6680000)
  from space 78592K,  69% used [0x00000000a6680000, 0x00000000a9bad260, 0x00000000ab340000)
  to   space 78592K,   0% used [0x00000000ab340000, 0x00000000ab340000, 0x00000000b0000000)
 concurrent mark-sweep generation total 676432K, used 405857K [0x00000000b0000000, 0x00000000d9494000, 0x0000000100000000)
 Metaspace       used 75099K, capacity 82302K, committed 82592K, reserved 1120256K
  class space    used 10311K, capacity 11898K, committed 11988K, reserved 1048576K
Event: 109.305 GC heap after
Heap after GC invocations=39 (full 8):
 par new generation   total 707840K, used 44744K [0x0000000080000000, 0x00000000b0000000, 0x00000000b0000000)
  eden space 629248K,   0% used [0x0000000080000000, 0x0000000080000000, 0x00000000a6680000)
  from space 78592K,  56% used [0x00000000ab340000, 0x00000000adef2058, 0x00000000b0000000)
  to   space 78592K,   0% used [0x00000000a6680000, 0x00000000a6680000, 0x00000000ab340000)
 concurrent mark-sweep generation total 676432K, used 431604K [0x00000000b0000000, 0x00000000d9494000, 0x0000000100000000)
 Metaspace       used 75099K, capacity 82302K, committed 82592K, reserved 1120256K
  class space    used 10311K, capacity 11898K, committed 11988K, reserved 1048576K
}
Event: 113.236 GC heap before
{Heap before GC invocations=39 (full 8):
 par new generation   total 707840K, used 673992K [0x0000000080000000, 0x00000000b0000000, 0x00000000b0000000)
  eden space 629248K, 100% used [0x0000000080000000, 0x00000000a6680000, 0x00000000a6680000)
  from space 78592K,  56% used [0x00000000ab340000, 0x00000000adef2058, 0x00000000b0000000)
  to   space 78592K,   0% used [0x00000000a6680000, 0x00000000a6680000, 0x00000000ab340000)
 concurrent mark-sweep generation total 676432K, used 431604K [0x00000000b0000000, 0x00000000d9494000, 0x0000000100000000)
 Metaspace       used 75183K, capacity 82414K, committed 82592K, reserved 1120256K
  class space    used 10315K, capacity 11906K, committed 11988K, reserved 1048576K
Event: 113.329 GC heap after
Heap after GC invocations=40 (full 8):
 par new generation   total 707840K, used 78592K [0x0000000080000000, 0x00000000b0000000, 0x00000000b0000000)
  eden space 629248K,   0% used [0x0000000080000000, 0x0000000080000000, 0x00000000a6680000)
  from space 78592K, 100% used [0x00000000a6680000, 0x00000000ab340000, 0x00000000ab340000)
  to   space 78592K,   0% used [0x00000000ab340000, 0x00000000ab340000, 0x00000000b0000000)
 concurrent mark-sweep generation total 676432K, used 436370K [0x00000000b0000000, 0x00000000d9494000, 0x0000000100000000)
 Metaspace       used 75183K, capacity 82414K, committed 82592K, reserved 1120256K
  class space    used 10315K, capacity 11906K, committed 11988K, reserved 1048576K
}
Event: 115.345 GC heap before
{Heap before GC invocations=40 (full 8):
 par new generation   total 707840K, used 707840K [0x0000000080000000, 0x00000000b0000000, 0x00000000b0000000)
  eden space 629248K, 100% used [0x0000000080000000, 0x00000000a6680000, 0x00000000a6680000)
  from space 78592K, 100% used [0x00000000a6680000, 0x00000000ab340000, 0x00000000ab340000)
  to   space 78592K,   0% used [0x00000000ab340000, 0x00000000ab340000, 0x00000000b0000000)
 concurrent mark-sweep generation total 676432K, used 436370K [0x00000000b0000000, 0x00000000d9494000, 0x0000000100000000)
 Metaspace       used 76331K, capacity 83534K, committed 83616K, reserved 1120256K
  class space    used 10334K, capacity 11938K, committed 11988K, reserved 1048576K
Event: 115.587 GC heap after
Heap after GC invocations=41 (full 8):
 par new generation   total 707840K, used 64225K [0x0000000080000000, 0x00000000b0000000, 0x00000000b0000000)
  eden space 629248K,   0% used [0x0000000080000000, 0x0000000080000000, 0x00000000a6680000)
  from space 78592K,  81% used [0x00000000ab340000, 0x00000000af1f8600, 0x00000000b0000000)
  to   space 78592K,   0% used [0x00000000a6680000, 0x00000000a6680000, 0x00000000ab340000)
 concurrent mark-sweep generation total 676432K, used 510423K [0x00000000b0000000, 0x00000000d9494000, 0x0000000100000000)
 Metaspace       used 76331K, capacity 83534K, committed 83616K, reserved 1120256K
  class space    used 10334K, capacity 11938K, committed 11988K, reserved 1048576K
}
Event: 119.106 GC heap before
{Heap before GC invocations=41 (full 9):
 par new generation   total 707840K, used 693473K [0x0000000080000000, 0x00000000b0000000, 0x00000000b0000000)
  eden space 629248K, 100% used [0x0000000080000000, 0x00000000a6680000, 0x00000000a6680000)
  from space 78592K,  81% used [0x00000000ab340000, 0x00000000af1f8600, 0x00000000b0000000)
  to   space 78592K,   0% used [0x00000000a6680000, 0x00000000a6680000, 0x00000000ab340000)
 concurrent mark-sweep generation total 676432K, used 510423K [0x00000000b0000000, 0x00000000d9494000, 0x0000000100000000)
 Metaspace       used 76404K, capacity 83602K, committed 83872K, reserved 1122304K
  class space    used 10335K, capacity 11938K, committed 11988K, reserved 1048576K
Event: 119.323 GC heap after
Heap after GC invocations=42 (full 9):
 par new generation   total 707840K, used 51256K [0x0000000080000000, 0x00000000b0000000, 0x00000000b0000000)
  eden space 629248K,   0% used [0x0000000080000000, 0x0000000080000000, 0x00000000a6680000)
  from space 78592K,  65% used [0x00000000a6680000, 0x00000000a988e1f0, 0x00000000ab340000)
  to   space 78592K,   0% used [0x00000000ab340000, 0x00000000ab340000, 0x00000000b0000000)
 concurrent mark-sweep generation total 676432K, used 555364K [0x00000000b0000000, 0x00000000d9494000, 0x0000000100000000)
 Metaspace       used 76404K, capacity 83602K, committed 83872K, reserved 1122304K
  class space    used 10335K, capacity 11938K, committed 11988K, reserved 1048576K
}

